6 4 5 3 1 2
76 63 62 43 41 45 28 83 22 15 2 47 59 91 95 65 78 92 57 9 87 18 8 49 58 96 88 24 82 73 70 60 30 16 99 10 72 40 23 19 98 52 13 86 80 6 25 3 1 32 51 33 17 93 54 20 69 90 89 74 37 61 21 53 11 31 26 77 42 7 39 36 5 50 34 14 35 48 66 84 38 4 29 100 67 44 12 94 27 71 85 75 81 79 46 68 97 56 55 64
17 15 16 14 10 11 13 12 18 8 6 7 5 1 2 4 3 9
16 15 5 17 2 6 3 1 4 9 8 14 7 13 12 10 11
5 9 3 4 7 2 6 8 1 10 13 11 14 12 15
57 37 32 47 18 77 59 60 96 30 35 31 29 48 10 99 62 15 78 11 92 76 26 90 86 51 65 43 69 17 5 21 2 74 16 36 8 94 49 70 6 1 83 14 79 20 13 9 63 98 19 23 4 88 41 22 82 95 45 44 28 75 87 100 91 27 33 80 39 3 85 40 55 73 7 12 66 67 89 97 53 25 50 54 61 24 81 84 71 52 68 58 93 64 42 72 38 56 46 34
12 11 10 9 8 7 6 5 4 3 2 1
50 48 41 39 44 40 45 46 32 33 38 28 31 37 43 49 29 34 35 36 42 47 18 24 25 30 16 21 27 12 17 23 22 5 3 8 13 4 9 14 15 19 20 26 10 2 1 6 7 11
55 49 53 57 48 52 56 47 46 50 45 40 54 51 37 43 44 34 35 33 38 39 32 31 36 41 42 29 28 27 26 25 30 22 21 18 17 16 12 13 11 10 15 20 8 9 14 19 24 23 6 7 4 5 1 2 3
41 67 19 48 16 68 30 6 99 46 93 44 66 90 29 88 96 84 79 7 9 37 77 17 89 13 94 18 71 8 39 98 5 83 80 75 36 65 52 50 27 91 69 64 62 32 10 61 45 14 26 3 4 31 70 58 97 87 34 1 63 60 78 21 76 40 12 81 86 25 74 38 35 53 51 24 92 73 2 95 54 20 85 23 33 55 22 42 59 28 15 11 47 49 72 82 100 56 43 57
13 6 11 4 3 2 1 10 9 12 20 8 17 7 15 14 16 19 18 5
79 69 54 49 48 47 39 38 99 35 30 29 28 24 10 91 78 76 72 67 21 71 20 19 4 93 62 73 44 16 9 96 27 58 7 74 84 77 70 25 55 22 1 95 90 11 88 64 61 26 98 52 94 32 51 41 37 34 75 63 97 87 60 13 6 46 43 36 33 31 5 17 14 100 89 12 42 92 8 57 80 18 82 15 59 40 68 56 86 81 85 83 3 65 2 53 45 66 23 50
5 15 20 2 11 17 13 3 9 12 14 8 6 1 18 19 16 7 10 4
1 38 66 30 60 79 31 96 70 76 46 42 85 26 44 39 89 32 35 11 84 2 67 55 6 12 87 88 80 41 48 27 40 51 68 33 10 21 45 14 99 4 61 43 23 94 74 50 57 54 78 72 69 49 93 56 34 90 73 37 81 7 64 52 91 83 20 59 22 77 16 92 86 63 19 5 17 95 58 24 28 65 15 25 13 29 75 3 82 47 97 9 18 36 62 53 71 98 8 100
51 72 47 42 6 83 69 44 3 88 85 57 56 38 32 16 11 10 95 90 87 20 13 89 96 34 31 22 19 77 41 28 50 15 71 1 94 78 62 37 48 29 92 82 65 53 36 23 73 66 14 74 4 54 43 2 100 18 75 70 45 46 12 55 81 24 17 7 99 60 68 49 86 98 33 79 76 27 91 58 8 39 30 9 59 67 26 35 64 61 40 5 93 25 63 84 21 52 80 97
97 69 63 37 27 49 100 39 23 15 9 44 87 78 76 73 68 65 33 91 71 53 80 58 55 16 8 88 90 41 38 3 82 62 89 50 34 18 7 26 64 52 43 22 94 67 60 96 92 72 48 51 29 5 81 13 99 31 21 59 84 56 86 42 36 12 2 35 1 30 77 6 40 61 54 20 95 25 85 10 19 79 66 83 14 93 70 57 28 47 24 74 45 11 32 17 4 46 75 98
82 86 76 55 91 68 57 41 19 18 38 16 36 87 100 40 29 7 26 31 72 12 52 98 77 96 84 22 20 2 49 39 70 53 93 64 59 24 50 5 3 79 28 32 63 13 11 81 47 27 33 34 23 46 37 14 78 42 80 17 89 99 90 65 54 25 85 71 8 69 60 83 74 43 45 94 4 51 88 48 58 6 66 30 75 21 1 56 61 92 95 97 44 73 9 67 10 15 35 62
5 9 7 1 3 8 4 6 10 2
100 95 96 97 98 99 93 94 91 92 87 88 89 90 85 86 84 83 79 80 81 82 77 78 75 76 73 74 72 71 68 69 70 66 67 63 64 65 61 62 58 59 60 57 55 56 52 53 54 51 49 50 48 46 47 44 45 43 42 39 40 41 36 37 38 32 33 34 35 30 31 29 26 27 28 23 24 25 21 22 18 19 20 17 14 15 16 12 13 11 10 8 9 7 5 6 4 3 2 1
1 100 99 98 97 96 95 94 93 92 91 90 89 88 87 86 85 84 83 82 81 80 79 78 77 76 75 74 73 72 71 70 69 68 67 66 65 64 63 62 61 60 59 58 57 56 55 54 53 52 51 50 49 48 47 46 45 44 43 42 41 40 39 38 37 36 35 34 33 32 31 30 29 28 27 26 25 24 23 22 21 20 19 18 17 16 15 14 13 12 11 10 9 8 7 6 5 4 3 2
66 51 32 5 71 26 31 8 20 11 13 1 14 41 44 53 18 72 35 33 52 40 56 54 74 7 10 17 96 34 80 3 97 4 24 69 6 75 79 29 58 21 42 2 59 64 49 81 57 73 65 25 22 47 16 39 78 55 37 15 9 86 68 50 28 30 23 19 36 93 90 61 62 63 83 76 82 89 48 84 45 67 70 12 27 87 88 43 60 38 46 99 100 85 94 92 98 77 95 91
76 82 54 40 47 38 32 50 74 45 25 21 93 78 72 20 19 80 33 41 26 14 77 44 57 29 15 94 66 39 3 88 81 90 53 6 99 58 91 18 86 31 84 63 46 5 7 68 85 83 79 55 10 97 51 100 92 59 70 30 69 28 48 75 73 34 37 8 2 1 98 56 24 17 52 27 9 23 67 22 65 12 87 4 36 49 42 35 61 11 64 16 62 89 43 60 95 13 96 71
34 77 73 81 37 97 44 32 46 20 94 75 41 85 28 45 50 6 17 31 84 16 57 91 19 18 80 67 11 52 49 24 87 22 42 56 13 62 70 92 59 8 51 69 54 48 30 68 15 78 23 3 9 71 36 29 10 65 2 60 38 86 14 95 64 93 5 25 35 66 61 39 76 79 74 27 63 21 89 7 1 82 53 83 58 43 47 72 26 55 96 88 4 90 12 33 40
85 86 59 55 53 51 49 70 61 43 31 24 65 47 83 72 46 45 34 10 17 82 8 1 74 71 50 18 78 32 16 13 52 67 73 30 63 27 12 6 58 5 4 76 33 64 3 69 68 66 56 48 38 35 26 22 80 9 21 60 14 2 62 87 81 75 28 79 39 25 7 20 15 44 11 37 84 40 54 23 57 77 41 29 19 36 42
99 98 97 94 89 88 86 81 80 79 78 71 70 69 66 64 92 61 59 57 56 54 76 53 51 50 60 74 49 46 45 73 43 91 40 37 48 82 47 84 41 34 31 38 29 93 33 25 24 23 55 21 20 63 19 17 16 100 27 77 68 95 72 62 35 14 10 87 26 9 32 39 96 13 8 7 44 58 83 18 30 6 22 5 4 75 85 3 2 12 11 28 65 42 67 1 15 36 90 52
79 92 91 88 89 90 86 87 82 83 84 85 80 81 74 61 56 62 63 64 59 60 57 58 67 77 78 75 76 71 72 73 69 70 68 66 65 53 54 50 51 47 29 32 30 31 37 46 48 55 52 49 45 43 44 42 40 41 38 39 34 35 36 33 25 21 18 17 11 16 22 23 24 28 26 27 19 20 14 15 12 13 5 2 4 7 8 9 10 6 3 1
97 95 91 90 89 86 83 81 82 76 71 69 66 65 74 59 87 98 58 68 57 52 46 64 78 45 42 99 41 40 39 38 56 67 36 35 33 88 93 100 34 32 51 31 44 30 28 55 25 23 21 20 43 48 19 17 26 15 14 13 37 49 60 79 70 11 61 54 53 10 8 6 63 75 96 92 80 84 16 47 72 85 27 73 50 9 22 94 29 5 12 4 3 7 2 1 24 62 77 18
86 84 83 77 68 69 66 67 63 58 75 56 74 54 51 46 42 41 64 65 35 28 29 27 26 24 50 70 49 25 22 20 47 21 48 23 18 19 16 15 43 44 45 14 13 81 80 87 17 12 11 39 40 8 60 76 36 62 10 38 61 9 85 88 37 7 3 32 55 79 78 4 5 82 72 71 53 52 73 1 30 31 6 2 33 34 57 59
93 80 71 39 90 87 24 36 38 46 67 27 84 15 11 89 61 10 22 3 69 55 58 35 51 82 73 42 6 45 85 62 66 13 49 8 77 83 95 94 20 25 9 43 56 34 32 31 64 41 50 99 98 40 12 17 4 72 74 70 96 60 23 14 5 52 59 57 19 21 78 30 88 54 53 81 76 44 26 48 18 16 79 7 29 86 47 97 92 33 2 65 63 37 28 1 75 91 68
72 70 64 58 52 46 40 34 28 55 22 18 27 57 21 33 16 15 13 10 9 4 31 61 25 19 49 43 7 37 67 3 1 71 65 59 30 12 39 69 45 53 47 41 62 29 8 5 32 60 56 24 63 17 20 48 44 42 6 66 51 23 36 26 50 14 11 38 68 35 54 2
78 39 61 31 21 90 45 80 68 20 65 75 40 94 71 24 66 25 98 85 8 72 87 58 15 32 84 7 26 92 62 18 57 17 59 63 73 50 76 70 67 93 13 52 82 54 27 5 16 79 99 49 38 96 33 51 91 77 29 69 48 3 64 35 83 97 36 10 86 41 89 30 47 2 43 42 4 6 55 56 81 37 88 12 34 23 1 14 44 46 9 11 95 74 19 22 28 100 53 60
95 84 6 88 87 75 82 24 35 9 47 70 15 66 20 51 49 60 23 36 42 37 33 76 96 62 53 69 40 56 38 59 21 55 13 99 61 31 71 58 43 19 81 78 77 8 44 29 16 10 4 90 30 32 45 98 27 28 74 34 26 68 94 18 79 48 80 97 73 52 63 57 92 54 65 46 14 72 22 50 64 25 93 85 41 67 1 86 91 89 17 39 7 83 3 12 5 2 11 100
67 61 42 38 60 37 36 30 27 16 55 41 7 68 54 56 46 69 5 22 12 82 64 9 1 59 83 31 52 26 6 73 47 17 49 3 79 33 4 51 48 74 35 29 65 32 85 62 34 28 66 21 84 14 77 25 20 57 78 50 75 11 44 72 15 2 23 43 10 63 53 81 80 24 39 8 70 58 13 76 19 40 45 18 71
93 99 66 33 84 76 79 30 52 3 88 18 27 59 21 87 89 68 81 65 82 62 40 19 34 98 100 75 5 10 77 78 57 94 64 73 56 35 13 55 71 53 80 39 38 14 6 26 17 51 45 29 92 86 42 61 28 85 32 60 91 36 16 8 1 58 31 95 96 63 37 25 23 72 20 15 54 46 41 90 12 24 22 9 48 47 69 67 83 49 97 4 44 11 7 70 43 50 2 74
99 98 96 92 86 84 72 63 62 61 77 54 51 91 49 100 34 32 30 29 23 18 80 76 26 88 71 67 17 15 21 41 48 14 28 66 12 39 8 70 7 95 78 82 6 55 97 52 45 64 53 75 19 74 56 46 83 10 42 90 33 13 50 5 79 68 4 31 81 47 57 59 85 69 43 9 22 44 73 35 40 65 87 3 37 2 16 25 1 24 93 36 11 58 38 89 60 27 94 20
81 47 17 45 9 7 5 41 71 68 96 85 58 54 95 22 27 94 39 75 36 53 52 19 8 64 28 60 76 44 49 97 21 16 89 67 84 30 77 61 74 93 92 83 78 72 57 48 34 18 56 51 26 91 90 79 66 37 62 80 87 55 29 14 70 12 65 11 3 2 46 50 88 6 40 13 35 10 43 1 32 25 15 23 59 31 24 86 73 33 4 20 42 63 38 69 82
97 78 76 58 86 98 59 94 82 12 92 77 80 42 91 88 44 37 15 57 53 33 20 19 13 90 50 30 51 29 11 45 18 17 95 65 31 79 25 81 69 67 6 23 22 62 49 43 14 84 83 38 63 39 54 28 46 4 56 1 34 40 26 7 74 60 24 21 10 47 61 5 75 100 71 35 87 2 48 89 52 32 85 73 66 55 68 96 93 27 16 72 9 8 70 3 99 41 64 36
1 2 3 4 5 6 7 8 9 10 11 12 13 14 15 16 17 18 19 20 21 22 23 24 25 26 27 28 29 30 31 32 33 34 35 36 37 38 39 40 41 42 43 44 45 46 47 48 49 50 51 52 53 54 55 56 57 58 59 60 61 62 63 64 65 66 67 68 69 70 71 72 73 74 75 76 77 78 79 80 81 82 83 84 85 86 87 88 89 90 91 92 93 94 95 96 97 98 99 100
100 84 82 74 87 63 61 59 48 54 69 46 57 44 83 35 25 19 10 42 15 13 43 37 22 20 8 23 6 92 88 3 4 39 86 40 66 65 2 1 62 32 18 85 9 52 29 93 24 80 81 14 75 50 17 41 90 56 12 78 16 91 55 7 98 71 79 5 31 30 70 72 97 94 51 53 60 49 73 95 47 68 45 28 36 21 76 99 26 27 34 67 77 11 89 58 33 64 38 96
50 98 99 96 97 93 94 95 91 92 88 89 90 85 86 87 81 82 83 84 79 80 77 78 73 74 75 76 69 70 71 72 65 66 67 68 61 62 63 64 60 59 55 56 57 58 54 52 53 51 48 49 47 44 45 46 41 42 43 38 39 40 35 36 37 33 34 31 32 28 29 30 26 27 25 23 24 22 20 21 17 18 19 14 15 16 12 13 5 6 7 8 9 10 11 4 1 2 3
63 58 56 32 82 44 43 21 33 20 60 61 19 15 92 14 93 36 27 71 17 34 10 7 6 16 73 24 13 2 94 31 76 62 86 80 53 30 22 39 28 59 52 85 51 64 75 45 90 55 42 88 11 70 23 38 3 49 50 87 29 26 18 46 35 97 81 48 9 41 40 54 79 95 25 74 37 78 67 68 4 89 72 12 84 66 96 1 5 47 69 83 65 77 8 57 91
47 21 23 40 36 42 16 65 12 13 80 55 69 49 53 19 66 27 99 92 70 14 54 61 58 41 76 25 93 84 62 79 89 73 88 81 8 63 87 71 20 50 24 85 18 96 60 98 29 39 59 2 31 83 33 64 51 46 38 22 43 94 72 100 78 91 32 5 90 86 34 3 95 7 52 45 44 11 30 28 68 77 9 17 56 67 37 10 6 4 1 26 97 75 82 15 35 57 48 74
97 96 59 22 19 16 62 35 86 91 94 72 10 73 99 69 98 71 95 12 68 49 37 75 54 36 61 17 47 74 14 52 13 100 27 92 46 30 40 33 8 58 79 26 55 87 56 44 45 76 9 6 32 5 80 1 51 48 23 83 38 82 50 81 78 24 18 43 84 77 28 21 11 34 67 65 25 70 85 53 88 41 3 20 2 60 42 63 29 64 57 7 39 93 89 15 31 4 90 66
20 19 18 17 16 15 14 13 12 11 10 9 8 7 6 5 4 3 2 1
80 66 59 56 35 21 19 1 79 78 77 76 75 74 73 72 71 70 69 68 67 65 64 63 62 61 60 58 57 55 54 53 52 51 50 49 48 47 46 45 44 43 42 41 40 39 38 37 36 34 33 32 31 30 29 28 27 26 25 24 23 22 20 18 17 16 15 14 13 12 11 10 9 8 7 6 5 4 3 2
93 89 79 68 66 64 45 62 81 44 37 36 47 69 85 29 28 27 55 97 26 32 60 95 25 72 11 8 18 53 7 92 2 82 88 87 20 59 52 43 57 48 19 34 39 94 30 71 73 84 65 76 67 63 33 54 80 50 77 74 42 22 70 91 16 90 21 35 51 13 31 40 6 12 10 38 17 5 46 23 83 15 49 3 24 41 9 78 96 61 4 58 75 1 56 86 14
63 62 61 59 58 57 51 50 38 35 33 30 60 29 28 56 27 55 54 26 53 52 23 47 46 22 45 44 21 43 42 19 39 18 37 36 17 34 16 32 12 24 48 49 25 10 20 40 41 7 15 8 31 14 6 13 5 11 4 9 1 2 3
81 23 13 11 56 9 41 38 29 2 80 4 76 87 30 10 98 83 18 8 6 72 32 31 55 28 7 3 25 26 22 14 54 39 49 77 40 51 24 21 43 16 15 48 36 82 66 63 58 52 75 73 42 99 90 65 92 45 88 50 27 17 84 35 93 60 71 64 47 96 91 85 53 44 46 33 70 97 62 89 100 95 12 20 19 5 67 61 86 57 94 78 69 37 68 34 1 59 74 79
93 53 81 41 35 39 30 25 74 33 44 94 82 4 71 34 58 26 47 31 20 84 92 7 87 85 83 45 80 67 15 24 21 89 60 52 10 18 59 12 46 16 100 40 23 77 42 69 96 62 66 75 99 76 79 70 51 27 8 22 38 6 36 91 73 64 43 86 57 54 61 29 78 48 55 90 49 65 95 72 11 97 2 88 5 63 14 68 17 3 98 28 19 56 32 1 13 50 37 9
97 79 44 43 37 99 34 96 93 46 59 52 42 66 33 45 98 17 7 94 57 29 15 10 82 75 50 65 84 88 22 85 21 91 41 54 19 13 73 68 71 38 51 30 90 5 4 8 76 31 12 11 35 56 16 2 62 60 40 64 69 48 67 27 20 55 36 1 39 24 95 70 80 92 25 58 32 83 18 63 77 86 14 6 78 23 3 49 61 100 72 47 89 53 87 28 74 26 9 81
