4 3 2 1
38 31 35 1 28 19 18 10 30 40 24 33 26 37 12 23 7 15 25 36 29 34 16 9 22 20 11 14 3 39 32 17 8 4 6 5 2 13 27 21
17 9 8 7 12 15 11 10 6 14 5 4 16 13 3 2 1
98 90 74 69 39 32 96 30 26 49 7 3 17 99 67 2 89 84 24 50 55 9 54 53 76 27 73 41 94 38 59 34 82 70 19 68 4 21 100 60 51 48 47 71 44 10 31 85 77 11 80 36 92 86 46 14 20 97 58 65 95 88 78 22 37 1 29 93 35 45 79 52 13 64 12 5 8 66 23 28 91 63 61 6 81 83 25 56 75 18 57 87 16 43 72 15 62 40 42 33
8 38 89 37 39 82 58 35 25 61 88 33 81 93 12 41 32 91 86 59 46 76 63 90 49 18 7 60 6 3 53 54 24 79 85 92 99 62 74 17 16 21 83 65 44 52 30 11 51 50 1 78 15 96 68 67 84 87 75 40 22 56 98 28 29 9 72 13 34 55 80 70 36 71 100 77 69 66 26 97 2 10 31 94 4 14 43 95 27 19 42 20 48 23 45 57 64 47 73 5
78 68 84 66 18 42 7 29 10 86 8 73 20 11 19 1 6 92 14 45 54 56 30 80 39 98 62 33 17 40 31 74 81 2 52 76 43 48 35 75 41 34 60 3 61 89 85 24 51 28 72 55 65 47 90 16 57 69 87 44 5 79 21 4 23 93 26 70 91 59 82 64 58 83 53 97 63 32 49 25 50 96 67 12 13 71 100 88 99 22 27 37 36 46 94 15 77 95 38 9
80 78 79 77 76 74 75 73 71 68 69 65 66 67 63 64 62 60 61 58 59 56 57 55 53 54 51 50 47 48 49 44 45 46 42 43 40 41 39 35 36 37 33 34 31 32 26 27 28 23 24 25 20 21 22 19 17 18 16 13 14 11 12 9 10 6 7 8 5 3 4 1 30 29 52 15 72 70 38 2
76 71 84 59 54 53 91 23 3 20 2 57 45 56 50 17 37 94 25 40 89 38 69 51 11 5 9 88 68 75 26 55 13 43 73 34 6 100 4 80 31 77 97 66 42 49 41 52 70 64 28 14 95 60 79 36 48 8 62 82 27 15 85 22 44 7 18 81 63 30 90 87 99 29 58 92 21 32 16 47 39 98 78 1 96 86 10 33 61 12 46 67 72 74 24 19 83 65 35 93
50 89 6 63 32 56 40 70 43 49 84 71 88 61 51 18 82 12 23 92 20 100 25 34 46 48 31 37 45 99 35 83 27 54 69 10 91 3 79 7 22 9 90 15 4 78 29 36 74 16 21 1 59 72 11 39 13 5 17 42 38 19 53 2 67 93 47 28 8 60 57 33 14 26 52 68 77 86 44 85 30 98 58 87 55 64 97 41 73 94 80 62 76 81 75 24 65 95 96 66
23 54 51 34 97 61 21 1 79 94 9 55 75 99 89 66 53 6 41 72 45 93 63 2 38 17 98 81 14 83 37 44 5 43 25 73 15 30 11 22 18 92 36 76 7 74 49 56 48 80 88 4 68 10 20 69 46 19 39 77 86 78 12 31 26 87 8 29 59 47 33 50 70 96 82 71 85 62 32 3 42 40 60 84 95 67 16 28 57 58 24 35 52 90 64 91 100 65 13 27
90 8 10 54 48 94 41 47 28 97 46 70 72 44 14 49 30 13 34 31 4 91 25 57 69 96 5 1 87 53 23 82 29 89 63 84 73 88 17 35 100 24 51 62 50 66 11 76 98 43 61 2 86 21 15 26 40 16 58 77 39 71 52 20 6 68 7 56 19 95 85 75 99 83 55 93 78 65 18 80 67 42 22 59 45 64 81 38 33 79 60 32 92 27 3 36 12 37 74 9
96 87 85 76 73 72 70 64 63 51 77 50 41 39 93 59 38 86 33 31 44 75 29 24 19 14 55 12 28 92 89 79 23 9 91 95 8 5 71 57 99 88 98 48 69 66 84 46 45 37 4 40 82 61 13 34 56 3 54 22 42 6 94 36 32 62 60 11 43 30 78 97 26 2 80 47 35 90 65 17 53 100 15 18 7 27 21 58 49 25 68 83 1 67 52 16 20 10 81 74
89 87 83 81 80 74 67 79 77 78 75 76 73 69 70 71 72 68 65 61 58 59 54 51 37 46 56 64 62 63 60 57 66 88 55 52 53 50 49 47 48 43 44 45 86 40 41 42 38 39 22 29 32 31 30 36 85 35 33 34 25 26 27 28 84 23 24 20 11 16 21 19 17 18 13 14 15 82 12 8 4 7 9 10 5 6 3 1 2
80 55 51 40 21 87 19 14 3 58 41 62 38 71 65 26 60 88 43 57 29 63 27 24 97 32 76 56 33 54 1 17 73 100 89 8 61 15 48 13 31 12 6 52 85 68 64 82 53 59 2 93 34 96 11 35 5 67 36 70 28 66 10 99 9 81 98 30 84 49 77 69 72 39 25 74 94 83 79 90 95 86 91 78 46 42 16 22 92 4 50 37 20 75 44 45 7 47 23 18
76 54 14 8 91 55 65 52 13 28 11 6 81 27 100 39 24 78 92 1 46 89 60 23 57 18 97 80 37 32 38 34 10 47 7 98 93 63 70 51 73 53 33 67 49 59 30 40 41 36 86 69 29 61 44 35 79 96 83 71 75 5 88 42 2 94 43 66 21 15 62 48 64 19 26 3 90 99 82 56 87 45 68 58 20 72 84 77 74 9 25 95 85 4 22 16 31 12 50 17
93 91 90 95 88 87 86 85 84 81 80 76 65 64 60 74 58 89 56 63 53 52 49 47 45 41 40 39 38 36 34 32 29 27 35 31 51 67 26 25 24 75 22 54 55 73 21 23 20 46 70 19 18 72 17 15 83 13 96 12 94 77 68 11 10 30 62 57 78 79 14 44 43 42 92 66 33 9 28 97 8 7 6 71 5 16 37 82 59 50 48 4 3 61 2 1 69
95 87 85 60 26 79 62 24 84 49 27 73 50 77 69 48 66 70 30 35 18 16 12 7 75 20 51 41 34 64 10 83 89 56 14 88 86 52 93 55 100 37 21 98 97 92 42 43 3 99 67 71 32 45 54 53 47 19 57 59 44 76 81 22 13 36 28 31 29 5 17 80 74 91 58 9 78 94 38 63 8 46 23 39 4 90 40 72 6 11 33 15 2 96 82 68 61 65 1 25
61 82 25 78 22 55 91 69 81 16 86 34 87 43 37 11 53 67 85 76 94 17 47 72 51 99 77 58 46 68 13 89 9 1 27 30 60 36 28 8 45 80 90 14 92 98 35 75 97 95 42 2 96 26 50 41 7 38 100 33 93 65 10 6 48 20 18 73 62 12 49 54 74 52 71 84 39 15 21 79 63 32 23 3 56 44 24 83 57 29 70 31 59 5 40 88 64 4 66 19
1 2 3 4
99 96 89 80 71 68 66 64 58 56 55 50 48 81 53 41 37 83 32 94 46 30 28 75 27 79 78 67 38 92 72 34 84 98 24 23 87 61 52 44 95 40 59 39 20 19 18 16 15 13 12 60 36 65 49 77 33 73 90 69 11 93 97 9 21 47 25 17 8 31 63 85 5 10 4 3 2 62 54 88 22 7 70 76 45 1 100 42 29 91 43 6 26 14 51 74 57 82 86 35
61 59 29 65 67 68 31 19 15 86 8 100 83 93 73 92 22 1 96 51 85 58 60 44 91 25 99 72 52 43 37 21 66 23 2 82 45 77 81 32 7 80 79 36 14 76 33 64 62 74 28 95 50 9 10 38 69 24 75 34 98 56 27 90 46 18 49 12 20 94 40 53 30 5 35 63 39 54 55 78 47 42 97 13 41 84 70 57 17 6 3 87 11 16 26 89 71 4 48 88
70 88 71 75 61 97 85 32 22 50 80 100 72 98 91 81 63 99 53 84 34 86 10 87 43 36 74 69 52 39 2 13 90 64 94 78 82 45 77 18 40 35 33 95 38 59 26 57 56 73 93 30 68 25 55 58 89 47 37 49 27 23 19 14 41 67 48 66 17 54 76 6 62 28 20 83 4 15 9 5 16 8 51 7 79 60 42 12 29 44 3 46 21 96 92 24 11 65 31 1
7 6 3 2 1 5 4
96 92 89 86 85 83 81 80 91 75 71 67 66 64 60 59 57 56 54 53 51 74 50 49 48 46 43 95 47 42 94 58 84 63 65 76 41 39 35 93 61 87 38 34 33 32 31 30 27 25 55 24 22 20 18 40 16 15 14 62 13 10 9 37 77 26 17 8 72 45 7 23 36 6 44 5 52 12 19 4 11 3 70 69 28 73 79 21 68 2 1 98 90 82 78 97 88 29 99
99 98 96 95 92 89 87 86 78 77 76 72 90 71 69 67 82 63 62 61 59 55 54 66 97 52 51 49 46 45 43 38 64 73 37 84 57 36 35 27 25 24 23 30 68 22 20 88 81 74 18 17 28 16 14 13 11 32 31 60 44 41 42 34 93 85 47 70 53 79 56 19 33 10 26 9 40 7 94 6 8 48 29 75 50 4 91 3 15 83 58 65 2 80 39 1 21 12 5
50 45 44 38 34 46 35 27 26 39 22 21 19 12 25 10 24 11 6 7 28 29 18 41 2 3 30 14 40 15 16 17 47 48 23 49 31 32 33 9 42 43 8 36 37 4 1 13 5 20
100 99 95 75 65 63 54 16 49 31 96 85 82 28 13 77 91 90 98 97 79 70 83 51 38 55 34 73 33 5 92 86 81 76 44 20 46 30 27 23 2 84 74 62 94 48 72 59 57 80 71 93 88 61 41 53 68 60 64 69 58 50 21 42 17 37 39 26 6 32 67 66 45 29 36 35 1 7 11 12 25 9 89 87 78 40 15 22 8 52 56 18 47 10 14 24 4 43 3 19
22 77 32 90 48 33 85 43 25 86 20 75 37 16 89 56 47 41 5 6 2 84 15 9 40 95 74 71 35 29 23 96 72 63 36 12 3 49 44 78 45 67 17 27 8 65 60 24 87 54 21 51 81 39 69 66 31 28 13 7 50 68 18 57 94 91 58 76 10 11 93 42 64 61 88 19 82 79 70 92 30 55 52 46 73 34 4 1 62 59 26 53 83 80 14 38
9 6 1 5 10 7 3 8 2 4
99 98 97 96 95 94 93 91 88 87 86 85 84 83 82 81 89 80 79 77 76 75 74 73 70 69 68 66 63 71 62 61 92 60 59 58 57 56 55 54 53 52 51 50 49 48 47 64 46 45 44 43 42 40 39 38 37 36 35 34 33 32 31 30 29 28 27 26 25 24 22 21 20 19 18 100 17 16 15 14 23 65 13 12 11 41 10 9 78 1 4 7 8 90 72 5 67 2 3 6
90 32 6 62 83 80 35 17 49 26 19 12 48 52 93 74 64 100 68 99 54 31 33 25 20 51 21 70 14 76 98 22 81 97 42 24 9 8 77 45 60 50 95 87 59 11 73 75 36 28 56 89 67 53 16 66 38 72 5 92 78 91 43 85 79 34 84 37 96 58 65 27 18 46 41 40 2 47 23 13 3 86 4 82 63 57 29 88 69 15 10 1 7 61 44 30 39 71 55 94
35 18 4 13 83 15 55 1 78 50 47 86 58 19 27 57 36 11 99 76 65 37 26 41 10 7 98 28 56 17 53 30 92 14 87 20 91 95 42 25 16 100 71 63 62 67 60 97 24 72 43 23 80 89 74 51 82 77 94 79 59 48 12 22 45 46 34 33 66 54 90 52 61 5 31 75 39 44 38 64 81 85 84 40 2 29 69 68 73 70 93 32 88 49 6 9 21 8 3 96
37 73 98 33 14 48 29 38 57 32 99 70 82 18 7 43 36 23 6 56 39 79 96 74 67 66 28 62 46 59 64 5 90 24 19 61 47 31 8 54 92 72 93 87 94 11 65 51 50 58 13 89 16 68 88 17 78 34 10 85 53 91 40 63 55 25 26 3 30 69 76 27 81 97 1 100 77 9 35 4 60 2 80 49 12 21 83 71 44 86 84 52 41 22 45 20 15 75 95 42
64 63 62 72 71 70 69 61 57 68 67 66 65 56 59 60 50 54 55 53 52 51 58 49 48 47 46 45 43 42 41 39 38 37 35 36 33 44 31 40 28 32 26 30 29 27 34 25 22 21 20 19 18 17 14 24 23 13 12 2 6 7 16 15 5 4 8 11 3 10 9 1
85 88 75 73 72 53 49 48 35 32 31 29 27 67 14 6 54 42 93 12 24 68 86 94 65 11 63 8 28 78 100 98 84 76 79 91 81 51 9 22 15 44 96 83 13 37 16 59 55 57 41 36 66 30 26 70 10 60 40 77 39 50 92 47 18 20 69 5 33 38 25 82 80 34 62 56 46 87 74 61 23 17 64 95 71 90 43 45 7 97 58 4 3 2 1 52 19 99 89 21
1 2 3 4 5 6 7 8 9 10 11 12 13 14 15 16 17 18 19 20 21 22 23 24 25 26 27 28 29 30 31 32 33 34 35 36 37 38 39 40 41 42 43 44 45 46 47 48 49 50 51 52 53 54 55 56 57 58 59 60 61 62 63 64 65 66 67 68 69 70 71 72 73 74 75 76 77 78 79 80 81 82 83 84 85 86 87 88 89 90 91 92 93 94 95 96 97 98 99 100
89 87 72 61 51 33 31 28 60 68 99 34 67 64 95 63 93 66 54 25 58 85 40 11 29 100 56 46 91 90 84 55 30 20 4 83 88 24 65 52 48 6 38 94 14 22 12 53 8 43 7 75 96 39 73 26 32 17 13 47 44 5 98 59 76 36 86 41 2 78 10 92 82 49 62 16 71 50 23 21 74 69 79 19 27 57 9 45 37 18 77 97 15 81 35 70 3 80 42 1
78 34 17 3 74 66 9 2 89 46 63 21 13 41 49 4 42 60 12 97 91 67 23 90 73 75 40 64 47 71 84 83 92 19 1 29 58 100 55 7 43 30 39 59 68 53 28 14 5 85 18 99 10 37 20 22 86 52 80 6 35 72 57 26 48 45 62 33 82 15 77 56 32 65 87 96 25 24 54 11 95 98 61 69 27 70 94 88 79 31 36 8 38 44 51 16 81 93 50 76
74 72 68 56 54 53 39 45 43 41 38 36 32 25 23 18 17 15 10 16 14 73 55 79 37 19 6 4 67 49 31 65 29 3 9 63 62 44 60 27 24 22 13 11 81 78 66 48 30 21 12 1 8 7 5 77 76 75 59 58 40 2 64 71 70 61 57 46 51 47 52 20 50 42 69 28 35 26 80 34 33
98 93 70 51 20 44 27 16 71 81 69 49 75 24 80 60 57 4 83 41 13 2 43 87 22 35 11 59 62 39 6 1 100 92 97 5 89 90 46 55 63 66 47 77 28 53 58 50 99 37 25 73 64 48 85 36 40 14 23 3 79 78 61 10 45 38 8 33 82 86 91 74 29 95 52 94 56 96 9 15 88 67 7 30 12 26 19 32 31 54 34 21 42 68 72 84 17 65 18 76
93 92 89 90 91 87 88 86 84 85 79 80 81 82 83 78 75 76 77 73 74 71 72 68 69 70 65 66 67 62 63 64 60 61 56 57 58 59 52 53 54 55 49 50 51 47 48 46 43 44 45 41 42 39 40 37 38 34 35 36 28 26 27 25 21 22 23 24 19 20 16 17 18 12 13 14 15 9 10 11 7 8 6 5 1 32 29 30 31 2 3 4 33
100 99 98 97 96 95 94 93 92 91 90 89 88 87 86 85 84 83 82 81 80 79 78 77 76 75 74 73 72 71 70 69 68 67 66 65 64 63 62 61 60 59 58 57 56 55 54 53 52 51 50 49 48 47 46 45 44 43 42 41 40 39 38 37 36 35 34 33 32 31 30 29 28 27 26 25 24 23 22 21 20 19 18 17 16 15 14 13 12 11 10 9 8 7 6 5 4 3 2 1
80 71 67 75 58 54 52 90 83 64 48 40 38 88 82 36 35 76 33 45 51 44 32 78 29 17 10 7 62 85 60 94 18 34 16 99 69 61 41 21 26 12 89 86 22 73 77 100 9 43 8 5 53 42 39 37 81 68 24 47 93 66 50 2 31 30 20 63 46 56 55 13 91 72 96 92 27 74 95 4 3 84 14 1 23 28 11 25 59 97 19 6 70 98 57 49 65 15 87 79
90 59 43 98 36 35 24 100 53 68 88 71 60 73 23 80 42 15 63 2 10 3 74 11 91 46 45 29 38 19 56 84 64 70 67 16 33 76 31 77 26 17 40 87 97 39 47 32 21 51 6 50 52 41 69 58 27 44 14 78 25 5 99 54 65 30 79 4 81 66 13 57 34 18 28 82 49 22 55 83 62 72 8 12 94 48 89 20 61 92 95 86 96 75 93 37 9 7 85 1
96 79 73 67 66 65 49 54 45 37 34 32 24 25 28 74 84 72 90 21 63 26 39 18 15 33 13 52 92 48 10 35 36 19 9 57 3 23 75 2 62 86 55 29 27 53 71 6 60 70 7 95 88 38 58 99 78 69 43 41 11 30 59 46 50 97 98 1 82 42 31 100 83 80 87 14 8 64 56 4 51 44 40 16 22 20 85 17 68 47 12 61 93 94 91 81 89 5 76 77
6 3 1 5 4 2
21 5 80 23 18 53 88 40 13 44 9 37 36 63 17 1 25 58 57 84 3 16 29 55 46 27 20 39 43 22 26 82 32 52 24 30 62 14 45 98 74 75 76 77 87 7 96 38 48 68 59 65 6 56 31 41 89 49 94 11 60 8 66 34 67 95 19 28 15 33 47 61 70 85 10 42 90 12 51 50 2 4 64 54 71 86 91 69 99 100 35 83 73 81 93 97 72 78 92 79
25 17 14 11 12 1 8 5 26 2 7 9 6 10 27 24 21 16 3 20 15 4 18 23 19 22 13
63 39 27 21 76 66 56 97 100 8 22 17 95 20 68 6 58 4 61 50 28 23 84 10 96 31 19 48 13 16 90 87 72 91 69 51 7 37 18 74 2 57 75 47 42 79 32 59 15 12 14 44 82 88 25 86 34 93 98 92 38 5 55 78 30 11 85 67 33 43 26 9 54 35 83 81 89 29 46 65 80 73 70 3 24 99 1 64 41 49 77 53 71 62 94 45 40 60 52 36
69 78 64 53 45 51 43 35 24 17 14 42 25 65 12 62 83 91 68 29 73 9 56 16 32 92 79 41 20 74 71 95 44 40 59 80 85 100 70 33 93 26 57 49 77 30 67 38 8 98 7 84 90 46 18 27 87 88 22 55 86 34 63 61 10 31 48 23 11 96 81 21 52 72 39 76 37 66 94 60 19 36 6 5 4 15 54 28 82 50 97 58 75 47 99 3 2 13 89 1
