66 24 54 41 9 15 21 63 18 51 8 62 39 58 19 4 44 34 22 14 57 29 46 42 27 5 59 38 37 6 60 48 12 16 7 13 23 3 26 10 56 49 55 50 53 36 11 40 2 32 52 65 64 43 33 47 45 17 61 28 30 20 25 31 35 1
91 90 89 88 68 67 66 65 64 63 62 61 60 59 58 51 50 49 48 39 38 37 36 35 34 33 32 29 28 27 26 20 19 18 14 13 8 7 6 5 4 3 1 77 76 75 74 73 72 71 70 69 17 16 87 86 85 84 83 82 81 80 79 47 46 45 44 43 42 41 40 25 24 23 22 21 12 2 100 99 98 97 96 95 94 93 92 78 57 56 55 54 53 52 31 30 11 10 9 15
25 18 16 13 8 14 7 5 20 15 23 11 10 9 4 1 24 12 22 2 17 6 3 21 19
89 46 9 56 21 76 60 99 66 49 37 35 90 62 87 59 51 53 96 25 71 17 77 6 19 54 44 20 91 1 12 2 58 50 73 80 93 33 26 82 61 39 48 38 23 64 30 22 67 34 16 7 63 65 94 84 83 68 52 18 92 43 11 75 85 15 3 79 13 10 45 32 70 8 47 14 72 31 88 40 78 69 36 28 95 97 5 29 98 4 27 86 57 81 55 24 100 74 42 41
10 7 4 9 5 8 6 3 2 1
65 35 10 52 28 55 9 8 64 50 26 16 89 25 85 81 60 63 76 5 90 19 43 71 37 47 44 13 56 38 7 41 23 22 99 21 49 20 86 27 91 82 15 97 39 70 33 88 87 61 96 42 34 83 30 1 93 40 4 62 48 6 54 51 75 57 14 53 45 24 2 80 36 12 67 46 94 69 59 78 98 77 66 3 100 68 17 92 72 73 31 11 95 74 32 84 29 18 79 58
51 49 52 53 54 55 56 57 58 59 60 61 62 63 64 65 66 67 68 69 70 71 72 73 74 75 76 77 78 79 80 81 82 83 84 85 86 87 88 89 90 91 92 93 94 95 96 97 98 99 1 2 3 4 5 6 7 8 9 10 11 12 13 14 15 16 17 18 19 20 21 22 23 24 25 26 27 28 29 30 31 32 33 34 35 36 37 38 39 40 41 42 43 44 45 46 47 48 50
100 99 98 97 96 95 94 93 92 91 90 89 88 87 86 85 84 83 82 81 80 79 78 77 76 75 74 73 72 71 70 69 68 67 66 65 64 63 62 61 60 59 58 57 56 55 54 53 52 51 50 49 48 47 46 45 44 43 42 41 40 39 38 37 36 35 34 33 32 31 30 29 28 27 26 25 24 23 22 21 20 19 18 17 16 15 14 13 12 11 10 9 8 7 6 5 4 3 2 1
96 91 83 81 78 77 66 64 52 50 47 44 43 42 39 29 25 24 21 15 13 3 98 65 14 51 35 1 95 80 75 71 45 38 37 33 26 82 68 61 58 53 41 93 84 32 20 18 8 7 5 99 94 90 57 55 36 23 19 9 89 87 86 85 72 70 59 31 17 6 97 74 73 67 60 46 34 27 22 4 88 76 69 63 62 49 40 16 12 11 100 92 79 56 54 48 30 28 10 2
35 25 63 41 57 38 97 95 43 47 34 11 74 58 69 33 16 4 10 48 23 19 100 40 67 61 22 68 18 94 89 59 39 75 55 87 24 8 77 71 64 91 96 76 53 73 17 79 1 37 60 99 54 32 27 6 20 80 51 31 28 90 49 36 21 5 12 9 93 78 26 7 85 62 88 56 13 3 2 15 72 82 46 45 83 65 30 70 44 92 98 86 42 81 14 29 66 84 52 50
92 91 81 73 61 51 41 35 21 11 62 71 72 83 82 42 31 12 93 84 63 53 43 23 22 14 95 96 94 52 97 85 75 64 44 32 13 98 45 99 76 54 24 100 77 55 33 25 1 34 78 46 15 2 79 65 56 26 16 3 27 36 80 57 38 87 66 59 47 4 88 86 67 49 37 18 7 6 5 68 28 90 89 58 40 39 29 19 8 9 69 48 17 74 70 60 50 30 20 10
24 23 22 19 12 3 2 16 6 5 15 13 10 9 20 18 17 14 11 7 4 1 21 8
77 59 53 18 11 2 91 96 12 46 99 58 33 16 7 67 31 28 15 8 55 22 51 44 26 94 86 74 73 57 40 32 10 42 6 93 87 48 34 84 21 92 80 69 63 50 37 24 23 20 98 79 75 66 64 61 41 35 4 85 78 43 45 95 88 83 70 19 89 39 30 100 82 81 60 52 47 29 17 14 36 97 76 71 65 9 5 68 90 72 27 62 56 49 38 13 1 54 25 3
73 57 1 16 41 92 70 93 23 28 40 19 8 4 20 64 14 78 25 84 13 33 49 96 59 88 58 10 87 31 82 5 29 79 67 53 7 3 89 100 24 44 30 18 63 51 21 54 77 83 66 90 38 11 26 86 71 97 6 52 37 27 99 43 17 60 72 55 80 22 15 65 98 62 76 35 39 2 75 81 68 94 56 50 48 9 74 46 61 42 95 36 32 45 91 47 12 85 69 34
92 79 71 58 55 67 19 5 73 46 44 24 22 3 94 84 20 17 15 53 74 68 97 43 90 48 33 2 91 1 61 62 4 34 40 85 28 83 100 82 52 80 45 25 6 98 96 66 18 88 13 23 49 57 54 30 36 10 99 77 56 31 76 69 39 14 7 86 50 32 75 70 29 9 64 37 16 47 41 21 11 81 60 38 27 72 78 59 51 65 35 8 95 93 89 87 63 42 12 26
100 74 60 75 64 76 85 96 53 13 40 93 56 5 34 39 69 29 94 68 6 26 31 4 84 33 72 50 92 2 51 62 30 37 18 24 89 21 22 11 23 48 32 14 97 58 3 59 54 45 8 49 15 70 28 25 19 35 86 10 41 87 42 43 17 80 12 27 46 9 52 16 88 61 81 67 38 77 20 1 47 90 44 95 79 7 78 55 71 65 83 66 57 82 73 91 98 63 36 99
91 85 82 77 75 72 68 67 56 53 49 44 40 35 33 22 19 18 12 37 81 73 1 61 42 97 86 70 69 65 57 30 8 7 36 94 90 84 83 63 59 55 52 47 46 45 41 39 31 24 13 4 89 58 50 98 92 87 78 76 66 64 54 51 48 34 29 28 26 16 11 3 2 38 100 99 62 93 9 5 80 71 60 32 27 21 20 15 96 95 88 79 74 43 25 23 17 14 10 6
19 20 21 22 26 23 25 24 27 10 11 12 13 17 14 15 18 16 1 2 3 4 8 5 6 9 7
87 26 23 1 95 60 62 51 29 40 36 78 20 13 17 7 81 8 89 56 2 19 52 47 63 86 77 42 6 76 37 3 83 67 94 72 31 74 98 48 35 80 5 71 32 99 92 21 15 65 14 57 64 96 59 49 33 50 41 69 97 66 27 46 43 22 4 53 18 12 79 25 82 75 91 73 24 9 10 54 70 30 68 55 11 44 58 84 39 61 28 34 16 100 93 88 90 45 38 85
23 22 21 20 18 17 16 14 13 11 10 8 4 2 1 29 25 6 3 33 32 31 30 28 27 26 24 19 15 12 5 9 7
93 16 70 95 44 19 51 89 49 60 9 72 4 34 5 55 35 28 1 65 33 87 100 83 46 68 30 96 29 52 85 17 39 21 50 74 73 24 69 20 40 3 62 42 8 75 7 32 57 23 92 58 45 27 71 10 77 80 98 11 56 14 91 13 67 22 84 86 59 82 48 37 15 2 64 97 78 53 18 41 25 66 6 63 47 79 94 90 81 36 26 61 43 38 31 99 88 12 54 76
19 17 14 13 12 9 7 6 3 1 18 5 16 11 8 4 2 15 10 20
79 32 19 56 78 14 90 87 80 33 60 74 17 44 51 48 68 71 50 18 53 20 2 30 24 84 13 21 57 23 72 98 65 43 82 45 35 10 92 29 6 31 83 76 70 67 15 55 36 93 28 85 38 37 63 81 62 46 41 73 89 58 61 54 39 96 77 69 64 40 75 8 3 5 11 34 22 47 94 59 25 16 86 49 1 26 52 7 4 88 9 97 12 95 27 42 91 66
21 20 19 18 17 16 15 11 14 10 13 9 12 8 5 2 6 3 7 4 1
50 49 48 47 46 45 44 43 41 40 39 38 36 42 35 33 32 31 30 29 28 27 26 25 24 23 22 21 20 19 18 17 16 15 14 13 12 11 10 9 37 8 7 6 5 4 3 1 2 34
62 18 27 9 90 29 25 94 59 8 5 86 44 15 100 76 63 39 92 11 49 19 66 43 24 32 3 38 96 74 61 37 98 7 46 47 55 60 13 89 10 67 22 21 1 12 79 2 71 53 78 23 95 91 42 87 81 20 65 69 35 14 73 64 34 31 93 58 97 4 45 99 36 41 68 82 77 84 16 50 80 48 57 17 51 88 30 72 33 28 40 56 6 85 26 52 54 75 83 70
100 17 23 13 56 57 20 73 24 74 93 53 28 99 1 85 69 46 2 38 36 21 40 43 3 29 96 33 9 92 66 39 25 6 89 98 26 22 27 62 5 4 95 7 19 14 59 94 58 88 8 70 51 50 87 32 47 30 77 71 16 97 18 83 91 72 55 15 54 34 37 75 44 81 45 31 90 84 61 42 80 12 10 41 67 68 64 52 82 35 11 86 60 63 48 79 49 78 76 65
55 54 2 84 57 75 93 69 100 60 70 91 10 7 72 64 78 28 43 17 41 3 71 61 22 45 31 27 19 96 73 67 53 44 13 39 92 33 35 18 87 51 29 16 20 88 37 25 89 6 11 34 46 79 74 49 48 24 15 26 1 82 76 59 36 32 56 50 42 95 98 83 77 9 68 58 66 85 47 30 90 40 5 81 65 38 63 23 12 86 94 99 80 97 52 21 8 62 4 14
8 11 6 33 95 45 24 4 86 82 70 44 98 13 91 87 38 32 9 80 48 50 10 31 14 97 68 55 47 79 75 42 96 78 69 65 16 99 84 61 30 26 28 100 73 46 23 60 92 53 39 88 77 71 54 52 40 25 21 89 57 29 94 81 59 58 74 49 18 64 2 12 27 43 35 20 5 83 76 56 19 3 7 1 85 62 90 66 63 37 36 67 41 34 22 15 72 93 51 17
95 20 70 22 43 4 12 92 84 88 40 18 54 63 8 46 31 93 68 41 36 53 7 86 9 98 35 87 74 71 55 76 66 85 44 65 83 34 6 51 56 33 45 25 10 59 52 29 32 3 99 50 58 72 75 49 77 15 11 57 24 30 81 48 37 23 94 14 47 73 91 13 27 19 89 5 80 39 78 17 82 21 16 90 26 62 2 69 64 79 96 38 67 61 42 97 28 60 100 1
23 17 6 78 25 68 29 53 24 85 56 26 87 76 46 96 94 49 39 79 7 52 31 28 21 74 69 63 92 8 55 18 60 16 67 54 44 33 62 95 35 82 40 99 51 15 86 10 91 77 22 81 83 27 43 19 97 34 3 75 57 12 73 72 48 38 4 71 61 32 100 47 88 20 98 30 80 64 45 42 41 13 11 2 90 89 66 59 37 9 84 65 5 70 14 1 93 50 36 58
62 85 32 7 4 73 42 44 57 77 48 24 52 76 10 1 63 29 93 95 78 18 22 80 31 43 98 19 15 6 39 61 41 5 84 75 55 87 91 56 34 26 53 28 45 9 79 60 92 36 33 67 58 96 49 46 37 66 65 47 20 72 83 74 12 97 51 21 90 89 82 13 88 50 8 99 94 25 16 2 11 70 86 64 23 81 30 54 27 71 68 35 17 38 3 14 59 100 69 40
97 92 71 60 56 45 42 20 15 80 27 3 65 49 48 11 34 91 72 68 28 81 53 24 17 14 13 12 1 73 94 74 70 66 52 38 36 33 31 4 19 2 57 95 93 85 84 67 58 46 43 35 8 98 87 82 79 76 64 63 55 54 51 47 37 22 18 10 90 40 39 16 96 77 62 59 44 29 6 23 30 100 99 89 83 69 50 5 75 61 41 88 86 78 32 25 21 9 7 26
50 1 51 52 53 2 54 3 55 4 56 5 57 6 58 7 59 8 60 9 61 10 62 11 63 12 64 13 65 14 66 15 67 16 68 17 69 18 70 19 71 20 72 21 73 22 74 23 75 24 76 25 77 26 78 27 79 28 80 29 81 30 82 31 83 32 84 33 85 34 86 35 87 36 88 37 89 38 90 39 91 40 92 41 93 42 94 43 95 44 96 45 97 46 98 47 99 48 100 49
91 87 84 82 81 76 74 61 59 55 52 49 44 42 33 27 23 22 20 17 10 2 12 75 11 95 31 77 13 80 16 83 43 28 89 63 19 15 85 67 45 35 30 25 3 21 93 47 29 79 78 72 65 62 48 46 40 36 32 14 8 1 71 68 60 39 7 4 57 94 90 73 70 58 51 50 41 38 26 18 9 6 88 69 56 37 96 92 86 66 64 54 53 34 24 5
49 28 24 90 10 65 51 89 82 38 40 29 77 91 20 53 9 67 5 37 66 35 73 79 78 86 6 60 92 42 26 85 70 31 45 83 52 41 63 81 80 34 23 88 100 96 74 68 44 8 54 19 2 7 46 59 69 93 56 1 84 39 75 22 13 98 30 43 48 25 36 62 4 87 64 11 12 15 76 61 32 17 55 71 33 50 14 58 47 94 18 99 97 57 95 3 27 72 16 21
89 90 87 88 85 86 84 80 81 82 83 79 78 74 75 76 77 72 73 70 71 69 67 68 65 66 63 64 62 58 59 60 61 56 57 54 55 51 52 53 48 49 50 46 47 42 43 44 45 40 41 38 39 35 36 37 32 33 34 29 30 31 27 28 24 25 26 23 21 22 20 18 19 17 14 15 16 13 10 11 12 7 8 9 5 6 2 3 4 1
100 93 72 71 67 42 33 60 28 38 91 64 22 99 79 68 37 31 87 12 10 61 69 35 80 81 83 5 78 94 17 23 88 92 40 18 54 57 30 9 13 26 95 34 39 98 76 49 47 97 20 50 82 55 21 66 16 36 53 96 3 2 45 24 75 25 74 56 41 86 19 52 85 11 84 4 77 63 59 58 90 43 7 8 46 48 27 62 89 73 70 65 51 14 6 44 29 15 32 1
89 41 17 4 47 22 51 21 38 55 97 96 83 31 18 63 84 24 13 61 20 12 9 39 44 74 25 79 45 62 82 32 40 86 26 90 28 64 98 77 85 36 43 3 33 100 15 7 23 1 53 37 54 69 35 81 6 99 70 46 67 52 87 76 2 10 93 29 48 72 66 14 92 68 94 91 30 5 42 57 16 49 80 19 65 75 71 58 11 34 95 73 59 56 50 88 78 8 27 60
38 70 10 56 62 54 31 33 72 42 45 17 61 95 30 24 93 100 26 74 5 47 57 90 3 58 40 51 18 78 7 53 96 79 20 81 44 34 21 2 50 35 73 49 67 64 85 9 77 86 27 16 55 94 66 65 82 28 83 23 84 36 75 29 99 4 14 11 39 63 60 37 92 69 88 87 12 98 8 19 76 89 52 91 71 97 13 25 41 32 48 1 80 46 6 43 59 15 22 68
77 43 68 74 66 97 41 31 18 13 86 9 4 72 21 87 100 40 5 96 39 48 19 75 93 76 84 34 2 1 14 6 51 24 11 25 89 27 38 42 7 26 65 30 60 3 79 95 10 67 29 81 62 63 15 64 47 50 88 92 58 69 55 45 20 54 83 28 49 8 22 35 82 85 52 12 36 59 73 23 98 99 32 56 53 37 70 78 44 17 57 90 46 94 61 91 16 71 33 80
41 40 39 37 38 35 33 34 31 32 36 26 29 30 27 28 24 25 22 23 18 19 21 20 17 15 16 14 13 12 8 10 9 11 7 3 5 1 4 2 6
89 71 67 60 27 34 24 37 51 93 23 19 16 15 14 17 95 45 46 57 5 36 99 82 64 62 33 7 47 76 13 77 100 20 8 97 61 75 55 11 4 83 65 85 29 68 44 92 32 41 30 56 81 58 28 42 74 21 3 79 59 50 86 63 90 54 2 66 94 72 38 12 80 73 98 40 84 35 87 9 49 52 88 25 26 6 1 78 18 91 31 70 53 69 22 39 43 96 10 48
25 24 23 22 21 20 19 18 17 16 15 14 13 12 11 10 9 8 7 6 5 4 3 2 1 26 27 28 29 30 31 32 33 34 35 36 37 38 39 40 41 42 43 44 45 46 47 48 49 50 51
1 9 8 6 5 7 2 3 4
98 97 96 95 94 93 92 91 90 89 88 87 86 85 84 83 82 81 80 79 78 77 76 75 74 73 72 71 70 69 68 67 66 65 64 63 62 61 60 59 58 57 56 55 54 53 52 51 50 49 48 47 46 45 44 43 42 41 40 39 38 37 36 35 34 33 32 31 30 29 28 27 26 25 24 23 22 21 20 19 18 17 16 15 14 13 12 11 10 9 8 7 6 5 4 3 2 1 100 99
99 100 90 88 89 97 98 87 96 84 85 82 83 91 92 93 94 79 77 86 95 74 71 63 72 81 64 73 61 62 80 59 68 58 50 47 56 65 66 67 75 76 48 57 41 60 69 70 78 40 49 36 45 54 35 32 28 37 46 55 44 29 38 23 24 33 42 51 31 18 27 16 25 34 43 52 53 15 12 21 13 22 9 7 5 14 4 1 2 3 11 10 30 19 8 17 26 6 39 20
75 51 8 6 49 7 39 32 25 52 79 68 63 34 2 43 9 50 82 29 100 36 11 41 14 33 17 16 18 81 89 62 98 42 95 31 21 13 80 59 24 99 78 26 88 92 12 15 38 69 23 96 3 93 19 67 74 76 45 91 61 48 4 56 35 70 86 66 46 97 40 83 20 77 54 58 28 27 72 10 1 22 5 55 57 84 94 37 85 71 30 90 47 64 65 73 53 60 44 87
44 10 76 43 93 35 7 51 18 92 95 21 38 69 6 83 8 61 27 98 60 80 31 52 29 77 30 87 42 36 37 45 100 94 41 73 20 9 22 4 55 70 66 16 47 34 39 58 11 78 32 56 57 67 59 81 5 65 62 79 2 1 19 75 63 50 99 74 24 25 48 49 89 68 97 72 15 90 28 85 64 46 3 91 33 26 86 23 13 12 53 14 84 40 82 88 96 17 54 71
94 100 89 54 59 45 97 49 83 78 68 79 88 61 42 37 74 87 28 84 31 47 19 71 2 1 77 51 62 60 39 93 33 90 85 22 4 58 32 14 86 23 80 6 76 66 64 70 7 13 95 98 57 16 46 34 20 69 9 63 5 48 52 96 17 21 50 40 18 11 3 43 65 92 81 53 10 99 55 73 30 72 67 26 15 38 25 35 82 56 24 36 12 29 44 8 41 75 91 27
81 45 41 15 34 50 54 72 74 71 22 40 68 80 6 79 16 66 88 53 91 84 30 98 52 56 19 25 35 73 64 9 49 51 63 76 1 12 94 36 11 4 62 77 59 44 87 20 39 58 97 3 93 14 92 55 2 90 67 5 23 69 27 33 8 65 96 83 29 75 47 48 100 42 60 43 78 46 99 17 21 61 32 31 70 95 10 89 57 18 38 82 86 13 7 26 85 24 37 28
97 95 96 94 93 92 91 89 90 87 88 85 86 83 84 81 82 79 80 73 71 72 69 70 68 65 64 63 61 62 59 60 57 58 55 56 53 54 49 99 98 48 47 46 45 44 43 41 42 39 40 38 37 36 35 33 34 32 31 29 30 27 28 77 78 25 26 75 74 76 24 23 21 22 20 19 17 18 67 66 16 15 14 13 11 12 10 9 7 8 6 5 3 4 1 2 51 50 52 100
16 17 18 10 11 12 5 4 6 2 13 7 3 19 8 9 14 15 1
85 97 79 56 14 55 33 23 45 58 47 15 27 92 72 42 87 94 36 89 10 3 49 100 96 50 22 34 91 99 5 11 20 25 76 16 83 66 6 59 7 17 2 98 68 74 30 37 93 88 75 69 32 51 19 67 57 31 84 54 4 53 81 9 52 38 61 46 35 40 86 60 44 26 65 39 63 82 90 24 12 71 13 29 1 18 70 77 8 62 43 78 64 95 73 28 41 21 80 48
99 95 90 67 66 64 60 94 56 36 33 31 28 27 23 52 68 55 89 93 19 18 80 83 37 74 14 8 41 88 11 72 85 79 86 78 9 63 4 51 3 35 50 69 98 22 58 7 61 10 42 24 6 32 12 53 71 46 43 16 70 91 48 29 2 25 81 49 84 62 30 26 47 13 100 21 76 15 73 57 17 92 44 54 82 38 65 96 97 40 20 77 45 87 59 5 1 75 39 34
10 5 2 4 8 6 7 9 1 3
47 12 2 70 32 40 34 73 74 81 35 38 8 85 91 57 58 78 87 88 98 3 54 77 18 94 53 9 59 76 90 71 60 39 13 33 69 86 26 27 55 68 89 10 7 48 93 51 97 95 63 17 29 83 75 67 24 64 84 50 72 21 43 52 16 42 37 19 62 82 61 66 45 79 31 4 14 49 22 100 99 56 30 20 15 46 1 65 96 25 11 28 80 41 92 44 6 23 36 5
68 30 59 29 43 12 79 87 78 90 22 26 14 66 69 19 55 63 18 74 13 52 89 35 88 41 5 16 84 23 10 38 31 64 24 57 17 92 98 9 1 81 62 96 7 86 72 53 77 91 67 27 93 82 20 75 71 56 80 21 37 70 46 76 33 51 47 15 61 100 58 60 2 83 49 36 85 99 4 11 48 54 94 3 40 32 97 8 28 45 65 42 34 95 50 6 39 44 25 73
95 74 56 49 97 35 53 34 22 67 23 59 32 38 41 65 73 21 99 87 79 71 25 27 64 26 93 20 40 57 18 24 94 86 16 29 13 51 66 37 10 72 17 31 19 96 90 9 100 68 76 88 33 69 89 43 15 46 48 54 58 45 84 98 11 30 62 7 55 8 61 63 4 52 6 85 50 78 77 5 39 14 2 60 75 42 82 80 44 83 36 70 1 47 81 3 12 92 28 91
100 95 90 48 40 67 68 41 19 79 76 64 25 61 78 14 93 56 16 15 31 32 54 11 7 42 44 28 13 4 82 77 2 81 10 12 33 43 91 29 58 98 51 62 6 97 18 36 92 39 59 37 26 53 57 38 60 1 85 35 5 72 52 20 65 71 94 89 99 34 24 27 83 8 84 46 49 69 66 17 23 21 86 88 70 47 63 3 73 22 87 55 9 74 50 75 80 30 45 96
87 47 74 38 48 51 29 36 17 41 26 55 83 37 25 11 39 22 64 93 40 71 85 97 98 31 6 77 79 68 15 94 84 61 62 89 35 56 27 92 67 99 57 52 70 76 33 60 12 100 13 24 53 63 96 2 34 59 65 95 5 7 91 28 73 54 46 72 23 90 80 10 21 86 19 44 20 8 9 32 81 30 42 75 14 69 66 78 50 49 1 3 58 16 45 43 4 82 88 18
100 99 97 95 93 91 90 88 86 85 83 82 80 79 77 76 75 73 70 69 68 67 66 65 64 63 62 61 60 59 58 57 55 54 53 52 50 49 48 47 46 45 44 43 42 40 39 37 36 35 34 32 31 29 28 27 26 25 24 23 22 21 20 19 18 17 16 15 14 13 38 12 11 56 10 9 8 7 6 41 5 30 4 33 51 3 2 1 71 81 98 84 87 72 89 74 96 92 78 94
88 43 36 3 54 9 66 13 18 78 55 83 14 5 32 50 38 34 89 94 27 29 39 67 60 86 95 46 62 48 2 52 28 21 1 6 16 70 41 79 17 7 80 56 73 61 12 45 99 93 96 33 87 4 37 76 58 74 98 97 19 100 63 84 81 90 91 53 75 44 22 23 49 40 69 8 31 68 10 64 65 59 24 71 15 42 72 57 85 25 92 11 51 26 30 82 20 47 35 77
100 98 99 97 94 95 96 92 93 90 91 87 88 89 86 84 85 83 80 81 82 78 79 77 75 76 74 72 73 71 69 70 66 67 68 65 63 64 60 61 62 58 59 56 57 54 55 52 53 50 51 46 47 48 49 43 44 45 42 41 39 40 36 37 38 34 35 33 31 32 30 29 26 27 28 23 24 25 22 21 19 20 17 18 16 14 15 11 12 13 9 10 6 7 8 4 5 3 1 2
1 2 3 4 5 6 7 8 9 10 11 12 13 14 15 16 17 18 19 20 21 22 23 24 25 26 27 28 29 30 31 32 33 34 35 36 37 38 39 40 41 42 43 44 45 46 47 48 49 50 100 99 98 97 96 95 94 93 92 91 90 89 88 87 86 85 84 83 82 81 80 79 78 77 76 75 74 73 72 71 70 69 68 67 66 65 64 63 62 61 60 59 58 57 56 55 54 53 52 51
7 6 5 4 3 1 2
56 48 46 45 44 43 41 37 38 32 25 50 52 55 59 24 60 22 21 57 26 28 53 31 20 54 23 61 30 58 27 29 62 19 51 18 17 16 15 14 13 10 42 11 12 49 47 9 7 39 8 40 6 4 1 33 2 3 34 35 36 5
1 2 3 4 5 6 7 8 9 10 11 12 13 14 15 16 17 18 19 20 21 22 23 24 25 26 27 28 29 30 31 32 33 34 35 36 37 38 39 40 41 42 43 44 45 46 47 48 49 50 51 52 53 54 55 56 57 58 59 60 61 62 63 64 65 66 67 68 69 70 71 72 73 74 75 76 77 78 79 80 81 82 83 84 85 86 87 88 89 90 91 92 93 94 95 96 97 98 99 100
97 96 82 55 52 63 78 50 22 16 59 30 39 53 72 49 25 23 38 70 7 43 88 21 26 28 6 17 5 4 3 87 90 89 15 73 83 93 95 100 45 46 41 47 36 40 35 10 76 69 54 84 62 79 14 65 34 51 37 75 60 33 66 24 11 27 80 68 71 8 74 92 64 18 98 48 19 20 9 32 42 13 99 94 31 81 91 56 67 86 2 77 58 12 61 1 57 44 85 29
5 4 3 2 1 6 7 8 9 10 11 12 13 14 15 16 17 18 19 20 21 22 23 24 25 26 27 28 29 30 31 32 33 34 35 36 37 38 39 40 41 42 43 44 45 46 47 48 49 50 51 52 53 54 55 56 57 58 59 60 61 62 63 64 65 66 67 68 69 70 71 72 73 74 75 76 77 78 79 80 81 82 83 84 85 86 87 88 89 90 91 92 93 94 95 96 97 98 99 100
73 59 26 31 44 87 18 76 12 5 8 36 100 11 7 79 86 90 25 63 72 4 56 82 83 23 55 94 20 81 62 74 99 28 51 96 1 98 15 92 30 60 85 39 71 70 47 35 40 46 37 50 41 64 78 22 68 49 21 61 88 69 67 2 9 17 66 93 84 29 53 14 48 16 3 89 80 42 52 95 65 27 77 43 10 19 58 34 24 57 91 54 75 45 38 13 97 6 33 32
74 56 48 37 30 21 18 62 92 20 76 34 94 11 12 8 53 65 81 32 35 77 75 9 13 80 1 40 95 64 52 24 85 36 73 25 39 72 83 67 42 5 63 82 51 57 97 50 84 58 93 29 38 47 49 96 66 88 17 68 26 100 2 33 79 70 87 23 27 41 19 43 4 14 55 69 6 45 91 99 59 54 61 90 60 15 98 10 3 16 7 22 31 71 28 78 44 89 46 86
59 48 92 33 93 13 16 27 11 21 43 94 53 22 25 23 39 46 56 86 52 51 4 3 77 15 26 7 29 14 24 67 38 70 10 17 18 34 57 95 40 54 99 62 72 5 8 31 36 66 19 71 20 50 78 84 87 74 12 32 85 88 55 1 9 97 2 63 44 89 73 37 79 41 60 65 69 96 82 98 47 30 100 28 49 76 91 35 68 61 81 6 42 64 75 58 45 83 80 90
79 76 26 65 89 29 47 10 31 51 88 49 52 69 5 7 41 55 59 56 2 39 37 45 16 80 58 95 25 9 27 40 61 94 34 4 28 82 17 11 92 96 22 68 43 48 77 15 100 6 71 83 81 36 42 90 32 12 30 60 38 19 14 98 84 33 24 62 3 8 44 46 13 64 21 35 78 70 74 85 75 91 20 50 93 99 18 23 1 54 67 72 63 53 57 86 87 73 66 97
82 26 1 83 27 10 40 59 87 20 93 65 45 89 66 12 54 16 60 99 6 41 44 8 51 21 86 76 33 71 55 52 77 22 97 43 85 17 4 61 30 2 75 98 68 29 50 53 38 72 80 47 88 81 42 35 94 28 5 19 67 9 23 90 46 91 56 73 64 18 25 34 79 58 69 7 37 32 48 63 96 11 31 95 57 13 62 84 70 3 92 24 100 15 36 14 74 49 78 39
96 91 93 90 92 94 89 86 87 85 88 84 83 81 80 79 82 73 75 77 78 74 76 69 72 70 71 68 65 64 63 66 67 58 59 62 61 60 57 55 56 51 52 53 54 50 49 48 46 47 43 44 41 42 45 40 36 38 39 35 37 34 32 31 33 28 99 95 98 97 100 29 30 26 27 25 24 23 22 21 17 19 18 20 11 14 13 16 12 15 7 8 10 9 6 4 3 1 2 5
100 98 90 77 80 37 61 82 87 20 73 99 2 4 43 10 49 46 58 64 76 86 79 55 19 78 67 27 39 22 60 93 13 69 84 62 91 57 68 23 16 35 48 32 6 41 97 66 3 71 47 5 95 75 31 59 72 14 45 85 8 38 92 15 51 54 89 12 33 96 36 28 7 50 9 81 34 94 52 30 74 18 88 21 42 40 25 17 24 44 63 11 70 1 56 83 53 65 26 29
4 5 10 8 2 1 6 3 9 7
94 51 11 14 8 13 52 74 28 83 54 84 85 90 55 22 87 71 99 91 24 80 7 77 62 50 75 38 44 40 88 6 86 30 76 19 65 18 27 56 49 81 17 36 26 16 21 92 37 42 69 64 60 9 35 43 3 67 93 58 98 1 31 46 70 15 23 5 72 47 79 32 82 96 33 57 97 25 20 66 48 12 2 78 39 45 68 100 34 61 59 53 89 73 95 10 41 29 4 63
60 3 100 99 62 21 74 38 80 49 83 6 13 4 59 93 33 42 58 75 91 32 12 66 37 41 88 15 22 10 20 69 68 16 44 29 46 97 11 7 48 18 17 95 36 40 51 31 5 34 28 53 2 78 96 61 26 76 73 39 98 90 79 25 52 45 65 54 50 27 82 63 19 23 24 67 56 89 70 43 86 1 87 72 84 14 30 85 35 71 77 55 57 81 47 94 9 8 64 92
88 56 48 45 36 92 4 13 9 7 10 30 27 46 35 6 47 23 77 68 8 83 34 25 40 86 78 90 2 11 63 53 15 50 42 71 51 60 76 70 54 79 18 80 20 19 81 65 97 85 89 100 74 28 39 44 33 64 87 82 57 21 69 72 32 29 95 1 66 26 99 98 37 5 75 62 31 84 93 52 67 55 59 24 3 91 14 41 17 61 58 49 38 43 22 16 94 12 73 96
78 55 37 15 23 24 18 52 84 69 12 25 34 94 9 42 46 85 92 87 86 98 89 40 26 76 33 45 8 31 22 53 49 68 20 59 56 51 65 29 5 43 17 88 36 74 99 13 80 27 97 41 73 60 100 54 30 11 90 21 50 82 58 28 93 75 3 67 77 38 7 16 19 48 66 32 62 63 39 64 44 83 95 72 2 91 10 70 57 61 4 6 96 14 81 71 1 79 47 35
30 28 29 27 26 25 24 23 22 21 20 14 13 10 9 7 6 12 11 8 17 18 16 2 3 4 5 15 19 1
9 4 8 7 2 3 6 1 10 5
80 63 66 13 85 95 9 62 4 42 27 92 81 48 18 82 51 52 22 100 77 57 50 99 31 2 23 60 14 44 69 19 65 1 68 20 10 67 59 84 7 54 45 28 21 32 34 17 41 86 76 96 91 3 87 16 25 73 29 74 71 33 56 46 58 98 72 43 36 89 90 79 70 6 75 26 37 83 88 49 61 5 30 97 78 55 47 94 93 24 35 53 8 12 40 11 38 39 64 15
19 25 22 24 18 21 16 23 17 20 15 11 10 4 13 6 2 12 14 8 7 5 3 9 1
94 88 86 83 80 97 77 75 79 84 67 66 65 62 59 55 53 49 56 60 44 41 48 54 61 92 40 72 38 33 32 89 46 30 42 37 57 27 39 28 25 52 70 36 24 23 22 20 35 98 71 31 69 68 19 18 64 29 17 21 47 95 100 14 73 99 43 13 15 12 9 45 10 81 87 16 78 8 74 82 7 6 90 96 50 5 63 4 85 91 76 51 3 2 58 34 11 93 1 26
98 99 100 95 92 93 94 90 91 89 86 87 88 84 85 81 82 79 80 77 78 75 76 73 74 70 69 65 66 67 68 64 61 62 63 59 56 57 58 53 54 55 51 52 49 47 48 42 43 44 45 46 40 38 39 35 36 37 30 31 32 28 29 27 24 25 21 22 23 19 15 16 17 18 12 13 14 6 7 3 2 4 33 34 5 71 72 8 9 10 41 11 50 83 20 26 60 96 97 1
54 10 83 51 21 64 92 6 29 32 24 28 30 69 97 36 67 50 19 94 7 99 1 71 12 23 57 35 40 38 78 8 26 70 42 16 62 73 91 33 95 98 43 77 90 14 87 20 4 3 84 75 88 76 65 52 79 63 58 45 59 44 37 9 11 34 25 60 61 5 72 22 18 47 89 66 74 39 49 96 41 17 80 100 31 27 81 15 53 85 86 82 68 56 13 93 46 48 2 55
22 93 63 9 52 58 18 10 91 43 16 21 30 50 13 75 70 39 60 11 14 72 94 79 89 26 27 64 67 46 44 61 69 2 38 82 45 48 56 5 6 90 99 84 1 66 37 49 54 100 23 57 31 41 24 68 4 8 65 17 73 87 36 81 53 77 78 86 98 62 88 7 3 96 95 19 92 47 76 15 25 97 34 12 29 51 80 83 42 59 85 35 32 40 20 74 33 71 28 55
52 14 20 33 68 83 16 54 13 7 29 87 100 63 44 32 64 90 85 70 46 79 98 99 10 28 19 5 45 95 81 72 88 84 11 36 55 49 67 48 86 53 3 66 25 94 80 17 8 18 75 2 1 12 47 89 27 61 74 57 77 78 50 93 24 71 59 9 73 41 38 43 56 96 31 76 4 21 97 34 30 40 39 65 92 69 37 6 62 23 82 51 58 15 42 35 22 26 60 91
68 93 61 15 57 59 18 39 5 19 3 21 2 90 49 91 78 22 53 14 42 58 67 23 77 79 12 60 56 82 6 26 48 100 92 62 86 50 25 27 1 43 75 94 28 98 74 17 81 45 46 20 38 51 10 85 40 96 55 54 37 24 32 76 9 30 34 66 16 88 4 41 29 7 84 31 47 63 69 65 8 13 33 73 44 83 95 99 70 52 72 11 64 35 36 80 71 97 89 87
17 10 16 9 7 11 13 19 5 6 12 8 14 18 15 3 4 1 2 20
67 57 71 100 34 13 78 11 24 65 47 99 8 2 18 25 39 93 68 48 33 73 21 35 58 29 63 19 91 54 74 95 44 98 53 27 55 30 61 97 96 66 15 16 5 72 83 50 88 75 12 77 23 84 38 41 43 40 89 86 36 76 22 62 64 28 69 31 4 17 81 20 79 9 90 6 10 37 1 32 3 49 94 60 82 80 85 87 14 45 59 70 42 52 51 92 26 7 46 56
44 46 28 59 91 27 16 55 75 63 72 96 15 66 97 35 18 32 30 50 53 77 95 9 13 7 12 29 85 90 14 100 25 93 51 64 36 76 81 11 88 69 70 20 99 80 37 56 2 23 24 40 38 45 89 3 68 92 73 39 19 86 52 48 62 5 47 98 87 74 54 57 67 6 94 41 60 43 78 31 61 42 26 49 4 84 21 65 17 83 71 8 82 58 1 10 79 34 22 33
17 70 53 92 14 65 24 34 87 48 63 77 80 46 54 58 73 22 82 81 11 40 100 68 83 27 30 3 29 89 99 28 20 59 6 15 94 44 74 37 43 16 23 45 33 36 26 4 32 84 49 19 51 64 79 66 35 13 25 97 69 7 91 93 96 62 67 56 60 18 41 2 1 85 39 78 55 12 88 52 86 71 9 47 8 90 31 5 50 57 75 76 95 10 21 72 61 98 42 38
97 45 32 19 5 79 10 14 16 17 29 33 34 37 38 41 6 42 40 43 46 47 49 50 52 55 9 56 57 25 58 59 21 60 61 23 8 62 64 65 69 11 72 24 48 73 74 75 76 78 80 82 81 83 88 27 70 53 44 15 39 89 12 54 30 90 92 85 93 96 94 98 99 77 66 63 36 100 4 3 35 20 86 28 13 91 26 84 31 71 95 87 7 2 22 1 67 51 68 18
71 57 56 30 16 52 89 74 10 41 59 6 50 86 90 2 33 44 32 39 15 20 43 40 87 92 99 47 37 91 42 55 7 19 66 81 3 8 25 68 45 76 23 27 58 21 85 93 49 60 69 78 18 31 77 97 70 84 96 63 83 64 88 11 17 5 13 65 48 36 9 79 28 54 38 95 62 100 1 98 51 22 14 82 72 35 73 80 4 24 12 46 26 67 94 53 29 34 75 61
64 62 42 23 56 60 10 18 87 51 90 35 65 75 71 100 70 32 69 4 73 95 40 6 12 45 66 49 97 17 29 28 48 39 26 88 5 20 74 54 80 59 53 67 58 84 11 82 1 3 34 76 24 91 94 30 68 43 9 79 89 86 78 13 15 41 46 25 19 81 72 85 22 50 37 61 47 96 8 27 99 7 36 38 31 16 92 2 55 52 77 33 57 14 98 44 83 21 93 63
20 5 77 37 57 80 34 64 3 29 9 83 53 43 46 78 90 75 4 16 12 60 85 31 6 21 24 79 63 84 73 93 30 97 48 58 96 51 82 47 86 100 35 94 49 62 54 15 92 55 7 40 14 25 69 26 19 38 61 36 98 71 23 18 52 44 74 11 95 99 56 67 17 1 27 65 10 42 8 39 33 45 72 66 76 68 88 13 50 22 89 2 32 41 87 91 59 81 28 70
6 4 5 3 1 2
68 62 45 36 19 97 57 90 28 30 17 93 5 69 14 8 41 20 91 9 23 31 92 70 99 10 60 4 66 84 73 29 32 2 3 59 77 47 78 75 89 82 53 15 63 22 74 48 72 37 26 61 33 16 81 55 24 67 27 35 80 39 87 56 34 51 40 95 46 52 43 54 79 83 86 58 85 98 76 96 13 7 88 65 1 12 38 42 21 71 6 18 44 25 94 64 49 100 50 11
18 17 15 16 14 12 10 11 13 8 6 7 5 2 3 4 1 9
16 15 5 17 2 6 3 1 9 14 7 13 8 12 10 11 4
5 9 3 4 7 2 6 8 1 10 11 14 12 15 13
94 52 29 42 43 67 8 18 91 85 5 86 78 17 81 15 71 7 48 90 2 4 59 69 33 10 54 28 16 99 37 92 49 12 55 19 53 93 87 1 72 13 23 82 62 38 46 77 51 57 41 60 83 70 64 21 11 6 80 25 36 35 27 31 56 39 61 89 3 63 32 98 47 100 65 24 58 14 50 74 30 95 40 97 26 79 34 88 96 76 84 66 9 20 68 75 44 22 73 45
12 11 10 9 8 7 6 5 4 3 2 1
46 44 50 43 49 42 47 48 39 40 45 22 28 35 18 19 24 25 20 26 27 31 36 41 23 29 32 33 34 37 38 30 14 12 5 10 11 16 17 2 3 4 7 8 9 15 21 13 1 6
56 51 55 49 53 57 48 52 46 50 47 45 43 44 42 40 54 37 36 41 35 34 32 33 38 39 31 29 28 27 26 23 22 21 20 25 30 19 24 17 16 14 12 13 18 11 7 8 9 6 5 10 15 4 1 2 3
83 46 42 41 24 31 92 23 96 12 74 84 15 40 90 81 52 65 93 11 18 3 50 97 37 32 30 10 47 99 77 67 34 14 59 6 16 29 70 58 8 39 9 62 85 71 38 4 68 75 76 94 95 7 36 49 22 100 69 19 57 45 63 88 82 53 64 78 87 25 28 89 35 51 73 44 60 33 13 43 86 72 66 48 79 2 54 21 17 56 98 20 5 27 61 55 26 80 91 1
14 13 6 11 12 4 17 3 2 1 7 19 18 8 9 10 15 16 5 20
76 74 92 98 49 38 39 63 37 18 34 11 10 36 4 9 13 41 61 8 27 67 71 16 91 55 62 5 14 82 73 47 28 17 100 6 72 96 85 44 24 60 1 21 54 23 30 78 20 58 50 25 42 90 64 89 33 7 95 26 75 79 53 29 15 93 35 51 87 19 70 69 88 48 99 68 83 22 12 31 32 86 45 66 80 52 59 65 43 77 57 46 2 97 81 3 40 84 56 94
19 2 1 9 15 17 18 20 5 12 6 16 11 13 10 14 3 4 8 7
56 46 23 12 22 96 33 37 66 90 85 31 62 45 89 80 99 64 30 2 10 73 16 68 19 72 28 84 6 36 17 4 70 52 5 92 21 3 67 61 49 69 7 43 51 88 74 65 44 71 91 55 77 60 20 35 94 59 83 50 57 42 97 98 8 86 82 11 76 24 63 29 78 13 54 41 39 32 95 25 75 79 27 58 15 18 48 14 40 38 9 26 47 93 100 81 34 53 87 1
57 51 72 32 13 37 43 48 49 26 89 3 6 10 16 28 38 50 54 56 11 65 53 59 69 19 83 87 35 45 12 90 20 31 22 34 44 77 88 47 41 85 91 95 15 46 75 55 96 99 23 30 1 2 7 97 78 18 71 24 94 100 4 9 60 29 42 62 70 81 76 74 80 79 82 92 93 67 73 14 8 64 68 33 36 66 17 61 25 5 63 98 84 40 58 52 86 21 39 27
90 71 27 26 30 9 8 2 50 14 68 92 88 100 37 40 39 35 44 69 77 49 15 34 38 58 45 62 65 72 76 16 85 64 87 1 19 24 29 95 48 10 79 57 80 84 96 91 7 51 78 33 52 43 83 56 89 97 73 81 20 55 36 66 47 18 6 60 13 41 54 63 99 3 23 74 5 21 53 28 93 17 46 70 42 31 4 22 94 59 82 25 75 61 98 67 86 11 12 32
76 39 12 2 68 72 79 27 7 55 56 63 11 21 65 34 49 6 66 75 35 67 87 80 92 51 18 19 73 78 95 70 23 32 61 60 64 15 20 100 57 37 30 1 53 48 38 43 36 29 74 94 16 81 40 84 62 83 31 96 71 90 91 24 45 10 42 44 54 33 3 46 93 5 99 4 86 89 9 58 8 28 50 14 41 59 17 25 13 97 98 82 69 85 52 22 47 26 77 88
7 5 9 1 3 8 10 4 6 2
99 100 98 97 94 95 96 91 92 93 90 87 88 89 83 84 85 86 81 82 79 80 78 77 75 76 73 74 69 70 71 72 67 68 66 63 64 65 61 62 60 58 59 55 56 57 53 54 52 51 49 50 45 46 47 48 43 44 39 40 41 42 35 36 37 38 34 31 32 33 28 29 30 27 25 26 23 24 19 20 21 22 15 16 17 18 12 13 14 11 10 6 7 8 9 5 2 3 4 1
1 2 3 4 5 6 7 8 9 10 11 12 13 14 15 16 17 18 19 20 21 22 23 24 25 26 27 28 29 30 31 32 33 34 35 36 37 38 39 40 41 42 43 44 45 46 47 48 49 50 51 52 53 54 55 56 57 58 59 60 61 62 63 64 65 66 67 68 69 70 71 72 73 74 75 76 77 78 79 80 81 82 83 84 85 86 87 88 89 90 91 92 93 94 95 96 97 98 99 100
98 63 74 36 16 39 11 9 3 7 6 15 14 10 19 29 34 62 32 13 65 75 2 18 31 38 52 86 1 8 27 28 30 37 57 66 12 76 45 50 51 72 83 41 67 5 25 58 79 35 46 60 53 68 22 48 26 89 59 92 94 96 69 70 85 33 21 40 44 47 17 49 88 61 55 97 56 23 54 24 20 43 81 90 64 71 78 4 80 82 84 87 93 95 42 73 91 99 100 77
89 80 34 7 70 60 68 94 47 9 99 75 81 2 87 24 93 22 66 84 86 48 79 92 26 74 19 3 14 71 78 5 91 12 39 90 11 97 73 28 37 31 1 45 72 6 82 76 33 42 4 69 56 67 53 64 55 30 10 27 8 29 41 15 98 57 54 40 96 61 85 25 65 32 52 46 63 38 50 51 16 77 18 17 43 83 23 35 95 21 36 49 100 59 20 58 88 44 13 62
34 77 73 81 37 97 44 32 46 20 94 75 41 85 28 45 50 6 17 31 84 16 57 91 19 18 80 67 11 52 49 24 87 22 42 56 13 62 70 92 59 8 51 69 54 48 30 68 15 78 23 3 9 71 36 29 10 65 2 60 38 86 14 95 64 93 5 25 35 66 61 39 76 79 74 27 63 21 89 7 1 82 53 83 58 43 47 72 26 55 96 88 4 90 12 33 40
65 59 53 43 55 17 82 49 70 71 74 35 10 51 61 9 45 66 32 12 31 60 69 67 85 37 44 62 40 75 63 86 33 58 8 1 18 50 24 3 16 52 4 23 47 78 13 26 48 76 38 68 22 73 72 21 56 79 80 83 5 14 2 25 7 27 34 81 20 30 41 11 29 46 64 84 19 87 15 54 28 39 57 6 36 42 77
98 97 96 94 93 89 87 86 85 81 80 78 73 70 69 61 59 57 55 54 53 51 64 50 91 60 74 49 48 82 46 45 44 37 41 84 34 33 32 39 56 31 38 52 29 26 25 66 79 71 76 92 24 43 21 20 63 65 19 18 17 16 100 27 77 35 47 68 62 95 15 14 99 30 13 12 10 9 8 7 6 22 5 4 75 83 72 3 11 28 23 42 67 88 58 2 1 36 90 40
91 81 67 68 69 70 71 72 73 74 75 76 77 78 79 82 83 84 85 86 87 88 89 90 92 80 56 65 66 57 58 59 60 61 62 63 64 55 53 50 49 37 38 39 40 41 42 43 44 45 46 51 52 54 47 48 31 19 11 12 13 14 15 16 17 18 20 21 22 23 24 25 26 27 28 29 34 35 36 30 32 33 8 7 9 10 5 6 1 2 3 4
96 99 95 93 97 91 89 86 84 83 82 76 72 71 69 66 65 64 78 63 75 59 87 98 57 56 67 81 54 52 49 60 61 53 79 70 45 42 41 39 37 36 35 31 44 30 32 51 28 55 27 73 25 23 21 19 18 100 34 24 77 62 16 47 46 38 15 14 22 92 80 20 43 48 58 68 29 40 94 17 26 50 90 13 12 11 10 9 5 4 33 88 3 7 74 85 6 8 2 1
86 82 83 72 73 65 62 60 57 75 76 77 80 87 66 56 74 54 53 48 46 47 88 42 38 39 34 58 35 28 27 25 51 26 50 70 71 84 52 23 49 24 22 19 20 17 18 44 15 43 14 13 81 68 69 67 61 45 11 12 9 85 10 7 4 5 6 21 8 36 59 37 1 2 33 3 79 78 63 40 41 64 16 32 30 29 31 55
79 72 31 20 87 85 63 25 81 48 86 62 10 69 38 9 53 23 90 95 45 83 59 46 37 94 47 6 76 99 28 65 77 51 13 78 26 11 19 96 30 89 61 74 33 24 32 52 75 88 57 55 97 44 58 15 73 14 71 91 60 70 36 98 8 93 7 27 39 41 3 40 84 34 12 80 68 92 21 17 5 18 29 54 56 67 22 50 49 66 64 82 16 1 2 43 35 4 42
72 70 64 58 52 46 40 34 28 22 16 12 10 4 67 7 13 19 25 31 37 5 23 30 9 35 71 18 51 29 42 48 21 63 57 69 15 43 49 55 61 3 41 66 11 68 36 6 54 24 45 39 65 14 47 17 53 26 59 20 38 60 33 27 8 56 50 32 1 2 44 62
90 45 8 72 73 21 89 75 84 1 82 100 22 95 79 23 65 58 63 80 94 25 37 88 38 46 12 16 71 15 55 27 51 34 18 77 91 2 87 83 44 64 50 70 96 69 61 35 59 10 11 76 14 93 24 39 53 41 54 6 98 47 29 62 86 60 97 33 3 7 42 78 81 36 49 92 19 30 13 5 48 4 32 68 17 52 20 56 85 43 99 67 57 9 74 26 28 66 31 40
83 97 76 82 71 42 78 49 24 36 57 22 27 47 9 99 13 35 56 46 87 91 53 67 93 51 85 45 75 66 43 50 80 41 61 62 90 20 92 95 68 18 23 26 89 15 21 39 11 94 48 63 4 8 33 40 29 1 70 81 28 34 6 72 55 44 30 37 69 65 7 31 59 52 5 2 14 38 17 88 58 98 10 16 77 86 12 19 74 100 32 60 64 3 25 54 96 73 84 79
64 12 9 13 38 26 8 41 49 78 34 43 37 45 11 83 81 46 36 27 54 28 24 63 5 61 16 57 22 33 62 74 79 3 2 29 1 4 69 70 19 60 23 7 68 39 82 17 35 51 47 65 77 32 15 14 80 52 30 66 85 6 58 55 31 76 18 48 25 73 40 59 10 21 84 56 67 75 20 44 42 53 71 50 72
93 49 46 32 91 15 40 72 17 98 92 51 52 33 27 35 80 19 66 85 23 58 34 41 31 28 39 56 14 11 7 3 29 24 73 87 88 77 36 96 79 8 18 67 57 42 16 59 9 62 21 75 76 6 45 68 71 78 53 43 90 69 94 65 20 61 64 84 13 30 81 44 47 89 99 37 55 48 97 82 2 70 26 54 60 5 95 83 1 100 50 10 25 74 4 38 12 63 86 22
99 80 78 77 71 61 51 48 96 73 52 95 41 64 33 50 72 86 47 31 30 29 38 55 87 26 81 97 58 98 23 21 49 92 75 17 74 100 14 28 66 76 88 91 34 84 85 53 89 12 82 13 11 9 83 39 42 90 94 18 70 8 69 7 6 62 5 79 16 4 3 37 44 63 57 59 1 35 65 54 46 45 19 36 25 68 60 27 56 67 40 22 93 32 24 2 20 43 15 10
90 84 74 58 71 39 17 54 23 95 80 14 75 26 36 89 86 97 27 28 21 93 77 37 51 63 25 12 10 79 34 19 57 48 88 92 68 53 16 29 60 83 73 40 43 55 33 59 64 7 87 44 45 22 30 49 5 15 78 6 70 96 65 3 46 42 18 41 76 52 62 61 38 20 66 1 69 47 56 85 9 13 94 82 8 72 35 24 31 67 2 91 81 50 4 32 11
42 46 80 76 88 91 37 26 68 17 66 12 49 9 24 90 50 2 78 3 15 77 72 83 99 38 40 31 92 1 11 82 85 44 98 96 33 19 47 54 53 79 97 63 36 39 16 81 34 30 95 59 5 75 65 89 52 62 32 100 8 45 7 6 84 27 56 21 55 64 10 35 70 86 93 58 20 25 60 43 14 87 71 69 57 67 29 74 4 48 13 22 23 18 94 41 73 51 28 61
1 2 3 4 5 6 7 8 9 10 11 12 13 14 15 16 17 18 19 20 21 22 23 24 25 26 27 28 29 30 31 32 33 34 35 36 37 38 39 40 41 42 43 44 45 46 47 48 49 50 51 52 53 54 55 56 57 58 59 60 61 62 63 64 65 66 67 68 69 70 71 72 73 74 75 76 77 78 79 80 81 82 83 84 85 86 87 88 89 90 91 92 93 94 95 96 97 98 99 100
99 67 66 94 65 57 48 26 34 54 38 17 69 91 84 70 13 8 23 5 37 20 45 40 11 6 79 92 72 100 50 15 41 56 44 63 58 53 25 28 7 96 81 74 19 36 61 3 78 16 1 49 22 95 93 62 59 80 83 4 60 46 47 88 18 9 35 52 98 14 55 68 31 89 86 30 87 77 90 51 42 73 43 75 27 29 71 33 2 39 82 32 97 85 64 21 10 76 12 24
61 50 51 52 53 54 55 56 57 58 59 60 62 63 64 65 66 67 68 69 70 71 72 73 74 75 76 77 78 79 80 81 82 83 84 85 86 87 88 89 90 91 92 93 94 95 96 97 98 99 49 47 48 46 43 44 45 40 41 42 38 39 37 32 33 34 35 36 30 31 29 27 28 24 25 26 20 21 22 23 18 19 15 16 17 14 11 12 13 8 9 10 4 5 6 7 1 2 3
86 80 56 55 50 45 87 35 62 28 36 72 77 79 21 15 92 14 34 12 6 78 7 49 53 52 32 42 88 20 26 11 44 31 29 24 30 83 38 64 3 43 18 58 90 95 84 4 81 27 57 96 60 13 17 22 74 39 76 69 59 93 37 63 61 2 9 25 33 97 46 94 40 54 71 1 89 67 91 10 65 19 51 85 75 23 73 16 82 5 47 70 66 8 48 41 68
88 65 81 85 87 39 59 31 21 24 78 35 49 76 5 98 51 91 1 90 71 16 17 2 54 33 25 55 95 83 12 50 4 14 28 100 6 22 32 44 8 82 13 23 26 42 46 56 67 66 73 70 63 15 97 45 74 7 58 68 60 72 92 43 19 62 61 89 40 3 47 20 27 96 36 37 57 94 34 38 18 99 53 29 86 64 93 41 48 9 52 11 10 80 77 79 84 69 30 75
87 86 63 55 76 36 93 50 52 30 84 59 45 77 29 92 74 27 73 44 22 97 83 54 91 98 42 49 81 94 32 58 21 88 56 19 14 13 72 12 62 48 80 10 99 41 53 85 8 95 69 61 75 79 34 100 16 26 31 6 78 68 39 33 70 47 15 46 17 18 11 71 60 51 96 89 64 57 38 67 40 28 3 20 23 24 35 9 25 5 7 82 37 43 4 90 66 2 1 65
16 13 11 10 20 9 19 7 17 8 18 5 15 6 4 14 2 12 3 1
78 77 76 75 74 73 70 69 66 65 64 62 61 59 58 56 55 54 53 51 50 49 47 45 42 41 39 38 37 36 33 30 29 28 18 17 16 6 4 1 12 80 72 20 71 68 44 25 79 67 57 46 14 34 31 7 43 60 48 35 52 40 27 5 9 22 13 15 24 3 8 26 32 23 63 21 11 19 10 2
86 84 70 79 64 62 73 60 55 53 48 43 37 29 26 68 36 45 24 23 19 88 54 95 72 27 97 93 15 12 34 31 28 6 8 3 2 82 77 56 83 32 90 18 10 33 75 66 67 40 63 30 78 59 44 47 49 65 21 92 81 22 76 13 35 52 69 4 20 71 96 91 80 50 57 41 42 1 74 51 38 17 5 39 58 85 61 89 9 87 7 25 16 46 11 14 94
63 59 58 57 56 55 54 49 48 45 44 41 40 39 38 37 36 35 34 32 31 62 29 28 27 26 53 52 25 50 51 24 23 46 47 22 21 43 42 19 11 10 20 9 18 8 17 15 30 60 61 16 33 7 14 6 12 13 5 4 2 3 1
56 34 32 26 12 27 49 51 98 72 14 17 18 19 21 8 6 92 9 22 38 31 33 36 79 55 7 11 73 57 95 5 4 3 85 91 81 13 42 89 20 43 35 39 67 68 59 90 93 99 80 45 88 50 100 82 83 70 23 25 46 84 87 97 10 15 30 44 24 16 29 74 58 28 53 62 71 63 2 1 60 52 69 54 96 37 40 41 86 76 65 75 66 78 94 48 77 61 64 47
82 79 62 37 39 15 5 84 51 41 97 20 77 18 43 45 53 91 24 60 2 99 25 100 57 92 72 33 52 80 54 98 32 95 61 22 3 6 94 46 27 8 87 69 1 76 55 13 28 29 73 12 90 16 93 78 83 26 36 49 65 64 4 11 89 85 7 47 42 96 30 63 86 44 67 23 74 71 10 21 17 34 68 38 56 66 70 35 59 14 48 75 88 31 19 58 50 81 40 9
97 95 94 92 85 84 88 74 41 39 72 53 77 36 34 21 58 16 38 27 79 22 15 64 13 57 51 11 10 33 17 46 20 82 54 19 23 25 4 3 28 2 5 61 52 8 96 60 91 65 67 90 87 66 98 56 37 40 62 63 6 7 68 30 43 81 83 45 100 14 47 76 31 12 75 50 99 49 73 59 35 26 70 71 55 93 29 48 80 89 24 9 78 86 18 44 32 42 69 1
4 3 1 2
19 33 28 34 24 25 17 38 35 27 18 8 14 6 11 22 39 26 12 1 30 31 23 29 37 16 5 21 32 3 4 13 15 9 10 20 36 2 7 40
17 9 8 7 12 15 10 11 6 14 5 4 13 16 3 2 1
98 90 74 69 39 32 96 30 26 49 7 3 17 99 67 2 34 41 94 84 50 4 100 38 55 73 21 59 47 89 9 36 44 54 76 53 24 60 70 68 71 19 10 85 77 11 80 82 51 27 65 48 92 97 58 88 86 31 46 95 22 37 78 14 20 1 66 12 42 29 93 33 35 5 23 45 79 52 8 28 13 64 91 61 25 56 57 6 81 75 18 63 83 87 16 43 62 40 72 15
8 38 89 37 39 82 58 35 25 61 88 33 81 93 12 41 32 91 86 59 46 76 63 90 49 18 7 60 6 3 53 54 24 79 85 92 99 62 74 17 16 21 83 65 44 52 30 11 51 50 1 78 15 96 68 67 84 87 75 40 22 56 98 28 29 9 72 13 34 55 80 70 36 71 100 77 69 66 26 97 2 10 31 94 4 14 43 95 27 19 42 20 48 23 45 57 64 47 73 5
72 40 74 87 35 29 8 50 57 39 10 76 21 84 31 60 89 98 5 24 22 56 38 14 80 67 78 86 7 47 85 97 37 91 49 90 69 30 48 61 81 64 62 66 94 92 45 54 70 100 20 51 23 25 11 1 28 82 17 16 43 55 36 65 3 41 93 75 19 33 79 71 12 73 99 44 68 18 88 4 52 2 15 27 13 59 6 34 26 53 9 42 96 46 58 77 95 63 32 83
71 68 50 51 48 39 30 31 21 17 15 1 2 3 7 6 5 4 10 9 8 11 14 13 12 16 19 18 20 23 22 24 26 25 28 27 29 33 32 34 37 36 35 38 40 43 42 41 46 45 44 47 49 52 54 53 56 55 59 58 57 60 61 64 63 62 66 65 67 70 69 73 72 75 74 76 77 80 79 78
94 89 70 60 34 56 33 9 85 79 25 98 91 16 92 40 87 49 12 29 88 3 77 20 10 48 19 17 42 36 57 72 73 43 28 62 76 90 5 27 95 2 51 4 18 24 68 80 23 81 1 74 46 14 7 78 82 100 37 15 53 31 38 97 30 93 6 11 83 44 86 52 84 21 99 22 50 54 61 66 63 39 69 75 47 41 64 65 13 58 67 45 26 71 59 35 8 96 32 55
50 89 6 63 32 56 40 70 43 49 84 71 88 61 51 18 82 12 23 92 20 100 25 34 46 48 31 37 45 99 35 83 27 54 69 10 91 3 79 7 22 9 90 15 4 78 29 36 74 16 21 1 59 72 11 39 13 5 17 42 38 19 53 2 67 93 47 28 8 60 57 33 14 26 52 68 77 86 44 85 30 98 58 87 55 64 97 41 73 94 80 62 76 81 75 24 65 95 96 66
23 54 51 34 97 61 21 1 79 94 9 55 75 99 89 66 53 6 41 72 45 93 63 2 38 17 98 81 14 83 37 44 5 43 25 73 15 30 11 22 18 92 36 76 7 74 49 56 48 80 88 4 68 10 20 69 46 19 39 77 86 78 12 31 26 87 8 29 59 47 33 50 70 96 82 71 85 62 32 3 42 40 60 84 95 67 16 28 57 58 24 35 52 90 64 91 100 65 13 27
86 75 83 30 13 61 24 77 28 51 50 14 72 1 25 7 22 53 98 16 66 91 21 97 31 90 94 52 10 88 49 92 69 9 63 62 8 32 41 29 58 73 33 42 37 44 100 79 20 4 12 71 64 80 54 19 43 56 68 99 5 18 23 48 89 93 34 47 57 76 78 96 35 70 87 46 3 17 85 2 45 15 26 74 27 65 82 84 67 95 11 55 59 6 39 81 40 38 60 36
98 97 93 91 95 73 72 61 59 56 46 45 43 41 38 86 36 32 29 70 54 63 39 48 26 23 24 25 83 44 89 94 79 62 19 71 57 31 18 58 14 55 78 82 60 16 12 28 92 10 75 76 99 7 85 90 6 4 2 51 50 22 80 53 66 77 84 37 13 88 47 17 35 5 65 100 40 69 96 64 1 9 11 30 34 21 74 67 81 33 52 87 3 42 27 15 49 68 20 8
88 86 85 81 78 89 76 73 69 46 50 51 52 53 54 55 87 56 65 66 67 68 70 71 72 74 75 77 79 57 58 59 60 61 62 63 64 47 48 49 38 31 29 34 35 36 37 39 40 41 42 43 44 45 30 32 33 27 25 20 17 16 18 19 21 83 22 26 28 84 23 24 15 82 12 13 10 8 3 2 4 5 6 80 7 9 11 14 1
98 88 69 63 82 49 58 26 79 68 80 38 48 20 13 35 22 100 47 65 34 33 40 53 97 11 32 77 28 25 66 70 5 21 31 89 24 36 19 14 1 81 95 57 17 46 44 71 86 18 39 9 12 15 7 52 99 51 23 85 2 41 43 64 3 73 87 61 94 76 84 8 27 96 54 83 55 67 6 92 62 50 59 78 74 10 37 91 60 29 75 4 56 42 90 93 30 45 72 16
89 86 44 82 35 27 38 5 31 10 43 100 39 16 58 3 45 76 49 51 59 40 42 37 87 73 74 78 70 71 11 75 93 1 54 17 36 46 91 80 41 55 52 53 94 28 33 32 6 9 7 64 19 65 63 77 34 12 13 47 60 23 18 98 99 72 85 62 92 14 25 22 81 24 97 48 26 95 61 56 4 29 57 21 8 84 2 50 66 79 30 67 88 68 15 96 90 20 69 83
93 91 90 88 87 86 85 81 80 79 77 68 67 65 64 60 73 58 89 56 63 54 53 52 69 49 72 84 48 47 83 46 70 45 41 40 39 95 38 97 42 36 34 32 29 28 27 35 26 25 24 22 21 23 19 18 17 16 50 76 59 37 15 14 13 44 96 12 94 11 10 33 61 75 30 57 51 62 78 9 8 7 6 82 71 74 5 4 20 3 2 55 43 31 92 1 66
21 16 23 65 30 75 99 24 76 20 85 38 42 10 91 34 45 96 83 62 3 2 89 8 56 84 92 53 60 22 64 15 35 26 36 18 6 70 13 59 71 4 61 49 51 55 82 43 81 17 95 25 47 46 74 72 93 14 44 78 28 100 77 48 52 94 79 31 88 67 37 33 39 80 58 41 19 27 32 69 1 54 11 87 90 40 9 97 73 29 50 68 86 57 66 63 7 5 98 12
2 87 7 97 4 36 69 28 11 47 35 30 12 98 66 19 15 63 95 84 41 32 78 3 58 33 61 29 71 57 90 49 74 24 80 75 37 56 39 40 65 100 1 44 17 86 54 43 93 55 92 16 68 5 79 64 45 13 59 18 14 89 8 48 82 62 46 50 88 9 53 99 83 22 76 67 42 20 52 60 77 6 51 34 38 70 26 21 31 25 81 85 10 73 72 27 96 23 91 94
2 4 3 1
94 89 83 79 75 71 66 58 55 78 54 96 53 73 50 49 77 48 81 45 56 38 92 37 35 59 32 46 72 30 28 27 34 84 52 24 23 19 12 90 11 15 9 47 8 44 95 85 88 7 74 60 6 18 98 5 10 4 3 67 31 99 40 87 61 93 63 80 2 62 22 70 1 100 13 26 82 86 21 17 42 69 65 97 14 29 16 64 41 43 51 57 76 20 91 68 25 36 33 39
93 86 66 59 56 91 39 34 8 23 71 46 77 82 78 84 92 30 24 89 19 99 36 54 81 16 21 38 69 64 51 11 45 31 43 35 90 67 94 32 58 79 41 20 44 25 17 83 100 7 52 6 15 75 4 5 10 72 73 80 40 60 65 85 98 26 42 49 97 22 95 61 14 18 53 37 96 9 87 27 48 2 70 33 50 12 29 62 13 47 1 76 74 57 68 88 28 55 63 3
96 88 90 75 67 13 51 94 87 86 74 16 73 68 38 30 45 89 54 52 27 71 62 50 82 99 95 72 18 65 69 46 84 79 37 12 85 25 100 39 77 97 14 93 57 36 48 8 22 66 91 20 28 3 78 47 21 4 19 2 81 83 6 44 7 43 29 92 76 32 15 31 24 98 80 42 40 1 33 60 35 63 9 70 56 49 53 61 55 58 26 10 64 5 59 34 41 23 17 11
7 6 3 2 1 4 5
96 92 89 86 85 83 81 80 78 76 75 71 67 66 64 59 57 56 54 88 51 74 50 48 47 46 45 53 43 39 97 42 58 84 63 94 34 33 35 87 32 31 29 27 25 73 44 99 60 24 79 91 38 95 68 23 22 21 18 40 49 16 93 15 13 11 61 30 10 9 17 26 37 8 72 14 62 7 36 6 5 20 52 19 12 4 3 28 55 69 41 70 2 1 82 98 65 77 90
99 98 95 92 89 88 87 86 83 81 80 78 77 76 75 73 72 90 71 69 68 67 82 62 63 61 59 70 96 55 54 97 66 52 51 49 46 45 44 43 41 38 64 37 57 36 35 84 32 34 31 30 28 27 26 25 24 22 74 60 20 42 18 17 16 14 13 12 23 11 33 85 47 93 79 19 56 10 9 40 7 94 6 29 8 48 4 91 3 65 58 50 15 2 39 1 21 5 53
50 48 49 46 37 38 32 29 43 34 35 44 25 26 22 20 21 19 15 16 10 11 7 33 18 41 28 6 3 17 4 23 24 8 9 42 12 30 14 40 47 31 36 2 1 13 27 5 39 45
100 99 97 94 13 71 24 85 86 91 95 74 78 16 34 52 30 68 50 54 76 59 63 96 47 57 66 61 84 87 55 46 64 77 90 98 93 83 88 6 4 5 89 81 92 73 82 80 14 48 72 21 38 35 60 70 42 8 32 67 25 29 43 39 44 45 11 51 18 53 22 23 37 41 49 2 69 58 75 79 36 40 9 65 56 27 7 17 33 19 10 3 26 62 31 15 1 12 28 20
54 24 73 58 7 4 5 74 77 80 17 86 29 95 35 45 44 87 39 48 46 2 84 25 8 47 53 56 21 27 28 38 41 11 50 23 3 96 51 13 20 36 9 22 83 66 42 75 12 91 40 55 71 15 63 88 32 69 6 82 72 81 90 93 34 37 76 79 16 19 85 61 94 31 64 68 14 33 10 65 60 70 30 43 52 67 1 89 26 59 92 62 57 49 18 78
9 5 2 10 6 3 8 1 7 4
99 98 97 96 95 94 93 91 88 87 86 85 84 82 81 89 80 79 78 77 76 75 74 83 73 70 69 68 67 66 65 63 71 62 61 92 60 59 58 57 56 55 54 53 52 51 50 49 48 47 64 46 45 44 43 42 40 39 38 37 36 35 34 33 32 31 30 29 28 27 26 25 24 23 22 21 20 19 18 100 17 16 15 14 13 12 11 41 10 7 90 72 8 5 3 6 9 1 2 4
55 91 59 51 65 93 87 75 78 100 85 40 76 47 31 13 8 66 58 54 25 94 24 6 3 41 71 12 60 69 17 4 18 15 42 72 99 79 33 82 84 43 73 39 46 16 45 1 5 48 88 74 57 37 21 38 26 98 56 7 96 28 10 62 64 29 34 53 50 92 44 70 11 32 63 35 81 61 68 90 97 67 52 22 95 19 20 89 77 86 36 14 49 23 9 2 80 83 30 27
91 64 15 19 9 18 81 12 28 62 42 45 26 97 20 23 78 92 86 55 41 90 84 29 94 100 50 2 43 46 10 88 4 79 32 48 49 51 95 31 47 33 83 63 68 52 65 21 16 72 99 37 75 36 1 13 76 17 96 7 61 60 57 30 82 54 14 74 22 77 89 27 56 80 35 73 66 44 11 85 69 59 8 98 40 25 93 67 39 24 34 71 58 70 53 87 3 6 38 5
74 58 52 55 47 29 26 89 25 34 99 64 93 79 83 95 49 24 63 54 45 69 87 91 9 35 75 88 65 13 19 72 92 59 71 21 98 41 48 4 78 70 81 33 44 7 96 1 5 61 42 14 100 27 10 12 15 32 37 46 2 62 67 17 43 8 23 38 97 20 56 6 53 22 36 16 68 60 94 66 3 39 11 57 28 82 77 86 73 84 31 30 18 85 90 51 40 50 76 80
70 69 67 66 65 64 63 62 72 71 61 59 60 57 68 55 53 52 56 51 49 50 58 54 48 46 45 42 41 39 37 38 47 35 36 33 44 43 26 34 28 32 27 30 31 29 40 25 23 22 21 17 16 15 14 24 13 11 12 9 20 19 18 2 10 4 3 8 6 7 5 1
91 88 78 74 73 65 64 62 57 53 95 98 48 41 39 35 61 29 22 17 79 15 44 93 46 47 18 69 85 87 70 31 14 72 51 43 76 21 30 77 38 59 13 12 55 8 49 84 9 20 37 6 71 54 3 32 1 16 94 67 81 2 28 68 80 52 5 83 24 96 36 42 50 63 100 25 82 34 86 66 56 10 58 60 40 23 45 97 99 33 89 90 7 26 75 27 92 11 4 19
100 99 95 94 92 90 89 88 86 85 80 77 76 75 72 70 69 67 66 63 61 57 56 55 96 54 53 50 47 46 45 44 43 97 68 65 62 42 41 40 38 37 39 36 35 87 79 34 33 32 73 83 31 30 28 25 64 24 71 23 22 21 20 19 17 29 98 59 74 16 60 48 15 81 14 49 13 11 52 93 51 10 18 8 7 26 6 27 91 5 82 4 9 12 78 84 3 2 58 1
73 60 61 72 99 56 87 96 48 43 5 19 51 85 58 34 4 7 45 83 25 40 39 54 33 28 67 91 95 89 2 69 12 14 90 52 71 13 31 53 63 75 84 66 49 20 50 55 30 97 59 8 1 62 79 18 24 37 15 46 42 74 23 44 68 21 82 11 29 36 100 10 88 3 77 41 17 57 93 47 27 32 94 81 35 92 98 64 22 38 9 78 6 86 65 26 76 16 80 70
85 66 2 83 10 41 48 82 89 30 73 15 28 97 90 46 63 72 84 65 67 11 75 40 55 78 74 91 79 57 36 14 60 53 21 8 98 61 64 12 49 33 35 17 42 87 34 27 71 31 58 68 47 76 18 94 13 96 92 25 24 37 80 43 99 59 29 23 52 77 7 86 39 1 20 38 4 88 70 22 9 26 62 19 95 56 16 3 45 5 54 51 69 100 44 32 6 81 93 50
80 76 71 63 59 54 46 51 40 28 33 24 22 11 10 17 16 13 15 7 61 25 5 68 32 4 3 57 62 58 31 39 44 42 30 36 18 21 27 2 74 65 47 38 29 53 35 1 73 81 79 52 34 50 49 23 14 6 78 77 41 75 60 56 20 64 69 67 55 19 26 37 72 45 9 8 70 66 48 12 43
51 19 24 33 47 71 4 48 85 80 58 10 3 39 67 78 75 74 6 88 86 46 69 34 100 89 60 72 42 35 73 79 95 65 27 17 40 13 37 7 99 52 98 56 94 23 64 28 61 11 54 97 62 76 81 5 93 49 70 31 18 90 55 14 22 16 66 82 21 25 84 57 63 41 20 38 44 91 29 8 59 45 30 43 1 53 96 9 26 2 83 50 36 12 15 32 68 77 92 87
93 90 91 92 88 89 85 86 87 83 84 79 80 81 82 76 77 78 75 72 73 74 70 71 69 67 68 64 65 66 61 62 63 59 60 57 58 55 56 53 54 51 52 49 50 47 48 46 44 45 40 41 42 43 38 39 36 37 28 27 26 24 25 22 23 19 20 21 18 16 17 13 14 15 11 12 9 10 8 6 7 5 4 1 2 3 34 35 29 30 31 32 33
99 97 96 95 94 91 90 89 86 85 83 82 81 80 79 78 76 92 74 73 72 71 69 68 67 66 64 87 63 62 61 65 60 70 59 58 57 77 54 53 51 75 50 49 48 47 46 45 44 43 42 41 40 93 39 38 37 52 36 35 34 30 88 29 28 26 25 84 24 23 55 22 31 21 20 98 19 18 17 32 16 15 33 14 13 12 11 10 9 8 27 6 7 100 5 4 3 2 1 56
89 83 80 63 48 93 40 46 51 53 35 100 31 50 29 7 54 62 12 99 38 4 8 76 67 9 75 79 71 30 61 19 57 58 24 92 10 33 64 47 97 73 42 27 37 45 44 84 91 17 11 94 18 81 23 28 16 21 32 98 88 96 68 72 34 77 86 55 2 5 74 39 20 6 66 70 95 41 60 69 90 59 52 3 43 14 82 25 26 85 13 78 22 49 56 36 65 1 87 15
23 52 42 71 41 13 24 79 31 38 56 32 90 63 59 81 99 54 50 66 11 21 84 68 48 53 70 49 22 55 74 92 19 8 10 47 86 17 34 40 62 28 98 4 77 60 73 96 39 61 18 75 72 44 20 69 65 64 67 1 37 26 57 78 46 45 16 25 30 29 33 82 95 3 97 94 9 12 2 36 43 58 6 51 15 89 7 83 91 76 27 14 5 85 35 100 80 87 93 88
97 94 91 84 82 81 78 72 71 62 57 56 51 50 40 39 44 37 35 47 73 96 54 98 59 45 61 31 29 90 22 65 21 74 46 63 18 17 23 15 10 9 24 25 26 85 79 52 92 48 77 8 19 7 99 88 27 38 64 6 60 69 11 80 93 87 43 100 83 68 12 4 13 58 3 30 2 67 86 20 55 16 89 36 75 14 1 42 49 33 34 76 95 5 66 70 28 53 32 41
6 3 1 5 2 4
64 11 40 5 4 9 10 12 61 99 1 3 6 21 22 38 8 51 35 36 43 2 27 28 44 17 33 47 45 49 16 60 73 80 84 48 67 59 71 65 81 82 86 19 70 15 26 29 31 37 50 52 54 63 75 76 62 74 77 30 39 41 87 90 96 7 13 23 66 46 20 25 55 14 58 32 18 97 79 53 68 56 89 72 98 88 24 92 93 34 42 78 100 85 57 69 94 95 83 91
1 8 21 14 23 25 17 26 12 15 2 10 7 3 24 20 6 11 4 9 18 5 19 27 16 13 22
81 79 76 46 44 91 31 15 6 35 16 96 27 4 18 21 97 85 10 37 38 62 28 41 82 59 95 19 39 74 3 20 61 75 66 42 78 69 7 80 89 68 26 22 12 83 14 55 11 84 17 30 53 58 29 98 52 48 70 34 25 99 47 65 43 93 94 51 72 73 88 67 1 49 40 50 13 56 60 87 32 2 86 9 54 77 90 92 5 71 100 36 63 57 23 8 24 33 45 64
92 93 89 86 84 77 65 62 51 41 78 40 70 28 90 23 46 55 71 35 69 30 85 18 83 17 73 79 68 15 9 97 27 56 82 10 29 14 42 74 50 59 12 31 96 11 8 36 58 94 24 61 60 4 81 21 95 75 64 3 57 100 2 88 22 44 32 33 67 87 53 25 20 49 54 26 5 91 19 52 7 72 47 34 48 16 76 39 13 6 80 45 1 37 66 38 43 63 98 99
