63 51 54 48 42 24 49 39 29 25 15 44 8 34 16 2 45 30 4 62 19 57 14 58 60 12 22 17 36 7 9 21 27 28 31 55 6 46 61 11 66 59 10 37 32 65 56 53 43 35 23 38 40 5 47 20 13 33 18 41 52 3 64 26 1 50
100 90 94 79 88 92 89 82 80 69 73 75 85 86 91 83 96 99 93 74 84 97 98 95 71 81 70 66 50 56 62 68 67 65 58 60 76 77 87 35 33 36 44 41 53 49 46 51 43 37 38 45 48 42 57 55 54 52 63 61 64 72 78 59 34 32 40 39 47 28 18 23 24 22 26 30 16 19 20 25 29 21 27 31 14 17 2 3 6 8 7 4 5 11 10 9 13 15 12 1
13 5 25 18 16 11 22 15 8 24 20 10 7 6 19 12 4 2 23 17 14 1 3 21 9
51 77 57 81 87 72 80 89 22 75 5 58 78 1 52 46 37 11 82 35 97 41 48 10 96 17 84 66 9 4 50 34 61 31 49 8 45 71 92 16 99 38 60 21 32 3 73 54 90 55 93 98 19 85 100 56 40 15 43 25 91 76 2 47 13 12 14 68 59 53 44 33 94 64 23 65 74 69 88 36 67 18 83 26 79 70 29 63 62 28 42 24 20 39 95 7 6 27 30 86
10 7 4 5 9 8 6 3 2 1
81 70 30 52 25 16 47 42 50 20 10 90 28 8 4 78 60 19 87 26 5 99 88 97 14 49 83 77 9 21 86 63 3 2 84 27 80 59 51 82 89 17 79 6 92 31 33 95 56 64 71 40 24 85 76 35 15 65 13 61 41 62 53 44 22 45 29 38 23 72 73 43 18 37 91 100 7 1 75 32 96 93 34 58 55 12 67 94 39 46 36 54 74 69 48 68 98 66 11 57
97 98 99 95 96 92 93 94 89 90 91 86 87 88 84 85 83 79 80 81 82 77 78 74 75 76 73 71 72 68 69 70 63 64 65 66 67 61 62 58 59 60 56 57 51 52 53 54 55 49 47 48 46 44 45 42 43 39 40 41 36 37 38 32 33 34 35 30 31 28 29 26 27 24 25 22 23 20 21 18 19 16 17 15 13 14 9 10 11 12 7 8 4 5 6 1 2 3 50
84 89 67 4 100 51 1 38 96 22 75 31 91 90 14 17 56 88 62 48 27 33 52 87 11 37 74 20 72 94 34 49 10 99 28 36 70 66 58 95 77 45 29 68 50 35 3 40 19 47 69 93 82 24 81 30 54 26 6 55 32 57 2 59 64 71 9 97 15 86 21 73 61 23 46 79 5 53 60 92 42 8 12 41 80 16 18 76 13 44 25 43 98 78 39 85 63 65 7 83
97 91 87 83 77 98 73 70 81 67 66 64 57 52 47 71 46 43 42 39 40 80 36 35 33 32 29 38 53 59 26 92 82 93 23 49 21 88 56 34 62 75 37 55 19 72 68 84 61 74 69 99 31 18 17 20 16 63 54 65 28 95 24 45 58 15 25 14 85 22 13 94 12 30 41 11 10 50 96 8 79 60 89 7 78 9 86 90 5 6 4 76 48 27 100 44 3 2 1 51
37 94 75 78 63 10 73 57 68 4 42 31 23 61 58 67 89 97 49 54 100 95 79 69 87 16 46 21 38 62 25 93 20 53 5 82 84 56 8 91 71 96 18 6 86 2 27 44 74 59 66 77 64 12 76 11 88 52 80 24 35 30 40 50 26 55 9 22 17 19 41 7 51 14 33 1 28 90 15 13 34 85 83 70 43 45 92 39 65 72 36 81 60 29 99 98 3 48 47 32
92 91 86 85 96 100 83 95 82 93 81 94 84 97 78 87 98 99 72 65 61 54 53 52 62 64 66 68 71 73 76 80 88 90 89 67 57 43 58 55 41 59 49 42 45 46 44 33 47 23 11 25 29 39 22 32 24 34 38 37 48 51 60 35 36 40 50 56 63 69 70 74 77 79 75 12 6 2 1 15 19 17 16 14 13 20 26 9 18 21 31 27 28 30 10 7 4 5 3 8
24 23 22 19 15 12 20 14 10 6 13 5 4 3 2 16 7 11 9 17 8 21 18 1
99 91 87 84 80 77 72 55 53 51 73 69 44 40 36 96 61 34 32 31 15 18 14 12 63 74 58 98 46 33 42 20 57 43 39 11 8 26 59 7 48 6 24 94 21 50 82 97 16 22 10 66 85 47 37 79 54 78 93 67 83 17 90 30 60 100 13 35 41 75 38 70 3 2 1 86 52 4 95 29 81 92 45 62 23 65 89 19 9 5 76 71 68 49 28 25 64 56 27 88
78 27 11 70 23 40 4 88 8 84 77 58 62 61 79 81 1 94 41 3 83 48 28 20 64 29 80 53 98 96 71 56 46 82 51 43 38 49 22 36 19 65 87 26 60 47 52 44 30 59 86 68 32 21 92 89 9 18 39 57 31 33 24 100 66 10 75 67 97 15 14 72 45 63 13 6 91 25 12 50 17 2 55 95 73 7 16 37 54 69 93 90 74 35 42 34 85 76 5 99
92 90 88 87 58 48 19 17 71 13 14 12 4 84 15 91 36 53 49 46 22 67 33 44 24 76 43 18 81 61 28 37 55 21 68 83 100 10 34 50 40 86 47 38 65 3 31 82 97 2 62 29 79 85 74 25 73 94 72 45 96 39 59 5 69 8 98 77 11 30 52 80 66 93 57 56 7 6 54 70 64 99 32 20 60 78 51 41 27 75 16 42 23 26 9 35 95 89 63 1
100 74 60 75 64 76 85 96 53 13 40 93 56 5 34 39 69 29 94 68 6 26 31 4 84 33 72 50 92 2 51 62 30 37 18 24 89 21 22 11 23 48 32 14 97 58 3 59 54 45 8 49 15 70 28 25 19 35 86 10 41 87 42 43 17 80 12 27 46 9 52 16 88 61 81 67 38 77 20 1 47 90 44 95 79 7 78 55 71 65 83 66 57 82 73 91 98 63 36 99
95 94 91 97 85 82 77 75 72 68 64 59 57 60 56 55 53 52 51 49 47 44 63 62 90 48 50 42 86 76 69 65 89 41 40 35 33 70 36 66 30 27 26 24 78 22 21 39 19 46 45 88 81 18 32 74 37 73 31 93 28 58 92 16 13 29 20 54 98 96 12 87 83 80 79 43 10 8 34 7 23 6 5 15 3 2 14 1 61 38 100 99 67 4 71 11 84 17 9 25
19 20 22 26 21 23 24 27 25 10 11 13 17 12 14 16 15 18 1 2 4 8 3 5 7 6 9
55 95 64 1 52 81 4 7 6 78 38 17 76 31 37 83 74 60 35 26 62 53 80 67 94 88 20 8 56 27 19 21 72 29 50 9 86 22 77 89 42 75 32 34 85 46 61 40 15 54 10 3 48 16 44 12 57 58 71 45 51 82 43 5 65 92 96 14 30 100 23 36 2 39 70 68 99 13 63 28 93 25 98 73 87 69 49 84 66 91 41 18 24 90 47 33 59 79 97 11
23 22 21 20 18 17 16 14 13 12 11 10 8 6 5 4 2 31 30 29 19 3 28 27 26 25 15 24 1 32 7 9 33
93 21 16 95 85 70 51 72 50 49 69 60 44 34 87 30 20 40 19 89 9 7 63 23 91 5 96 55 35 28 4 3 92 42 32 58 48 10 2 41 25 1 83 74 65 100 64 62 66 46 68 33 29 75 73 67 57 52 45 77 80 71 43 17 39 27 98 24 11 97 94 47 31 13 84 82 79 61 59 26 15 81 38 12 8 56 14 86 54 22 18 78 53 37 90 6 99 36 88 76
7 13 4 12 1 19 18 5 2 11 17 10 9 3 8 14 16 15 6 20
79 32 19 56 78 14 90 87 80 33 60 74 17 44 51 48 68 71 50 18 53 20 2 30 24 84 13 21 57 23 72 98 65 43 82 45 35 10 92 29 6 31 83 76 70 67 15 55 36 93 28 85 38 37 63 81 62 46 41 73 89 58 61 54 39 96 77 69 64 40 75 8 3 5 11 34 22 47 94 59 25 16 86 49 1 26 52 7 4 88 9 97 12 95 27 42 91 66
15 21 12 8 11 14 5 19 18 3 10 2 16 17 7 6 20 13 9 4 1
50 49 48 47 46 45 44 43 41 40 39 38 36 42 35 33 32 31 30 29 28 27 26 25 24 23 22 21 20 19 18 17 16 15 14 13 12 11 10 9 37 8 7 6 5 4 3 1 34 2
100 96 90 89 78 97 95 93 91 88 87 85 84 81 80 76 74 72 70 68 82 77 67 65 69 64 63 62 61 59 58 55 60 52 54 75 83 51 50 48 57 46 47 44 42 40 56 39 92 38 37 98 36 41 35 34 33 31 30 29 28 27 26 25 94 24 32 22 21 20 18 17 16 15 14 73 13 11 49 19 66 43 10 9 8 7 6 5 86 4 45 99 3 2 71 53 1 12 79 23
100 69 18 54 40 6 32 49 63 9 13 20 3 83 97 29 56 21 8 94 58 26 51 85 2 59 15 99 62 23 4 42 43 25 7 93 1 38 28 22 74 71 61 45 73 87 52 67 50 64 14 88 91 82 77 31 60 81 76 34 48 95 90 86 33 27 16 30 36 84 11 78 66 41 12 19 57 72 24 92 98 5 17 39 35 46 47 89 75 44 79 80 68 55 53 70 37 65 10 96
92 73 72 70 44 84 82 79 75 41 71 24 91 10 78 55 42 39 20 88 64 49 34 25 98 74 9 90 31 89 85 8 81 7 2 18 12 43 57 28 13 68 15 22 96 33 94 60 80 48 16 61 40 93 87 3 30 21 27 59 5 54 32 19 95 100 51 47 46 14 26 17 35 67 76 37 6 65 56 29 50 99 52 77 58 45 83 4 97 63 66 62 69 23 36 86 11 38 53 1
71 39 33 84 95 45 31 24 96 70 32 19 44 13 11 91 97 100 50 30 14 79 77 81 69 25 60 42 43 82 98 29 58 65 16 37 87 48 55 76 80 47 75 78 26 28 10 6 5 9 23 12 73 4 57 2 63 61 92 59 90 85 89 21 35 20 49 22 38 88 74 99 56 94 46 54 53 18 40 36 3 8 62 83 52 17 41 72 34 1 67 86 64 68 15 7 93 51 27 66
95 93 86 85 84 88 71 94 68 66 64 55 76 51 56 80 46 44 60 49 65 83 50 42 41 79 40 37 36 53 39 58 35 87 74 34 33 45 31 30 29 32 47 25 23 21 20 70 22 27 43 18 54 63 38 67 16 12 92 90 14 10 59 52 81 48 57 17 24 19 89 77 15 11 91 13 9 98 72 96 97 75 8 7 61 28 26 82 73 100 6 5 4 62 3 78 2 69 1 99
78 68 57 53 96 44 38 34 31 29 24 28 21 10 69 6 74 91 76 77 33 82 99 87 66 55 39 40 73 95 19 30 84 12 47 88 23 8 25 7 17 52 81 80 48 15 22 97 92 42 65 46 100 90 67 59 49 43 26 41 37 18 60 35 89 85 83 13 54 58 3 72 32 45 36 56 51 50 16 4 70 61 79 2 94 93 20 63 71 98 64 11 5 14 86 75 27 1 62 9
67 56 77 42 11 75 20 78 96 70 62 4 44 35 71 24 66 28 17 21 85 10 53 34 58 94 2 45 13 97 57 52 84 81 63 80 87 38 39 74 73 16 95 76 19 33 6 31 48 83 8 91 29 3 60 41 7 98 54 93 47 9 89 79 88 36 22 59 100 69 23 68 49 40 32 5 51 46 99 26 92 82 18 14 65 90 30 15 61 64 37 12 50 25 55 43 1 86 72 27
97 81 71 68 73 67 91 61 60 57 56 54 45 65 42 48 72 38 96 34 24 55 20 64 15 63 53 58 82 47 51 80 27 74 66 49 28 70 100 14 40 52 13 12 77 10 8 3 43 2 16 86 92 98 95 79 11 31 22 1 4 84 19 90 76 93 39 29 32 75 21 62 78 50 9 41 88 17 94 59 85 83 44 37 7 36 6 23 99 5 33 26 35 69 30 18 89 87 46 25
97 98 95 91 92 88 84 85 83 81 77 72 70 71 68 66 63 62 59 60 56 57 50 51 52 45 46 47 48 49 53 54 55 42 43 44 58 39 40 41 61 38 35 36 64 37 65 31 32 33 67 34 69 30 27 28 29 73 74 25 75 76 26 20 80 21 22 23 24 78 79 17 18 19 82 13 87 14 15 16 86 10 11 12 89 90 7 8 9 93 6 94 4 96 5 1 99 100 2 3
96 93 91 90 87 84 81 80 92 83 89 85 74 72 88 75 95 77 79 78 86 82 71 69 67 65 68 70 73 66 76 63 62 64 61 59 56 55 53 52 49 46 54 94 50 45 47 58 44 42 40 43 39 35 33 36 38 37 41 31 30 32 34 29 27 26 23 22 21 20 17 16 28 25 19 13 15 3 8 24 7 1 6 5 4 2 48 60 12 11 14 18 51 57 9 10
86 39 38 42 45 40 92 41 89 64 65 56 37 14 46 30 31 79 50 69 20 44 28 18 67 51 47 11 55 27 17 93 36 83 4 63 34 10 100 72 9 15 6 91 8 71 81 78 98 3 33 88 48 80 35 16 32 1 73 12 74 90 70 75 60 68 54 53 2 59 84 82 24 23 96 29 52 21 76 77 57 95 49 94 85 66 58 99 61 26 25 22 13 62 19 43 5 87 7 97
1 2 3 4 5 6 7 8 9 10 11 12 13 14 15 16 17 18 19 20 21 22 23 24 25 26 27 28 29 30 31 32 33 34 35 36 37 38 39 40 41 42 43 44 45 46 47 48 49 50 51 52 53 54 55 56 57 58 59 60 61 62 63 64 65 66 67 68 69 70 71 72 73 74 75 76 77 78 79 80 81 82 83 84 85 86 87 88 89 90
98 88 49 79 91 43 95 61 89 39 36 52 37 66 30 68 18 92 12 53 70 62 45 41 7 99 20 84 87 85 63 67 96 56 3 81 47 40 1 65 34 21 33 60 78 23 35 51 28 72 14 4 90 93 10 8 2 71 83 69 64 80 9 82 11 94 59 86 54 38 31 24 15 44 42 5 55 27 75 97 46 25 22 57 100 77 26 19 16 50 13 48 76 73 58 17 32 29 74 6
48 26 84 28 9 81 97 47 29 74 100 62 77 18 11 88 53 6 35 5 31 4 85 13 34 40 33 22 14 21 78 89 86 25 98 87 23 71 92 46 24 80 64 41 70 68 83 50 10 63 99 90 51 65 38 94 30 69 58 59 52 45 17 7 91 39 73 12 67 57 93 56 76 36 44 1 16 82 37 72 32 15 42 60 19 55 3 96 95 75 27 20 54 61 49 79 43 66 8 2
7 16 71 46 22 75 2 87 12 47 38 24 51 74 44 58 79 90 17 93 20 67 57 21 61 30 23 45 5 18 19 27 53 70 60 34 99 37 39 52 25 14 83 32 95 91 62 64 43 98 29 49 77 41 69 54 86 13 6 92 65 36 10 50 68 40 4 15 82 85 94 35 8 80 59 9 100 55 78 88 33 73 1 56 11 63 97 96 42 81 28 48 89 31 26 3 72 76 66 84
83 67 38 39 34 28 23 77 88 74 47 64 43 89 19 61 58 45 18 6 82 50 26 80 52 5 40 35 15 10 12 65 4 70 27 91 20 92 9 3 60 54 86 79 37 81 85 78 66 16 76 36 41 87 98 93 71 97 22 75 99 32 72 29 96 44 57 63 94 21 13 100 14 24 2 51 1 25 55 46 62 17 49 11 48 8 84 90 31 95 53 30 56 59 42 69 73 7 33 68
40 41 39 37 38 35 33 34 30 31 32 36 28 27 26 29 24 25 22 23 18 21 19 15 16 17 20 13 14 12 10 11 9 7 3 5 1 4 6 8 2
93 89 77 100 69 85 60 57 86 48 30 24 19 4 99 84 28 51 80 49 72 67 25 15 3 95 90 79 98 83 17 58 63 71 66 31 64 42 21 7 55 18 81 45 59 11 41 16 35 70 96 61 23 92 5 37 9 2 94 29 88 33 76 75 44 14 53 97 40 68 1 65 26 87 39 47 52 20 50 32 34 74 46 43 56 62 27 82 22 54 91 73 8 36 38 6 13 12 78 10
25 24 23 22 21 20 19 18 17 16 15 14 13 12 11 10 9 8 7 6 5 4 3 2 1 26 51 50 49 48 47 46 45 44 43 42 41 40 39 38 37 36 35 34 33 32 31 30 29 28 27
8 6 7 5 1 2 4 3 9
100 99 98 97 96 95 94 93 92 91 90 89 88 87 86 85 84 83 82 81 80 79 78 77 76 75 74 73 72 71 70 69 68 67 66 65 64 63 62 61 60 59 58 57 56 55 54 53 52 51 50 49 48 47 46 45 44 43 42 41 40 39 38 37 36 35 34 33 32 31 30 29 28 27 26 25 24 23 22 21 20 19 18 17 16 15 14 13 12 11 10 9 8 7 6 5 4 3 2 1
99 97 95 96 92 85 84 93 94 82 91 81 100 89 98 78 79 88 71 90 64 73 59 68 77 86 87 69 56 65 74 83 48 57 58 66 75 76 67 49 42 38 39 37 46 47 55 34 43 52 61 80 41 60 35 44 53 54 62 63 72 51 70 31 32 50 27 36 45 24 33 21 40 13 14 22 23 10 19 28 6 15 7 8 17 9 16 25 26 3 4 5 1 20 29 18 2 11 30 12
82 40 19 99 90 37 47 81 79 9 48 80 72 61 11 63 84 26 85 97 94 66 46 22 95 31 17 49 50 42 16 14 15 3 98 8 100 88 75 38 12 1 39 52 36 18 32 2 92 91 7 74 45 73 5 57 60 55 54 56 28 69 71 78 59 58 23 83 25 96 27 93 24 65 77 35 89 10 86 51 67 64 33 53 30 13 34 6 29 70 20 44 41 87 76 4 43 62 21 68
58 97 32 57 72 6 10 1 91 11 49 71 26 33 15 96 90 7 100 81 20 35 61 24 94 95 78 46 41 75 88 80 27 70 55 60 43 67 59 86 56 44 65 14 73 18 5 23 16 83 64 93 21 34 4 29 99 79 82 68 76 8 28 3 12 22 69 30 47 89 50 85 25 66 62 17 36 40 37 48 45 13 9 31 77 74 52 63 84 54 51 98 19 38 39 87 92 42 2 53
78 69 51 80 19 28 98 52 43 13 83 61 9 8 26 54 33 6 4 94 95 63 47 82 85 15 41 32 56 92 77 40 34 87 71 68 73 62 58 97 23 22 66 42 49 45 10 64 90 96 11 55 12 38 48 25 29 30 100 76 44 79 84 89 31 21 60 86 50 14 37 75 99 2 93 24 39 53 16 20 7 1 18 46 91 27 88 17 59 57 36 72 67 70 35 5 81 3 74 65
