70 34 32 52 28 27 44 80 78 85 18 31 9 54 37 25 62 60 56 91 86 55 2 66 3 14 19 35 49 41 29 79 76 36 20 11 4 95 22 63 38 24 94 83 93 12 75 67 61 33 81 23 26 39 72 59 96 16 5 68 42 58 82 65 53 99 8 48 51 87 89 69 88 15 100 13 21 57 30 84 45 77 90 92 1 71 97 6 43 98 7 50 10 46 64 47 17 40 73 74
4 1 18 30 65 70 20 26 78 38 48 54 71 75 81 3 11 32 60 61 84 27 56 79 28 35 43 44 63 76 82 69 86 90 93 95 33 73 64 89 94 66 77 80 92 99 100 98 6 8 13 22 24 72 34 83 14 51 68 16 87 10 31 53 59 5 17 55 97 23 2 21 37 25 91 9 36 40 42 19 41 85 45 46 52 88 29 39 96 15 49 57 58 47 67 74 7 12 50 62
92 29 74 65 89 39 73 96 98 6 4 84 91 88 62 13 38 90 100 25 16 20 81 9 27 46 30 49 56 71 40 59 33 53 50 72 94 83 69 3 2 68 57 51 15 19 32 55 42 10 35 99 36 61 79 82 14 47 54 7 80 87 28 45 93 95 18 41 77 75 86 97 43 26 5 24 52 37 11 1 85 70 34 31 21 58 63 67 17 22 44 12 23 76 8 48 60 66 64 78
94 85 76 68 62 60 59 78 64 58 57 55 52 48 40 32 96 87 31 42 28 34 27 71 36 74 66 46 97 83 81 67 26 73 95 20 18 70 14 13 19 11 10 41 69 49 92 8 7 86 88 12 22 38 89 75 29 43 82 45 80 16 77 6 9 65 90 17 84 15 93 72 51 79 24 5 61 25 44 56 53 39 21 33 4 91 47 3 37 2 63 50 23 35 54 1 30
13 18 17 11 12 14 19 20 15 16 8 5 6 7 1 2 10 9 3 4
77 75 38 61 64 80 62 67 94 6 29 40 46 58 17 69 72 16 89 91 35 4 68 78 34 33 41 49 19 73 55 59 39 45 81 56 51 5 23 86 24 14 12 88 65 76 93 20 27 2 28 30 1 97 57 63 3 95 22 37 71 100 32 50 74 52 10 26 82 11 36 84 96 60 54 8 79 21 31 85 83 25 48 44 70 53 87 47 99 66 7 18 13 15 9 90 43 92 42 98
76 63 12 13 14 15 16 17 18 19 20 21 22 23 24 25 26 27 28 29 30 31 32 33 34 35 36 37 38 39 40 41 42 43 44 45 46 47 48 49 50 51 52 53 54 55 56 57 58 59 60 61 62 64 65 66 67 68 69 70 71 72 73 74 75 77 78 79 80 81 82 83 84 85 86 87 88 89 90 91 92 93 94 95 96 97 98 99 100 11 10 9 8 7 6 4 3 2 1 5
100 91 87 78 67 59 46 44 35 32 27 37 43 40 90 41 76 50 25 20 95 17 15 28 14 13 82 49 62 21 92 68 84 72 47 34 58 61 81 60 12 9 66 54 98 8 74 24 45 57 33 93 80 63 69 6 29 88 5 4 3 85 99 79 22 96 55 31 26 65 97 64 36 30 19 77 70 10 73 23 48 18 52 71 56 75 7 83 94 16 39 51 2 1 89 11 38 53 42 86
99 93 92 90 88 87 85 82 80 79 78 73 71 70 69 66 65 63 62 60 58 56 54 50 49 46 44 42 36 34 31 30 29 37 28 26 24 61 98 21 39 57 77 20 51 48 19 94 15 53 12 45 67 10 25 43 72 86 9 76 17 33 32 74 11 22 55 95 23 75 41 83 8 16 89 7 6 27 47 59 97 96 5 84 13 4 35 68 14 81 3 91 52 38 64 18 1 2 40
16 13 22 28 39 42 47 53 55 59 91 1 2 3 9 11 15 26 32 34 38 40 43 51 63 65 68 77 83 90 4 8 10 12 14 7 17 35 45 52 54 56 19 92 93 96 20 21 24 25 27 33 37 57 58 66 23 30 36 41 44 50 61 62 98 99 70 85 49 67 72 73 75 76 78 5 18 31 69 71 79 81 86 97 6 74 29 46 87 48 60 64 80 82 84 88 89 94 95 100
50 59 42 40 39 34 23 17 14 12 9 19 24 49 76 78 11 36 53 7 41 52 45 60 85 3 72 99 48 86 22 32 89 90 65 44 92 87 26 28 33 35 73 37 21 63 16 75 67 47 82 97 5 68 77 15 20 18 80 1 71 54 29 57 83 13 88 27 10 8 51 91 66 6 62 98 2 74 100 69 30 55 56 58 64 31 38 25 79 4 61 81 70 46 94 93 84 95 96 43
25 16 22 1 3 72 64 33 4 58 5 41 83 94 79 7 80 47 60 49 89 85 18 35 52 62 53 59 93 45 23 73 86 56 50 27 77 19 46 68 61 34 69 40 32 82 99 28 13 29 57 30 12 97 92 6 15 95 98 21 78 96 44 75 71 31 36 54 100 48 37 66 38 55 74 67 65 11 43 26 20 90 17 10 88 42 63 51 24 8 81 87 14 39 9 84 91 76 70 2
100 97 96 91 45 39 38 32 28 21 83 26 88 22 20 14 7 64 86 6 56 2 71 42 87 23 35 9 53 5 13 47 70 49 27 93 15 51 11 76 48 19 50 95 67 73 78 84 59 36 68 69 10 12 66 52 37 8 18 33 41 60 55 57 81 58 29 24 62 72 31 16 17 43 61 54 3 46 4 25 1 65 34 40 90 89 85 74 98 63 77 82 75 92 44 30 79 99 80 94
60 87 80 82 26 67 74 58 44 93 100 49 90 92 18 9 78 11 71 34 31 20 5 48 97 62 53 29 70 89 22 43 25 6 19 79 98 83 64 10 55 84 8 66 41 69 2 33 28 59 15 94 56 12 27 3 4 45 1 38 35 17 72 47 51 81 13 40 65 32 7 39 91 14 23 16 24 50 63 57 21 37 73 30 36 75 85 46 76 42 99 86 54 52 95 88 68 77 96 61
94 93 92 90 91 95 86 85 87 88 89 83 82 84 78 81 79 80 76 75 77 71 73 74 72 70 69 64 65 66 67 68 62 61 63 60 57 58 59 56 55 54 52 50 51 53 49 48 46 47 44 43 45 42 41 36 37 38 39 40 33 35 34 29 30 31 32 26 28 27 22 23 24 25 21 20 15 17 18 19 16 14 13 8 9 10 11 12 6 1 2 3 4 5 7
99 90 86 84 83 77 72 71 89 66 63 58 54 52 48 93 46 64 94 56 45 44 82 42 39 35 36 33 32 29 68 28 21 19 16 50 15 78 49 53 97 18 60 92 81 43 14 65 76 17 13 61 80 31 40 47 85 11 98 38 87 79 70 41 9 25 96 88 24 7 55 59 27 12 75 95 22 67 5 73 4 57 91 37 62 20 6 8 74 2 1 26 34 51 69 30 10 3 100 23
33 65 29 43 58 60 35 87 56 36 78 67 5 75 57 84 6 15 21 16 86 49 54 59 70 8 39 27 80 89 38 69 53 73 68 24 22 28 44 91 85 61 83 25 30 18 1 82 26 19 97 76 92 71 37 40 88 77 45 66 11 46 63 93 20 32 14 52 10 95 2 3 7 96 74 48 50 41 90 64 81 4 55 98 94 42 34 17 100 47 13 23 62 51 31 12 9 99 79 72
1 2 6 7 3 4 5
29 62 30 72 43 91 88 66 56 25 78 63 98 24 69 16 7 3 50 31 53 93 51 85 26 92 83 28 96 33 41 84 23 36 79 70 22 38 13 47 71 21 99 6 82 10 42 49 40 32 59 27 97 14 87 86 67 5 89 35 90 94 75 8 74 17 4 58 11 44 55 20 77 76 61 60 64 9 2 1 100 95 18 15 81 52 68 54 65 12 39 57 34 37 73 19 46 45 80 48
64 86 94 98 38 88 78 32 25 5 50 26 91 19 79 35 12 34 57 99 16 17 71 45 81 9 69 2 22 47 70 77 92 36 90 74 43 6 10 30 62 67 48 37 29 95 18 100 42 44 87 85 65 60 82 55 58 40 59 46 53 31 80 27 11 75 97 7 49 61 73 84 83 89 52 39 96 76 15 20 24 4 13 66 28 63 14 23 56 93 41 54 3 51 33 68 8 72 21 1
86 73 33 51 30 49 59 21 46 19 23 55 10 2 48 67 69 43 93 6 14 72 91 3 13 71 42 81 7 16 28 34 39 54 80 68 4 50 64 15 22 85 1 77 90 47 78 66 79 98 26 29 58 61 94 65 31 37 57 76 62 27 56 5 12 11 60 87 63 70 89 32 74 82 35 53 18 75 36 40 17 9 95 96 45 8 38 44 24 84 41 99 20 52 92 25 100 88 83 97
84 90 10 83 82 86 88 2 70 37 59 9 69 47 91 45 73 28 46 58 99 63 75 77 44 56 64 38 52 50 23 8 93 29 65 55 100 78 35 71 98 49 51 89 7 4 53 66 43 41 92 26 3 72 19 79 67 16 18 36 12 54 31 48 42 24 5 21 20 40 68 1 85 6 76 95 96 34 81 32 17 80 61 30 62 13 27 11 22 87 15 60 14 57 74 94 39 97 25 33
94 92 90 87 83 75 74 97 72 67 62 58 56 55 52 51 50 48 88 46 44 82 68 42 36 64 30 29 27 24 21 76 20 18 17 60 28 16 14 38 11 84 10 73 66 12 8 86 6 4 54 85 13 99 15 81 89 19 9 22 23 100 91 80 96 93 79 65 77 78 33 31 35 39 41 40 26 45 32 47 34 7 69 98 5 71 53 95 43 57 59 63 61 37 3 2 49 70 1 25
96 45 52 78 42 24 19 17 40 71 76 82 14 55 36 81 22 98 79 90 6 26 86 29 3 16 91 2 8 31 39 44 89 35 80 100 87 13 83 41 74 48 5 54 38 93 10 77 34 51 21 73 92 65 72 57 95 99 15 50 49 46 84 69 53 61 4 32 60 62 20 56 94 27 64 66 33 88 1 75 59 97 18 11 85 23 47 37 70 43 30 7 67 25 12 58 63 9 28 68
62 56 55 71 39 7 1 85 72 54 73 16 43 44 83 50 86 12 42 99 37 69 87 84 25 41 63 68 78 10 18 58 6 11 2 8 38 36 97 67 15 81 20 59 98 21 14 22 79 13 57 75 33 70 77 23 27 40 95 64 89 92 80 65 82 28 88 61 45 51 96 52 31 34 9 47 46 29 17 3 74 90 30 76 94 32 5 24 60 93 35 26 91 100 53 49 48 66 4 19
90 86 77 69 62 81 66 94 17 11 6 10 16 73 36 53 80 25 82 13 68 71 28 51 55 74 95 38 31 22 30 34 45 12 96 72 39 44 83 59 48 60 3 4 8 76 33 35 63 88 21 23 64 1 84 26 49 20 37 5 75 40 15 32 2 42 85 87 97 47 50 54 27 92 52 57 98 43 24 7 93 61 41 14 46 18 9 19 56 58 99 29 67 79 78 89 91 65 70
100 96 95 91 83 76 74 73 71 69 67 62 57 56 55 60 53 52 50 48 44 43 40 39 37 80 36 87 35 42 30 29 59 98 54 86 27 26 28 63 25 97 92 23 65 90 38 46 21 61 31 20 15 14 13 49 9 64 85 8 7 78 33 81 6 5 12 72 16 24 70 41 94 4 22 51 82 58 45 3 34 10 11 75 18 32 19 88 68 99 84 89 66 79 2 17 1 93 77 47
69 72 8 27 98 30 75 59 74 9 58 28 15 21 14 68 78 6 39 100 17 65 85 86 77 50 25 23 31 91 10 43 46 48 20 32 93 73 63 90 34 76 83 89 53 54 81 29 24 47 36 79 45 82 92 19 38 12 66 64 22 41 18 84 56 26 71 80 67 57 7 16 44 42 87 94 99 1 55 96 13 49 51 4 2 52 37 95 3 61 88 35 60 33 97 11 40 70 62 5
100 99 98 83 79 75 73 70 67 64 60 59 66 58 55 94 54 62 52 46 44 81 82 43 40 68 37 36 31 28 25 71 24 38 77 21 49 45 19 17 15 13 29 84 11 35 27 10 8 42 69 30 23 26 96 22 7 91 72 39 61 51 74 9 95 85 32 34 57 18 93 12 92 90 78 14 16 6 5 4 41 65 63 3 50 53 33 89 97 47 48 2 1 76 86 80 88 20 56 87
37 56 31 95 20 70 82 54 2 69 48 74 61 92 85 64 42 75 60 94 7 80 97 22 6 77 81 63 4 41 93 28 72 78 15 33 47 46 57 43 65 84 73 58 34 25 49 76 83 16 67 91 52 100 87 53 36 55 5 50 99 98 35 86 9 89 10 44 18 13 88 66 90 62 21 30 17 45 1 96 71 23 51 14 8 68 19 59 3 24 79 32 11 26 12 29 39 38 27 40
85 74 66 60 41 79 37 71 28 29 4 2 39 12 22 40 46 54 70 6 13 76 81 7 14 64 77 16 35 52 3 62 73 78 86 69 47 23 43 19 48 51 87 17 72 82 42 68 49 50 61 27 36 25 63 15 8 9 24 65 75 5 32 30 53 33 84 38 1 11 10 67 80 20 58 56 21 45 57 26 55 18 83 59 34 44 31
99 95 90 89 85 84 81 69 53 46 44 42 39 36 35 32 31 29 24 19 65 93 66 67 87 28 73 38 97 22 23 91 33 98 100 40 47 49 78 77 79 76 21 27 88 34 37 45 48 51 52 74 59 60 26 61 62 63 82 72 41 54 55 56 58 18 17 16 14 15 13 12 11 20 10 9 8 7 6 5 70 3 2 1 68 4 83 86 71 57 30 94 64 43 92 96 75 25 50 80
26 3 56 40 22 14 4 7 38 18 15 20 29 46 52 32 47 61 17 43 5 34 1 55 62 51 42 65 50 37 23 25 57 27 16 30 59 60 19 12 49 24 6 2 21 41 11 45 31 33 58 9 36 53 63 10 13 35 48 8 64 28 44 39 54
75 28 5 73 24 35 70 9 54 30 19 82 6 67 39 42 15 89 53 71 7 98 69 18 99 45 86 55 57 48 66 1 37 4 51 90 72 29 79 93 74 40 100 44 23 64 12 2 87 25 13 68 22 95 8 16 41 59 11 26 62 10 76 50 91 60 36 27 84 61 32 3 81 77 49 78 47 52 94 96 58 14 83 20 33 63 80 88 97 31 46 34 92 17 65 56 85 38 21 43
93 95 83 84 55 42 50 56 18 47 86 58 88 75 87 9 3 64 24 98 28 36 48 22 78 37 12 5 65 77 59 41 8 43 97 72 40 80 70 13 76 32 54 6 33 63 7 10 4 31 29 44 79 96 39 69 67 34 68 21 60 66 16 1 81 89 53 85 52 71 14 46 82 74 35 2 90 30 45 11 38 51 99 15 57 92 19 49 20 91 25 17 73 61 62 26 94 23 27
58 67 93 87 56 50 8 7 4 61 23 57 55 75 96 100 15 78 25 79 36 53 88 66 44 27 21 30 5 42 49 54 39 60 86 17 51 31 70 68 73 12 63 69 40 89 71 47 43 38 16 14 72 32 20 99 3 10 45 80 64 85 22 95 48 62 90 1 97 37 19 41 84 35 2 34 11 76 13 77 26 6 9 33 91 82 52 83 92 29 18 46 98 65 74 24 59 28 81 94
100 99 98 94 93 85 87 84 83 82 80 77 74 73 70 67 60 75 59 72 56 55 54 53 50 49 47 97 44 79 41 64 40 35 34 81 63 45 33 62 31 52 28 66 27 26 25 42 21 19 18 86 88 29 76 61 17 23 69 78 16 15 68 14 13 91 12 92 11 51 20 10 96 38 39 36 30 43 22 90 48 9 46 8 57 7 6 65 4 2 3 32 24 37 58 71 89 5 95 1
100 98 92 90 87 85 84 83 80 78 75 74 71 68 93 66 65 59 58 76 52 94 50 44 43 40 37 61 82 79 77 86 89 32 49 34 54 96 45 31 42 60 27 26 25 23 33 22 67 97 53 28 62 21 63 48 56 29 24 91 69 55 15 14 13 10 51 95 9 8 17 57 73 38 41 39 88 46 18 7 99 6 11 36 20 12 64 4 19 81 47 16 35 70 72 30 3 5 2 1
86 88 89 91 95 79 77 66 65 55 41 39 70 38 37 35 76 28 26 73 17 10 9 8 94 29 43 5 6 21 49 54 58 67 69 74 85 4 52 80 100 36 98 14 24 47 50 23 18 81 83 99 22 31 12 15 33 59 64 68 75 84 87 11 96 3 53 32 7 25 30 44 57 34 92 56 2 63 71 13 16 82 19 20 97 40 42 45 48 51 60 1 62 93 72 61 46 78 90 27
25 21 9 4 6 7 8 11 12 13 14 15 17 18 19 23 5 20 16 22 24 3 2 1 10
100 99 98 97 96 95 94 93 92 87 18 17 16 29 27 37 43 44 19 58 42 15 25 14 13 12 26 89 11 10 9 8 7 30 32 34 6 5 4 3 2 1 71 36 38 39 68 67 46 82 22 70 23 28 33 74 91 90 53 83 52 66 41 21 31 48 64 61 79 81 47 56 55 20 45 85 73 86 50 75 51 65 72 35 54 60 40 24 57 80 76 49 84 88 62 59 78 69 63 77
26 24 19 20 16 13 6 25 4 9 12 3 2 21 1 22 11 23 8 7 14 18 15 17 5 10
39 10 62 89 52 63 16 56 67 13 34 3 95 4 38 72 59 77 84 46 58 8 17 15 6 83 54 78 40 2 85 94 64 20 60 65 86 42 33 87 96 48 31 55 14 49 9 22 30 35 50 69 75 27 28 29 45 18 47 41 37 53 5 21 61 57 92 79 66 44 7 73 90 68 82 76 1 19 43 88 12 11 51 32 81 70 36 93 80 23 24 25 71 26 91 97 74
71 72 67 68 69 70 65 66 64 59 60 61 62 63 57 58 53 54 55 56 50 51 52 47 49 48 45 46 41 42 43 44 38 39 40 36 32 33 34 35 31 30 27 28 29 37 23 25 26 24 22 20 21 17 18 19 15 16 13 14 12 10 11 9 4 5 6 7 8 3 1 2
89 43 63 51 37 29 69 42 84 11 45 62 64 81 14 26 55 38 22 50 6 46 53 9 2 87 86 36 70 17 44 88 27 35 20 21 4 52 72 75 58 34 54 71 56 59 47 32 41 74 33 28 30 66 65 15 49 77 5 24 48 79 10 40 60 83 3 25 61 1 85 7 82 16 13 19 90 8 57 76 31 68 23 67 12 39 80 18 78 73
27 8 11 4 37 65 14 42 49 6 22 85 68 88 78 45 15 7 31 83 73 26 5 24 66 17 91 63 80 87 21 98 89 44 56 93 46 51 58 82 43 76 97 86 53 25 13 72 16 47 9 40 41 59 71 69 60 81 33 39 52 64 36 1 99 74 67 35 23 84 48 20 32 19 57 95 30 100 28 29 92 2 77 55 34 12 50 90 96 79 38 61 54 70 10 94 75 18 62 3
80 86 70 49 45 31 87 48 25 22 17 56 47 69 96 61 66 16 36 26 8 2 97 57 100 77 4 34 82 58 74 11 88 68 51 62 67 76 50 37 94 23 92 18 89 46 3 85 41 35 91 32 63 43 13 79 1 90 59 33 98 21 93 5 54 42 28 52 24 84 73 6 55 81 95 53 75 99 29 9 19 15 64 65 27 30 14 71 10 83 72 40 39 7 20 78 38 60 12 44
53 52 15 63 71 56 76 6 33 36 31 68 60 96 1 69 95 83 73 62 12 59 85 54 67 50 37 35 51 78 61 42 79 41 5 10 28 18 29 46 24 34 49 92 7 23 9 72 93 32 43 19 8 45 80 55 57 87 91 86 26 17 75 16 30 13 90 2 82 66 58 70 11 4 21 40 98 47 65 27 3 77 22 89 99 38 14 94 39 88 81 97 100 20 48 64 74 44 84 25
51 29 64 31 69 92 95 9 88 83 48 32 10 17 1 16 66 19 98 14 91 55 27 84 86 54 80 42 6 11 76 40 26 49 56 36 41 100 18 3 23 35 43 67 85 8 21 38 96 7 70 97 20 72 87 13 39 47 37 63 57 45 78 52 81 68 50 33 73 46 77 82 61 59 79 15 99 24 12 2 94 65 44 71 22 90 28 60 89 25 58 4 74 53 34 30 5 93 75 62
19 25 40 23 28 90 83 24 12 39 66 6 32 34 14 38 86 93 21 65 81 13 62 54 63 31 30 61 67 75 48 72 95 42 15 22 27 88 4 43 11 9 37 52 17 85 87 47 84 50 44 26 20 16 51 74 96 5 49 8 100 89 68 2 53 10 45 1 73 91 41 3 33 60 36 55 56 92 69 99 76 94 78 18 71 29 35 70 80 79 98 57 58 46 97 82 59 64 77 7
65 31 2 64 51 72 33 86 23 26 45 88 97 46 44 74 38 16 57 8 17 59 69 10 95 78 25 43 79 98 21 47 48 28 73 12 75 90 91 6 22 30 35 37 87 89 19 84 55 5 66 29 77 14 93 67 92 81 40 94 3 53 71 34 82 18 7 4 24 58 61 68 76 13 52 62 70 41 20 83 39 50 99 1 96 80 11 32 49 100 9 15 85 60 42 63 54 27 36 56
89 61 7 19 29 62 63 39 77 45 60 30 96 25 23 35 55 33 42 65 69 41 13 85 90 97 100 3 18 64 22 78 81 44 58 50 95 54 98 31 2 37 43 34 1 47 88 52 66 26 4 57 70 92 46 51 16 38 20 28 10 80 79 5 6 14 9 87 11 40 15 82 86 74 59 36 56 24 48 17 99 72 68 27 94 53 21 83 67 91 76 12 93 75 32 71 8 73 84 49
80 76 75 66 22 99 84 71 24 26 79 23 59 70 88 37 15 13 46 78 60 10 2 65 51 9 64 61 5 14 35 98 48 81 85 55 33 62 20 100 91 53 57 86 90 89 38 44 45 69 74 11 87 77 31 68 40 41 93 49 56 58 96 73 8 39 19 12 94 63 32 97 25 1 72 4 16 95 34 6 42 21 36 47 7 82 27 50 18 43 29 54 3 67 92 28 83 52 17 30
98 37 26 15 83 95 88 9 40 2 62 25 3 32 14 55 75 30 60 85 68 91 89 35 96 52 57 58 48 84 45 61 97 33 19 22 74 69 41 64 87 16 5 50 7 23 59 72 99 21 46 54 86 8 67 66 31 20 42 77 51 53 65 10 93 90 81 79 18 12 24 34 56 38 44 49 47 39 92 1 13 78 28 71 43 82 36 73 76 17 94 70 27 11 80 100 29 6 63 4
77 74 83 61 18 28 78 82 98 99 62 97 57 70 59 90 8 42 94 6 7 26 44 32 84 56 11 21 95 16 51 88 87 73 27 86 81 36 31 34 41 91 80 17 93 24 53 2 69 96 15 64 46 100 79 54 13 33 55 85 68 14 20 49 23 4 65 71 5 72 48 29 76 67 75 37 25 38 1 63 12 9 47 10 60 35 3 39 19 22 52 45 40 92 58 30 43 50 89 66
77 69 46 22 21 24 71 7 68 31 67 70 14 97 94 59 18 19 78 35 48 45 62 5 16 76 23 12 55 41 56 89 3 1 33 28 54 61 8 74 51 92 34 87 11 17 60 38 39 95 47 75 53 43 32 15 20 44 63 57 93 9 85 79 84 81 2 29 98 91 49 65 72 99 40 86 30 64 66 82 36 6 90 50 42 88 26 4 83 10 58 27 73 96 25 52 37 13 80
7 4 5 6 2 1 3
94 82 97 39 67 71 48 51 12 50 96 33 13 87 29 73 22 63 89 30 98 9 7 14 100 83 35 43 24 49 26 44 19 66 65 23 78 80 69 34 28 95 52 56 21 64 76 70 99 47 38 16 8 45 57 5 86 41 3 2 15 74 10 18 42 88 54 46 91 55 1 85 32 36 11 25 60 37 75 92 77 6 68 61 53 72 84 31 90 59 17 93 79 58 62 81 4 27 20 40
94 93 92 97 91 89 86 100 82 99 80 78 76 74 71 70 69 67 66 64 63 72 62 58 55 59 54 60 87 53 57 50 52 46 85 45 43 42 41 96 39 37 95 35 33 30 44 34 31 29 38 28 49 56 24 22 20 23 47 19 81 90 18 65 73 17 16 98 25 84 15 14 51 40 36 13 12 88 48 21 10 79 9 68 8 11 7 61 6 83 26 75 77 5 4 3 2 32 27 1
40 36 37 34 35 31 32 27 28 33 29 30 38 39 25 26 24 22 23 18 19 20 21 16 17 13 14 15 11 12 8 9 10 7 3 4 5 6 2 1
51 52 53 54 49 50 48 43 44 45 46 47 41 42 39 40 36 37 38 34 35 32 33 30 31 27 28 29 23 24 25 26 21 22 20 18 19 17 12 13 14 15 16 8 9 10 11 5 6 7 1 2 3 4
37 84 4 1 27 18 93 90 33 54 66 31 51 26 68 7 28 13 69 62 78 81 29 73 96 14 49 46 50 10 5 23 36 71 44 6 89 12 52 42 70 80 61 2 63 94 32 74 39 86 22 41 60 19 24 76 82 77 58 53 79 48 67 3 8 98 75 25 15 35 95 45 21 57 91 40 97 43 47 85 56 17 34 100 55 83 92 59 11 38 65 9 64 20 72 99 16 30 87 88
97 96 89 85 84 100 94 76 72 98 65 64 63 90 61 73 58 59 55 54 53 52 51 49 46 40 37 33 29 27 91 26 22 19 17 78 16 66 82 47 62 48 74 24 68 15 13 57 95 21 32 12 93 11 10 92 9 99 75 30 69 60 23 18 71 42 77 35 87 80 25 67 28 41 20 31 8 81 83 7 6 39 56 88 4 50 5 43 44 38 79 34 86 36 14 70 3 45 2 1
92 74 68 73 38 33 31 51 5 53 2 44 54 48 83 11 99 93 4 49 18 80 57 98 26 65 66 3 95 56 78 87 79 84 71 8 86 29 97 34 35 39 37 70 82 10 43 32 63 1 85 22 25 6 9 96 61 23 67 90 72 41 50 77 58 60 20 88 91 75 46 40 59 64 13 15 14 27 28 94 17 36 52 12 21 100 24 76 19 81 62 55 47 30 42 69 89 45 7 16
93 53 59 63 45 97 42 31 35 81 67 47 33 62 29 75 71 51 91 14 10 4 3 23 80 94 12 37 18 34 83 27 5 54 58 57 87 99 65 85 61 1 68 38 73 11 88 55 20 15 82 70 9 40 16 8 43 84 46 32 39 17 22 74 41 76 25 28 72 96 49 30 64 100 89 21 90 13 44 66 50 98 52 77 69 95 6 56 24 2 60 36 26 92 86 19 7 78 79 48
99 97 98 96 94 92 93 91 95 100 89 87 88 86 84 82 83 81 85 90 79 77 78 76 74 72 73 71 75 80 69 67 68 66 64 62 63 61 65 70 59 57 58 56 54 52 53 51 55 60 49 47 48 46 44 42 43 41 45 50 39 37 38 36 34 32 33 31 35 40 29 27 28 26 24 22 23 21 25 30 19 17 18 16 14 12 13 11 15 20 9 7 8 6 4 2 3 1 5 10
42 40 36 33 46 48 28 19 43 16 15 12 23 14 41 26 24 25 18 34 47 35 37 21 10 13 17 32 30 22 31 9 7 6 4 3 2 45 39 49 20 50 29 1 11 44 27 5 8 38
60 38 9 31 23 62 13 53 40 10 12 58 96 2 11 83 26 25 44 7 93 4 64 67 94 85 36 22 81 41 98 14 55 61 78 3 15 88 80 92 87 82 70 27 48 89 52 8 73 35 84 24 100 19 56 79 99 49 95 71 20 90 91 97 50 72 45 37 59 1 74 51 34 46 16 68 69 77 43 86 54 6 47 42 63 32 66 76 29 21 39 65 75 33 57 28 30 17 5 18
86 21 9 2 95 73 57 45 49 37 71 85 23 31 77 53 84 8 64 40 75 34 63 35 43 54 65 5 72 81 80 52 51 13 96 15 46 11 91 83 14 16 89 19 30 59 4 79 17 36 18 60 28 67 50 6 66 12 41 32 68 78 56 29 48 42 47 38 76 58 88 10 69 92 22 3 39 87 70 55 100 99 26 25 44 97 1 82 98 33 90 27 61 74 94 62 7 20 93 24
39 21 38 5 33 14 20 1 11 50 28 15 46 35 32 47 26 34 13 41 40 10 12 18 24 17 25 7 6 43 48 23 36 30 3 29 27 31 37 9 42 4 16 8 2 19 44 49 22 45
64 57 55 54 48 50 51 40 41 42 43 56 60 38 46 34 33 28 20 52 21 53 23 24 18 22 13 29 61 10 11 27 26 59 58 62 12 44 45 15 31 6 14 30 7 8 1 9 25 3 2 4 5 35 36 37 39 47 63 17 49 19 16 32
1 5 2 3 4
75 66 46 29 89 25 30 84 19 91 17 4 32 24 21 77 26 7 34 56 18 70 73 60 53 99 55 78 71 20 39 2 79 35 23 58 93 16 94 59 100 6 38 96 88 40 57 9 10 83 68 13 11 67 37 92 49 28 41 8 45 43 27 1 15 97 95 5 42 52 82 90 86 61 65 14 54 98 81 44 72 50 64 47 80 3 62 76 85 48 74 63 12 87 33 31 51 36 69 22
72 97 82 80 16 17 65 46 20 7 39 34 38 44 36 57 43 8 90 4 2 79 94 40 54 68 59 14 15 21 61 47 35 62 69 6 30 81 53 9 12 55 24 73 58 92 66 42 67 89 63 19 25 37 64 3 51 78 85 84 22 23 32 70 50 76 48 29 28 41 60 83 33 93 71 96 52 10 11 91 49 31 95 75 1 74 87 13 86 88 45 27 56 18 98 99 26 77 100 5
74 11 7 69 86 15 16 39 73 38 94 54 42 21 24 51 96 71 68 45 17 22 1 53 80 88 90 41 67 76 97 29 33 35 5 75 55 32 83 95 3 4 9 37 61 66 23 100 58 81 36 30 2 93 12 40 63 72 64 26 44 27 65 18 28 31 87 25 52 60 85 20 92 19 77 70 10 34 82 14 50 78 47 99 56 84 48 46 13 57 62 79 6 91 8 59 43 89 98 49
57 44 28 15 68 33 8 3 1 6 35 32 82 48 39 55 5 64 93 13 49 27 94 14 67 63 65 47 46 91 7 86 97 89 74 30 12 60 81 50 88 43 36 98 11 18 40 66 71 62 69 29 17 54 22 84 79 87 72 76 24 77 37 31 21 61 2 100 59 83 99 96 9 45 20 25 52 58 70 90 16 42 73 26 38 85 34 10 51 23 53 4 95 19 75 92 78 56 80 41
45 70 23 12 13 26 50 4 52 81 89 96 9 40 65 36 69 57 74 35 29 43 76 10 39 28 30 94 5 84 27 17 38 6 21 11 34 97 3 83 90 66 58 92 55 1 79 77 37 32 51 71 8 91 42 33 75 46 67 25 60 16 95 41 64 49 44 68 31 99 82 53 48 98 72 59 93 15 14 56 54 19 2 20 85 47 63 100 18 24 78 86 88 61 80 87 73 22 7 62
1 2 3 4 5
10 9 8 7 6 5 4 3 2 1 11 12 13 14 15 16 17 18 19 20 21 22 23
6 5 7 2 4 1 3
84 82 60 66 35 26 1 36 89 83 96 49 7 85 33 71 93 99 77 53 76 59 24 58 94 37 72 51 95 64 43 54 98 46 4 62 9 63 13 32 18 92 86 17 78 23 61 30 91 97 81 65 57 55 90 31 56 3 6 88 16 10 87 45 29 15 14 8 41 27 12 39 25 75 19 73 44 2 67 80 34 40 74 11 70 28 68 100 69 22 20 52 38 50 47 5 79 48 42 21
72 53 99 49 45 55 40 39 34 32 3 1 19 92 25 79 65 33 81 100 84 8 97 41 44 67 15 90 24 83 80 58 46 59 60 69 61 2 27 6 7 10 20 48 75 30 31 68 43 89 71 98 35 14 57 4 47 77 22 26 38 52 13 5 87 16 51 21 23 88 93 62 76 64 17 66 36 12 86 54 28 63 18 73 11 95 37 42 91 96 82 9 85 78 94 70 56 74 50 29
86 69 42 40 17 58 75 10 73 88 47 36 59 93 55 76 80 83 68 32 56 14 45 84 99 87 26 6 89 43 53 92 24 29 79 62 8 98 50 82 81 52 70 65 77 11 49 13 23 18 54 74 28 66 30 15 38 61 7 20 94 41 91 35 3 4 25 51 71 27 19 5 57 21 12 37 96 67 46 90 44 16 33 22 39 72 100 95 97 78 2 34 64 1 63 31 85 9 48 60
99 98 95 87 82 77 76 73 100 71 69 56 55 80 54 49 66 47 43 42 41 86 85 45 65 67 74 68 40 33 70 29 26 22 61 21 20 15 75 39 84 14 11 35 57 24 58 92 38 62 17 25 59 12 10 7 97 46 6 88 18 83 5 52 79 50 48 36 23 4 93 44 34 19 3 53 8 30 78 94 2 64 90 37 9 31 13 63 96 28 16 1 91 51 72 81 89 60 32 27
97 94 91 80 78 76 73 62 60 55 50 43 40 39 34 30 29 25 24 21 20 17 14 12 59 11 71 23 72 99 44 92 6 77 87 52 54 5 7 10 67 81 84 26 48 51 53 56 3 1 65 2 69 66 15 16 100 79 89 28 31 98 36 37 83 61 8 9 64 4 13 22 19 18 35 27 32 33 38 41 42 45 46 47 49 57 68 74 58 63 82 85 75 70 90 86 88 93 95 96
34 55 7 10 24 56 26 93 39 74 4 46 69 42 71 36 28 3 99 77 8 65 70 60 19 68 30 78 21 49 85 14 41 57 58 63 33 6 38 75 25 48 87 35 83 9 11 90 61 59 84 86 20 18 73 82 51 81 97 52 29 66 37 92 44 27 12 43 17 91 5 2 96 76 16 94 45 1 31 89 54 50 15 22 95 47 67 72 40 23 98 100 88 13 79 64 32 62 80 53
74 61 60 58 57 52 55 47 43 40 39 36 33 64 27 23 18 17 6 76 71 26 8 21 22 9 30 29 63 67 68 37 75 48 42 14 77 62 31 49 59 50 51 12 70 78 72 65 73 66 24 25 7 32 3 2 19 20 4 46 38 11 28 45 34 35 13 44 15 56 69 53 54 5 16 41 1 81 80 79 10
14 58 69 19 34 74 75 73 87 23 4 1 39 68 11 43 84 46 7 35 83 47 60 77 81 76 33 2 8 22 97 24 20 98 95 99 61 52 89 18 92 25 21 66 80 5 37 56 55 45 72 90 3 71 57 42 32 17 91 9 100 31 49 29 50 82 41 38 16 6 79 88 67 85 51 15 12 86 63 53 65 64 26 28 59 70 62 40 94 27 48 96 54 93 36 10 30 78 13 44
3 9 2 7 5 6 8 4 1 10
67 10 20 89 41 95 72 37 63 79 96 92 61 77 60 99 80 65 35 53 84 28 78 45 24 44 68 26 94 13 49 98 31 36 15 21 25 40 6 9 17 12 57 66 86 34 7 22 58 82 62 33 18 52 55 76 38 48 47 56 73 50 91 14 75 39 74 90 42 85 54 30 97 88 43 19 69 29 81 16 27 11 46 8 83 100 71 1 3 5 93 64 87 32 4 51 70 23 2 59
19 6 17 8 7 18 10 16 20 9 11 4 2 1 3 13 5 14 12 15
81 79 74 71 69 70 68 67 65 63 75 59 57 56 55 52 66 49 48 62 73 45 44 43 41 58 39 40 36 37 35 33 53 32 31 30 51 27 28 29 26 24 25 22 23 21 50 16 17 13 14 10 46 47 60 61 8 9 7 5 82 83 72 84 64 3 34 38 78 77 54 2 1 18 19 20 4 42 76 85 80 11 12 6 15
18 72 97 93 48 10 19 20 8 64 95 25 76 9 79 21 60 86 85 53 59 66 77 27 57 89 65 35 74 98 34 71 22 36 70 90 23 45 40 52 12 44 73 67 41 100 11 37 29 5 24 6 84 92 61 83 42 33 51 55 50 69 63 91 13 30 16 49 32 94 39 7 82 26 58 17 14 81 3 28 78 75 99 54 87 96 4 62 43 15 47 46 38 1 88 68 31 56 80 2
45 42 40 41 38 37 39 35 36 34 29 43 44 28 30 26 25 48 23 24 22 20 21 19 18 17 16 13 15 14 10 12 11 8 9 27 7 6 33 32 31 5 4 3 47 46 2 1
7 8 9 5 6 4 1 2 3
98 97 93 92 90 87 85 82 79 78 81 77 76 75 74 86 73 72 71 70 88 69 67 64 56 55 57 95 54 83 52 89 53 51 61 94 50 49 96 84 48 47 45 44 43 42 65 41 37 35 46 100 33 32 31 38 28 25 26 24 23 22 63 62 21 36 19 18 17 16 15 99 14 40 13 30 29 66 12 34 11 27 10 59 9 8 20 7 39 6 80 91 5 58 68 4 3 2 1 60
88 78 74 76 73 65 61 59 41 31 67 54 28 26 15 87 12 11 16 9 95 7 89 82 6 49 35 93 92 47 85 5 98 4 14 75 32 25 68 39 44 22 77 2 99 91 58 27 46 94 34 100 80 62 20 40 8 63 43 52 45 33 51 13 19 53 23 24 83 97 90 1 71 10 29 79 17 18 56 57 21 86 50 3 42 96 36 69 55 60 72 38 70 30 37 81 84 66 48 64
73 60 76 43 25 7 42 11 18 85 9 24 68 46 98 53 57 14 21 79 38 93 62 36 49 61 94 83 34 28 6 27 48 95 17 39 91 41 2 71 55 4 92 56 35 50 90 40 72 1 65 54 44 52 16 51 97 75 3 30 45 80 58 10 19 12 32 74 78 37 23 64 88 69 29 77 89 5 84 70 47 15 22 59 87 99 81 96 82 8 13 20 33 31 63 66 26 86 67
90 68 46 29 25 86 17 70 13 31 80 82 93 99 59 8 65 10 78 32 1 43 15 61 4 44 37 92 40 66 11 35 45 49 2 27 34 53 58 6 7 97 95 56 41 72 39 21 12 57 98 36 69 71 18 52 85 14 33 5 42 16 60 26 79 89 50 3 88 75 54 87 55 9 94 38 62 83 84 100 24 73 23 63 47 96 19 48 28 30 74 51 81 67 20 76 64 77 22 91
76 75 73 70 68 66 64 62 61 60 58 57 59 54 55 56 53 52 71 69 67 65 63 72 50 49 51 46 45 42 43 44 41 40 38 37 39 36 33 34 35 32 30 31 29 28 47 48 26 25 27 24 74 22 18 19 17 16 13 14 15 12 20 9 10 11 8 7 5 6 4 23 21 2 1 3
97 96 95 92 85 75 72 70 68 66 63 69 59 99 56 58 45 37 35 42 39 29 74 77 24 38 81 23 21 49 88 48 64 76 20 46 18 16 40 65 27 83 14 82 51 13 11 90 19 86 87 89 62 71 10 17 50 22 43 47 7 33 6 94 5 34 41 100 98 60 80 32 30 36 4 52 9 26 73 61 44 84 79 8 54 3 2 28 1 67 25 53 12 93 78 57 55 31 91 15
100 98 97 95 94 91 89 86 83 82 77 76 74 71 70 67 66 65 64 61 59 58 80 57 56 55 79 54 53 50 48 47 92 45 44 43 42 81 41 40 49 39 37 93 36 34 85 33 32 62 84 31 30 51 29 28 27 24 75 78 23 73 22 88 90 20 19 18 25 17 21 16 15 13 26 12 35 11 46 10 9 60 8 7 63 87 96 6 52 5 72 14 38 69 4 3 2 99 68 1
2 1 4 5 3
100 99 96 97 98 94 95 93 91 92 90 86 87 88 89 83 84 85 80 81 76 77 78 74 75 70 71 72 69 68 65 66 67 61 62 63 64 59 60 56 57 53 54 50 51 48 46 47 43 44 45 42 40 41 39 37 38 35 36 34 32 33 29 30 31 28 24 25 26 27 22 23 18 19 20 21 17 15 12 13 14 11 7 8 9 10 5 6 3 2 1 49 4 52 55 82 73 58 79 16
8 6 14 32 26 4 11 15 24 38 31 21 10 16 20 12 19 37 23 35 22 29 33 39 40 30 28 36 27 9 7 13 2 17 18 25 34 3 5 1
31 59 78 42 36 26 68 84 18 90 100 35 7 56 95 79 19 58 88 17 67 80 94 41 2 87 83 38 73 91 27 4 12 40 49 32 43 63 48 57 52 13 23 50 29 71 70 54 39 69 34 85 44 61 33 8 22 89 64 3 14 92 46 16 97 25 37 98 53 66 21 93 47 30 55 72 86 20 6 28 11 75 9 15 82 5 99 24 10 60 74 96 76 1 81 62 45 77 65 51
1 2 3 4 5 6 7 8 9 10 11 12 13 14 15 16 17 18 19 20 21 22 23 24 25 26 27 28 29 30 31 32 33 34 35 36 37 38 39 40 41 42 43 44 45 46 47 48 49 50 51 52 53 54 55 56 57 58 59 60 61 62 63 64 65 66 67 68 69 70 71 72 73 74 75 76 77 78 79 80 81 82 83 84 85 86 87 88 89 90 91 92 93 94 95 96 97 98 99 100
18 6 2 23 46 31 21 14 17 44 50 24 51 40 49 53 48 41 3 29 59 7 32 38 54 42 39 1 11 4 52 36 26 10 9 22 57 43 27 58 34 16 33 5 28 20 25 37 60 47 19 12 30 35 13 45 56 15 55 8
93 92 85 79 76 96 75 73 72 89 71 68 67 66 64 70 61 60 57 55 51 88 49 84 48 41 91 40 50 58 63 39 37 33 31 30 87 24 21 19 18 59 17 35 56 77 16 28 74 15 97 53 45 80 14 13 22 12 11 65 86 43 78 10 81 9 94 34 38 52 32 8 44 36 82 7 25 20 47 6 5 4 90 29 95 2 3 46 54 1 83 26 42 23 27 69 62
100 99 98 97 96 95 94 93 92 91 90 89 88 87 86 85 84 83 79 78 77 75 74 73 72 71 69 67 65 62 61 60 59 58 57 56 55 54 53 52 51 50 49 46 45 44 43 42 41 39 38 37 35 34 33 32 29 27 25 22 21 18 17 14 13 7 1 3 82 6 10 9 8 2 11 12 15 4 47 40 19 80 5 28 68 66 36 48 31 23 30 63 20 24 70 64 16 26 76 81
100 99 98 97 96 95 94 93 92 91 90 88 87 86 85 84 83 82 81 80 79 78 77 76 75 74 73 72 71 70 69 68 67 66 65 64 63 62 61 60 59 58 57 56 55 54 53 52 51 50 49 48 89 47 46 45 44 43 42 41 40 39 38 37 36 35 34 33 32 31 30 29 28 27 26 25 24 23 22 21 20 19 18 17 16 15 14 13 12 11 10 9 8 7 6 5 4 3 2 1
13 2 69 8 60 67 99 28 92 5 30 75 63 32 17 22 9 96 46 34 18 39 33 76 24 35 59 16 95 43 86 79 6 41 29 50 88 26 37 70 49 71 72 82 100 90 73 21 87 66 52 56 1 36 53 38 97 20 40 48 51 27 68 84 74 62 91 7 12 47 44 10 55 93 83 85 15 45 3 80 54 58 42 31 25 4 19 57 94 64 65 77 23 81 61 89 78 11 98 14
100 97 95 94 92 91 88 85 83 82 80 79 77 76 73 71 70 68 67 62 61 59 58 55 53 52 50 49 47 46 44 43 40 38 37 36 35 34 28 26 25 22 20 19 16 14 13 12 11 10 8 7 5 4 2 1 66 65 64 75 74 87 86 33 32 31 3 69 6 72 9 78 15 81 18 17 84 21 24 23 90 89 27 93 30 29 96 99 98 39 42 41 45 48 51 54 57 56 60 63
99 91 90 85 82 78 93 74 59 50 84 45 54 42 37 36 27 38 13 23 58 52 30 11 10 35 9 19 51 8 46 25 22 77 53 72 6 5 3 65 14 2 70 40 68 61 89 43 7 97 69 26 95 80 31 44 47 17 66 16 32 4 73 12 76 94 83 48 20 34 60 87 57 62 1 21 71 92 24 67 63 15 79 56 41 29 49 55 39 81 98 28 96 33 18 100 86 75 88 64
74 56 47 80 51 45 91 40 63 73 53 23 75 11 17 27 79 52 77 97 38 36 33 96 49 60 20 81 13 31 95 83 24 7 29 100 62 28 19 89 22 41 78 15 5 10 16 44 93 65 32 58 67 82 50 85 71 12 26 72 66 59 94 4 2 3 34 6 54 70 30 37 61 14 87 98 76 43 21 88 42 18 68 9 92 69 39 25 1 35 57 48 90 64 84 99 86 55 46 8
8 52 62 17 19 32 65 80 6 59 54 71 83 29 64 34 13 53 15 63 14 99 96 25 77 86 30 100 20 89 33 55 82 94 45 73 22 66 46 4 75 85 1 87 72 92 70 3 74 78 16 47 31 51 56 26 27 23 42 2 5 18 68 7 90 91 41 48 39 10 35 37 93 88 76 9 57 81 36 98 11 12 67 60 58 84 49 61 28 24 44 97 38 95 79 43 69 50 21 40
59 46 28 16 5 14 26 61 64 4 8 13 25 33 34 44 83 60 94 96 1 10 9 11 17 19 23 30 42 54 80 97 35 39 57 15 18 24 27 29 31 32 36 37 38 58 66 72 81 40 43 22 88 91 45 67 47 6 2 3 21 53 55 62 87 98 20 41 50 56 63 69 48 65 7 49 52 70 71 79 85 86 89 51 73 75 77 78 82 12 68 74 84 76 90 100 92 93 95 99
100 99 97 96 95 93 91 89 88 87 85 83 82 81 79 78 77 76 75 74 73 72 71 69 67 65 63 62 61 59 57 55 53 51 49 98 48 47 94 46 92 45 90 44 43 86 42 84 41 40 80 39 37 35 70 34 68 33 66 32 64 31 29 58 27 54 26 52 25 50 23 21 19 38 18 36 17 15 30 60 14 28 56 13 12 24 11 22 10 20 9 7 6 5 4 8 16 3 2 1
10 9 8 6 7 1 2 3 5 4
94 93 90 87 81 79 78 77 76 74 72 70 68 63 62 61 60 71 57 54 53 86 52 50 49 47 45 42 39 99 36 35 34 30 29 28 27 67 24 43 40 23 100 20 97 21 48 15 14 91 84 85 12 55 26 11 66 89 73 19 18 51 58 9 98 75 32 46 64 17 31 96 8 69 37 92 16 6 82 3 41 59 56 7 1 2 44 5 33 22 38 65 88 83 95 80 10 4 13 25
69 61 59 58 65 54 27 25 49 75 18 13 3 2 44 46 34 100 5 37 19 30 55 40 95 76 47 42 31 52 97 4 21 94 57 66 6 22 93 78 41 70 1 48 82 83 24 56 26 23 73 8 62 11 64 45 71 77 36 7 79 81 85 10 9 88 38 29 33 35 67 86 12 50 51 53 90 84 80 32 39 89 96 99 16 20 98 17 74 14 15 91 92 87 60 72 43 28 63 68
20 39 52 72 21 23 53 56 47 4 75 26 58 18 62 31 17 77 55 12 33 32 45 19 36 48 11 43 57 22 30 67 41 16 25 3 65 8 27 14 64 34 60 78 1 74 2 35 7 59 42 29 66 46 40 10 79 9 71 80 61 15 24 73 49 69 5 50 54 13 68 28 51 63 37 38 70 44 76 6
19 20 21 22 23 17 16 15 14 13 12 11 10 9 8 7 6 5 4 3 1 2 18
5 4 2 6 3 1
87 83 71 59 40 53 39 31 44 60 47 29 24 68 21 49 22 14 54 94 12 13 100 96 97 9 6 19 18 76 77 67 34 46 8 84 56 20 81 58 74 75 73 11 32 45 15 42 69 28 80 36 10 55 89 16 27 64 4 17 30 92 1 50 23 2 57 26 48 61 95 51 78 91 52 7 72 63 5 66 93 86 85 62 41 35 25 88 65 90 3 82 38 70 79 43 98 37 33 99
16 47 54 81 83 11 17 36 8 57 56 20 55 79 82 35 85 52 51 95 78 92 31 43 94 39 23 46 77 88 22 66 45 12 86 80 29 28 1 87 91 90 64 13 38 6 40 65 2 99 53 60 72 25 14 41 61 63 50 26 34 32 96 9 5 97 62 70 84 19 74 76 24 10 75 48 71 59 58 18 69 7 4 42 49 73 30 98 68 67 3 33 21 100 89 37 93 15 27 44
71 37 4 21 31 69 14 59 49 57 9 10 73 27 86 5 70 8 12 22 6 29 46 55 52 68 75 65 83 74 77 44 78 54 80 17 82 84 85 89 60 50 72 90 40 66 100 1 97 16 79 7 81 32 41 98 24 34 43 36 47 91 67 13 93 38 51 45 58 63 20 2 15 25 56 92 39 99 48 11 76 35 94 28 26 61 30 96 42 87 53 19 62 33 88 18 23 64 3 95
99 97 94 60 56 54 50 39 92 76 79 82 70 93 37 90 44 33 95 31 30 27 65 35 34 88 24 22 38 21 57 18 17 96 15 13 67 91 69 11 10 8 52 7 20 42 28 40 45 9 32 64 5 46 85 53 72 75 62 84 19 55 86 14 61 4 51 83 80 6 63 23 3 41 1 2 25 89 29 47 58 36 12 71 66 49 81 87 59 26 98 74 43 78 68 77 73 100 48 16
2 3 1 4
92 74 70 66 43 62 93 80 38 35 98 23 20 52 56 19 99 17 16 58 13 11 3 76 89 27 8 42 60 64 97 24 90 49 91 39 54 50 75 87 2 1 33 53 55 31 25 5 4 34 84 40 83 46 100 94 88 85 36 69 82 63 12 22 61 73 77 47 59 79 95 72 30 32 37 9 71 45 51 6 18 44 15 41 67 65 48 86 78 14 29 81 68 21 28 7 10 26 57 96
91 90 22 20 87 70 33 54 92 5 63 74 52 58 97 18 1 8 34 12 78 4 17 66 83 24 35 36 71 88 28 82 85 50 69 9 60 86 79 29 96 23 99 56 27 68 49 64 55 39 62 75 16 40 38 84 6 21 45 65 25 3 11 76 48 61 73 89 19 32 2 51 81 100 41 53 46 98 67 72 80 10 7 47 94 93 37 42 15 13 59 57 44 77 14 95 43 30 31 26
5 10 2 6 9 1 8 3 4 7
93 99 79 68 33 55 84 1 91 36 67 17 63 44 86 97 3 35 77 18 19 51 13 46 85 58 75 25 8 49 39 71 78 43 82 88 15 2 27 73 30 89 66 100 34 47 10 20 24 80 52 74 81 60 65 6 22 76 50 87 5 11 37 56 14 94 23 29 48 16 83 9 96 57 4 28 72 21 53 70 38 59 90 61 54 12 41 95 40 26 42 7 45 62 98 92 32 31 69 64
90 11 69 14 78 20 4 5 65 17 9 46 63 31 73 77 43 49 88 25 70 83 48 97 93 34 36 59 62 82 58 30 41 23 45 47 40 42 79 50 94 38 61 72 98 96 2 57 84 27 19 80 76 74 87 91 64 8 12 15 16 81 28 75 18 26 37 13 95 3 92 55 7 60 10 44 52 22 24 21 71 85 35 66 86 32 53 67 54 6 33 1 99 68 89 51 29 39 56 100
100 99 98 97 96 95 94 93 92 91 82 81 80 79 78 77 75 74 73 72 71 70 69 67 66 65 60 59 58 46 43 41 36 87 88 89 90 31 45 47 30 42 38 39 40 27 26 83 25 24 23 21 19 18 49 48 17 16 15 14 9 8 7 6 33 84 20 76 61 62 63 53 54 55 56 57 85 35 37 34 86 64 32 51 50 44 68 4 22 52 2 10 11 12 13 1 3 5 28 29
74 32 22 30 98 64 8 2 28 89 80 71 57 45 52 96 63 18 26 10 25 38 77 9 16 85 23 70 24 55 21 75 53 61 11 33 88 99 48 6 5 14 81 12 86 93 65 87 92 7 76 13 73 46 1 56 78 43 82 68 100 72 62 44 41 19 39 31 47 50 4 90 83 15 94 49 29 84 95 34 35 66 27 59 17 91 20 42 58 40 67 79 37 97 69 54 60 51 36 3
29 23 21 50 93 60 95 13 81 22 86 30 18 97 40 62 28 2 57 33 74 69 38 68 55 47 42 43 52 53 76 77 56 19 88 7 83 49 51 58 71 27 45 96 61 9 73 67 1 34 54 4 6 99 44 78 10 79 12 66 63 46 39 25 20 26 17 98 3 5 48 65 87 35 72 8 16 59 11 36 82 85 84 80 37 100 94 75 90 91 32 24 89 14 31 15 92 41 70 64
33 11 27 43 39 49 10 37 17 24 16 5 30 31 18 35 1 9 34 46 42 21 26 13 15 48 4 41 25 45 6 2 47 38 23 40 44 14 19 28 32 8 36 22 50 7 29 12 20 3
1 2
98 37 72 55 43 51 61 7 60 91 20 83 54 75 24 94 14 59 93 76 52 44 50 28 89 77 1 18 3 47 86 96 82 40 49 88 56 10 63 6 15 11 71 26 53 81 8 69 27 45 57 31 13 32 12 39 33 2 95 23 35 30 100 67 84 78 97 66 36 41 68 9 70 65 4 74 16 92 5 85 17 19 80 73 79 25 99 90 29 21 42 46 22 62 87 48 34 64 58 38
29 21 1 87 58 46 100 34 48 43 7 57 81 63 47 85 42 5 67 44 52 30 56 86 14 82 70 94 90 36 71 66 54 96 17 73 75 12 28 62 18 98 6 95 92 72 68 51 13 35 27 83 53 26 97 61 11 93 24 88 41 76 31 65 74 37 84 55 77 60 78 69 64 10 80 4 32 45 23 99 3 38 16 25 50 20 79 19 59 15 49 9 22 2 39 40 89 33 91 8
86 66 63 62 59 57 53 50 32 91 67 19 100 14 18 31 44 71 87 83 77 25 60 11 26 43 90 33 92 7 48 75 10 15 9 54 56 16 82 28 93 3 98 39 29 42 6 2 69 79 5 61 24 13 30 36 51 1 37 65 27 21 84 85 52 4 88 22 74 58 41 17 76 73 8 81 12 97 49 68 72 34 78 45 20 80 46 23 89 55 47 96 99 35 40 64 95 38 70 94
77 3 65 69 27 34 43 40 44 46 52 61 59 83 87 19 54 73 36 74 51 63 8 12 68 93 92 97 98 32 47 66 75 5 50 80 35 67 17 86 10 85 76 53 78 70 41 23 48 39 91 30 64 7 21 55 71 15 29 14 56 94 18 26 72 25 20 4 99 88 89 82 45 9 62 57 11 60 100 90 1 79 6 84 96 58 31 81 37 22 16 33 2 42 24 13 49 95 38 28
90 63 56 75 50 40 11 54 3 65 38 15 58 87 6 17 55 91 85 64 1 84 33 21 66 92 4 71 48 94 30 31 43 45 36 76 20 44 49 41 2 70 73 69 53 61 86 10 23 29 52 18 99 81 5 88 68 8 13 46 42 80 24 37 34 100 74 72 83 77 22 59 28 82 47 9 27 32 93 19 39 98 62 16 79 26 67 35 95 89 96 57 25 12 51 14 60 7 97 78
70 59 85 38 1 16 20 42 47 7 44 46 82 28 72 84 32 45 77 37 51 68 61 93 48 63 67 25 88 96 23 15 36 99 27 11 50 57 76 49 18 33 26 64 94 100 12 22 35 41 60 75 91 6 52 66 65 10 98 90 81 92 74 21 43 4 80 3 87 24 79 97 5 19 31 29 13 83 14 34 54 95 71 58 8 55 62 30 9 2 78 86 56 89 17 73 40 53 39 69
5 2 3 6 7 1 8 4
61 98 41 28 91 36 55 90 59 16 35 44 69 50 12 2 88 23 76 57 58 75 30 13 7 81 78 97 86 51 24 92 34 45 60 54 47 84 77 19 63 39 15 85 72 29 1 66 10 67 8 74 70 32 6 82 37 11 71 43 42 20 73 53 93 49 48 5 14 40 100 64 27 52 17 18 56 65 80 26 22 33 21 38 95 4 96 89 87 62 94 83 99 9 25 68 46 31 3 79
82 8 28 12 65 60 21 89 14 33 72 53 4 38 83 97 98 76 50 99 7 2 94 39 73 41 15 47 49 80 81 64 45 88 61 26 63 5 32 36 42 84 100 20 78 96 86 77 95 44 79 19 10 40 35 59 74 31 24 17 34 22 30 6 13 9 62 43 93 91 67 68 69 87 71 46 66 27 75 29 56 54 90 55 11 92 57 85 52 58 70 37 48 16 18 23 3 51 25 1
21 5 50 7 38 87 43 74 80 53 62 94 37 33 45 47 31 39 15 97 84 77 59 82 11 51 14 57 13 2 49 26 67 12 3 96 4 63 8 78 9 75 73 60 86 79 72 83 36 56 61 68 48 88 95 20 100 81 16 99 70 85 28 24 32 23 10 69 29 65 66 89 30 41 98 90 22 44 17 76 55 52 34 6 91 25 35 92 18 64 46 42 1 19 27 54 58 93 71 40
14 10 11 15 12 13 7 6 9 8 4 1 2 3 5
30 89 50 87 2 15 74 69 55 75 95 25 77 36 57 53 63 11 71 20 27 88 32 91 52 59 46 48 6 35 67 49 62 96 44 66 78 79 10 83 93 86 31 39 29 23 82 5 4 70 8 84 1 47 18 65 64 80 81 58 28 33 34 92 17 37 85 94 22 51 72 14 42 90 45 54 61 38 98 56 12 21 13 16 9 26 19 76 3 99 73 97 40 68 24 43 41 60 7 100
61 44 51 66 86 74 33 97 22 12 18 99 1 69 73 34 85 57 41 7 21 75 48 37 77 19 6 52 31 53 30 11 89 3 8 62 63 100 9 25 82 68 28 5 90 58 60 35 98 47 15 36 46 4 83 67 56 45 20 65 84 43 13 49 55 93 17 2 80 24 79 26 40 27 71 64 70 81 87 76 29 50 16 10 32 91 95 14 23 54 42 59 88 38 96 72 92 94 78 39
57 71 31 5 11 15 30 49 58 52 1 33 9 72 37 56 65 21 29 35 85 38 89 39 90 88 43 14 68 91 70 42 7 48 66 4 17 41 69 34 26 75 46 55 51 23 64 80 97 25 98 54 61 74 86 20 32 99 45 79 2 73 8 59 60 36 95 78 16 53 6 67 62 96 77 87 100 50 94 82 24 92 10 19 93 44 84 81 28 18 27 40 13 12 22 76 63 3 47 83
83 51 63 91 45 36 93 97 41 50 11 94 18 69 28 79 76 92 16 30 57 58 77 61 100 87 85 24 2 31 81 90 86 74 21 60 33 67 98 68 89 40 26 82 4 38 43 8 44 66 84 75 37 20 95 99 56 23 19 80 7 65 17 6 35 72 59 27 52 96 42 55 53 88 54 9 46 29 25 1 64 49 14 71 12 48 10 47 3 70 78 62 13 32 73 34 39 15 5 22
66 9 16 60 83 88 72 28 57 5 13 76 77 8 25 54 4 30 85 27 64 61 79 67 33 58 18 94 15 56 62 21 71 40 78 91 6 46 93 68 50 82 53 97 80 31 87 7 24 45 39 73 35 90 41 22 17 84 55 81 69 37 89 92 42 36 23 14 10 74 52 59 96 47 51 95 100 2 49 70 75 20 19 48 63 43 1 86 98 3 99 34 32 12 65 44 11 29 38 26
100 99 98 95 94 93 92 91 90 89 88 87 86 85 84 83 82 81 80 79 78 77 76 75 74 73 72 71 70 69 68 67 66 65 64 63 62 61 60 59 58 57 56 55 54 53 52 51 50 49 48 47 46 45 44 43 42 41 40 39 38 37 36 35 34 33 32 31 30 29 28 27 26 25 24 23 22 21 20 19 18 17 16 15 14 13 12 11 10 9 8 7 6 5 4 3 2 1 96 97
72 60 2 89 55 59 65 95 86 35 66 36 42 96 90 77 7 53 3 46 39 18 22 23 33 54 69 27 88 75 71 9 78 8 94 37 93 14 24 30 38 12 97 98 29 28 31 40 73 49 56 32 19 61 15 50 47 41 92 43 16 74 76 20 99 70 57 52 25 80 62 44 11 51 17 85 91 34 68 48 67 5 4 26 100 58 1 79 6 63 81 64 87 13 82 10 45 83 21 84
4 6 5 1 3 2
45 14 42 78 7 94 73 74 36 29 21 70 33 20 19 62 46 80 93 43 86 11 47 17 61 77 53 100 69 31 23 25 8 3 98 92 38 5 18 90 91 72 75 88 37 10 13 81 1 48 24 2 4 51 95 79 40 64 15 9 26 50 99 96 54 16 83 44 89 63 71 30 66 56 12 6 32 67 82 84 27 97 35 85 52 76 22 65 57 59 58 34 68 87 49 41 28 55 60 39
18 73 81 83 89 71 8 96 26 37 47 72 33 56 27 84 43 13 35 68 38 78 80 15 62 44 61 79 82 24 67 45 10 88 95 14 25 53 54 87 51 34 19 94 31 12 5 60 97 76 52 1 36 39 66 55 2 64 20 86 48 49 42 93 65 7 4 70 32 11 74 85 46 41 23 17 21 92 69 29 63 3 16 77 28 75 98 58 30 90 50 99 57 6 59 9 22 40 91
63 61 84 90 45 59 86 37 6 87 22 55 39 58 35 10 12 52 48 33 81 23 19 44 51 25 49 67 11 65 76 36 31 73 82 94 2 26 96 72 56 3 74 34 15 99 91 21 28 18 69 77 40 47 7 66 89 29 54 93 27 68 4 41 20 30 43 97 24 80 70 14 57 17 50 95 9 88 79 32 1 78 100 83 46 60 64 75 85 62 38 42 53 92 71 5 98 13 8 16
99 94 93 88 79 73 78 90 70 69 67 92 81 65 71 62 60 59 57 84 85 75 76 55 68 74 77 95 54 82 100 53 45 41 39 35 52 66 80 44 83 48 98 89 33 31 37 34 40 61 63 64 22 21 16 86 96 27 28 32 15 14 10 23 36 17 56 20 25 24 26 30 29 8 47 7 46 6 5 4 43 42 58 9 2 91 1 51 97 3 38 72 11 12 13 49 18 19 87 50
99 78 95 73 67 45 55 40 81 24 21 19 20 30 39 49 62 18 38 65 82 12 84 68 69 74 94 100 26 54 56 25 9 1 89 15 31 27 71 2 70 92 46 43 32 76 91 63 64 3 17 41 88 93 47 8 75 29 77 96 98 44 6 60 61 83 53 52 11 51 36 16 85 13 4 33 34 22 28 50 97 35 42 10 86 57 5 72 48 58 66 79 14 59 87 7 90 80 37 23
79 17 10 11 85 84 30 62 43 83 2 6 98 65 3 94 82 96 26 97 25 37 16 67 23 39 7 50 12 86 13 29 35 34 53 59 4 28 38 1 33 69 80 47 99 24 93 55 21 90 48 22 31 57 44 27 74 52 9 100 91 87 14 63 46 20 5 15 89 60 81 68 40 42 73 61 92 18 72 41 88 32 45 36 54 51 19 8 56 58 75 77 71 76 49 78 70 66 95 64
96 89 88 87 86 84 82 81 79 71 70 69 83 61 58 56 51 47 77 46 90 45 43 41 40 73 93 35 34 33 54 50 60 66 97 64 25 23 19 63 55 18 65 36 74 75 53 26 92 31 91 32 17 16 42 95 76 78 14 38 37 94 12 11 44 10 72 9 8 85 27 68 22 24 29 20 59 52 80 15 21 7 6 5 49 28 4 57 30 48 3 2 67 62 39 1 13
52 54 79 42 68 91 24 30 82 37 16 20 21 76 47 77 14 53 87 90 72 99 5 59 8 86 11 75 49 61 23 94 4 33 69 85 6 28 63 1 45 51 22 7 29 95 81 36 66 71 73 38 12 26 3 9 40 56 98 93 64 57 35 83 31 78 80 100 43 50 44 48 34 97 2 15 10 92 55 74 13 67 46 96 89 27 17 88 60 19 62 84 70 25 65 32 58 18 39 41
90 87 81 86 68 74 63 56 71 55 67 95 52 45 40 39 42 31 28 61 22 21 18 17 80 16 15 33 44 84 27 72 53 57 51 93 92 46 64 69 50 26 48 14 12 38 65 54 75 62 85 76 11 37 30 10 49 8 20 13 7 96 97 82 88 25 79 2 1 19 89 9 34 6 73 77 36 4 78 41 3 60 43 32 91 58 83 35 5 24 70 23 59 94 29 47 66
61 50 42 86 32 29 94 28 20 15 67 23 51 11 91 16 10 77 53 83 21 64 79 1 38 39 97 84 30 68 25 2 82 5 12 46 7 92 13 65 48 9 80 96 95 36 52 8 73 76 33 34 47 54 63 41 66 75 87 45 78 85 35 44 22 24 99 89 3 43 31 98 4 93 17 55 19 88 6 37 90 14 56 27 57 60 40 70 62 26 71 49 74 58 81 69 72 100 59 18
81 65 80 64 79 85 50 37 35 26 41 70 68 27 84 55 69 25 66 22 11 52 38 10 6 28 46 54 56 75 60 77 29 18 44 23 61 73 9 32 82 83 33 21 34 45 51 57 4 7 8 48 13 43 49 14 78 63 5 3 15 39 86 47 87 72 59 20 2 42 16 24 74 71 40 17 36 19 53 67 12 58 76 30 1 62 31
65 62 88 48 45 43 40 42 34 26 86 61 24 20 7 5 25 12 4 79 97 55 51 31 83 11 37 87 53 90 23 47 58 93 68 17 60 69 84 94 92 27 33 89 28 29 80 3 19 70 81 39 95 9 52 54 77 50 56 2 1 49 71 30 46 99 44 76 98 38 72 74 10 64 6 18 85 21 73 100 59 96 75 66 35 22 13 67 57 16 63 91 15 14 82 36 32 78 41 8
99 98 100 97 96 92 94 90 89 95 91 93 88 86 82 84 81 85 87 83 75 77 74 78 76 80 73 79 70 72 68 67 69 71 66 65 64 63 62 61 60 59 58 57 55 54 52 56 50 49 51 53 48 46 45 44 43 47 42 41 38 37 34 36 40 33 35 39 31 29 27 26 28 32 30 25 21 19 18 24 20 22 17 23 13 11 15 10 16 14 12 9 8 5 4 6 2 1 7 3
20 19 16 14 41 61 96 92 88 29 74 10 89 27 56 32 42 22 34 80 8 50 63 2 12 39 60 33 75 79 51 24 9 72 45 11 7 91 84 64 82 31 97 18 1 69 76 38 98 46 47 81 35 94 93 54 23 58 28 49 70 67 43 55 71 95 65 100 57 90 5 87 30 4 53 83 37 6 62 13 48 26 86 25 77 78 68 40 99 17 73 59 21 3 66 85 52 15 44 36
37 46 48 76 17 87 78 24 80 97 8 18 55 94 81 95 25 59 68 54 79 65 13 92 56 22 74 9 89 49 99 61 31 70 10 38 84 67 91 20 52 96 7 36 16 33 98 58 6 90 19 2 82 66 42 88 45 85 1 4 3 41 64 39 34 27 53 93 40 86 23 50 83 29 57 30 14 75 60 43 77 32 62 63 11 35 71 69 72 44 100 12 21 15 47 51 73 26 28 5
100 85 80 94 87 97 96 98 90 88 77 81 84 66 61 56 30 45 26 49 68 53 70 28 40 60 57 69 52 59 73 65 55 72 74 75 79 92 86 78 76 95 82 91 83 99 93 89 63 32 39 46 44 33 48 50 31 41 38 34 36 35 51 67 58 64 62 54 71 42 37 43 27 29 47 25 24 23 22 21 20 19 18 17 16 15 14 13 12 11 10 9 8 7 6 5 4 3 2 1
96 94 85 86 89 91 98 100 81 75 68 65 57 87 88 54 53 51 50 48 92 47 46 59 42 40 38 37 36 34 31 28 58 97 32 26 22 67 30 64 19 99 29 72 33 61 16 14 13 11 12 10 20 70 24 27 9 78 77 35 44 45 15 95 84 21 71 25 69 8 5 4 17 56 41 49 93 43 23 80 55 7 62 90 83 6 79 39 76 82 73 63 18 74 60 3 2 52 1 66
56 72 43 86 50 39 63 22 29 68 37 26 38 21 17 44 70 71 48 16 78 41 23 90 31 10 64 8 46 5 2 33 80 62 42 99 49 97 94 73 74 55 60 61 76 40 12 83 45 95 53 18 19 32 51 52 67 11 79 85 3 93 14 1 15 34 75 54 57 7 9 96 65 27 4 24 82 84 35 81 100 47 28 69 36 92 59 58 91 88 66 87 6 89 98 20 30 13 25 77
15 4 89 30 56 73 92 25 24 55 57 87 28 5 58 43 42 69 40 51 1 33 72 12 88 66 68 21 18 94 76 16 71 48 75 49 11 26 65 84 27 19 29 91 85 90 64 17 97 6 50 59 60 47 83 63 53 82 37 67 99 23 96 80 100 79 78 32 8 86 70 38 13 36 7 98 45 39 74 62 3 44 93 35 41 20 10 77 95 22 31 61 14 81 46 54 2 34 52 9
65 25 1 12 33 23 40 11 86 17 91 60 98 38 89 44 88 58 100 70 35 37 4 53 62 95 13 46 43 14 84 6 7 22 20 56 83 18 93 52 21 39 10 57 24 72 59 75 2 74 64 51 42 27 34 47 28 81 32 71 82 67 5 78 26 80 63 41 69 85 97 76 87 66 55 3 92 36 49 19 77 73 94 15 54 99 61 16 30 31 29 68 90 8 50 79 96 9 48 45
36 88 98 80 7 10 46 67 91 86 3 39 34 6 82 38 29 19 44 57 93 28 94 68 42 100 37 47 59 90 85 63 74 89 41 16 30 79 83 69 99 72 60 21 71 64 43 11 49 33 12 27 32 50 24 78 26 17 20 15 1 92 14 97 77 13 51 35 31 84 40 70 54 18 75 76 23 73 45 65 58 55 8 9 56 22 66 81 95 5 25 61 62 87 2 48 96 53 52 4
87 69 54 77 53 66 100 84 62 95 49 46 29 5 33 35 3 41 67 71 96 6 16 10 74 44 39 28 88 91 76 65 52 58 45 78 7 15 72 75 26 63 34 37 51 32 73 42 19 1 81 17 99 47 27 38 12 30 22 70 98 93 89 86 9 2 59 36 11 8 80 25 60 92 48 94 24 82 40 68 56 43 64 55 97 21 90 20 23 57 83 13 61 85 79 18 14 50 31 4
3 5 6 19 1 16 18 2 8 11 4 12 9 15 13 20 10 7 17 14
100 99 95 88 83 81 79 74 70 90 69 61 72 60 58 46 76 63 47 44 41 35 50 31 28 20 75 18 77 25 89 94 23 29 16 48 57 15 14 33 84 78 42 97 30 11 49 38 67 39 9 56 59 66 8 36 92 21 24 85 96 7 65 68 53 19 64 6 5 51 22 52 27 82 40 12 91 17 93 43 87 86 26 37 55 34 13 32 4 71 62 45 54 3 2 73 10 98 80 1
9 8 5 6 2 14 4 7 1 11 10 13 3 12
20 19 18 17 16 15 14 13 12 10 9 8 25 22 23 24 7 11 6 26 27 5 21 4 2 3 1
78 68 60 51 11 67 91 14 62 75 54 56 29 39 31 76 57 15 58 46 59 38 53 4 69 64 36 9 73 77 24 65 95 40 84 13 87 7 20 22 44 33 52 26 61 32 70 97 30 85 43 55 74 88 18 35 82 80 19 93 41 37 48 17 12 25 50 90 96 49 100 5 89 6 27 8 99 16 72 63 1 10 98 83 92 81 34 23 71 28 66 45 94 79 3 2 86 47 21 42
98 84 70 67 56 71 47 44 42 90 28 25 16 73 13 27 10 65 77 68 74 85 69 26 54 64 8 4 3 36 2 99 41 7 1 5 31 40 96 76 97 32 18 53 48 89 82 14 45 61 6 34 17 22 55 19 21 72 100 62 52 58 93 46 57 43 75 87 50 91 88 63 20 81 24 35 9 83 66 29 79 49 86 51 23 33 37 11 95 39 59 30 38 12 15 78 94 80 60 92
97 94 93 100 95 96 98 99 91 92 83 84 85 87 86 89 88 90 82 81 76 78 80 74 73 77 75 79 71 72 68 64 63 65 67 66 70 69 62 61 56 58 59 53 57 54 55 60 51 52 50 43 44 45 47 49 46 48 42 41 40 39 34 33 35 37 36 38 31 32 24 23 25 26 27 28 30 29 22 21 15 18 16 19 13 17 20 14 12 11 6 4 3 5 7 9 8 10 1 2
100 76 56 79 52 95 5 10 72 87 22 8 61 57 42 89 30 15 62 71 97 26 11 92 53 37 77 47 39 78 28 96 91 27 1 69 13 18 49 80 86 70 14 85 24 35 68 2 51 99 17 55 59 65 73 82 32 7 58 43 4 90 31 67 74 94 45 16 12 44 3 33 54 25 63 98 36 20 66 38 93 81 48 60 50 84 9 34 23 88 75 40 29 19 83 6 64 21 46 41
50 44 87 18 31 59 43 36 20 81 89 99 4 8 67 46 14 12 55 54 62 3 65 28 42 45 11 76 22 35 38 40 2 88 10 73 16 6 68 52 32 79 37 1 56 70 90 78 24 25 33 93 34 95 39 15 64 72 71 74 30 91 63 29 60 9 58 26 49 13 83 69 51 98 75 17 97 92 82 19 41 61 84 77 7 85 53 80 96 47 86 66 23 100 57 5 48 94 21 27
62 10 1 2 4 5 7 49 50 3 51 52 53 6 54 55 8 9 12 26 56 57 58 11 59 13 15 16 20 22 60 14 61 63 64 17 65 18 66 19 67 68 21 69 70 23 24 71 72 25 27 28 33 35 37 42 48 73 74 75 76 29 30 32 77 78 31 79 80 81 34 82 83 36 84 39 85 38 86 41 87 40 88 89 90 43 44 91 92 45 93 46 94 47 95 96 97 98 99 100
85 27 30 35 96 100 2 23 47 69 28 84 3 73 18 11 77 12 80 20 88 42 4 40 6 49 44 86 21 78 37 71 61 62 31 90 9 38 48 59 13 54 91 99 43 93 34 46 68 97 83 82 63 98 14 55 10 87 75 52 72 16 56 36 74 45 22 17 60 7 94 33 5 50 41 92 15 57 24 95 51 76 89 79 70 26 29 8 32 64 39 65 58 67 53 25 1 81 19 66
36 49 32 21 24 100 96 48 22 77 26 45 73 84 59 13 87 92 33 76 18 40 99 42 19 50 58 65 10 68 34 17 90 35 51 70 47 25 23 72 39 52 66 29 71 98 31 12 14 61 41 37 11 93 46 55 9 6 97 5 4 2 81 86 20 54 75 91 44 27 38 15 60 69 28 95 85 62 8 57 1 63 94 56 89 30 43 67 78 83 80 3 88 53 79 16 74 7 82 64
65 38 26 73 66 99 28 67 48 22 87 30 50 34 96 39 55 52 59 15 40 7 85 44 75 82 70 16 90 69 25 4 29 12 11 95 35 5 80 31 78 43 88 58 53 57 92 79 51 68 72 3 98 37 81 56 24 76 62 13 89 94 49 23 9 83 46 47 61 45 91 60 93 32 86 42 63 33 10 18 20 64 74 41 17 1 100 2 6 19 54 14 71 27 21 77 8 84 97 36
85 83 80 79 78 84 82 77 76 75 81 74 73 71 72 69 70 68 66 65 61 67 64 63 62 59 60 58 56 57 54 55 53 52 51 50 48 49 45 46 44 42 43 41 47 39 40 37 38 36 35 28 29 27 33 32 31 26 25 24 30 23 22 20 21 19 18 17 34 16 15 14 11 10 9 8 7 13 12 6 5 4 3 2 1
78 32 29 19 28 36 98 83 65 12 21 33 84 10 1 26 43 25 90 71 37 73 22 30 88 85 74 53 86 8 7 69 35 2 44 66 34 20 23 41 67 70 62 93 59 57 47 77 3 9 6 55 91 58 79 80 46 89 39 60 95 4 24 38 97 61 100 50 75 72 17 52 81 31 82 87 11 51 54 18 14 45 13 27 40 49 56 48 63 76 96 92 5 42 94 15 68 99 16 64
99 98 96 95 93 92 91 89 88 86 80 73 71 59 52 49 47 46 97 54 76 45 43 40 64 55 39 37 87 79 36 38 94 35 33 31 30 29 26 24 23 22 50 77 34 81 78 90 68 19 85 18 84 61 28 17 16 44 15 14 69 13 11 12 62 70 10 57 65 67 9 8 74 20 25 60 75 42 7 82 51 56 83 63 5 66 32 21 4 41 3 72 2 27 53 1 48 6 58
1 2 3 4 5 6
79 74 18 50 53 89 11 93 68 48 60 63 47 2 51 71 26 88 9 97 76 43 7 46 85 81 33 35 54 64 27 4 65 29 57 1 44 15 58 95 49 16 91 36 96 56 77 21 83 55 67 90 69 34 98 32 23 52 13 28 41 17 70 3 94 92 75 25 10 5 45 72 19 38 37 82 30 6 84 20 73 31 12 100 22 8 59 99 39 80 42 40 87 61 14 86 62 66 24 78
39 37 35 32 31 30 27 23 22 36 38 21 20 19 18 17 11 10 9 33 34 8 15 14 12 7 16 6 25 26 40 5 13 24 4 3 2 29 28 1
100 99 98 97 96 95 94 93 92 91 90 89 88 87 86 85 84 83 82 80 79 78 77 76 75 74 73 72 70 69 68 67 66 65 64 63 62 61 60 59 58 57 56 55 54 53 52 51 50 49 48 47 46 45 44 43 42 41 40 39 38 37 36 35 34 33 32 31 30 29 28 27 26 25 24 23 22 21 20 19 18 17 16 15 14 13 12 11 10 9 8 7 6 5 4 3 2 1 81 71
