45 46 34 13 62 24 95 27 18 83 41 36 29 89 1 52 79 31 73 77 33 49 61 60 26 80 9 64 82 94 67 90 19 38 100 98 66 7 81 40 12 84 99 5 91 21 63 28 32 72 76 16 78 55 4 86 23 93 65 96 42 56 3 37 15 25 11 14 70 8 30 47 68 43 53 75 39 6 85 10 2 20 35 59 74 17 69 97 22 88 51 44 92 58 87 71 50 48 57 54
63 50 31 68 29 45 41 56 13 15 59 53 48 86 72 62 38 73 87 30 60 88 74 100 71 92 82 61 76 94 78 97 99 91 77 85 93 3 2 1 17 19 11 6 7 35 8 20 44 23 51 90 22 12 47 89 96 66 95 98 14 46 21 70 69 39 33 40 81 75 4 18 25 28 43 83 32 24 36 54 37 57 16 27 34 64 65 80 79 5 10 52 55 58 9 42 49 67 84 26
100 95 71 73 67 42 75 46 85 60 97 66 20 49 56 1 55 36 28 74 40 43 98 78 83 54 32 76 4 77 91 81 31 51 25 48 15 87 65 16 17 38 84 44 22 57 5 6 96 99 89 50 52 27 10 79 39 64 53 88 62 70 3 34 47 14 24 12 86 35 45 21 8 41 90 19 92 2 13 68 82 37 33 58 29 93 94 59 26 80 9 18 72 11 30 7 61 69 23 63
96 95 94 91 87 85 74 71 63 58 55 53 52 66 61 84 49 46 83 44 34 32 28 27 26 37 67 21 93 51 18 70 14 56 23 35 97 48 36 68 50 30 47 89 77 64 31 20 76 38 13 19 42 12 11 62 10 57 24 25 22 81 41 8 7 45 86 80 75 16 40 29 43 82 39 6 9 65 54 5 4 88 3 59 92 73 90 1 78 33 79 69 15 2 72 60 17
20 19 17 16 11 14 13 18 15 12 10 8 9 7 6 5 3 1 4 2
81 69 38 90 64 93 5 34 12 97 77 71 35 80 57 20 63 42 87 79 83 68 41 7 51 49 33 99 98 65 58 78 13 75 8 37 46 26 43 53 31 32 84 1 91 10 61 4 60 55 30 23 17 16 73 25 47 96 67 50 44 76 27 24 95 70 21 94 54 74 72 85 52 14 39 2 59 88 86 100 22 45 6 92 89 28 82 62 3 56 15 19 9 29 40 36 48 11 66 18
74 11 10 9 8 7 5 4 3 2 12 100 99 98 97 96 95 94 93 92 91 90 89 88 87 86 85 84 83 82 81 80 79 78 77 76 75 73 72 71 70 69 68 67 66 65 64 63 62 61 60 59 58 57 56 55 54 53 52 51 50 49 48 47 46 45 44 43 42 41 40 39 38 37 36 35 34 33 32 31 30 29 28 27 26 25 24 23 22 21 20 19 18 17 16 15 14 13 1 6
100 93 92 87 84 82 88 69 68 65 78 60 46 41 35 36 47 58 34 32 30 71 27 90 49 40 37 43 50 25 18 67 17 15 28 9 57 16 33 8 77 7 6 5 31 83 19 70 98 3 55 22 91 85 10 48 61 81 79 23 24 63 21 45 96 20 95 66 26 64 97 54 4 80 13 74 56 86 53 73 76 72 59 89 14 42 44 12 52 99 94 62 11 38 39 51 29 75 2 1
99 90 88 87 85 80 79 97 78 74 73 93 72 86 71 69 65 63 82 62 58 56 55 54 51 50 49 45 44 39 34 94 31 76 30 77 67 28 27 47 42 33 26 25 21 19 17 60 43 16 29 37 92 57 89 15 46 53 14 24 61 96 98 81 40 48 32 95 66 11 23 83 22 10 9 8 70 7 6 59 5 84 13 12 4 68 20 3 64 18 75 38 52 36 41 91 1 35 2
9 43 8 7 31 1 45 57 50 3 19 51 30 21 44 16 41 6 28 35 82 62 46 18 32 58 38 87 49 27 14 37 76 36 79 94 74 13 72 11 53 4 81 17 55 48 25 39 20 56 12 34 23 88 96 85 5 65 71 59 84 70 29 47 69 52 26 89 77 2 97 64 42 86 33 75 90 91 99 10 15 24 22 40 61 54 60 66 78 80 63 83 67 68 73 93 92 98 100 95
82 52 40 19 17 12 10 62 54 7 76 63 41 38 21 70 30 4 1 69 16 14 5 50 33 28 47 39 3 88 49 35 74 53 91 46 79 44 84 34 8 71 81 55 37 23 32 78 89 72 36 26 9 61 6 60 43 11 24 51 93 85 73 59 57 95 77 27 48 31 65 29 25 100 99 42 20 66 13 97 86 58 56 22 2 98 90 64 18 75 15 80 45 68 96 94 92 83 67 87
61 80 53 47 22 3 18 38 79 94 7 5 42 6 95 98 75 73 69 50 59 33 46 23 60 41 44 19 24 20 14 62 28 74 11 29 99 52 26 70 1 97 49 48 77 36 30 57 92 15 39 96 55 32 58 67 65 76 45 88 13 71 31 9 12 34 83 51 25 90 63 8 87 91 82 17 84 21 72 37 66 93 16 81 40 89 54 10 2 64 85 43 27 100 4 35 86 68 56 78
100 98 91 80 86 64 84 59 57 47 38 37 13 73 89 45 50 11 96 87 17 14 95 81 51 20 70 49 39 9 4 53 78 21 26 24 83 61 36 52 75 92 69 68 23 40 55 2 19 71 27 5 67 88 60 54 30 35 22 62 25 56 16 97 10 7 76 1 90 43 48 94 8 85 74 33 3 77 93 44 32 42 63 58 18 12 29 82 66 65 31 15 72 6 46 34 41 79 28 99
60 87 80 82 26 67 74 58 44 93 100 49 90 92 18 9 78 11 71 34 31 20 5 48 97 62 53 29 70 89 22 43 25 6 19 79 98 83 64 10 55 84 8 66 41 69 2 33 28 59 15 94 56 12 27 3 4 45 1 38 35 17 72 47 51 81 13 40 65 32 7 39 91 14 23 16 24 50 63 57 21 37 73 30 36 75 85 46 76 42 99 86 54 52 95 88 68 77 96 61
95 94 93 92 91 85 88 86 87 89 90 84 83 78 80 79 81 82 75 77 76 71 72 73 74 70 69 65 64 67 68 66 63 62 61 57 58 59 60 56 55 52 53 54 51 50 49 48 47 43 46 44 45 42 41 37 38 36 39 40 34 31 32 33 35 30 29 27 24 25 26 28 23 22 21 20 18 19 15 16 17 14 13 8 10 11 12 9 7 6 2 1 4 5 3
100 99 96 90 86 83 82 79 77 95 72 71 89 68 62 58 52 50 48 93 41 39 64 94 34 54 33 32 22 21 18 60 27 17 16 15 78 81 43 49 29 92 35 36 56 53 70 75 13 61 12 11 10 7 55 59 6 14 76 23 91 65 63 28 38 9 24 5 19 73 4 20 3 45 66 88 46 8 42 87 25 31 74 2 1 30 69 44 51 26 80 84 98 40 47 85 97 57 37 67
9 89 6 4 92 71 97 18 2 7 87 70 60 73 25 22 45 100 99 36 40 75 57 48 98 21 13 1 43 67 32 81 77 66 54 10 5 39 56 49 72 35 58 38 24 12 30 61 27 28 64 88 83 23 86 80 20 74 65 96 52 15 91 82 69 55 16 31 46 63 26 68 34 76 33 51 11 94 53 95 78 85 84 42 90 8 62 50 3 37 14 41 47 44 93 59 29 79 19 17
1 3 5 4 2 7 6
91 83 30 41 7 54 39 47 28 6 94 4 69 45 71 92 70 42 18 29 76 95 59 73 36 33 66 16 12 20 72 68 34 17 56 97 87 90 31 62 96 46 77 27 9 52 80 49 98 63 22 3 82 53 64 5 74 51 75 84 35 40 23 13 15 14 2 24 44 32 85 43 11 1 25 93 88 60 86 57 89 26 8 50 21 10 65 48 67 37 55 81 19 61 38 100 99 79 58 78
14 9 17 15 30 54 20 60 39 72 85 46 67 92 69 78 95 61 5 57 45 50 31 36 16 70 68 62 8 79 96 75 2 86 59 19 83 47 87 25 12 6 77 34 51 35 27 80 53 66 48 58 10 94 93 91 64 88 52 65 26 89 28 22 97 90 18 76 38 74 32 7 42 73 49 43 33 11 37 71 4 82 63 44 23 84 56 81 100 55 98 13 99 3 1 40 21 41 29 24
25 75 23 90 46 66 68 60 54 34 78 44 74 100 58 21 77 50 76 81 61 2 4 94 70 20 62 73 47 32 71 53 19 5 36 12 91 52 80 57 18 69 55 92 51 29 93 43 10 14 86 28 31 41 33 27 11 72 45 22 98 65 6 35 37 59 99 16 83 56 95 87 30 85 17 84 7 38 64 49 42 97 63 88 40 79 13 82 24 48 39 96 15 9 26 1 8 89 67 3
37 88 53 27 83 96 56 48 72 55 9 30 79 90 68 45 71 1 82 63 28 42 81 60 33 15 84 58 49 29 21 25 16 80 100 54 31 11 62 20 18 52 39 97 50 24 22 38 47 41 12 10 98 93 70 99 87 5 92 46 89 75 3 13 77 6 36 57 73 59 19 91 69 85 26 66 23 86 51 4 40 61 8 2 35 94 76 43 64 17 14 78 44 74 65 34 67 95 32 7
95 94 92 79 74 69 66 58 97 56 55 98 54 53 49 44 82 40 41 36 64 35 60 87 34 32 30 29 50 28 26 24 59 68 20 90 99 18 15 93 21 80 14 10 12 8 86 42 16 11 13 7 71 6 5 78 96 4 3 52 2 70 85 89 77 73 67 62 65 63 61 57 81 47 43 72 46 39 37 33 31 48 88 27 23 100 51 84 19 38 17 9 22 83 76 91 45 1 75 25
51 31 16 99 12 53 13 42 37 7 90 2 74 29 81 67 14 19 77 61 36 86 100 40 47 78 49 70 71 59 30 57 76 66 11 35 52 48 89 44 38 92 60 63 65 23 17 95 58 10 8 69 6 32 5 75 21 54 80 83 56 97 22 62 45 27 50 43 18 73 39 3 25 20 87 82 79 98 55 93 15 96 4 28 68 9 1 84 85 72 88 26 33 64 34 46 41 24 91 94
92 8 76 44 69 5 62 43 88 15 64 60 95 9 79 42 51 41 11 78 90 65 35 82 55 75 33 14 50 16 37 31 100 54 6 3 46 22 68 63 59 97 13 61 45 21 98 25 40 52 71 19 39 53 70 74 84 38 30 94 93 26 49 66 96 48 47 34 10 99 85 57 36 83 1 23 67 18 24 7 86 91 27 89 58 28 56 81 80 77 73 4 87 17 12 20 2 32 29 72
90 86 77 64 61 42 7 54 3 68 76 58 63 33 82 13 8 49 55 53 84 30 40 47 16 20 25 22 95 34 11 37 83 66 91 62 81 94 70 6 60 56 69 50 88 5 52 4 1 71 46 31 9 85 93 12 92 43 73 51 29 41 38 72 96 39 35 18 21 97 19 23 57 67 48 17 36 26 65 79 45 44 74 28 27 14 99 87 98 59 89 75 80 10 24 32 2 15 78
94 91 86 90 80 76 75 100 74 73 98 72 71 69 64 62 60 57 78 54 50 48 85 43 41 39 59 52 38 35 34 44 27 22 51 95 45 21 55 61 31 18 16 13 68 49 96 89 83 28 32 63 56 24 33 10 87 99 82 11 42 8 53 30 25 20 7 6 23 46 65 37 88 58 15 5 12 4 66 3 84 2 40 9 26 1 93 47 17 14 19 77 70 36 67 29 97 92 79 81
69 38 50 30 82 62 61 49 4 85 67 9 52 29 72 59 27 75 94 39 81 19 45 77 64 88 8 28 32 7 35 20 46 42 87 47 83 90 89 3 95 65 37 99 86 98 31 21 57 18 34 60 79 48 63 54 17 71 44 58 25 5 11 24 56 80 15 74 41 92 55 78 36 40 2 12 97 14 73 93 70 6 26 68 23 66 100 1 13 22 33 53 51 84 91 76 43 96 16 10
100 99 98 88 84 81 78 77 71 67 95 66 62 59 55 94 50 45 44 31 28 79 24 38 20 13 11 51 56 80 83 32 93 29 60 26 34 27 90 58 40 35 10 70 8 22 42 87 46 23 69 64 53 52 92 68 73 37 48 54 82 41 7 91 47 19 72 6 21 96 16 12 89 33 43 57 5 2 86 14 75 63 49 15 18 3 74 39 61 36 97 65 85 25 9 4 1 76 17 30
74 67 33 64 16 69 9 66 42 78 11 41 43 34 30 50 62 39 54 87 37 71 72 94 24 47 76 53 46 3 61 17 91 63 70 44 8 12 75 57 15 97 65 21 84 58 93 80 6 77 79 100 81 1 83 31 23 89 88 55 95 68 59 7 86 18 60 29 14 10 49 82 26 20 40 45 38 96 99 85 51 5 56 52 36 32 2 35 48 90 22 4 92 25 19 98 27 13 28 73
85 77 66 60 41 79 74 37 29 39 53 28 80 71 78 17 15 14 9 56 7 86 4 57 40 22 13 62 54 12 3 26 65 83 30 2 70 81 76 46 1 68 42 35 18 75 58 16 87 52 82 11 73 72 63 61 50 64 10 67 47 20 8 27 25 23 32 24 55 51 45 69 43 33 21 6 36 49 5 84 59 19 44 38 31 34 48
97 96 95 89 82 69 58 56 53 49 81 76 74 72 70 62 61 60 59 52 51 48 46 45 44 42 40 39 35 34 63 32 31 29 27 88 19 99 98 91 36 79 78 21 67 87 28 65 55 54 41 37 33 26 24 23 22 18 17 16 15 12 11 8 7 5 2 1 90 13 57 64 94 30 85 47 77 84 93 10 86 83 80 75 14 20 25 43 92 73 38 9 71 100 6 4 66 68 3 50
60 43 30 25 15 49 33 9 11 26 13 37 65 42 18 27 7 3 46 47 39 5 58 38 29 48 19 1 14 62 41 23 52 32 20 6 35 24 17 10 50 2 36 12 4 34 63 59 64 55 44 22 54 57 56 16 53 21 8 31 28 45 40 61 51
88 76 14 9 78 24 93 43 69 5 19 70 10 74 33 92 55 81 40 100 26 48 13 95 59 18 25 42 29 82 72 47 64 32 39 71 65 89 34 7 99 38 6 77 41 85 60 97 36 53 1 75 8 52 31 83 79 96 16 67 86 23 94 46 22 49 15 98 2 90 57 35 37 21 68 66 20 62 45 51 63 50 54 84 3 30 27 12 73 56 91 61 44 28 11 17 58 4 80 87
97 92 51 47 68 13 70 32 28 14 93 33 12 5 84 95 37 30 67 50 98 44 38 88 26 19 77 49 7 90 25 61 18 2 81 15 83 35 24 57 17 66 3 79 58 56 27 78 53 29 1 41 86 80 59 45 22 75 36 40 82 62 85 99 43 20 72 39 94 96 87 76 4 34 91 9 21 55 31 69 52 16 11 63 48 8 10 89 42 54 60 64 73 46 23 74 6 65 71
55 89 32 61 48 22 91 66 74 63 45 94 83 57 8 76 54 20 27 24 7 93 90 43 69 96 59 56 81 17 79 73 34 4 75 77 9 85 49 35 33 70 95 67 65 47 62 25 23 18 37 15 19 1 71 2 30 40 36 80 3 78 11 72 86 10 100 53 41 29 31 84 5 82 64 87 6 12 88 21 50 60 51 39 42 97 16 68 28 13 99 52 46 14 58 98 38 44 92 26
100 99 97 94 93 92 98 88 84 83 82 81 78 76 74 73 70 68 67 66 65 63 62 60 75 59 56 55 54 50 49 80 47 45 42 61 34 33 32 31 30 52 28 26 25 22 29 53 40 72 21 86 18 17 23 16 15 14 13 12 11 20 51 46 69 77 10 48 85 87 36 35 96 39 38 43 9 8 57 91 7 44 27 79 41 64 6 19 4 90 2 24 95 5 3 58 71 37 89 1
100 99 98 95 92 86 89 85 84 80 78 71 82 68 66 65 63 59 58 76 55 52 79 49 83 45 44 39 69 74 43 75 38 41 35 32 48 56 54 50 34 31 60 42 30 26 24 23 93 33 22 62 28 57 40 91 67 97 27 21 19 47 18 17 88 53 15 14 20 13 12 87 25 10 51 9 8 37 61 29 6 36 11 4 16 72 70 7 3 5 2 64 94 46 77 81 90 73 1 96
65 86 78 85 45 95 35 18 17 15 13 6 82 2 14 100 91 77 75 68 51 50 48 37 26 16 4 94 76 38 32 97 19 34 5 23 31 62 96 92 89 88 81 79 71 67 64 93 61 87 58 56 55 47 44 43 41 80 25 12 74 11 10 59 3 39 1 63 90 60 53 49 40 24 21 8 42 52 99 98 83 73 72 70 69 57 54 46 36 33 30 29 84 28 22 20 9 7 66 27
21 5 4 3 2 1 8 7 6 10 15 14 13 12 11 16 20 19 18 17 24 23 22 25 9
100 99 98 97 96 95 94 93 92 24 23 18 17 16 15 14 13 74 26 12 11 10 9 8 7 6 5 75 34 4 3 2 1 59 49 48 37 22 31 87 83 58 47 89 86 55 32 21 19 28 79 20 40 33 38 62 25 81 63 51 88 46 44 64 61 76 43 72 52 68 67 27 30 85 35 45 42 39 84 57 41 29 36 91 71 60 66 78 50 90 53 73 65 70 80 54 56 77 82 69
2 6 25 24 1 22 18 20 14 12 10 9 23 8 7 17 13 4 15 11 16 26 19 21 3 5
22 96 68 40 55 46 6 66 10 62 26 90 70 89 63 52 1 7 2 83 27 67 60 33 95 64 20 71 12 30 39 43 59 36 86 76 41 54 37 16 91 72 93 58 29 69 51 3 56 18 34 21 42 11 84 19 80 79 50 28 87 23 82 38 53 44 14 74 85 75 92 17 15 61 32 94 97 77 88 57 13 4 9 48 8 81 49 31 73 35 25 78 65 5 47 45 24
72 70 71 68 69 66 62 63 64 65 67 58 59 61 60 57 56 53 55 54 50 51 52 46 47 48 49 44 45 39 40 41 43 42 36 34 35 27 28 29 31 32 33 30 37 38 26 24 22 23 25 16 17 19 20 21 18 15 10 11 13 14 12 8 9 6 2 3 4 5 7 1
20 76 28 64 74 83 34 88 69 71 54 65 61 50 30 26 53 32 73 82 45 25 77 23 46 56 14 1 43 79 48 52 72 21 27 16 9 75 80 19 24 70 55 29 41 11 60 89 51 40 31 17 81 18 47 49 4 3 2 58 57 35 37 86 22 42 5 66 67 62 15 36 78 87 8 12 38 39 84 13 33 85 90 7 59 10 68 44 63 6
89 75 34 60 8 24 78 41 26 30 15 13 50 31 85 35 47 20 64 68 56 2 77 95 53 51 40 32 14 19 21 100 96 80 61 36 29 38 33 65 82 48 81 55 18 97 83 63 92 43 22 28 11 71 7 74 57 54 86 72 5 87 98 62 91 93 79 99 12 46 45 16 73 94 23 59 67 6 25 9 88 39 52 70 17 4 76 10 90 49 27 69 84 44 58 42 66 3 37 1
82 63 53 24 17 62 71 45 32 89 31 7 41 84 68 78 13 39 6 16 69 74 26 44 87 92 34 64 75 11 43 36 4 93 60 98 35 30 58 54 28 73 14 61 59 27 10 57 86 19 77 55 29 42 72 2 9 15 46 22 66 83 100 76 3 33 70 52 18 38 99 67 97 94 56 47 50 65 90 40 49 91 48 25 51 80 37 23 21 20 79 5 12 95 81 96 85 8 88 1
85 57 42 19 97 88 55 65 46 49 29 62 90 14 9 73 36 72 84 59 61 7 92 33 56 67 34 21 41 2 81 68 23 1 69 53 79 8 37 80 60 96 91 74 76 15 24 3 10 86 98 22 13 6 20 77 25 16 43 87 32 40 83 94 64 38 26 39 51 17 47 5 48 93 35 66 11 89 99 44 75 95 27 58 78 28 54 31 71 18 4 50 100 45 30 12 82 70 63 52
51 29 64 31 69 92 95 9 88 83 48 32 10 17 1 16 66 19 98 14 91 55 27 84 86 54 80 42 6 11 76 40 26 49 56 36 41 100 18 3 23 35 43 67 85 8 21 38 96 7 70 97 20 72 87 13 39 47 37 63 57 45 78 52 81 68 50 33 73 46 77 82 61 59 79 15 99 24 12 2 94 65 44 71 22 90 28 60 89 25 58 4 74 53 34 30 5 93 75 62
90 75 51 6 83 31 59 22 9 38 5 63 65 50 92 79 77 16 17 100 19 49 14 93 69 8 96 91 62 52 1 82 60 72 64 55 67 15 32 30 36 24 78 37 23 68 2 57 54 94 88 7 35 48 95 80 4 43 11 97 87 41 20 86 58 89 25 40 18 74 27 44 73 26 34 66 12 61 46 85 45 3 33 47 98 56 76 99 13 81 10 53 71 42 39 29 21 28 84 70
