57 19 16 93 34 65 44 47 8 90 67 68 26 17 23 30 95 54 58 28 60 3 35 85 1 37 89 72 75 21 87 27 64 14 36 53 40 43 31 96 46 86 62 20 10 12 76 79 91 32 49 6 2 98 82 52 5 39 97 99 42 4 77 33 13 56 11 94 9 81 71 84 25 59 22 41 66 80 61 73 48 50 74 24 100 18 45 83 38 88 78 51 63 7 29 92 15 69 55 70
6 31 47 91 85 56 52 1 32 86 22 19 53 98 75 7 42 77 41 90 78 58 14 74 63 18 28 81 60 54 80 33 2 30 55 95 66 44 46 38 51 96 49 35 93 50 40 65 36 4 69 82 10 9 43 76 89 97 68 87 99 20 3 62 83 67 79 70 92 23 61 17 15 8 59 64 48 57 84 37 26 16 39 94 27 11 5 73 45 29 13 24 100 71 21 12 34 72 88 25
5 91 45 11 55 49 75 70 79 93 92 65 74 72 68 62 57 56 89 22 71 69 81 59 50 6 24 51 29 66 88 28 18 64 82 34 54 13 4 96 52 86 14 94 43 20 36 90 19 76 32 100 87 67 21 61 26 84 83 37 63 80 27 31 25 39 35 53 15 44 78 1 99 46 77 85 60 48 97 23 10 8 33 38 58 73 41 9 7 40 95 30 17 47 12 3 2 16 98 42
94 86 97 77 69 85 60 37 21 40 61 32 51 9 3 47 54 25 8 30 55 15 62 64 83 99 93 87 91 56 35 22 12 2 71 80 28 48 98 41 38 14 95 45 79 74 100 75 68 66 39 82 59 36 33 13 58 5 90 72 89 76 46 1 29 23 31 67 26 52 73 57 27 19 44 4 16 88 6 65 24 50 53 42 34 63 81 7 84 96 92 20 18 49 78 43 10 70 11 17
17 83 78 22 65 19 94 100 92 44 7 70 34 51 13 80 27 62 8 6 79 74 11 43 67 57 88 28 96 93 76 54 18 87 55 1 69 53 50 85 41 42 32 81 29 89 24 14 84 64 33 23 63 75 48 61 56 66 98 72 12 71 77 31 58 5 26 36 52 47 40 59 20 73 95 46 25 91 82 15 3 37 21 16 68 97 39 99 60 49 45 90 2 35 9 86 10 30 4 38
91 83 12 65 81 63 89 95 45 16 22 48 67 41 18 46 61 72 53 70 42 33 76 31 11 24 8 78 55 87 54 37 28 56 25 7 14 88 51 38 62 30 74 69 43 97 5 84 77 23 19 86 93 85 32 29 79 90 98 57 71 50 20 17 9 15 35 75 47 34 2 82 13 4 80 73 39 64 92 52 68 94 40 3 49 58 1 44 36 21 6 96 60 26 99 66 27 59 10
7 4 5 6 3 2 1
26 12 65 60 43 42 29 47 50 80 40 52 86 62 46 61 4 54 25 97 87 35 73 30 76 20 64 15 63 84 24 79 99 98 92 96 22 44 58 28 78 71 16 41 3 19 9 88 37 33 21 53 6 31 74 83 34 69 10 7 11 82 57 77 14 70 27 32 100 94 23 5 66 81 38 49 93 48 17 1 85 18 90 95 91 75 59 2 56 8 36 72 89 67 55 39 45 51 68 13
1 2 3 4 5 6 7 8 9 10 11 12 13 14 15 16 17 18 19 20 21 22 23 24 25 26 27 28 29 30 31 32 33 34 35 36 37 38 39 40 41 42 43 44 45 46 47 48 49 50 51 52 53 54 55 56 57 58 59 60 61 62 63 64 65 66 67 68 69 70 71 72 73 74 75 76 77 78 79 80 81 82 83 84 85 86 87 88 89 90 91 92 93 94 95 96 97 98 99 100
37 36 31 32 29 38 39 40 28 33 34 35 30 27 22 23 24 25 20 17 18 19 14 15 16 12 9 10 11 8 5 6 7 1 26 21 13 2 3 4
1 2 3 4 5 6 7 8 9 10 11 12 13 14 15 16 17 18 19 20 21 22 23 24 25 26 27 28 29 30 31 32 33 34 35 36 37 38 39 40 41 42 43 44 45 46 47 48 49 50 51 52 53 54
8 47 91 13 37 84 1 80 50 43 78 18 35 19 77 76 56 65 100 72 69 53 59 27 21 11 63 58 52 60 5 90 33 24 39 12 9 48 28 14 89 31 41 93 51 70 73 96 23 3 57 74 17 2 87 38 4 99 30 6 25 20 26 55 66 88 67 98 22 94 86 95 92 97 61 49 7 82 79 85 36 29 71 64 62 16 32 42 15 54 81 68 10 83 44 75 40 46 45 34
98 91 90 89 88 86 85 81 73 65 64 63 54 53 52 59 51 49 46 70 40 37 33 29 26 22 19 17 78 16 82 47 96 61 62 55 48 74 15 38 13 32 30 27 57 95 21 11 10 9 28 23 50 18 77 35 71 84 100 66 87 58 25 67 12 93 69 75 99 41 97 8 7 6 4 76 31 60 56 83 14 43 3 72 42 36 80 20 45 39 5 2 92 79 44 34 1 24 68 94
79 27 24 2 32 87 16 14 88 90 72 76 47 75 37 96 5 65 10 8 50 66 98 25 78 18 35 94 36 52 80 61 85 42 11 54 49 29 93 51 48 33 15 39 3 28 22 57 12 62 9 43 92 58 30 100 6 19 86 83 41 99 64 46 55 69 77 95 81 40 67 4 1 31 23 53 17 26 60 84 13 45 70 34 7 56 68 38 97 63 91 74 20 73 59 82 21 71 89 44
98 91 81 18 58 75 12 61 34 78 10 27 55 44 77 93 46 14 71 70 3 76 29 89 21 42 1 20 16 23 38 30 9 40 97 17 31 62 59 36 50 84 86 25 41 64 68 65 95 87 99 63 35 85 52 26 13 73 69 5 22 49 79 43 45 15 74 90 67 82 8 2 32 96 51 39 88 54 6 66 60 100 19 11 7 28 4 37 83 24 57 72 92 80 56 94 48 47 53 33
99 97 98 96 94 92 93 91 95 100 89 87 88 86 84 82 83 81 85 90 79 77 78 76 74 72 73 71 75 80 69 67 68 66 64 62 63 61 65 70 59 57 58 56 54 52 53 51 55 60 49 47 48 46 44 42 43 41 45 50 39 37 38 36 34 32 33 31 35 40 29 27 28 26 24 22 23 21 25 30 19 17 18 16 14 12 13 11 15 20 9 7 8 6 4 2 3 1 5 10
46 37 35 33 32 28 20 48 12 17 16 47 41 40 10 9 49 26 13 6 4 3 15 24 42 7 1 30 31 25 14 22 50 34 8 18 5 44 29 19 36 38 43 21 2 39 27 23 11 45
90 44 23 89 54 5 82 77 63 100 61 13 3 22 84 12 88 34 8 33 95 76 92 26 16 80 81 62 40 17 67 11 58 98 70 14 53 4 10 93 27 52 96 86 28 32 29 85 56 64 36 24 60 15 43 65 94 35 83 87 49 71 48 7 21 1 38 31 75 79 68 50 55 46 59 45 39 51 99 41 18 2 66 6 74 37 57 91 19 97 42 30 25 78 73 72 47 20 9 69
73 71 62 16 35 52 17 47 77 38 51 53 1 59 36 9 2 7 85 100 92 89 48 70 34 26 3 54 23 93 39 81 66 64 99 86 13 61 49 40 79 69 11 74 12 55 72 32 82 96 90 30 80 19 67 78 76 68 65 46 95 24 31 56 5 84 91 58 88 87 44 6 94 25 4 60 15 22 18 10 45 8 50 29 75 63 14 20 42 41 43 28 98 27 57 37 21 33 83 97
44 26 18 13 11 39 41 29 50 2 28 8 47 49 25 38 33 3 30 16 12 1 27 6 32 24 43 10 9 35 15 14 36 21 19 34 40 17 23 46 22 31 4 20 37 45 48 7 5 42
64 50 43 40 42 34 33 29 28 25 26 58 59 57 23 55 22 20 21 52 18 12 16 48 56 10 14 30 31 11 7 8 24 32 15 5 6 37 53 54 36 38 44 46 45 60 62 61 1 17 49 3 35 39 47 63 51 4 19 27 2 9 13 41
1 5 2 4 3
96 42 91 17 16 46 86 78 40 19 81 18 30 89 38 9 56 100 67 33 23 77 54 85 28 44 27 20 39 26 24 75 72 57 62 84 13 1 22 11 99 2 8 97 59 83 43 14 7 29 45 4 41 36 68 37 6 47 32 61 34 49 80 87 82 64 66 15 21 3 95 98 70 53 25 52 69 65 92 55 60 76 88 48 12 74 90 71 35 73 31 5 79 63 93 50 58 94 51 10
70 48 59 25 99 94 33 11 73 62 21 6 90 22 80 16 54 92 97 52 37 51 32 43 63 67 14 96 69 47 29 20 50 100 61 87 26 86 36 57 15 71 34 72 74 79 7 9 46 42 30 98 95 76 10 23 8 77 66 85 58 4 1 24 64 39 83 35 53 31 68 41 91 28 18 78 75 56 44 19 12 3 60 84 81 49 2 5 17 38 40 55 27 93 82 13 89 45 88 65
27 21 77 8 92 17 35 5 89 23 81 45 16 73 30 41 74 53 48 33 39 57 9 98 65 95 86 40 6 61 38 12 78 22 2 58 84 64 26 49 36 62 28 75 31 46 24 97 90 55 20 72 54 44 7 3 1 88 70 11 15 79 4 60 34 50 47 42 51 10 56 18 83 37 14 59 29 67 25 82 43 32 71 94 87 85 99 68 13 76 19 96 80 52 69 93 100 63 91 66
66 84 73 42 79 86 9 8 1 93 67 32 68 19 60 90 43 80 24 71 3 89 55 64 21 6 41 82 62 81 94 46 28 30 10 85 39 27 20 56 54 83 44 7 92 18 99 98 26 100 23 29 37 50 88 33 97 13 75 40 77 91 51 47 17 38 2 15 53 31 72 57 25 48 59 74 4 65 69 61 95 58 36 22 35 78 34 11 14 49 87 52 12 63 16 96 76 45 5 70
42 9 35 1 45 10 23 26 6 37 79 39 62 33 77 60 75 7 47 91 80 61 92 57 30 82 21 43 13 16 4 32 73 88 58 53 97 31 99 29 67 52 15 3 86 49 36 69 11 71 63 54 8 20 81 12 95 84 34 70 56 59 14 28 22 90 65 2 96 38 100 27 50 19 72 66 55 51 40 48 85 68 18 17 76 98 83 44 89 93 78 41 46 25 24 94 74 5 64 87
1 3 2 4 5
10 9 8 7 6 5 4 3 2 1 11 23 22 21 20 19 18 17 16 15 14 13 12
6 5 7 4 1 3 2
87 84 82 75 98 68 62 61 55 71 29 25 79 22 45 73 16 52 15 76 26 2 63 93 51 90 44 60 88 67 95 94 53 6 99 65 23 59 24 86 13 56 14 30 42 97 57 80 11 77 5 3 83 81 35 96 21 47 91 10 54 89 49 48 92 8 41 85 19 38 39 33 34 28 7 20 43 36 4 31 40 46 69 66 64 12 72 78 9 100 58 74 32 70 27 18 50 1 37 17
100 79 61 60 52 49 59 44 48 40 91 34 66 75 5 88 84 73 65 36 53 47 20 39 17 8 58 78 71 95 56 74 3 45 32 43 1 69 37 94 67 55 83 92 80 87 76 81 64 86 46 25 6 12 4 96 57 89 28 77 63 50 72 98 54 35 26 93 14 23 10 30 31 85 97 7 99 62 13 16 41 82 21 22 11 51 18 9 90 27 70 38 29 42 2 33 24 68 15 19
83 47 29 52 10 70 19 12 96 13 85 79 16 59 68 23 8 94 49 56 69 45 2 57 32 37 64 98 44 55 42 66 50 87 53 92 43 30 21 99 54 61 77 40 74 51 86 35 15 88 27 36 18 100 93 72 33 24 17 90 7 67 76 26 48 62 65 91 58 81 1 63 20 11 89 78 6 80 9 14 97 71 28 41 38 3 39 5 95 22 60 4 34 73 46 84 25 75 82 31
98 97 91 87 86 81 74 73 100 71 70 67 59 57 55 54 50 49 66 45 80 43 41 37 33 95 26 23 22 40 21 30 84 76 18 16 82 15 14 13 96 85 42 69 12 11 62 58 92 24 48 25 38 35 65 7 29 63 88 46 31 77 9 5 79 4 99 19 3 8 78 2 64 27 47 93 44 52 72 60 90 89 61 28 56 34 53 20 39 94 6 83 51 75 10 68 36 17 32 1
97 94 91 80 78 76 73 62 60 55 50 43 40 39 34 30 29 25 24 21 20 17 14 12 59 11 99 92 72 71 44 23 6 87 77 54 52 5 84 81 67 56 53 51 48 26 10 7 3 1 100 98 89 83 79 69 66 65 64 61 37 36 31 28 16 15 4 13 2 8 22 18 9 27 19 32 35 33 41 42 46 38 45 47 49 57 58 63 74 70 68 85 82 90 75 86 88 93 95 96
83 39 47 81 87 52 5 19 9 48 54 6 42 57 56 85 99 46 21 86 13 94 3 96 23 90 79 15 17 18 40 93 49 37 55 41 73 38 63 88 58 44 16 61 26 91 100 69 34 22 10 82 4 68 65 62 92 95 74 25 33 45 76 43 72 51 31 66 14 12 84 27 80 59 64 36 67 77 75 35 28 78 29 1 60 11 20 2 24 8 98 70 30 97 71 50 53 7 32 89
68 76 78 64 59 65 71 72 77 54 56 69 53 52 50 47 49 43 32 30 58 28 46 37 35 27 21 74 73 15 16 12 66 11 36 8 31 22 5 55 1 14 10 18 26 2 45 40 44 34 13 19 4 39 3 41 60 51 33 23 81 80 75 79 62 70 61 48 42 57 63 9 24 38 29 20 25 7 6 67 17
90 77 14 31 66 85 5 36 33 53 59 46 51 83 75 48 56 71 20 3 81 99 22 24 13 95 96 49 42 79 73 70 2 35 23 63 28 44 40 17 58 97 18 50 68 8 16 43 37 9 41 98 62 34 47 84 67 74 27 80 52 6 57 78 26 19 4 87 1 11 91 38 86 64 76 61 21 100 60 55 65 7 82 30 12 94 92 25 15 29 45 88 54 72 32 89 39 93 69 10
5 8 4 1 10 2 7 6 3 9
44 15 45 2 76 93 6 7 11 60 4 9 96 52 14 63 8 12 48 24 33 74 21 79 50 98 78 62 25 27 18 68 84 99 66 49 46 59 43 53 71 38 22 69 34 89 77 3 39 82 58 47 64 28 87 86 61 51 23 54 20 35 97 55 17 67 70 31 10 57 91 85 37 65 41 56 94 32 16 75 13 36 81 100 1 83 95 88 40 72 5 30 42 92 29 26 90 73 80 19
19 16 11 18 13 6 8 9 20 4 7 17 5 2 3 1 14 10 12 15
84 83 79 78 76 75 74 71 72 70 81 67 65 77 64 63 58 69 56 57 55 52 66 51 46 47 60 61 45 59 44 41 40 38 39 36 37 35 34 32 33 53 31 29 30 27 24 25 26 23 22 21 50 17 49 14 48 62 28 73 12 13 10 5 68 82 3 54 2 1 15 16 6 7 8 9 11 18 4 80 85 42 43 19 20
88 78 86 47 7 2 93 65 23 87 15 92 19 97 34 9 21 77 1 57 8 12 50 100 89 73 37 14 44 95 61 25 35 48 28 26 3 46 41 66 84 56 76 39 74 36 59 53 4 94 31 75 82 62 27 30 91 13 58 45 20 98 99 55 17 67 79 80 10 54 63 43 5 60 29 71 72 32 49 68 52 90 22 16 24 11 69 40 38 83 51 64 42 85 81 96 18 70 33 6
46 45 40 41 42 37 38 39 36 35 34 31 32 28 30 29 43 44 25 48 26 22 24 23 19 20 21 17 18 14 13 15 12 10 11 8 27 9 7 6 33 4 5 3 47 2 1 16
7 8 3 9 5 6 4 1 2
100 99 98 97 96 95 94 93 92 91 90 89 88 87 86 85 84 83 82 81 80 79 78 77 76 75 74 73 72 71 70 69 68 67 66 65 64 63 62 61 60 59 58 57 56 55 54 53 52 51 50 49 48 47 46 45 44 43 42 41 40 39 38 37 36 35 34 33 32 31 30 29 28 27 26 25 24 23 22 21 20 19 18 17 16 15 14 13 12 11 10 9 8 7 6 5 4 3 2 1
97 87 100 85 84 74 73 80 65 62 69 47 46 34 31 28 26 58 59 23 20 17 76 72 15 89 82 52 56 51 13 9 8 91 6 93 77 41 7 49 38 5 39 44 95 33 50 78 36 11 35 4 88 94 40 25 24 75 2 1 30 16 98 86 12 70 42 67 19 37 92 63 60 90 68 57 32 99 83 27 79 81 53 48 22 71 61 45 21 43 29 64 10 66 54 3 18 14 96 55
73 2 11 99 27 19 64 93 62 55 95 53 57 3 4 52 84 72 97 47 1 89 56 44 61 90 26 68 13 79 94 25 6 70 65 98 41 88 38 24 33 34 10 21 48 60 32 76 74 16 18 7 92 40 12 87 77 91 81 63 39 58 23 75 86 71 17 83 37 43 15 80 96 66 22 36 59 69 82 9 51 28 46 45 78 30 54 42 67 49 8 14 29 35 85 31 20 5 50
80 70 62 57 56 44 29 100 67 38 8 75 1 52 39 7 83 89 37 21 86 47 66 28 23 98 90 77 71 13 31 17 63 34 10 24 4 3 45 2 60 27 53 87 76 59 61 69 79 32 54 81 25 9 19 93 48 73 22 64 11 74 30 68 88 95 15 72 65 92 40 50 42 55 82 6 5 49 94 51 43 18 41 85 97 36 33 78 46 58 16 35 84 12 20 91 96 26 14 99
76 75 74 73 71 72 70 69 67 68 66 65 64 62 61 63 60 57 58 59 54 55 56 53 52 49 50 51 48 47 46 45 42 43 44 41 40 37 38 39 36 33 34 35 30 32 31 29 25 26 27 28 24 22 19 20 18 17 16 14 12 10 9 6 7 8 5 4 23 21 1 13 15 11 2 3
