99 93 91 86 89 69 62 61 79 60 75 58 55 51 50 39 40 65 95 72 92 36 44 84 35 31 47 67 42 37 41 29 74 28 27 25 22 19 15 14 8 16 45 64 7 85 38 81 76 43 21 20 13 49 88 33 24 59 70 83 10 17 6 94 48 5 100 32 30 4 52 26 9 46 23 82 98 80 54 66 11 71 77 90 87 34 18 3 96 63 2 1 53 12 73 97 56 78 57 68
99 98 97 95 94 91 86 84 83 82 77 76 74 72 68 64 63 96 87 58 57 54 53 50 52 67 48 47 92 45 65 44 43 41 40 49 39 37 93 36 35 80 34 70 85 33 59 32 31 30 61 51 29 28 27 24 78 75 23 73 22 88 90 89 20 18 25 16 81 14 38 69 13 26 42 12 11 46 71 10 100 55 79 19 9 60 62 8 7 6 5 4 3 66 17 21 2 56 1 15
1 3 5 4 2
100 97 98 99 94 95 96 92 93 88 89 90 91 84 85 86 87 82 83 81 79 80 74 75 76 77 78 72 66 67 68 69 70 71 64 65 63 62 60 57 58 59 52 53 54 48 49 50 51 47 44 45 42 43 40 41 36 37 38 39 34 35 31 32 33 30 28 29 27 24 25 26 22 23 21 19 20 17 18 13 14 15 11 12 9 10 6 7 8 3 4 5 2 1 16 55 56 46 61 73
27 31 35 28 21 17 15 13 20 9 32 40 29 11 18 7 1 10 30 34 14 16 4 19 39 33 2 12 36 6 22 8 23 37 24 38 3 5 25 26
85 40 42 10 53 73 1 17 83 94 80 24 6 23 92 25 22 32 46 26 35 58 7 5 19 11 57 8 36 16 88 2 31 64 37 3 12 68 39 20 49 33 67 29 72 21 84 82 74 50 44 47 86 48 43 18 95 54 52 38 13 90 27 99 89 97 93 81 41 56 66 30 78 65 61 60 76 70 91 77 4 28 55 9 62 63 75 96 100 69 14 45 98 87 34 15 71 79 51 59
1 2 3 4 5 6 7 8 9 10 11 12 13 14 15 16 17 18 19 20 21 22 23 24 25 26 27 28 29 30 31 32 33 34 35 36 37 38 39 40 41 42 43 44 45 46 47 48 49 50 51 52 53 54 55 56 57 58 59 60 61 62 63 64 65 66 67 68 69 70 71 72 73 74 75 76 77 78 79 80 81 82 83 84 85 86 87 88 89 90 91 92 93 94 95 96 97 98 99 100
54 26 6 45 19 57 29 9 49 14 16 18 15 10 51 21 12 52 50 5 56 38 60 35 34 46 3 27 42 1 47 40 53 32 17 44 2 55 8 24 58 23 25 13 41 7 37 39 31 11 30 22 43 28 48 4 20 33 36 59
97 93 92 87 86 85 84 82 79 77 75 74 73 72 68 66 63 61 60 55 54 53 51 88 57 49 45 44 40 58 50 39 89 37 33 30 29 67 70 27 26 42 24 46 21 19 76 96 18 17 35 56 16 15 80 14 31 13 22 11 78 43 10 81 28 9 8 7 47 62 94 23 41 32 59 48 52 34 38 65 69 71 20 25 6 5 36 4 95 91 12 90 2 64 3 1 83
100 99 98 97 96 95 94 93 92 91 90 89 88 87 86 85 84 83 79 78 77 75 74 73 72 71 69 67 65 62 61 60 59 58 57 56 55 54 53 52 51 50 49 46 45 44 43 42 41 39 38 37 35 34 33 32 29 27 25 22 21 20 19 18 17 15 14 13 12 5 4 30 9 3 2 23 24 26 16 1 11 7 10 8 66 68 47 31 81 6 48 70 80 40 63 28 36 82 76 64
100 99 98 97 96 95 94 93 92 91 90 88 87 86 85 84 83 82 81 80 79 78 77 76 75 74 73 72 71 70 69 68 67 66 65 64 63 62 61 60 59 58 57 56 55 54 53 52 51 50 49 48 89 47 46 45 44 43 42 41 40 39 38 37 36 35 34 33 32 31 30 29 28 27 26 25 24 23 22 21 20 19 18 17 16 15 14 13 12 11 10 9 8 7 6 5 4 3 2 1
43 90 30 88 14 92 81 95 19 74 25 41 75 51 72 3 1 78 8 47 16 39 67 6 27 10 77 100 87 18 55 89 4 20 66 53 28 76 50 24 34 96 64 5 71 54 52 38 98 97 49 69 86 11 36 57 45 22 33 42 7 84 94 82 35 17 2 63 99 9 91 40 62 79 59 80 32 31 73 61 93 68 60 56 85 83 26 15 37 12 48 23 21 58 70 46 29 13 44 65
100 98 97 94 92 91 88 85 82 80 79 76 74 73 68 67 65 64 62 61 59 58 56 55 53 52 49 43 41 40 37 35 34 32 31 29 28 25 20 19 16 14 13 11 10 8 7 18 17 5 4 78 77 48 47 46 3 2 1 99 96 95 93 90 89 84 83 72 71 70 87 86 81 75 66 63 57 51 50 45 44 39 38 36 33 30 27 26 24 23 22 60 54 42 69 21 15 12 9 6
99 83 82 70 58 50 53 45 37 29 27 19 8 22 46 36 7 96 20 24 38 95 59 77 25 16 79 42 15 71 74 67 3 31 32 84 52 23 47 90 78 93 51 72 40 94 14 68 61 13 39 26 4 56 30 9 62 54 87 88 12 11 33 80 81 49 17 76 41 10 6 75 34 73 97 100 60 55 69 43 98 85 48 63 28 5 89 66 86 65 92 91 64 35 2 44 18 57 1 21
87 79 76 70 65 38 98 27 11 6 97 37 33 5 4 78 60 71 57 73 74 47 67 45 69 29 93 26 3 44 59 88 61 18 49 30 1 22 53 68 84 25 41 20 63 17 21 89 82 95 83 39 85 12 54 56 48 24 7 15 28 81 96 9 32 23 100 91 75 58 40 66 16 52 80 42 8 92 34 2 35 51 19 10 31 43 72 64 94 36 13 50 62 86 14 99 55 46 77 90
100 85 52 30 86 18 64 70 28 19 5 71 7 42 90 62 55 72 73 3 54 13 74 25 10 23 12 96 24 11 95 27 84 38 40 99 34 20 15 83 41 60 75 76 57 31 65 44 35 92 69 22 87 56 43 14 36 1 82 97 98 46 91 80 68 47 94 63 6 78 66 51 21 79 67 9 88 53 39 4 45 8 17 37 58 93 32 29 48 77 50 16 2 59 33 61 89 26 49 81
35 24 9 31 5 64 37 20 15 93 22 32 90 52 8 49 12 7 2 42 53 41 19 28 1 44 45 30 55 51 56 75 6 48 46 70 94 27 67 60 54 34 77 59 33 57 13 86 43 21 29 4 98 74 99 91 61 62 3 10 38 16 69 68 79 65 80 63 85 84 17 25 83 96 23 18 11 39 88 47 50 58 76 72 87 73 78 26 14 71 92 82 40 66 81 95 89 97 100 36
100 99 97 95 94 93 92 91 89 87 86 85 83 81 79 77 76 75 73 71 70 69 67 65 63 61 60 59 58 57 56 55 53 51 50 49 98 48 96 47 45 90 44 88 43 42 84 41 82 40 80 39 78 38 37 74 36 72 35 34 68 33 66 32 64 31 62 29 27 54 25 23 46 22 21 20 19 17 16 15 30 14 28 13 26 52 12 24 11 9 18 7 6 5 10 4 8 3 1 2
10 9 8 6 7 1 4 2 5 3
98 93 90 84 85 80 81 79 76 75 74 68 67 66 63 62 61 89 57 55 54 53 52 51 49 47 45 42 38 86 65 77 36 72 35 34 32 31 30 50 27 70 26 37 21 20 48 94 87 28 33 19 17 23 100 15 58 13 12 8 16 29 97 6 24 40 60 43 39 99 73 4 3 56 71 92 22 78 14 91 69 82 18 9 96 46 64 7 59 11 41 2 44 5 10 1 88 95 83 25
85 49 40 39 27 25 56 54 52 24 45 93 16 94 23 50 21 76 20 58 17 8 1 91 84 100 30 74 18 64 89 19 29 47 6 14 82 65 42 60 71 28 26 2 81 46 95 7 53 13 70 73 96 57 10 66 15 3 83 78 35 72 34 33 44 97 43 90 32 69 5 11 62 48 22 77 75 92 79 9 98 86 59 37 51 4 67 63 88 31 61 41 36 12 55 38 87 80 99 68
75 46 47 26 39 77 70 41 37 7 65 55 51 53 4 15 60 34 23 59 14 33 9 80 73 20 18 72 8 54 11 69 27 48 29 16 31 61 13 2 6 32 49 57 30 66 22 74 63 56 21 68 67 25 62 64 35 45 50 44 36 5 78 58 71 79 76 3 40 12 42 24 52 19 10 38 17 28 43 1
19 22 21 20 17 16 15 14 13 12 11 10 9 8 7 6 5 4 3 1 23 2 18
5 4 2 6 3 1
76 70 63 38 62 90 27 12 6 15 28 82 16 2 56 83 49 67 94 93 59 89 58 4 86 17 23 69 30 39 40 68 21 22 81 97 92 66 34 1 50 60 26 13 24 10 32 19 29 43 72 20 71 51 78 96 3 95 74 57 53 77 44 31 36 7 25 33 87 61 14 84 47 46 91 5 18 75 35 48 8 100 99 98 73 80 79 55 54 45 41 85 88 11 9 64 37 42 65 52
18 32 42 89 77 96 94 79 37 33 58 31 61 8 68 38 99 46 97 98 16 5 40 95 7 20 52 73 70 15 87 78 54 53 24 60 36 90 35 76 57 92 10 49 80 23 13 86 27 59 30 25 85 69 14 11 91 55 56 26 19 67 47 6 50 41 64 71 4 28 17 34 29 45 65 75 12 48 44 3 21 22 2 1 83 100 66 39 43 84 82 63 74 88 81 93 72 9 51 62
73 40 86 69 47 32 27 85 68 29 8 7 99 65 53 20 84 63 74 76 71 43 94 5 24 49 13 4 90 14 66 59 10 97 57 6 46 79 98 55 9 91 37 36 16 83 58 52 41 21 31 2 92 82 88 95 38 89 77 61 1 81 80 17 75 67 78 70 51 50 48 28 44 60 22 93 45 54 12 34 11 42 23 30 25 72 15 26 39 35 3 18 64 96 56 87 100 33 19 62
94 84 75 67 61 59 56 45 44 41 37 90 35 58 54 88 31 30 27 22 55 21 57 97 87 39 20 89 34 13 42 62 76 11 10 64 9 32 81 47 33 69 8 7 6 63 23 96 60 91 82 70 5 4 1 26 78 25 17 99 40 16 29 18 46 85 86 15 14 51 19 36 71 52 12 68 93 65 53 72 83 66 50 98 43 24 74 38 77 79 92 3 73 48 95 100 49 28 80 2
2 1 4 3
78 77 76 75 67 54 49 41 40 38 32 96 31 60 14 89 25 63 90 84 39 29 44 36 11 8 4 50 22 2 19 87 5 95 57 81 92 42 46 97 20 43 74 21 34 12 58 72 7 98 26 45 10 6 1 83 27 61 59 82 24 18 71 15 65 48 28 86 100 94 3 73 23 88 70 13 33 56 17 91 9 55 62 53 69 79 52 85 47 93 80 99 37 68 16 30 64 51 35 66
96 29 74 85 93 92 7 40 86 98 22 12 70 46 6 32 14 78 69 87 55 97 18 71 38 63 61 25 75 36 52 64 31 60 79 99 16 13 17 73 53 24 8 27 15 72 50 89 95 5 2 45 28 3 23 26 33 19 10 21 62 59 11 90 57 48 49 81 77 65 39 91 94 54 76 66 83 44 82 84 80 1 100 34 9 68 47 51 67 88 41 30 37 35 42 4 20 43 58 56
10 9 5 2 1 4 7 6 8 3
99 34 24 18 91 25 80 16 100 38 88 46 57 31 3 78 81 13 36 37 53 1 97 67 75 98 60 63 7 10 65 90 15 77 61 62 33 26 68 40 2 12 56 45 52 44 73 27 22 41 83 70 51 89 20 4 55 11 9 86 49 28 93 84 21 64 35 23 82 29 85 94 71 17 79 30 76 6 39 96 58 87 14 50 95 5 66 32 74 8 69 54 47 42 59 19 43 48 72 92
81 94 73 55 21 69 15 57 6 85 11 9 29 31 98 77 88 34 19 93 52 80 82 65 63 16 38 72 42 1 84 95 17 71 37 30 61 28 86 54 48 33 91 50 25 74 22 41 96 58 70 14 44 7 75 59 47 5 3 78 60 32 56 83 68 18 4 76 2 89 97 45 10 13 90 39 12 43 23 99 62 66 92 40 26 51 49 36 64 35 79 27 20 8 24 46 53 100 67 87
100 99 98 97 96 95 94 93 92 91 86 83 82 81 80 78 77 75 74 73 72 71 70 69 67 66 65 62 59 58 45 42 36 88 87 90 89 34 32 50 30 43 41 40 31 49 47 46 44 33 85 84 64 63 61 57 55 54 53 39 38 29 28 27 26 22 18 48 51 68 16 15 12 11 9 8 7 6 37 35 4 25 24 23 21 79 60 56 52 20 2 13 10 1 5 3 14 19 17 76
41 37 11 6 1 92 24 10 27 7 97 90 49 33 72 13 47 69 26 50 100 89 80 79 53 19 66 28 84 93 18 67 31 12 74 17 14 91 64 58 25 59 5 71 8 23 55 43 82 57 48 21 98 39 96 36 88 42 83 76 40 46 73 77 45 22 32 99 60 78 29 20 30 54 81 34 15 70 85 52 4 65 63 16 9 68 94 56 95 44 3 61 87 38 2 75 51 35 86 62
88 78 69 51 29 23 86 73 63 60 58 93 47 44 28 96 55 4 39 1 91 84 22 21 87 62 13 49 82 56 19 27 42 100 17 53 36 32 31 15 66 54 46 14 9 94 72 74 65 25 33 95 43 6 85 99 76 37 68 90 7 92 79 11 83 61 24 50 38 97 67 26 16 89 98 77 41 2 75 10 71 59 45 35 34 48 3 12 80 8 40 30 20 57 64 81 52 70 5 18
11 39 26 5 47 13 1 42 34 46 4 31 6 44 7 41 29 2 15 32 22 21 30 25 3 9 49 17 38 36 28 35 50 27 12 37 8 40 20 23 43 19 24 48 14 10 33 45 16 18
2 1
6 78 73 99 28 60 55 95 57 87 39 48 45 47 8 37 50 7 58 71 33 16 10 46 82 44 64 56 24 88 35 40 9 76 4 11 90 19 18 5 52 93 68 65 80 43 75 70 89 49 54 53 25 97 98 83 94 74 86 59 69 100 77 61 91 31 2 63 23 13 26 12 17 66 96 41 92 51 85 84 14 79 21 15 29 30 34 32 36 72 22 27 38 3 62 81 1 67 20 42
62 57 31 27 81 29 55 16 79 65 46 35 26 44 52 82 66 33 2 40 28 60 30 96 85 68 39 75 47 5 86 74 61 41 48 93 38 84 50 19 70 17 73 1 36 23 87 71 100 89 88 83 98 78 56 91 95 92 94 77 21 58 34 43 13 7 18 59 63 25 15 11 51 49 6 14 67 99 54 53 90 80 8 69 97 45 9 22 20 64 12 10 76 72 37 4 24 42 32 3
96 91 81 58 49 31 25 21 84 57 100 53 39 19 15 90 97 94 33 67 48 86 44 42 85 1 75 89 54 68 32 11 62 10 47 83 92 56 23 24 79 9 66 27 95 43 45 70 20 64 52 50 76 17 7 71 6 13 36 37 99 29 4 30 61 88 22 74 87 82 14 18 80 73 41 5 93 40 46 78 12 38 98 77 26 2 65 16 28 69 51 8 60 59 55 35 72 3 34 63
77 75 51 16 69 10 70 62 44 59 53 40 42 68 63 13 74 79 39 36 33 14 78 83 55 7 6 98 37 2 8 81 18 27 66 17 38 46 96 89 11 52 43 93 71 61 48 57 12 94 72 30 29 56 24 73 64 32 92 91 47 41 35 22 31 50 82 26 86 54 19 76 3 20 67 34 5 100 87 97 25 4 99 84 60 80 28 85 90 95 58 23 21 15 88 65 1 45 9 49
75 66 58 41 77 72 63 40 27 55 22 21 100 15 11 36 10 7 6 1 92 76 69 43 46 81 8 85 2 90 9 91 68 42 34 62 32 54 48 71 30 50 61 56 47 17 99 86 87 64 94 45 53 44 16 13 3 70 98 95 89 73 49 31 26 24 23 74 4 29 84 18 38 88 20 96 52 83 79 28 12 35 97 39 37 59 5 78 14 93 65 33 67 19 60 25 80 51 82 57
28 84 66 79 45 77 60 51 4 31 94 22 93 53 7 32 76 57 37 1 72 16 65 61 55 59 26 39 75 95 82 70 64 35 12 63 23 78 52 21 5 100 41 85 90 34 9 33 10 38 3 86 74 44 99 91 24 56 96 88 80 36 87 27 58 50 47 13 20 19 30 40 89 43 92 11 69 83 14 68 71 62 46 49 97 8 25 81 54 15 48 6 42 18 73 67 29 98 17 2
5 3 1 6 4 8 7 2
57 43 89 39 41 17 11 79 65 64 100 98 50 26 30 99 66 96 47 91 36 27 92 82 68 56 13 22 33 9 84 73 23 76 12 63 42 46 10 34 8 3 60 28 19 90 85 14 71 53 16 45 69 51 40 88 78 62 38 67 95 32 74 15 86 24 37 80 61 2 59 52 1 87 4 29 83 49 35 75 48 31 54 6 72 94 81 7 77 97 55 44 70 21 20 58 18 93 5 25
90 71 58 89 19 78 67 52 39 34 23 40 8 28 15 75 10 7 59 73 24 99 1 65 77 98 35 38 64 14 91 49 96 45 41 42 11 81 26 84 2 29 9 31 13 12 16 53 92 5 44 4 95 80 47 6 62 18 72 46 88 66 60 57 79 43 93 27 70 51 68 85 21 3 82 69 97 86 30 61 55 17 100 25 56 87 54 36 32 48 20 33 37 94 76 63 83 50 22 74
43 82 88 59 52 4 95 55 12 56 21 6 86 66 14 18 70 75 16 64 63 47 33 34 10 79 15 58 90 8 50 100 2 87 77 45 38 57 25 24 76 49 81 98 65 48 41 89 51 5 44 83 31 13 36 61 19 53 3 71 62 22 29 11 68 42 84 28 9 97 32 73 91 99 30 46 93 39 80 85 40 69 7 72 94 27 96 67 78 92 23 74 26 20 17 60 1 37 54 35
10 11 14 15 13 12 6 8 4 1 2 3 7 9 5
