63 35 6 69 23 59 64 2 48 30 5 28 39 12 10 4 49 88 71 73 45 61 92 7 40 50 31 43 22 53 60 99 55 56 78 67 57 37 58 17 47 34 36 32 91 52 26 14 75 65 1 94 44 13 18 16 51 82 85 80 8 100 21 19 72 84 79 86 76 70 15 9 29 74 20 38 68 33 42 97 95 25 87 93 66 89 96 41 54 77 46 3 83 81 11 24 27 98 62 90
36 37 20 94 69 19 66 28 26 17 71 61 68 27 14 3 99 83 5 91 78 12 58 60 41 88 47 74 15 64 29 18 81 57 48 6 51 11 95 90 35 38 34 4 100 9 40 70 24 56 54 7 82 72 43 13 97 1 73 86 8 53 75 44 55 80 98 92 84 42 22 77 2 33 32 76 21 10 30 16 45 79 96 93 89 46 52 23 31 63 59 87 67 85 49 25 50 65 39 62
20 81 61 8 100 76 41 7 13 50 66 32 71 17 39 45 53 14 10 67 65 54 22 51 89 35 48 24 23 44 87 70 36 46 95 18 93 16 27 72 37 62 68 3 83 47 9 55 26 84 98 85 40 82 1 11 19 33 64 92 97 86 6 38 42 31 28 56 74 80 78 75 21 49 63 30 69 79 73 43 59 90 5 99 91 25 58 60 29 4 57 94 88 15 34 77 96 52 12 2
55 50 97 82 75 66 60 65 83 58 94 73 93 18 99 79 85 67 31 78 62 80 90 74 43 88 61 13 84 98 96 91 81 12 39 59 46 35 2 89 49 64 63 17 51 92 26 7 45 9 100 40 20 19 30 68 56 23 14 4 87 6 16 71 86 11 42 95 5 69 48 72 57 47 37 25 76 44 24 77 52 22 70 36 10 41 54 32 53 8 29 34 38 1 15 33 28 27 3 21
36 93 86 5 8 25 45 65 52 37 75 28 92 13 77 47 68 94 74 58 90 67 29 66 20 11 4 84 22 39 70 63 31 17 55 32 79 24 42 40 61 59 100 50 97 14 21 71 41 26 81 89 54 87 62 78 16 88 10 82 19 80 6 34 49 18 56 27 91 35 51 95 69 96 43 33 60 73 98 9 12 38 53 85 23 46 1 76 64 2 30 83 48 44 99 57 15 72 7 3
99 98 95 94 93 92 91 90 89 88 87 86 85 84 83 82 81 80 79 78 77 76 75 74 73 72 71 70 69 68 67 66 65 64 63 62 61 60 59 58 57 56 55 54 53 52 51 50 49 48 47 46 45 44 43 42 41 40 39 38 37 36 35 34 33 32 31 30 29 28 27 26 25 24 23 22 21 20 19 18 17 16 15 14 13 12 11 10 9 8 7 6 5 4 3 2 1 96 97 100
95 87 46 27 49 37 21 52 3 29 30 22 74 9 2 72 75 48 34 79 65 53 98 55 33 38 50 94 20 63 32 14 89 62 19 96 90 82 56 84 25 40 4 59 54 13 7 47 57 100 58 92 85 69 97 42 39 73 28 83 61 17 41 16 26 31 44 15 99 5 80 8 76 18 36 71 81 78 35 60 23 67 1 93 88 51 24 43 70 66 91 86 45 77 11 64 6 12 68 10
6 4 5 3 1 2
79 20 49 26 17 81 59 44 30 48 46 16 43 51 98 32 78 25 11 87 86 61 60 50 36 64 18 69 97 67 45 53 22 40 39 100 94 74 55 76 38 23 7 73 13 77 37 52 10 89 21 70 34 58 96 24 83 41 14 99 75 33 2 62 15 84 3 5 4 72 19 29 56 90 9 35 85 66 93 8 80 95 91 27 57 6 1 71 28 54 68 12 88 42 47 31 82 65 92 63
72 83 26 2 17 36 49 68 12 73 62 34 20 38 64 58 90 67 89 8 50 96 84 54 43 16 28 6 70 48 82 74 13 95 79 29 42 9 15 10 18 37 80 52 46 33 27 40 71 69 32 35 85 30 97 23 45 93 21 92 88 57 75 7 1 11 98 19 99 55 39 63 81 4 53 5 14 66 87 91 44 60 77 24 76 56 94 41 65 25 61 22 47 59 86 78 31 51 3
37 94 3 43 65 70 1 90 48 36 18 4 14 97 10 22 27 69 30 98 47 2 21 35 75 45 58 33 31 15 9 56 76 41 50 84 53 59 40 13 16 96 5 52 28 46 19 68 73 44 81 64 38 26 54 72 25 80 49 83 62 99 87 63 78 42 95 74 60 79 100 89 57 12 7 23 85 55 34 17 29 93 24 66 20 86 39 6 91 67 61 77 82 11 92 51 88 32 71 8
51 93 91 85 81 80 75 74 88 84 73 90 70 44 57 89 72 56 94 79 76 97 55 95 87 78 77 68 83 45 35 47 28 54 30 33 37 59 39 38 34 63 64 92 36 82 69 100 29 24 22 16 19 18 14 13 4 43 53 49 3 50 62 7 46 40 99 15 96 27 25 42 60 21 65 10 2 41 61 71 52 67 6 5 98 66 12 58 86 20 23 32 31 11 17 26 9 8 48 1
96 80 77 62 70 45 31 82 93 58 19 18 98 63 17 61 13 3 81 2 95 73 55 99 89 15 33 88 67 65 68 7 35 66 21 92 74 64 26 9 6 28 40 23 14 59 75 37 12 56 57 84 54 1 91 16 30 72 100 27 60 39 25 20 79 46 97 49 71 29 47 8 94 78 44 76 42 69 10 48 52 5 11 38 43 32 36 50 86 41 22 87 85 51 90 83 24 4 53 34
96 42 38 35 15 14 86 84 9 98 90 22 3 1 87 76 51 37 30 17 20 13 12 10 54 5 11 97 93 16 26 27 8 21 63 85 65 72 94 50 62 78 99 52 18 36 81 32 92 33 45 55 82 89 39 71 95 25 100 34 2 75 29 79 24 77 41 56 70 28 73 7 59 4 43 6 61 67 57 88 64 46 83 91 40 47 53 60 44 19 48 80 49 31 23 66 69 58 74 68
97 96 92 89 86 84 82 81 79 76 75 74 71 70 69 83 61 59 87 58 57 77 88 56 51 46 90 41 40 93 35 34 43 30 21 20 68 33 64 60 66 47 25 19 55 18 32 53 31 36 65 17 16 42 11 44 26 10 72 14 38 94 54 50 91 37 12 52 23 8 85 22 27 7 63 6 5 28 49 24 45 29 9 80 4 48 95 78 73 3 2 62 39 15 67 1 13
74 72 33 49 8 52 27 14 84 59 20 62 9 1 50 56 34 26 53 29 24 48 42 92 41 68 35 79 77 51 28 58 45 13 88 2 99 96 65 22 15 17 100 82 40 46 21 4 69 89 60 55 18 23 81 47 12 30 38 36 10 31 67 7 32 90 57 80 63 61 87 75 25 19 11 66 91 76 3 93 97 95 86 6 37 94 83 54 5 39 43 44 16 78 98 71 70 73 85 64
86 81 60 52 44 39 64 70 69 92 75 36 63 48 67 93 25 21 17 56 80 57 43 27 15 33 53 14 90 42 13 12 62 78 41 68 91 26 10 3 79 24 72 58 2 1 31 32 61 55 23 19 89 5 77 8 29 95 11 20 54 18 38 85 76 73 7 96 82 40 94 87 28 6 49 47 66 45 9 97 50 34 88 46 84 74 83 35 65 16 30 22 71 37 51 4 59
44 71 73 25 15 14 56 7 47 3 12 1 38 40 79 5 22 60 86 29 54 59 42 57 43 16 21 94 74 45 27 6 50 97 30 75 9 52 17 13 33 89 20 61 4 69 53 23 96 92 83 28 24 18 78 49 90 88 35 39 68 82 80 10 36 87 85 91 84 19 51 99 32 72 65 8 70 37 2 77 63 55 66 95 98 81 26 48 46 11 76 41 93 34 58 62 100 64 31 67
85 79 70 46 41 77 37 65 64 80 60 29 69 66 44 49 28 26 11 63 17 16 6 83 82 62 54 56 51 48 35 75 34 33 68 81 21 45 18 84 61 50 27 23 55 73 57 9 32 7 87 4 86 15 14 78 52 5 47 3 25 72 43 39 38 59 20 2 31 24 22 53 74 13 12 10 71 58 67 1 76 30 8 19 42 40 36
90 89 70 62 88 60 86 96 75 49 68 59 31 29 27 12 7 54 61 22 51 85 40 4 3 95 14 69 33 77 38 5 98 2 99 44 36 87 78 93 57 76 66 10 50 64 6 52 46 81 97 67 20 91 65 26 41 39 100 79 58 18 37 43 32 48 73 84 94 30 56 13 24 45 28 17 80 55 34 11 23 72 16 92 19 21 47 9 83 42 8 25 63 35 1 71 74 53 15 82
100 98 97 99 90 96 94 92 89 93 91 95 86 84 88 82 81 87 83 85 78 76 75 74 80 73 77 79 70 68 67 71 66 72 65 69 64 63 62 61 60 59 58 57 55 52 56 50 54 49 53 51 45 47 43 42 48 44 46 41 39 37 36 34 38 40 33 35 31 29 26 32 30 28 25 27 23 22 24 21 18 20 17 19 10 14 12 16 9 15 11 13 7 2 6 8 4 1 5 3
98 80 93 89 29 51 19 90 57 23 14 44 47 48 69 16 87 13 38 59 12 64 54 55 76 96 56 41 95 62 34 10 67 8 79 40 2 60 31 52 81 78 5 70 75 4 17 22 84 72 35 9 45 65 32 42 68 63 20 86 97 91 100 39 33 92 24 83 7 99 26 21 27 77 37 43 58 49 36 6 15 61 53 74 28 3 85 50 46 66 82 94 88 71 18 25 11 73 1 30
72 63 13 2 73 96 87 20 56 11 31 88 16 64 55 28 77 71 24 49 36 53 32 26 41 18 50 47 59 3 61 37 86 39 62 17 89 85 34 51 23 48 30 76 45 29 60 84 98 40 80 66 82 68 65 78 21 6 94 79 33 4 97 46 91 58 69 35 5 92 54 22 43 75 93 12 1 14 74 42 81 9 7 19 57 25 10 8 90 70 52 27 95 15 44 38 99 67 83 100
79 89 77 78 90 92 86 96 72 41 40 26 29 49 60 56 57 69 54 37 32 48 43 50 52 61 80 95 85 67 71 55 73 59 58 62 74 53 64 75 94 87 97 93 91 99 88 83 98 82 81 100 84 76 68 70 34 36 31 30 39 46 28 45 44 38 33 35 27 51 63 66 65 42 47 25 24 23 22 21 20 19 18 17 16 15 14 13 12 11 10 9 8 7 6 5 4 3 2 1
85 97 95 89 88 86 84 81 76 75 69 68 64 63 60 55 48 61 92 71 47 43 40 37 36 35 34 33 26 24 18 50 16 94 25 13 11 98 22 53 30 67 10 27 9 62 78 74 5 4 28 19 80 6 99 65 58 42 100 83 56 49 54 21 72 31 32 77 51 41 2 52 29 17 12 3 57 87 46 20 70 59 14 44 45 91 93 23 82 1 7 79 39 96 15 38 73 8 90 66
85 74 52 44 27 19 89 12 8 59 6 41 23 30 15 80 73 10 56 39 54 24 82 20 84 22 13 45 60 37 81 95 92 88 87 99 68 17 48 50 14 72 36 90 55 98 21 4 65 2 32 63 58 35 79 47 33 25 61 31 46 29 40 62 71 3 97 16 38 64 11 77 26 53 42 18 28 66 91 75 70 49 43 100 1 78 96 7 93 51 69 76 94 83 34 9 86 5 57 67
36 47 19 94 29 48 37 65 71 100 43 73 25 23 32 14 38 78 77 75 17 82 69 86 31 33 40 15 91 88 28 10 59 57 20 44 7 62 76 93 79 81 1 27 90 64 42 5 39 4 30 68 56 89 97 46 34 87 3 24 18 2 83 58 50 35 85 53 67 13 54 21 74 51 49 98 60 41 8 95 22 52 80 6 26 55 16 70 72 61 96 66 99 63 92 45 11 9 84 12
22 9 44 68 13 6 91 73 88 31 60 98 39 69 58 21 38 61 25 46 11 24 2 57 67 49 93 80 8 78 72 95 12 94 55 50 34 64 47 83 63 43 89 27 37 56 100 17 1 59 70 87 42 29 18 16 7 26 76 5 28 45 77 51 85 32 19 36 96 48 10 3 79 14 54 40 92 30 75 33 62 82 84 53 52 41 81 65 23 35 4 15 20 97 86 90 74 66 71 99
56 63 98 94 30 11 90 43 96 87 100 48 41 65 31 70 17 81 85 23 28 79 72 84 53 40 86 27 2 82 77 6 10 71 91 95 12 25 44 52 83 33 68 64 49 4 9 14 19 50 20 36 21 7 42 46 35 37 15 61 13 47 99 62 97 78 58 88 22 5 57 66 74 45 38 39 26 93 34 59 76 24 18 73 67 3 80 89 54 51 55 75 32 8 16 1 92 29 69 60
77 58 55 66 51 31 75 25 61 11 63 42 95 45 1 22 17 50 96 5 81 67 91 37 7 70 30 44 99 76 48 18 24 10 46 6 23 87 4 27 52 57 79 16 53 80 26 47 82 38 83 69 49 73 65 3 40 33 9 62 12 19 64 14 84 98 89 60 13 92 43 41 28 85 72 97 56 74 78 29 100 39 32 36 2 86 88 15 94 93 68 8 35 20 54 21 59 90 34 71
16 18 19 14 8 5 6 9 11 1 10 3 13 2 15 20 7 12 4 17
100 99 94 90 88 87 86 81 79 84 92 76 73 71 70 61 72 60 95 56 48 46 75 42 40 38 35 50 28 63 47 27 26 31 59 30 36 83 24 85 20 19 18 89 82 16 15 91 58 44 23 14 78 97 12 67 43 11 10 55 34 49 41 69 74 39 37 9 66 8 7 53 22 45 98 65 6 77 96 93 68 33 21 57 52 17 5 4 62 3 32 54 29 13 64 2 80 51 1 25
12 2 10 9 8 5 14 6 7 1 13 11 4 3
20 18 17 16 15 14 13 12 8 24 23 22 25 7 11 6 27 26 19 10 5 21 9 4 2 3 1
89 74 62 60 52 51 35 13 100 76 65 61 12 80 4 97 87 66 19 21 2 79 68 7 85 48 31 32 25 8 75 29 77 82 67 23 78 27 69 41 56 17 38 36 24 73 3 54 83 58 20 95 93 96 9 55 10 84 98 40 88 6 53 72 16 46 99 70 18 86 63 26 34 43 11 94 92 22 49 47 15 81 33 71 91 30 50 14 45 44 42 59 1 39 64 90 57 37 5 28
85 73 70 65 55 40 37 34 33 51 44 31 28 87 98 25 96 54 82 16 12 91 67 78 47 10 61 50 77 56 74 29 92 23 72 68 69 99 59 49 64 71 62 35 8 95 41 30 46 39 48 60 7 6 19 81 15 42 27 90 38 14 4 3 22 2 58 1 32 63 52 53 80 43 11 84 26 57 88 36 89 93 24 5 75 21 9 86 83 18 13 76 79 97 17 66 94 100 45 20
93 96 95 100 94 99 97 98 91 92 87 86 88 90 89 85 84 83 81 82 77 78 74 73 75 76 80 79 71 72 67 64 63 66 70 65 69 68 62 61 53 60 57 56 58 55 59 54 51 52 47 43 48 45 46 50 49 44 42 41 39 33 35 37 36 40 38 34 32 31 27 26 24 23 28 25 30 29 22 21 18 15 14 13 19 17 16 20 12 11 3 7 8 10 6 5 9 4 1 2
88 1 39 14 6 89 42 36 46 90 31 97 13 22 48 47 3 41 80 26 40 59 78 53 81 86 32 9 65 7 33 96 70 63 85 57 51 95 79 23 92 27 49 82 24 83 99 55 54 98 11 56 4 21 15 44 43 25 18 64 45 30 77 2 37 76 8 5 58 75 20 93 19 61 91 73 16 72 12 17 71 68 29 34 74 52 67 35 50 38 60 100 28 87 84 62 10 69 66 94
38 37 19 87 41 32 76 15 20 11 52 95 69 40 27 47 43 34 90 67 88 1 74 45 89 17 30 66 31 5 60 62 56 42 9 28 25 93 70 86 18 46 91 13 64 48 63 16 55 14 54 57 51 44 77 61 7 81 65 98 58 92 97 2 23 33 80 39 12 94 82 99 21 10 36 100 79 83 73 49 59 85 26 24 50 72 22 35 6 96 75 68 84 3 71 53 78 29 4 8
49 10 68 13 3 98 58 59 55 19 17 100 23 85 2 54 53 50 51 7 90 80 75 60 56 18 89 88 78 76 48 6 15 91 12 84 61 26 96 86 87 83 11 14 9 1 66 20 71 39 27 94 25 5 70 8 69 31 4 73 62 63 57 52 37 29 22 77 74 72 30 42 32 21 36 34 28 82 40 43 47 38 44 33 81 46 95 45 93 16 64 79 67 24 99 92 97 65 35 41
91 66 44 33 63 49 12 82 100 55 45 77 47 88 10 76 41 78 3 58 17 6 92 70 19 8 83 56 42 20 62 85 18 98 27 61 16 87 23 22 68 57 67 15 72 24 14 59 53 9 69 64 60 81 4 26 25 52 84 90 13 11 65 31 43 94 28 79 36 30 38 95 89 99 32 71 51 75 46 37 86 54 74 96 97 5 93 21 35 48 80 40 29 50 1 2 39 7 34 73
44 82 33 37 92 90 100 68 19 14 2 18 52 40 97 76 10 88 98 22 79 58 42 45 64 3 73 57 38 32 89 9 34 23 13 94 60 50 49 46 95 8 84 47 77 75 41 74 7 1 30 12 96 56 87 83 26 54 21 24 35 11 43 53 66 39 70 61 25 78 80 15 81 71 72 69 93 91 4 62 63 31 99 85 17 6 65 5 36 29 86 51 20 16 55 59 67 27 48 28
35 90 21 95 80 100 73 62 63 72 78 57 13 71 84 68 52 33 12 67 20 15 5 44 10 22 77 65 50 46 51 64 61 94 43 23 16 91 47 89 25 79 38 70 1 92 4 74 3 40 93 31 75 66 60 37 87 83 55 30 19 14 2 97 88 48 53 18 96 29 98 76 39 85 9 81 58 69 7 59 49 24 27 8 28 34 45 99 41 54 82 32 17 42 6 56 11 86 26 36
85 84 82 83 79 80 78 81 76 77 75 74 73 72 71 69 70 68 63 61 67 66 65 60 59 58 64 62 56 57 54 55 53 52 48 46 44 47 45 42 43 41 39 40 37 38 36 33 31 32 29 26 25 24 30 28 22 23 21 20 18 19 17 51 50 49 35 34 27 16 14 15 12 10 8 9 7 13 11 6 5 3 4 1 2
47 98 62 56 70 35 93 40 90 29 1 37 86 73 13 76 20 77 85 78 9 6 80 68 33 87 46 54 83 49 43 71 55 60 67 97 50 2 91 92 41 7 84 3 95 63 89 17 82 8 52 53 74 61 12 4 31 11 39 58 36 57 30 14 96 5 10 27 72 25 18 15 44 32 59 81 38 94 64 28 22 26 88 69 65 34 51 75 23 42 21 48 99 79 66 16 19 24 45 100
99 95 92 91 89 88 87 86 83 81 80 78 90 77 76 74 73 69 65 67 64 63 68 59 55 54 49 46 42 52 40 39 79 38 94 85 37 36 35 34 33 47 31 30 53 96 93 29 28 45 98 57 27 26 24 23 22 50 97 20 60 25 19 18 61 84 17 16 44 15 14 13 43 11 12 70 62 10 9 8 75 7 56 82 6 5 66 32 21 4 71 51 41 3 72 2 1 48 58
1 2 3 4 5 6
79 56 34 9 59 42 1 44 2 73 71 63 97 26 53 45 20 21 12 68 7 57 55 48 8 94 22 99 80 18 82 69 14 10 40 65 95 89 90 86 88 43 84 98 46 36 61 15 74 16 76 35 77 38 93 67 91 37 64 23 39 3 32 30 51 4 25 6 49 28 41 85 62 27 31 81 33 87 75 11 92 78 54 72 5 58 52 47 83 50 70 24 19 29 60 100 17 66 96 13
39 36 37 38 35 31 29 28 30 27 23 22 21 20 19 18 17 14 11 10 9 33 34 32 8 15 12 7 16 6 25 40 26 5 13 24 4 3 2 1
100 99 97 95 93 92 91 90 88 87 85 84 83 82 80 79 78 77 76 75 73 72 70 69 68 67 66 65 64 63 62 61 60 59 58 57 56 55 54 53 52 51 50 49 48 47 46 45 44 43 42 41 40 39 38 37 36 35 34 33 32 31 30 29 28 27 26 25 24 23 22 21 20 19 18 17 16 15 14 13 12 11 10 9 8 7 6 5 4 3 2 1 71 96 86 89 81 94 98 74
