100 99 98 97 96 95 94 93 92 91 90 89 88 87 86 85 84 83 82 81 80 79 78 77 76 75 74 73 72 71 70 69 68 67 66 65 64 63 62 61 60 59 58 57 56 55 54 53 52 51 50 49 48 47 46 45 44 43 42 41 40 39 38 37 36 35 34 33 32 31 30 29 28 27 26 25 24 23 22 21 20 19 18 17 16 15 14 13 12 11 10 9 8 7 6 5 4 3 2 1
1 2 3 4 5 6 7 8 9 10 11 12 13 14 15 16 17 18 19 20 21 22 23 24 25 26 27 28 29 30 31 32 33 34 35 36 37 38 39 40 41 42 43 44 45 46 47 48 49 50 51 52 53 54 55 56 57 58 59 60 61 62 63 64 65 66 67 68 69 70 71 72 73 74 75 76 77 78 79 80 81 82 83 84 85 86 87 88 89 90 91 92 93 94 95 96 97 98 99 100
32 27 12 88 24 77 83 44 43 79 52 86 96 94 45 56 1 65 57 36 46 13 67 68 48 58 82 49 87 54 51 71 62 85 9 11 21 17 92 42 69 95 84 80 18 70 20 100 39 99 89 55 15 5 2 8 72 19 35 76 22 31 10 73 91 6 4 74 23 59 28 60 30 61 50 37 26 7 53 40 98 63 41 90 64 97 47 38 33 16 34 25 3 14 81 78 93 29 66 75
99 93 79 67 59 49 71 40 37 30 28 24 53 22 81 72 31 21 18 90 36 76 75 14 10 64 9 95 66 80 8 29 97 83 51 88 55 84 34 65 85 35 41 20 13 19 48 61 47 23 16 77 44 63 38 68 6 69 54 32 78 15 74 96 5 58 91 86 3 52 50 42 89 17 56 73 33 46 43 100 11 2 27 57 25 62 4 26 82 39 94 92 45 7 60 98 70 87 12 1
11 60 36 16 43 7 27 56 32 9 42 59 18 47 85 29 15 90 25 14 51 22 77 72 68 46 69 63 66 53 55 2 64 74 52 13 58 28 24 88 48 65 23 84 33 49 26 87 89 82 45 30 40 61 21 1 80 76 78 41 4 54 75 10 20 12 19 37 71 62 44 8 17 57 86 38 6 81 79 39 50 31 67 3 35 34 83 5 70 73
100 81 57 37 36 12 73 11 94 70 62 20 71 96 18 23 7 6 74 3 65 82 78 24 90 87 86 63 58 25 77 26 51 44 80 45 16 75 85 76 91 34 27 66 9 60 88 47 93 59 32 84 83 49 56 43 41 22 19 72 68 99 35 21 64 48 97 8 14 95 52 5 54 29 89 13 79 46 42 39 33 40 10 55 38 30 31 28 61 67 2 50 53 4 98 15 92 17 69 1
94 16 66 61 86 14 33 27 50 78 47 87 72 64 21 34 49 6 3 96 42 5 80 90 57 25 93 54 81 29 1 60 24 18 58 85 73 59 82 63 43 15 35 11 83 79 48 30 84 74 23 2 92 36 4 46 13 40 32 75 22 45 20 10 12 8 44 38 68 37 77 31 55 56 53 65 62 98 99 26 51 95 7 89 67 17 88 41 100 97 28 76 91 71 19 9 70 39 52 69
5 4 26 2 36 32 69 85 93 43 7 58 70 45 55 17 66 83 8 81 22 67 40 52 47 41 62 10 33 99 46 56 75 90 31 28 19 89 74 59 92 3 60 44 35 11 84 54 73 38 50 1 6 96 42 95 86 39 72 76 87 100 34 23 25 18 51 98 91 97 94 13 12 9 77 71 78 68 30 63 20 65 37 79 82 21 48 15 14 27 80 61 57 53 24 29 16 88 64 49
6 5 4 3 2 1
83 79 81 99 78 67 72 54 49 64 33 71 27 89 97 37 35 25 23 19 9 7 4 2 8 5 22 66 41 82 6 88 20 24 59 62 57 31 76 52 16 11 58 70 40 28 50 30 17 60 55 96 87 39 32 63 90 10 94 92 86 56 21 44 36 75 14 12 38 34 84 91 15 42 95 3 80 48 77 47 98 46 13 45 29 74 85 51 100 26 68 93 61 53 73 69 43 65 1 18
1 2 3 4 5 6 7 8 9 10 11 12 13 14 15 16 17 18 19 20 21 22 23 24 25 26 27 28 29 30 31 32 33 34 35 36 37 38 39 40 41 42 43 44 45 46 47 48 49 50 51 52 53 54 55 56 57 58 59 60 61 62 63 64 65 66 67 68 69 70 71 72 73 74 75 76 77 78 79 80 81 82 83 84 85 86 87 88 89 90 91 92 93 94 95 96 97 98 99 100
70 58 42 19 16 15 11 10 7 5 4 3 1 80 79 78 77 76 75 74 73 72 71 69 68 67 66 65 64 63 62 61 14 13 12 9 8 6 2 60 59 57 56 55 54 53 52 51 50 49 48 47 46 45 44 43 41 40 39 38 37 36 35 34 33 32 31 30 29 28 27 26 25 24 23 22 21 20 18 17
96 88 82 80 70 73 63 54 52 49 42 41 87 76 39 37 35 32 36 30 46 29 24 23 53 22 83 50 58 85 21 99 20 18 93 97 43 17 28 15 75 13 10 45 12 59 81 9 8 79 40 60 90 71 7 56 51 11 98 34 5 4 62 38 2 55 31 27 92 100 74 16 48 95 77 89 33 47 68 19 69 91 61 84 67 66 6 94 65 14 86 44 78 64 25 26 72 57 3 1
66 64 63 60 57 56 55 67 53 52 51 48 59 45 42 40 39 37 68 49 36 35 33 46 32 31 30 29 27 26 25 62 24 23 22 21 20 18 38 17 15 69 14 13 19 12 41 10 9 65 8 7 6 61 44 11 70 58 34 28 47 54 5 4 16 50 3 43 2 1
1 2 4 3 6 5 7
1 2 3 4 5 6 7 8 9 10 11 12 13 14 15 16 17 18 19 20 21 22 23 24 25 26 27 28 29 30 31 32 33 34 35 36 37 38 39 40 41 42 43 44 45 46 47 48 49 50 51 52 53 54 55 56 57 58 59 60 61 62 63 64 65 66 67 68 69 70 71 72 73 74 75 76 77 78 79 80 81 82 83 84 85 86 87 88 89 90 91 92 93 94 95 96 97 98 99 100
60 49 92 77 26 2 17 3 85 33 38 71 65 13 4 10 53 79 52 20 76 36 28 9 55 56 75 80 67 32 62 44 11 15 82 91 98 25 35 88 63 21 40 94 22 45 78 34 54 50 16 74 7 61 59 99 51 43 5 29 100 46 84 72 58 87 47 57 27 86 42 37 23 24 70 73 64 12 97 1 68 69 90 96 48 30 83 89 19 18 14 41 93 6 39 31 81 95 66 8
92 88 87 80 78 73 71 70 67 66 85 64 63 62 61 57 55 54 52 50 47 38 68 42 74 35 58 33 76 31 83 41 84 29 56 28 51 27 24 23 44 75 25 46 19 18 91 90 17 98 15 11 13 99 9 94 8 77 100 48 7 34 12 86 10 6 95 65 22 93 49 45 60 89 72 4 26 3 2 16 32 53 37 40 96 21 5 43 79 81 59 82 1 69 30 20 14 97 39 36
77 63 62 58 43 75 33 98 30 85 99 86 25 10 88 9 21 93 59 51 97 11 34 57 64 44 79 6 18 54 69 47 80 72 91 82 7 89 70 84 27 14 78 17 76 13 31 52 15 20 49 53 24 56 74 39 95 40 5 4 71 73 23 61 26 16 19 100 3 81 60 94 37 90 65 68 55 32 48 36 46 8 28 45 38 96 92 41 50 1 87 12 66 29 83 22 67 35 2 42
9 5 3 6 4 1 7 8 2
7 8 5 6 3 4 2 1
39 15 100 98 95 93 88 87 86 82 81 77 76 75 73 72 71 70 69 68 66 63 60 59 58 57 56 54 51 94 45 90 44 43 42 53 99 41 40 38 97 37 67 36 50 35 34 32 31 30 29 74 55 78 26 49 24 23 22 21 46 19 28 18 25 96 33 47 17 16 27 14 13 92 12 79 62 11 91 61 10 80 9 7 64 6 5 85 8 83 20 4 84 3 2 65 52 1 48 89
1 20 19 18 17 16 15 14 13 12 11 10 9 8 7 6 5 4 3 2
81 58 49 47 25 23 22 88 55 68 74 18 14 28 16 98 90 48 70 12 96 24 34 51 73 91 92 65 62 7 4 39 29 72 85 84 15 36 10 30 93 61 78 50 41 69 99 43 79 13 17 82 42 45 3 94 77 32 87 44 31 46 97 11 63 59 89 76 35 37 66 71 56 86 100 52 20 75 53 5 54 40 27 21 9 95 2 1 19 26 80 6 83 33 67 60 57 8 38 64
100 97 94 93 92 91 89 88 85 84 82 77 76 78 87 75 74 79 90 81 73 96 80 72 98 99 70 69 68 95 67 66 65 64 86 83 63 61 71 62 59 60 58 57 55 54 52 50 56 49 47 46 45 44 43 51 48 42 41 40 39 38 36 53 35 33 34 37 32 31 28 25 24 26 22 20 19 23 27 18 29 17 16 15 14 21 13 12 11 10 7 6 5 2 30 4 3 8 1 9
51 50 49 48 47 46 45 44 43 42 41 40 39 38 37 36 35 34 33 32 31 30 29 28 27 26 25 24 23 22 21 20 19 18 17 16 15 14 13 12 11 10 9 8 7 6 5 4 3 2 1 100 99 98 97 96 95 94 93 92 91 90 89 88 87 86 85 84 83 82 81 80 79 78 77 76 75 74 73 72 71 70 69 68 67 66 65 64 63 62 61 60 59 58 57 56 55 54 53 52
89 88 86 90 84 83 72 68 77 65 63 61 49 73 78 66 47 70 45 41 37 36 54 33 32 30 22 21 19 69 17 15 9 24 28 39 43 71 8 18 7 6 5 46 26 16 11 13 50 59 25 56 67 42 38 10 3 44 75 64 31 14 12 52 87 20 74 34 40 23 62 60 27 2 58 85 57 80 91 48 55 4 79 29 53 76 51 35 82 81 1
31 39 30 74 65 98 73 96 70 46 52 45 68 72 41 33 14 10 47 22 82 63 61 40 53 57 55 49 86 11 84 79 99 91 17 56 94 59 89 54 42 29 58 51 25 69 62 8 18 6 80 12 15 2 92 75 66 64 28 81 100 32 20 76 60 97 43 35 13 95 44 36 87 71 1 90 7 34 85 93 26 37 5 4 27 24 21 38 3 77 78 50 19 48 67 23 9 16 83 88
96 93 94 95 91 92 88 89 85 86 87 90 82 83 79 80 84 81 78 75 76 77 73 74 72 71 69 70 68 66 64 65 59 55 56 60 57 58 61 62 63 67 54 51 52 53 49 50 46 47 44 48 45 41 39 38 42 40 37 43 35 32 36 33 34 29 27 28 20 21 22 23 24 17 13 14 15 18 16 19 25 31 26 30 11 12 9 10 6 4 5 1 7 8 2 3
59 64 21 47 40 74 61 15 44 96 10 83 81 79 56 89 28 91 32 17 50 98 6 97 71 73 37 48 11 39 9 55 49 60 12 35 13 85 24 58 8 75 57 3 51 53 84 86 62 36 69 72 87 93 76 65 95 20 77 38 31 94 1 30 63 54 29 68 88 2 14 7 46 19 5 25 45 66 27 70 26 99 41 4 43 82 80 34 23 67 33 90 92 42 52 16 22 100 78 18
100 99 96 81 79 77 76 72 71 66 65 62 61 60 58 57 53 51 47 70 45 44 91 80 46 41 69 40 39 63 38 36 35 31 29 82 87 34 28 26 24 22 85 33 50 21 64 20 19 30 74 90 18 17 92 67 25 56 16 78 15 83 49 93 23 59 27 48 14 52 12 13 84 42 11 95 75 32 55 89 68 43 10 88 54 9 8 97 7 98 73 6 5 4 3 2 1 94 86 37
38 29 87 76 42 99 44 37 5 6 47 9 70 79 54 89 64 77 34 11 88 68 14 7 69 55 94 65 3 80 71 27 53 46 16 86 72 63 48 1 66 56 35 81 23 75 4 15 73 17 58 26 78 25 24 96 51 45 39 74 85 40 30 2 82 32 19 93 28 49 36 67 59 18 13 83 10 21 91 98 84 8 31 62 61 100 52 20 50 57 97 33 95 12 43 90 41 22 60 92
92 68 67 34 96 70 17 93 79 78 72 69 100 99 98 97 91 90 77 47 46 39 38 36 26 66 65 64 63 45 35 32 20 16 15 8 4 95 94 89 88 87 86 85 84 83 82 81 80 76 75 74 73 71 62 61 60 59 58 57 56 55 54 53 52 51 50 49 48 44 43 42 41 40 37 33 31 30 29 28 27 25 24 23 22 21 19 18 14 13 12 11 10 9 7 6 5 3 2 1
87 61 57 98 48 43 100 42 34 32 28 25 11 85 69 90 58 5 55 16 71 8 38 66 4 3 33 1 83 79 84 49 40 7 19 27 23 77 18 21 78 70 26 63 94 13 6 39 2 53 30 86 36 14 10 68 50 47 52 41 64 95 76 56 20 92 37 65 91 67 45 44 96 82 17 93 46 74 80 15 75 31 51 12 24 89 88 60 73 81 54 99 72 22 59 29 9 35 62 97
69 98 40 48 44 24 62 81 79 35 64 53 77 27 58 63 32 59 95 60 83 7 87 39 14 52 36 73 84 66 47 29 9 100 61 42 38 2 20 4 19 54 6 23 86 8 17 65 55 41 76 70 68 91 72 25 56 34 92 18 10 67 93 90 89 85 57 21 82 43 75 71 5 26 50 49 15 31 74 22 46 33 96 51 30 97 94 16 28 12 45 80 88 11 78 37 13 99 3 1
83 33 27 100 32 68 99 53 72 46 18 85 86 41 30 14 59 50 52 20 47 1 78 58 42 90 23 7 97 34 69 19 17 54 21 11 91 92 70 15 9 74 31 26 55 24 64 84 8 61 40 49 13 76 98 95 38 82 88 28 67 75 73 29 65 10 51 63 77 48 45 66 6 4 87 93 3 56 94 57 12 81 22 39 36 16 79 80 71 89 35 37 62 44 60 2 25 5 43 96
90 88 84 87 75 73 67 40 19 18 5 69 32 13 78 3 57 70 30 20 11 55 22 68 63 39 59 14 64 47 99 27 98 24 86 54 80 62 66 91 71 29 9 61 46 72 28 33 42 25 23 34 21 58 53 52 15 76 77 82 97 50 38 1 94 26 89 93 56 41 4 96 48 95 2 16 74 60 31 51 85 43 17 81 92 12 37 8 7 6 100 83 35 36 45 79 44 49 65 10
100 55 16 2 9 46 32 18 56 78 19 11 27 35 84 72 40 69 17 44 45 60 37 4 33 83 29 57 39 6 30 87 67 26 79 7 36 70 28 66 96 14 71 94 98 73 61 59 47 20 3 93 23 82 68 90 15 65 50 25 24 48 43 34 5 21 89 8 99 80 58 88 41 91 76 1 31 95 38 92 86 85 51 81 22 54 75 77 62 52 10 53 42 97 12 13 49 64 74 63
100 74 62 85 59 43 28 10 51 21 76 18 19 88 31 44 2 99 52 41 48 71 87 63 55 9 30 86 79 77 8 80 93 7 90 68 91 89 49 29 27 34 81 17 15 54 82 40 95 36 98 61 35 16 23 39 65 60 57 50 97 64 56 25 6 66 73 26 78 12 96 45 72 47 69 32 13 46 4 11 94 92 42 37 22 83 58 14 84 5 24 38 20 53 75 70 33 67 3 1
79 29 19 61 64 60 33 68 67 81 50 59 12 73 11 6 97 22 16 53 80 44 28 82 51 26 95 27 15 96 87 72 57 35 23 9 55 24 8 66 98 75 90 88 52 84 78 45 91 18 69 3 56 85 17 13 7 20 86 99 25 63 5 37 14 30 65 77 39 92 42 38 40 34 4 76 93 41 21 31 2 62 47 1 94 89 49 74 54 43 32 10 70 58 71 36 100 46 48 83
18 96 34 13 95 85 83 47 97 32 31 81 12 4 3 15 8 6 33 66 9 40 16 90 84 76 61 17 36 100 20 77 10 26 5 87 82 24 44 11 98 75 14 86 94 28 21 2 35 55 89 88 52 30 53 93 27 19 80 69 73 1 63 91 39 25 50 29 71 92 74 68 48 60 46 45 70 67 42 56 78 38 43 49 59 58 99 37 22 23 72 62 41 7 51 57 65 64 79 54
1 2 6 4 8 5 7 10 9 3
60 59 58 56 55 54 53 51 50 49 48 46 45 44 43 41 40 39 38 36 35 34 33 31 30 29 28 25 24 23 21 20 19 18 16 15 13 11 9 8 7 5 4 3 1 17 14 12 10 6 2 27 32 37 42 22 47 52 26 57
100 98 90 37 26 56 47 28 84 33 22 89 17 92 16 9 64 57 79 42 50 93 46 8 65 72 61 58 55 48 54 83 59 81 78 5 77 76 2 95 39 73 36 52 70 34 31 69 66 6 44 30 86 62 75 60 32 10 88 85 23 20 25 24 41 21 1 3 43 7 40 11 49 13 87 12 18 74 14 45 19 67 4 38 97 94 96 80 63 82 68 27 15 99 91 71 51 53 29 35
31 60 58 28 16 15 32 14 8 61 53 6 56 64 42 5 23 18 25 39 36 29 21 37 7 30 27 50 34 4 40 3 22 11 2 26 20 44 55 46 38 54 51 1 19 49 47 57 62 45 48 13 43 35 52 12 24 10 17 41 63 9 33 59
38 29 82 46 52 98 11 18 40 79 86 96 14 47 4 67 35 100 6 43 65 61 87 55 53 50 73 90 31 44 63 64 22 13 59 68 85 12 80 26 42 99 70 84 57 58 34 49 88 1 60 27 30 19 97 39 36 24 77 20 75 76 3 51 10 28 81 69 89 33 8 15 9 94 91 71 45 72 54 74 17 21 66 2 78 56 48 25 41 16 62 83 23 32 37 95 93 7 5 92
17 9 7 19 30 47 4 22 3 31 44 38 10 2 8 1 16 14 6 29 23 50 49 48 13 18 5 25 20 39 33 37 36 34 21 46 11 32 12 45 35 26 28 43 15 42 41 24 27 40
94 75 69 91 85 66 25 67 64 77 80 28 6 99 48 58 59 90 43 17 81 9 32 3 49 26 93 74 46 1 96 98 95 87 83 62 41 82 55 44 57 15 45 24 35 39 38 84 42 22 52 68 4 36 27 79 29 61 30 10 14 60 11 70 97 13 12 76 5 16 2 92 86 53 71 18 65 73 37 33 88 34 21 63 23 54 19 78 72 89 50 51 47 20 100 56 8 7 31 40
57 42 11 65 20 94 51 87 12 64 15 31 8 53 77 90 49 88 59 55 24 35 69 1 85 62 52 9 28 78 25 40 82 10 50 13 98 23 21 81 19 14 74 22 67 70 48 4 27 96 6 91 76 47 32 7 43 92 46 39 73 60 44 17 66 71 34 18 75 89 68 26 97 79 2 16 33 58 80 95 61 100 5 72 37 38 99 29 56 3 83 93 41 45 36 63 84 86 54 30
96 100 62 56 35 37 74 26 23 51 10 6 82 60 38 97 48 78 64 32 53 49 31 13 99 55 92 65 33 20 4 77 58 81 70 50 89 45 95 68 17 30 94 90 54 15 16 9 27 36 72 24 98 83 34 19 41 8 29 76 21 40 57 18 28 22 11 73 93 88 80 47 39 1 59 84 42 71 86 85 67 75 14 46 3 7 52 69 61 2 91 79 66 5 63 87 44 12 25 43
