100 95 94 93 92 91 97 87 86 84 83 82 81 79 77 75 89 73 71 70 76 69 64 96 63 60 57 88 68 56 55 54 59 53 52 46 45 74 58 78 44 62 43 42 41 40 38 98 48 37 36 39 34 33 32 80 31 30 66 99 29 28 26 25 72 23 22 27 21 20 18 17 15 47 13 12 65 11 10 14 24 9 90 8 16 7 51 19 6 5 50 35 85 4 61 49 67 3 2 1
98 99 95 96 97 93 94 91 92 90 87 88 89 85 86 83 84 81 82 79 80 75 76 77 78 73 74 72 71 68 69 70 67 65 66 63 64 61 62 58 59 60 55 56 57 53 54 50 51 52 100 48 49 45 46 47 41 42 43 44 38 39 40 37 34 35 36 32 33 30 31 27 28 29 22 23 24 25 26 21 18 19 20 16 17 11 12 13 14 15 9 10 8 6 7 3 4 5 1 2
87 17 97 69 28 55 77 2 25 83 71 64 9 95 44 79 80 12 51 1 18 31 74 89 33 93 50 34 11 29 35 76 88 4 39 68 94 8 21 57 52 65 42 38 6 5 13 98 53 59 48 41 22 37 85 3 46 56 70 60 10 49 63 23 99 27 90 36 45 43 24 81 32 14 61 86 62 78 100 75 91 92 82 15 96 73 58 67 7 20 19 26 54 47 72 66 40 30 16 84
93 91 90 78 67 81 75 66 65 59 62 49 47 46 39 37 48 31 29 72 55 34 86 35 30 70 79 99 51 44 71 53 61 40 64 28 26 38 24 23 22 21 97 18 14 69 74 98 94 32 15 68 42 36 77 16 17 20 9 33 41 45 80 85 95 87 57 89 8 6 5 4 96 2 1 82 76 10 13 3 88 25 84 50 60 56 73 83 19 12 52 58 100 27 43 11 92 63 7 54
28 17 84 19 25 46 8 50 43 6 72 58 78 22 11 15 45 69 47 79 1 42 59 7 23 30 60 77 3 85 53 21 49 71 88 40 48 55 27 68 65 34 54 2 32 80 61 44 56 26 75 29 41 63 87 89 37 51 10 70 67 33 86 81 35 57 13 76 4 62 83 52 82 90 14 18 20 64 5 38 73 16 36 24 39 66 9 74 12 31
98 33 95 77 12 18 5 7 14 70 100 20 16 54 64 75 71 27 28 51 76 91 9 89 22 23 37 57 65 74 43 79 19 97 49 11 59 67 73 35 6 52 56 10 58 25 36 96 30 31 85 32 3 2 82 63 93 84 50 87 72 68 86 4 88 60 24 45 53 69 15 94 34 99 80 26 61 1 83 38 92 21 55 62 78 8 66 40 41 13 46 42 48 90 44 29 17 81 47 39
75 96 49 13 50 36 58 22 39 56 54 80 81 85 10 77 94 3 70 90 4 11 35 73 62 1 45 21 34 9 84 93 30 7 44 17 69 72 43 15 27 79 91 87 97 14 12 68 6 25 60 31 88 41 5 63 33 55 95 32 64 40 66 76 42 28 23 57 38 47 71 89 82 19 24 46 65 86 53 100 2 98 18 20 67 99 37 51 16 59 83 74 29 8 26 52 78 92 61 48
86 13 93 15 66 80 61 90 84 31 3 59 36 78 81 77 83 97 5 26 58 17 32 60 44 100 69 89 82 4 42 68 19 54 50 94 63 72 70 41 62 2 71 45 6 11 46 22 92 35 23 87 39 95 20 88 75 96 98 10 91 30 73 47 53 64 37 85 49 18 40 79 65 21 55 38 33 8 12 43 52 57 56 14 74 51 28 99 1 7 16 34 25 76 29 27 67 9 24 48
6 5 4 3 2 1
89 85 83 79 75 58 44 61 53 41 39 66 80 64 51 81 33 37 32 30 27 93 23 15 69 43 71 52 57 12 50 35 87 59 78 92 62 11 10 7 38 13 84 4 28 26 5 3 1 96 67 6 31 24 60 18 22 16 25 36 46 34 29 2 90 76 68 9 49 45 99 8 19 70 94 86 98 21 56 42 17 97 48 82 40 100 95 74 77 91 54 63 14 72 55 88 73 65 20 47
1 2 3 4 5 6 7 8 9 10 11 12 13 14 15 16 17 18 19 20 21 22 23 24 25 26 27 28 29 30 31 32 33 34 35 36 37 38 39 40 41 42 43 44 45 46 47 48 49 50 51 52 53 54 55 56 57 58 59 60 61 62 63 64 65 66 67 68 69 70 71 72 73 74 75 76 77 78 79 80 81 82 83 84 85 86 87 88 89 90 91 92 93 94 95 96 97 98 99 100
43 20 5 3 1 22 27 28 29 33 38 42 44 45 46 47 48 49 50 51 52 53 54 55 56 57 58 59 41 34 35 36 37 39 40 21 23 24 25 26 30 31 32 60 62 63 64 65 66 67 68 69 70 71 72 73 74 75 76 77 78 61 2 4 6 7 8 9 10 11 12 13 14 15 16 17 18 19 79 80
95 93 97 90 89 87 82 81 80 74 73 64 63 60 58 85 70 51 47 42 40 39 38 29 27 92 37 76 41 43 26 72 24 25 32 61 22 19 91 17 28 71 35 53 30 46 99 21 68 15 83 12 11 10 45 59 9 48 13 14 78 54 36 86 49 44 8 79 7 34 98 56 6 5 4 62 94 65 3 50 23 2 84 55 33 67 69 96 66 57 77 75 31 16 20 88 18 1 52 100
66 64 63 60 57 56 55 67 53 52 51 48 59 45 42 40 39 37 49 68 36 35 33 46 32 31 30 29 27 26 25 62 24 23 22 21 20 18 38 17 15 69 14 13 19 12 41 10 9 65 8 7 6 34 28 47 54 61 11 70 44 58 5 4 50 16 3 43 2 1
1 2 3 6 4 5 7
100 99 98 97 96 95 94 91 92 93 90 89 86 88 87 85 84 81 82 83 80 79 77 76 78 75 74 71 73 72 70 69 66 68 67 65 64 61 63 62 60 59 57 56 58 55 54 51 53 52 50 49 46 48 47 45 44 43 42 41 40 39 38 36 37 35 34 31 33 32 30 29 28 26 27 25 24 21 23 22 20 19 16 18 17 15 14 11 12 13 10 9 6 7 8 5 4 1 3 2
90 35 12 34 97 32 61 69 59 36 42 73 77 30 7 31 10 100 60 55 18 83 26 63 27 71 33 2 81 70 38 75 48 96 92 72 39 47 78 17 93 24 15 94 84 29 82 21 45 76 65 58 56 46 85 25 9 87 23 80 99 14 11 13 19 86 49 67 40 22 98 95 74 16 51 6 28 79 53 5 64 43 4 37 66 8 44 88 57 62 52 1 50 20 89 41 3 54 68 91
99 90 88 76 77 70 97 68 58 93 87 56 51 49 63 78 45 42 34 32 31 83 30 27 95 60 29 28 79 26 37 24 73 40 23 44 21 18 89 17 36 94 57 52 71 19 16 15 12 41 86 74 11 43 80 13 10 9 61 8 100 67 53 48 7 55 96 6 5 84 22 92 64 33 72 91 54 98 85 59 14 50 38 47 62 46 75 25 4 81 3 65 35 2 82 1 20 69 66 39
100 46 65 42 79 38 30 21 64 26 44 35 67 57 20 49 88 78 8 54 39 28 95 90 69 45 80 7 74 53 13 76 93 31 15 27 91 52 85 99 77 98 84 63 82 17 70 24 56 5 81 43 50 55 68 6 72 33 86 89 10 58 14 96 36 40 94 4 9 62 22 51 59 87 29 16 11 12 61 19 66 25 83 71 97 73 3 41 18 48 32 92 60 75 37 47 1 34 2 23
9 3 6 4 5 1 2 8 7
7 8 5 6 3 4 1 2
39 15 16 17 20 22 24 25 26 27 29 32 35 38 42 43 46 47 49 44 50 53 54 56 45 59 62 21 64 51 65 52 68 37 67 71 40 72 74 55 75 60 76 41 69 78 77 58 23 82 84 85 86 87 31 36 88 81 90 91 61 92 66 93 94 73 63 95 18 96 33 97 98 99 100 14 13 12 79 11 10 80 34 9 70 8 83 7 6 19 28 30 5 4 3 57 2 1 48 89
1 2 3 4 5 6 7 8 9 10 11 12 13 14 15 16 17 18 19 20
91 84 92 62 93 96 55 68 79 81 46 54 77 95 32 56 35 40 29 74 25 23 22 82 88 19 64 16 15 50 41 14 98 43 51 73 10 49 36 90 48 70 65 78 30 58 28 12 61 34 24 99 69 9 53 97 76 18 21 87 11 89 59 100 37 27 94 63 52 66 71 20 75 31 86 7 72 60 5 3 44 2 1 38 4 39 67 85 17 26 13 47 57 42 80 6 83 33 8 45
99 94 97 92 91 88 93 87 85 83 82 80 79 90 81 77 84 76 78 75 73 96 71 69 68 95 67 89 70 66 65 72 98 64 86 63 74 62 61 56 55 52 48 47 45 44 43 51 42 54 41 40 49 39 46 59 38 37 36 53 35 58 57 33 34 32 31 50 26 23 27 28 20 19 18 29 25 17 16 15 14 21 13 12 11 24 10 9 7 6 5 2 4 3 60 8 30 22 1 100
51 50 49 48 47 46 45 44 43 42 41 40 39 38 37 36 35 34 33 32 31 30 29 28 27 26 25 24 23 22 21 20 19 18 17 16 15 14 13 12 11 10 9 8 7 6 5 4 3 2 1 52 53 54 55 56 57 58 59 60 61 62 63 64 65 66 67 68 69 70 71 72 73 74 75 76 77 78 79 80 81 82 83 84 85 86 87 88 89 90 91 92 93 94 95 96 97 98 99 100
83 80 76 66 68 65 63 74 59 57 81 47 45 89 44 43 41 58 39 69 67 42 38 37 91 36 54 52 34 72 70 71 64 60 78 62 31 30 84 75 27 22 21 79 55 19 18 61 14 13 50 12 10 46 11 85 48 40 23 15 25 86 77 56 90 26 9 24 33 29 17 20 35 82 7 4 28 3 49 73 53 32 16 87 6 8 51 2 1 5 88
54 1 16 58 68 50 43 76 90 29 36 51 17 59 18 48 85 91 61 44 92 46 70 71 20 30 38 11 80 12 40 98 23 67 14 77 9 96 73 82 26 31 45 89 6 47 94 2 13 39 79 95 4 35 15 27 42 86 84 21 34 63 66 60 56 99 5 83 53 55 75 78 3 28 87 62 65 37 24 93 52 8 69 72 22 100 10 64 7 41 32 49 81 74 25 19 57 97 33 88
95 96 93 94 92 89 86 90 87 88 85 91 84 81 82 83 75 73 74 78 76 77 79 80 71 72 69 70 68 64 65 59 60 57 58 55 61 67 62 66 63 56 54 50 51 52 53 47 48 45 46 43 49 44 41 38 42 39 40 36 34 35 31 37 32 33 29 30 28 23 24 22 19 25 26 27 20 21 17 14 18 15 16 11 10 5 1 2 3 6 4 7 13 8 9 12
74 36 68 58 79 18 7 99 9 60 85 39 25 13 65 95 93 90 4 82 51 14 21 20 70 2 35 46 63 8 23 43 1 88 47 72 50 44 94 56 59 17 57 48 11 38 22 87 30 54 49 78 12 71 66 55 96 40 28 19 62 61 75 89 15 24 100 67 98 26 41 91 52 29 69 32 42 76 92 97 81 10 77 37 27 6 5 84 53 16 80 33 3 86 45 34 73 31 83 64
100 99 98 93 96 87 86 81 77 74 83 90 73 71 69 66 65 62 80 60 59 76 95 58 57 54 72 53 51 47 70 46 44 91 41 97 40 39 63 34 33 42 64 31 30 29 28 35 85 27 26 25 56 79 24 23 20 36 19 21 38 18 82 45 78 37 17 92 67 84 16 15 49 48 32 14 13 12 11 43 68 75 89 52 55 10 88 9 7 6 5 61 4 22 50 8 3 2 1 94
68 38 70 63 78 11 39 82 100 18 41 23 9 58 57 61 5 87 94 4 35 49 62 21 8 65 36 99 20 73 32 84 56 42 74 81 89 31 96 33 28 77 51 17 59 30 13 52 47 86 93 46 27 3 22 76 45 95 44 16 66 37 12 55 34 88 10 72 67 50 69 43 29 24 64 40 75 25 2 98 15 97 60 85 1 53 90 80 71 19 91 83 92 14 26 79 6 54 7 48
92 91 81 68 67 65 16 8 4 28 34 17 14 15 66 69 6 7 10 13 27 32 33 99 100 18 22 24 25 26 31 35 38 39 47 63 64 70 90 93 5 9 11 12 19 20 21 23 29 30 36 45 46 96 97 98 37 40 41 42 43 44 48 49 50 51 52 53 54 55 56 57 58 59 60 61 62 71 72 73 74 75 76 77 78 79 80 82 83 84 85 86 87 88 89 94 95 3 2 1
94 91 73 86 97 89 64 62 61 98 69 29 81 27 25 8 74 5 77 55 95 1 83 17 66 2 42 100 16 67 59 75 7 68 56 4 58 48 38 76 90 79 84 49 57 45 52 24 33 92 43 53 63 3 85 18 22 93 11 44 31 21 10 28 36 46 70 87 96 72 51 82 6 99 80 9 50 88 14 35 47 41 37 19 13 60 71 34 40 65 30 78 39 54 15 12 23 26 20 32
32 20 91 93 63 86 65 76 52 89 28 36 97 41 82 13 21 45 5 81 7 49 48 50 68 10 6 37 88 55 8 74 62 85 14 19 40 59 18 96 44 98 31 47 34 51 69 83 70 25 54 58 4 77 43 2 11 64 87 16 92 23 60 67 71 24 12 73 38 42 100 26 75 33 56 39 17 53 46 95 57 9 80 78 72 15 22 84 27 30 66 90 94 29 61 99 79 35 3 1
86 72 1 28 39 38 55 15 29 75 79 6 69 100 56 61 30 67 89 87 37 44 42 20 59 83 85 7 24 35 64 99 14 9 41 12 21 90 78 51 53 65 74 62 34 46 73 10 68 93 77 49 91 22 82 16 25 17 32 84 60 31 88 97 19 70 66 58 48 52 8 33 3 76 4 80 92 26 40 27 5 43 63 57 45 2 18 13 81 23 36 71 54 11 95 94 98 96 50 47
90 84 67 66 51 30 99 56 19 5 32 4 3 2 1 97 11 60 18 77 88 27 28 9 68 6 71 29 42 13 93 69 46 12 94 76 75 14 74 70 15 61 50 23 73 45 65 39 72 25 58 98 47 78 34 21 24 86 57 20 87 36 54 89 41 64 59 10 43 80 81 62 83 53 95 85 17 33 35 7 22 91 31 44 49 100 40 92 52 79 16 96 26 37 48 55 8 38 63 82
69 55 42 93 33 75 77 91 96 41 86 36 56 60 67 81 24 97 40 23 21 46 90 57 14 85 100 94 19 72 25 20 10 34 73 28 61 83 17 35 82 65 80 79 30 15 22 88 47 76 84 95 53 68 13 26 27 9 59 37 78 3 18 99 11 1 45 98 74 66 43 38 6 32 39 48 62 31 44 50 70 16 92 87 49 71 7 4 5 58 52 51 64 89 2 12 63 54 8 29
46 37 30 10 8 27 6 2 21 92 63 100 7 91 60 83 49 51 74 14 39 4 78 26 19 98 32 75 66 16 40 48 97 84 28 58 17 54 15 47 24 45 96 29 52 3 67 9 59 11 57 82 65 79 81 93 90 12 25 64 89 61 31 50 53 88 85 76 55 41 94 22 77 68 43 36 34 80 33 35 5 23 69 13 20 44 95 62 73 99 70 87 1 18 71 38 72 42 56 86
37 29 68 7 10 24 81 88 27 90 36 50 58 78 79 43 34 15 33 45 63 84 94 67 2 26 59 80 20 89 92 6 56 75 47 96 11 30 51 57 55 60 76 52 62 77 73 41 53 42 61 13 65 44 31 35 64 66 4 9 16 23 8 86 48 95 28 97 14 18 98 21 87 72 85 54 22 70 71 32 83 46 1 3 19 17 99 39 40 12 69 49 100 93 25 38 82 91 74 5
99 24 13 14 95 10 67 59 2 20 90 82 48 96 86 39 60 73 80 29 11 84 7 98 79 12 3 5 87 32 34 81 6 17 4 25 88 50 47 97 15 89 91 27 19 35 49 64 75 9 45 85 53 44 16 26 62 78 38 63 77 61 31 76 54 68 94 66 18 33 92 100 30 40 57 72 23 28 43 36 46 74 21 1 37 55 51 83 58 8 71 70 69 41 42 22 56 52 65 93
2 1 4 6 5 8 10 7 9 3
60 59 58 56 55 54 53 51 50 49 48 46 45 44 43 41 40 39 36 35 33 31 29 28 25 24 23 21 20 19 16 15 13 11 9 8 7 12 5 4 3 27 32 52 22 10 17 26 2 42 38 1 37 57 34 14 47 30 18 6
76 70 75 54 45 34 33 31 36 30 19 81 24 50 59 61 21 10 87 89 86 6 11 35 8 37 23 22 69 85 43 77 90 28 62 67 53 26 13 88 51 55 78 83 25 72 2 1 4 5 98 66 60 65 74 79 32 47 49 52 44 82 42 15 17 56 16 9 95 97 91 80 41 68 12 18 38 99 93 27 3 100 39 29 40 84 92 20 58 14 7 57 71 64 63 73 46 96 94 48
56 42 32 51 55 46 41 44 35 28 59 33 23 63 53 43 62 18 38 36 54 37 47 31 60 29 16 27 15 13 17 49 9 7 30 5 19 48 34 3 22 52 8 39 25 50 6 11 12 21 61 14 2 26 20 57 10 40 4 24 58 45 64 1
69 48 39 14 77 65 75 5 50 87 73 11 94 45 16 85 79 90 44 24 8 67 6 56 47 41 29 37 97 3 59 54 92 49 30 58 60 80 52 17 35 27 10 26 68 55 63 84 7 33 53 46 4 98 20 18 32 61 13 51 78 21 83 22 28 66 34 40 42 88 89 96 12 19 100 99 9 43 93 86 57 38 36 76 31 72 25 2 70 95 71 64 62 91 15 82 23 1 74 81
29 17 18 27 9 10 31 6 5 2 1 46 39 7 12 19 14 23 35 8 50 49 24 44 42 38 25 45 4 36 30 32 3 33 22 26 28 37 11 41 34 20 15 47 48 43 13 40 21 16
98 81 77 64 28 26 25 80 75 66 90 62 24 38 10 9 95 32 91 83 39 55 6 48 96 58 85 59 69 3 73 93 36 70 97 14 44 27 16 41 60 5 2 74 8 13 100 42 71 37 54 30 12 84 4 52 15 82 19 21 72 35 50 87 56 68 34 23 45 7 47 29 20 31 99 67 94 76 78 57 92 43 33 49 46 17 22 11 18 86 1 65 53 51 61 88 79 63 89 40
26 9 15 87 4 59 40 34 94 79 66 88 76 21 12 17 72 19 29 82 13 8 24 90 44 96 78 20 28 64 7 53 10 51 6 42 18 50 100 57 69 14 71 95 43 47 81 93 48 83 49 31 61 3 54 33 11 77 46 67 16 25 92 41 36 39 45 32 52 55 65 1 85 63 84 86 58 56 37 62 2 60 73 5 98 75 35 38 91 89 70 99 97 23 30 74 27 80 68 22
99 68 66 90 73 100 89 85 59 54 34 9 35 86 7 77 96 26 57 76 5 1 92 69 61 11 82 71 46 16 94 29 45 51 31 55 6 67 10 56 32 37 22 14 72 33 47 24 70 25 20 74 19 2 18 63 84 49 53 80 87 79 98 3 50 83 17 97 62 64 91 95 23 39 78 36 60 4 28 52 65 38 40 13 8 21 48 75 15 27 81 41 43 42 93 12 30 88 58 44
81 60 50 80 38 94 55 32 4 69 44 1 12 17 11 57 23 51 18 20 21 87 19 54 63 100 91 41 40 45 64 67 86 76 15 25 53 24 6 83 96 84 74 56 59 3 70 65 14 35 9 71 31 43 92 79 30 46 47 42 82 85 16 58 52 49 27 28 99 2 8 13 88 72 73 75 37 95 48 36 5 34 62 93 26 98 33 90 89 10 39 61 78 7 77 66 68 97 22 29
93 90 81 59 46 45 34 95 28 16 43 12 33 72 85 32 6 2 82 17 31 29 3 69 70 36 63 37 68 9 35 30 53 10 83 40 8 64 76 25 47 94 50 23 91 65 52 13 73 44 26 51 99 57 71 98 79 97 18 86 61 11 39 14 1 49 96 4 84 38 7 67 54 41 58 60 77 19 92 66 80 42 100 21 24 89 15 87 88 75 56 27 5 20 78 48 62 74 22 55
100 91 90 88 86 84 83 82 80 79 77 76 75 73 72 69 52 93 53 54 55 56 57 58 59 60 61 62 63 64 65 66 67 68 70 71 74 78 81 85 87 89 92 94 95 96 97 98 99 51 50 49 48 47 46 45 44 43 42 41 40 39 38 37 36 35 34 33 32 31 30 29 28 27 26 25 24 23 22 21 20 19 18 17 16 15 14 13 12 11 10 9 8 7 6 5 4 3 2 1
92 77 76 98 90 74 73 71 68 64 57 54 84 50 56 46 44 82 43 45 66 87 42 41 85 60 37 97 100 93 32 28 24 21 55 49 40 61 20 81 19 38 17 51 80 29 16 63 27 58 96 99 48 14 75 94 13 33 15 12 11 23 10 9 8 89 22 59 47 39 18 72 88 79 83 7 6 35 78 5 67 95 70 25 26 53 30 91 69 36 65 34 52 31 86 62 4 2 3 1
98 85 81 71 67 57 47 14 27 34 46 7 38 60 95 70 97 69 80 40 77 16 66 90 82 41 29 72 65 15 18 75 36 9 68 87 63 6 8 35 42 48 10 39 19 99 43 44 2 11 76 56 58 28 21 24 96 61 25 54 91 52 93 26 92 53 32 5 20 30 31 37 3 84 86 12 33 23 94 73 100 17 4 74 62 22 79 88 45 55 78 13 59 49 83 51 89 64 1 50
100 95 93 91 84 82 79 76 75 74 73 72 71 70 69 67 92 66 99 87 80 65 86 64 62 58 56 55 60 63 51 48 47 83 46 45 68 44 43 97 41 40 39 52 34 32 30 90 29 38 28 53 26 50 54 25 35 36 78 24 22 21 19 88 18 61 57 17 16 96 23 81 14 13 77 11 10 9 8 37 94 31 7 6 5 89 27 4 49 3 33 59 2 42 15 20 98 1 12 85
99 85 76 73 62 58 91 53 52 78 48 63 79 45 42 69 55 41 34 35 27 65 28 29 26 23 22 19 20 14 82 16 96 49 92 59 74 70 12 97 75 30 83 87 80 54 8 9 37 10 56 32 44 25 38 86 39 36 7 66 72 15 90 31 77 68 21 94 100 88 98 71 40 17 81 84 13 18 89 64 57 5 50 60 33 46 43 61 6 95 47 4 67 11 1 2 3 51 93 24
68 86 73 63 50 75 43 18 48 54 17 13 76 88 91 98 11 10 9 33 65 94 66 25 40 27 35 29 7 90 26 53 61 78 85 64 99 89 12 14 19 5 8 100 31 30 97 36 74 20 87 77 92 46 24 58 32 34 55 41 79 84 49 44 37 16 3 93 67 82 71 47 4 42 38 83 21 72 15 62 96 80 59 81 45 6 22 39 23 56 60 95 51 52 69 57 1 2 28 70
48 20 9 46 15 86 41 40 80 24 53 13 73 44 77 93 29 89 10 36 68 71 83 64 91 94 92 3 85 97 30 18 25 16 50 95 47 52 19 63 8 12 37 5 61 35 70 7 28 31 17 38 6 75 62 99 67 11 34 84 43 51 56 76 14 23 58 21 100 59 2 54 90 27 72 74 81 33 65 45 78 69 4 98 88 87 42 39 22 82 32 1 49 57 55 79 26 96 66 60
28 9 39 30 5 48 49 40 8 14 25 17 27 1 44 18 13 3 24 15 19 7 46 22 41 45 2 20 10 21 35 36 11 37 16 29 33 38 26 34 47 42 6 32 43 12 31 23 4 50
99 98 96 91 90 85 72 81 73 84 93 92 95 94 70 68 78 79 89 100 80 66 77 87 88 97 65 64 74 83 75 76 86 59 60 58 69 51 61 44 42 43 40 30 28 38 37 36 46 55 54 53 62 71 82 63 56 67 57 24 34 21 31 41 52 20 18 14 15 16 26 35 25 45 27 13 10 19 29 39 50 49 48 47 9 7 4 5 6 17 8 1 2 3 12 22 33 11 23 32
100 79 51 47 48 49 50 45 46 43 44 42 39 40 41 37 38 36 35 33 34 32 30 31 29 28 25 26 27 24 22 23 17 18 19 20 21 15 16 14 13 11 12 10 7 8 9 4 5 6 53 3 52 55 56 58 59 60 63 64 65 67 72 73 74 76 80 82 83 84 86 91 92 95 98 99 1 2 68 69 70 71 66 75 77 78 81 85 87 88 89 90 93 94 96 97 54 57 61 62
20 38 55 90 10 48 57 35 44 94 92 84 89 88 98 50 100 27 83 58 59 52 6 49 79 54 76 77 31 96 8 16 25 51 85 63 12 15 66 87 7 4 36 43 22 75 39 32 82 46 62 53 74 21 42 67 28 34 29 69 17 5 71 26 9 33 56 19 64 80 72 68 11 24 73 78 30 65 95 37 86 40 99 97 2 70 18 91 3 13 61 81 14 60 45 1 47 93 23 41
93 82 70 69 66 64 21 5 35 53 27 55 67 30 83 38 94 8 75 46 68 65 10 51 6 44 59 7 12 24 48 34 16 71 39 14 25 88 97 3 60 19 2 89 37 72 9 15 40 32 42 47 98 50 73 84 62 20 77 58 99 28 33 1 29 87 41 43 4 11 76 78 36 31 26 49 81 79 85 90 96 22 54 91 52 56 57 63 17 74 13 18 92 45 61 86 95 23 80
13 65 88 21 61 12 94 34 62 73 55 89 59 69 75 63 71 15 11 51 82 67 100 27 39 93 98 53 56 99 49 74 92 90 42 81 68 87 19 97 38 30 57 9 41 14 10 60 22 36 29 37 47 20 7 28 64 40 43 17 80 23 25 84 5 76 3 77 26 96 44 18 95 35 24 66 45 31 2 16 72 58 70 78 32 79 33 85 8 52 83 54 86 1 50 4 48 6 91 46
97 77 57 58 74 54 47 95 28 18 14 21 31 20 22 63 64 69 67 84 46 98 4 5 89 26 81 48 41 96 38 11 13 76 100 51 45 86 19 39 72 55 80 43 53 75 37 68 17 27 94 71 36 79 29 66 42 59 8 7 87 49 1 92 61 12 70 90 30 33 50 83 16 9 60 93 56 99 78 52 88 62 35 91 34 44 24 2 82 73 32 85 65 15 23 25 10 40 3 6
98 93 92 87 80 79 73 69 68 78 67 64 59 58 70 56 88 55 54 52 81 48 45 41 96 51 40 39 38 82 85 36 35 33 65 25 49 26 24 53 23 34 20 21 37 72 90 31 44 32 30 94 62 19 75 18 17 84 66 47 97 77 42 43 60 76 50 16 29 28 89 15 14 13 12 71 63 11 10 91 95 9 57 8 74 83 5 7 46 4 2 27 3 86 100 22 99 6 1 61
29 21 7 67 70 23 49 8 24 13 1 48 73 31 10 18 37 25 51 62 33 66 72 45 64 58 4 26 71 16 9 43 5 69 27 6 52 30 11 14 17 36 38 61 47 46 60 40 57 65 35 42 22 53 44 2 20 39 32 59 34 15 56 19 12 63 68 3 41 54 50 28 55
90 86 66 87 99 84 63 59 71 56 35 23 89 4 64 41 53 5 62 74 77 98 68 97 88 37 61 14 11 26 44 65 95 80 49 25 19 1 100 6 93 57 96 91 58 42 55 28 45 15 81 78 85 94 82 73 67 7 76 27 32 47 83 39 52 13 70 18 60 22 24 9 29 92 36 69 75 17 2 8 30 12 72 54 43 31 34 46 79 10 16 48 21 51 33 3 40 50 38 20
92 33 40 57 45 79 44 26 37 69 47 15 23 22 63 70 4 75 43 9 74 30 83 39 17 6 10 87 62 36 25 88 66 34 59 28 95 51 60 93 96 78 20 29 21 100 99 85 53 67 80 8 27 7 98 68 91 84 31 50 24 48 35 18 11 2 14 71 89 38 94 64 32 90 49 16 55 12 86 76 5 82 81 1 58 61 54 19 73 77 41 97 3 52 46 65 42 13 56 72
85 81 82 79 77 73 74 71 72 70 69 61 60 56 57 51 52 66 67 50 64 49 63 75 48 62 47 44 45 59 40 41 58 39 38 35 36 37 34 33 53 30 27 28 29 26 65 24 25 23 20 21 16 17 14 11 12 13 8 9 10 46 5 84 83 68 3 54 55 78 2 22 31 32 1 18 19 4 42 43 76 80 6 7 15
63 41 37 89 46 6 88 24 32 58 40 20 26 53 16 60 7 14 23 29 62 5 3 1 90 72 70 74 35 48 50 10 17 11 18 45 4 42 39 85 54 47 57 81 91 79 100 87 86 34 8 76 94 96 66 22 30 44 51 55 65 25 28 95 13 12 21 19 73 33 15 67 69 38 93 31 84 80 61 83 68 75 52 43 56 92 36 82 59 98 71 2 99 9 97 27 78 64 49 77
92 90 37 69 4 5 89 78 24 49 27 28 76 44 52 62 67 63 38 3 45 7 66 12 14 81 42 59 20 72 95 33 6 50 53 9 36 56 18 13 26 39 93 8 82 61 16 25 91 46 99 29 17 47 77 73 51 15 35 22 55 70 98 58 68 87 34 31 19 86 43 84 60 74 64 40 10 94 96 11 79 97 2 30 21 85 32 100 41 71 80 75 65 88 57 23 54 1 83 48
91 41 43 85 72 30 22 2 28 38 86 15 20 69 54 84 1 11 90 61 89 37 58 74 60 8 93 40 63 71 34 100 5 46 25 23 31 3 99 57 65 21 87 95 16 78 17 7 73 92 27 12 76 97 49 96 68 52 48 45 10 6 56 64 44 47 53 75 51 80 66 35 9 18 59 88 55 79 26 4 67 13 33 62 19 32 36 82 83 81 77 70 94 98 29 42 39 24 50 14
21 16 17 19 20 18 13 10 9 12 11 14 15 8 7 6 5 4 1 3 2
95 94 72 66 64 62 90 73 79 76 57 46 37 30 28 25 22 88 21 49 98 77 75 31 93 69 50 19 14 97 35 43 63 91 87 45 11 9 68 15 18 32 52 36 5 99 92 56 89 70 48 40 54 60 65 80 47 13 96 84 82 33 51 41 17 55 74 78 7 34 38 58 26 8 59 20 44 83 12 16 27 53 6 24 39 29 85 71 23 86 61 4 3 2 1 81 42 67 10
3 41 31 79 5 80 24 42 29 43 87 4 74 8 37 66 32 21 27 51 34 39 36 57 14 85 97 22 93 52 81 89 33 53 10 94 90 1 6 50 11 47 69 99 96 84 72 45 76 40 88 7 26 91 98 44 54 35 12 82 92 28 78 46 63 64 38 30 59 48 55 62 75 58 17 56 73 70 18 13 23 16 60 68 71 67 86 61 2 100 19 65 9 83 25 77 49 20 15 95
81 82 91 51 18 9 78 49 98 83 35 38 68 54 34 48 73 45 93 15 74 58 22 39 66 79 24 92 27 71 40 13 21 88 65 10 4 96 19 53 44 42 60 70 64 61 8 16 5 90 23 72 6 75 17 59 56 84 31 80 99 25 14 57 97 30 76 33 47 94 55 69 62 77 28 37 11 85 26 50 89 52 7 95 46 86 100 36 2 29 63 1 3 43 32 12 41 67 20 87
99 93 89 86 83 80 78 76 67 55 53 50 69 46 45 42 34 28 27 51 64 40 26 97 36 59 35 47 52 91 25 74 23 22 21 20 19 85 48 72 38 17 15 14 66 96 11 18 63 10 81 5 3 95 79 24 98 77 92 41 29 1 6 44 30 57 90 88 94 100 62 87 71 37 56 8 12 13 39 84 32 73 65 43 82 7 61 70 31 68 2 54 9 58 75 60 33 49 4 16
100 94 95 96 97 98 92 93 89 90 91 87 88 85 86 83 84 80 81 82 78 79 77 76 74 75 70 71 72 73 69 68 67 64 65 66 62 63 61 58 59 60 56 57 52 53 54 55 50 51 48 49 46 47 44 45 42 43 41 38 39 40 36 37 34 35 33 31 32 28 29 30 24 25 26 27 23 21 22 20 18 19 15 16 17 14 11 12 13 8 9 10 4 5 6 7 1 2 3 99
89 64 6 32 42 41 39 29 77 92 19 23 24 91 18 65 88 72 13 1 5 26 70 60 76 46 55 58 94 40 61 30 8 17 10 81 67 14 31 33 86 2 11 68 84 45 38 36 54 98 20 35 43 9 78 80 71 27 4 73 69 95 66 85 97 52 82 16 62 34 74 44 87 21 57 7 50 90 12 53 51 93 56 59 47 99 15 96 49 25 48 22 63 28 79 37 75 100 83 3
46 45 44 40 39 38 37 31 29 42 28 33 26 24 22 43 23 48 21 19 18 17 32 27 15 49 47 30 14 13 12 16 11 34 35 9 8 36 7 6 41 20 5 50 10 4 3 2 1 25
95 94 91 87 83 75 92 74 69 67 61 99 71 58 51 86 53 50 49 46 44 81 70 43 40 38 37 35 34 33 42 29 27 26 62 68 47 52 28 59 79 25 41 98 64 56 30 76 78 77 55 24 23 80 22 57 19 17 93 14 20 73 39 13 89 84 32 88 12 11 10 18 90 36 16 21 66 9 82 31 100 72 15 45 97 96 8 7 6 5 4 63 3 54 2 1 65 60 85 48
63 52 84 30 19 41 60 79 80 18 90 13 42 82 10 72 9 28 21 29 31 61 77 66 46 32 57 94 17 34 85 37 38 62 5 27 53 4 87 45 1 20 3 67 73 56 6 33 93 86 2 44 97 49 51 76 12 43 75 26 70 58 78 59 88 11 83 16 47 99 48 91 64 96 55 81 7 89 54 71 23 65 95 8 50 35 15 92 69 100 39 36 74 24 98 14 22 25 40 68
34 40 66 54 31 25 62 14 6 1 9 55 69 28 32 46 27 26 15 58 65 16 13 33 23 3 35 53 45 12 38 37 59 17 4 64 8 67 60 61 43 10 20 44 56 63 24 42 49 7 22 68 47 39 36 11 57 29 41 21 50 2 19 48 70 30 51 5 52 18
10 3 91 24 28 8 38 66 78 93 27 59 60 11 62 81 85 71 25 87 19 46 90 56 58 86 70 49 51 67 80 77 95 42 57 63 4 33 76 73 74 84 68 2 43 97 5 21 39 23 53 13 16 88 6 35 47 30 98 7 41 37 45 31 82 48 29 18 32 99 75 83 92 65 61 89 100 26 14 40 54 34 69 36 9 20 17 44 12 64 15 79 22 52 96 50 1 94 72 55
50 46 47 45 41 42 40 39 35 36 37 34 33 28 24 25 26 21 22 20 18 16 17 19 43 13 44 38 14 32 10 29 30 31 48 11 12 6 27 15 7 49 8 9 4 5 23 1 2 3
100 31 11 29 46 37 61 57 52 71 3 12 41 27 44 90 93 22 28 2 59 14 92 48 10 13 5 86 15 38 72 95 63 87 80 8 89 21 33 58 73 96 18 85 84 66 35 67 56 25 19 1 69 74 53 49 50 91 78 47 17 6 36 79 98 97 39 83 34 7 70 42 55 51 62 24 77 40 54 9 94 26 20 43 23 68 32 88 65 16 82 45 76 4 30 99 81 75 64 60
97 98 99 100 95 96 91 92 93 94 89 90 87 88 86 85 83 84 82 81 79 80 77 78 76 75 73 74 72 70 71 66 67 68 69 63 64 65 62 60 61 58 59 57 56 53 54 55 50 51 52 47 48 49 46 45 43 44 41 42 39 40 37 38 35 36 34 33 30 31 32 29 26 27 28 25 24 22 23 20 21 17 18 19 16 15 13 14 10 11 12 8 9 5 6 7 4 2 3 1
99 91 25 43 75 68 95 17 59 18 39 67 88 64 53 6 63 31 92 51 46 23 66 9 5 44 58 14 34 12 35 100 33 57 72 81 36 78 89 69 20 98 38 83 16 2 96 30 37 10 13 52 1 19 65 8 60 56 48 76 93 26 90 73 80 79 41 15 50 87 84 54 55 85 27 7 29 45 82 42 97 71 94 21 86 77 11 3 47 61 70 22 40 28 62 32 4 49 74 24
65 35 27 93 66 76 34 18 36 73 82 15 16 74 91 45 90 39 37 42 23 49 31 92 89 99 96 47 58 62 61 72 29 63 14 7 28 98 55 53 59 44 56 75 12 21 84 67 38 4 2 33 40 77 95 22 8 81 97 3 51 10 11 87 88 30 69 71 57 60 85 43 41 32 68 1 79 100 86 52 46 9 70 26 48 13 64 17 24 50 20 80 78 5 6 19 94 83 25 54
91 73 57 79 26 6 12 24 74 9 48 88 15 66 5 32 65 77 97 93 55 33 20 4 22 17 19 43 60 85 62 68 76 58 78 41 7 81 54 28 90 72 34 37 95 100 69 8 75 46 61 23 89 30 40 36 27 50 80 53 3 42 86 63 92 29 39 18 31 64 71 2 10 99 51 49 35 44 59 70 67 47 1 14 82 21 83 84 52 87 38 13 11 45 16 56 94 25 98 96
96 77 6 14 44 31 30 68 69 79 41 87 20 9 28 82 48 47 11 61 97 51 80 32 55 86 70 59 74 58 2 84 75 89 23 26 54 36 60 1 19 72 12 42 21 63 34 43 76 65 85 57 27 39 29 56 92 7 67 25 37 33 8 83 40 45 95 71 10 49 62 81 88 64 13 35 94 24 18 93 66 5 17 78 3 52 22 15 90 16 50 91 73 38 53 4 46
98 94 91 90 89 85 83 82 74 73 72 65 63 68 58 57 49 48 45 56 35 33 84 50 30 29 26 23 93 21 81 37 86 55 67 70 39 77 17 40 16 88 14 52 19 15 13 12 60 43 95 79 11 100 92 76 32 75 34 22 25 71 10 97 61 62 87 80 59 53 38 46 9 42 24 8 51 69 7 36 99 96 20 6 28 31 64 5 4 18 27 78 47 44 41 66 3 54 2 1
94 92 75 69 56 72 55 50 70 87 46 59 52 44 42 40 37 32 31 22 12 35 10 62 4 2 21 95 63 9 15 83 91 3 81 19 88 66 5 51 73 11 67 26 80 17 98 43 61 85 96 100 86 99 74 64 29 79 76 48 20 93 89 68 38 77 54 7 47 34 8 65 82 25 71 41 14 78 18 45 36 23 84 33 6 90 60 28 27 16 49 57 58 13 30 39 24 97 53 1
56 29 97 53 85 70 65 15 94 3 5 95 46 7 48 45 19 59 62 4 78 1 16 84 17 71 61 11 52 99 28 79 40 90 100 50 81 18 30 37 66 6 8 41 27 64 57 67 47 87 98 22 63 68 91 43 49 55 73 74 88 42 26 14 9 35 32 24 86 25 36 13 33 44 38 23 76 34 75 12 58 80 31 69 10 39 51 96 60 89 2 54 92 20 82 83 21 72 77 93
59 21 44 17 13 100 83 28 36 57 10 40 31 78 73 42 35 47 52 80 90 64 82 33 29 88 53 84 74 30 58 54 1 81 97 89 69 45 75 91 37 19 48 63 98 24 34 20 70 27 87 41 65 77 55 6 15 49 68 92 94 93 39 66 50 22 8 61 85 2 3 4 5 9 79 16 76 26 32 38 46 56 60 62 86 23 43 95 25 7 12 51 18 72 71 11 14 96 99 67
95 86 38 12 25 35 81 99 22 26 48 85 40 79 98 72 64 97 52 54 80 88 41 33 53 32 17 57 63 66 96 77 51 74 9 67 58 5 90 30 29 94 2 21 42 49 4 14 78 31 3 18 16 93 56 37 46 6 43 23 60 7 89 24 36 84 83 34 8 39 73 55 59 65 28 68 62 92 11 61 27 70 13 45 10 47 91 1 87 75 82 76 44 69 15 71 50 19 20 100
51 17 7 74 69 13 25 56 55 31 91 73 60 10 16 82 3 70 37 9 2 85 42 80 65 44 18 79 30 52 98 14 58 29 26 67 39 11 83 86 96 24 95 19 41 54 90 93 4 8 71 76 81 77 22 97 40 99 48 38 64 87 27 94 49 57 46 53 5 75 6 28 33 59 32 66 68 63 92 1 21 84 61 72 43 88 62 15 23 35 47 20 34 78 89 50 12 45 36 100
86 13 36 67 30 73 75 47 76 91 16 97 41 23 59 40 8 53 81 31 89 78 55 56 44 64 21 1 84 43 27 61 9 3 52 29 74 42 5 34 26 54 22 17 77 92 46 66 39 4 11 57 12 79 88 99 20 15 85 94 69 80 33 93 96 68 98 10 32 7 58 35 6 95 25 14 63 100 83 18 71 65 51 50 28 37 38 70 2 87 90 24 62 45 19 60 48 82 49 72
62 49 48 97 38 47 83 2 45 90 12 50 58 19 21 41 36 74 44 82 29 10 88 35 69 80 59 73 39 14 16 84 61 8 23 65 66 13 20 5 68 26 76 100 64 4 46 51 55 79 54 92 87 99 72 30 70 78 6 63 1 24 17 67 75 9 60 22 34 32 15 7 27 86 95 81 31 98 93 40 25 53 3 57 94 42 28 43 56 71 77 11 89 33 18 91 37 96 52 85
79 23 19 13 30 61 62 52 100 12 10 63 91 24 98 56 18 90 92 72 50 6 64 7 28 75 27 74 20 97 96 3 71 37 5 68 82 2 14 66 58 38 34 11 15 54 83 21 65 41 42 51 95 4 67 86 17 44 57 77 93 94 85 99 1 35 78 36 39 55 33 31 32 60 53 43 59 46 89 45 40 26 48 70 49 76 73 29 16 9 84 22 80 47 25 87 81 8 88 69
80 69 72 93 94 95 68 62 59 58 34 65 70 71 73 74 75 76 77 78 79 82 84 85 86 23 17 20 21 22 24 25 26 27 29 30 31 32 35 36 37 38 39 49 81 18 19 28 33 40 41 42 43 44 45 46 47 48 50 51 52 53 54 55 56 57 60 61 63 64 66 67 83 87 88 89 90 91 92 96 97 98 99 100 16 15 14 13 12 11 10 9 8 7 6 5 4 3 2 1
47 27 12 10 15 3 6 21 45 42 19 46 24 41 33 14 5 11 56 53 35 17 39 40 34 36 32 4 25 51 22 49 7 48 26 50 13 54 52 9 23 29 1 16 55 43 28 18 37 38 8 44 31 20 2 30
8 7 6 5 4 3 2 1 9
63 97 77 48 35 83 80 34 73 36 58 98 47 71 88 5 56 7 66 12 42 65 93 87 92 24 84 91 10 37 69 60 15 45 53 96 81 76 30 33 4 21 100 82 22 49 72 43 78 51 17 29 13 79 70 99 59 55 20 61 95 9 39 85 90 50 74 68 19 27 57 89 1 8 26 2 23 62 40 54 32 86 31 94 11 18 14 6 67 52 44 16 41 25 28 46 38 3 75 64
77 100 73 30 42 18 17 2 9 37 60 88 99 50 78 59 22 82 12 7 41 47 48 45 32 54 81 83 33 61 5 11 28 57 80 85 79 36 68 39 40 49 44 6 71 56 20 24 3 76 27 98 97 74 62 10 52 63 23 90 87 15 31 43 21 16 29 38 58 64 1 53 25 65 26 34 75 35 69 92 66 4 93 86 8 95 55 72 67 19 84 51 91 94 70 89 13 96 14 46
95 77 94 75 71 99 70 87 89 69 67 62 61 60 84 56 73 68 55 91 50 43 51 90 36 78 35 92 74 100 49 33 32 79 28 93 59 53 52 26 24 31 58 23 76 21 19 80 44 38 16 72 54 86 13 64 45 88 12 10 27 48 17 83 8 65 63 46 81 7 37 20 34 29 6 47 5 42 57 4 41 14 96 9 97 22 3 82 98 11 66 39 2 85 1 25 40 15 18 30
84 71 41 31 64 73 8 50 81 34 59 44 7 11 14 77 98 100 87 10 17 97 67 19 96 95 65 37 80 69 72 28 99 55 3 35 32 49 70 24 12 88 39 47 6 42 76 60 51 56 82 75 45 78 26 53 33 86 9 25 61 36 18 93 40 27 54 13 20 22 4 91 1 79 94 23 58 29 21 16 62 30 2 38 83 90 48 57 85 43 89 52 66 74 63 92 68 46 5 15
70 67 77 64 59 89 56 53 52 48 37 78 72 36 33 90 94 97 32 31 30 86 45 29 57 71 65 79 21 20 19 14 44 42 95 12 80 10 6 34 76 47 55 81 60 88 5 7 4 61 73 87 69 16 25 68 92 63 38 40 17 74 8 13 28 91 82 23 27 50 83 43 100 39 26 93 41 51 49 58 9 85 24 22 62 46 96 11 84 3 66 75 2 98 54 15 1 18 35 99
79 78 75 73 71 66 63 59 57 55 54 51 50 49 48 45 42 41 40 80 39 38 37 77 36 76 35 34 74 33 32 72 31 30 70 29 69 28 68 27 67 26 25 65 24 64 23 22 62 21 61 20 60 19 18 58 17 16 56 15 14 13 53 12 52 11 10 9 8 7 47 6 46 5 4 44 3 43 2 1
93 92 84 78 82 77 76 74 69 65 91 63 62 58 85 55 54 53 51 50 48 45 41 40 95 61 39 38 89 36 37 43 80 81 73 35 33 28 49 46 59 88 27 26 57 24 86 21 19 18 16 44 100 71 87 15 94 13 66 79 10 25 8 17 68 5 4 7 75 64 9 67 96 42 11 90 47 23 98 83 6 56 12 30 70 60 99 72 31 97 52 20 14 22 3 34 29 2 1 32
20 18 55 67 53 38 92 65 6 39 46 8 62 98 47 56 44 23 89 66 43 45 76 79 7 26 28 74 68 40 80 27 81 50 37 19 100 14 72 94 17 88 12 4 16 70 22 86 5 1 31 32 87 63 51 54 93 73 33 21 95 13 24 35 90 42 52 48 69 61 82 9 10 41 57 91 36 34 25 78 49 2 64 3 84 58 83 85 30 97 75 15 11 59 99 29 71 60 96 77
9 6 8 7 5 4 2 1 10 3
96 63 61 89 72 59 42 4 99 2 1 45 68 50 43 64 16 47 53 66 3 8 69 83 65 78 34 30 23 24 22 87 32 77 86 19 91 14 49 13 29 92 5 35 79 18 57 9 70 28 20 51 85 93 100 60 41 37 98 74 17 12 15 48 10 80 81 52 36 40 84 25 95 67 27 75 76 7 90 33 82 94 11 56 31 21 97 26 62 54 6 58 38 55 46 73 71 39 88 44
96 95 94 93 91 90 89 87 86 85 81 79 70 69 66 60 59 57 84 55 53 52 51 62 56 48 47 46 45 44 43 42 75 41 61 40 39 38 54 36 35 31 83 74 71 30 29 28 27 73 58 64 26 22 21 20 25 76 77 19 18 17 65 72 16 15 13 12 68 37 11 10 8 7 49 6 33 5 3 2 97 34 78 4 82 92 80 14 23 88 24 63 9 50 67 98 32 1
72 61 27 30 38 42 23 15 90 3 20 59 2 47 9 46 34 1 17 48 50 7 13 70 28 77 5 33 29 67 78 56 26 75 12 80 68 36 92 11 100 55 62 86 14 88 21 49 87 71 99 31 19 39 35 44 89 93 41 53 6 94 10 91 58 24 60 45 79 18 64 98 69 43 40 52 85 83 63 4 16 73 54 22 51 82 84 96 81 95 97 32 65 8 74 76 66 37 25 57
70 89 54 50 53 19 82 98 14 72 73 33 28 43 23 22 81 21 9 75 3 38 44 52 90 92 16 20 69 84 45 32 7 31 39 36 87 12 13 80 91 61 99 25 85 11 79 96 2 56 1 93 41 76 48 46 95 88 34 4 35 42 62 27 71 74 47 17 51 24 6 78 55 5 86 97 67 57 30 64 58 66 83 49 77 37 15 10 29 59 8 26 60 18 100 65 68 94 40 63
64 67 68 80 20 33 48 61 41 94 34 55 24 90 18 83 100 39 1 43 73 22 31 95 98 45 99 96 40 75 88 26 42 62 5 28 56 38 91 87 13 53 86 44 92 14 65 4 93 7 11 74 17 50 23 49 21 66 27 2 12 85 69 72 97 89 71 35 29 25 8 37 79 81 36 10 16 76 32 19 9 47 30 51 57 70 84 3 82 54 60 58 59 46 6 78 52 77 15 63
10 9 5 3 4 6 7 8 1 2
70 50 20 12 11 93 38 43 95 63 91 5 3 82 80 31 99 94 27 35 16 97 40 90 24 59 75 13 42 46 32 7 47 21 61 72 89 48 29 64 36 44 37 74 71 79 6 9 55 15 19 45 86 39 54 28 18 92 51 81 52 100 88 65 30 8 17 60 41 14 58 83 87 10 66 1 84 62 22 56 25 76 96 67 2 34 49 4 33 98 69 57 77 73 53 26 85 68 78 23
86 84 82 76 55 51 50 67 41 88 83 32 42 54 96 28 24 22 19 57 81 16 56 15 100 71 14 73 11 61 59 95 7 29 12 45 34 49 65 46 17 33 97 9 36 21 72 47 35 90 98 70 48 30 58 69 62 63 92 44 77 78 31 6 89 25 80 26 64 94 23 10 52 5 4 3 66 79 8 37 99 27 38 13 39 93 74 87 68 53 40 18 75 91 43 60 20 2 85 1
57 40 94 55 39 19 16 26 8 34 90 18 98 64 7 4 76 87 9 72 24 93 41 50 70 17 83 89 96 35 100 44 32 54 61 1 71 92 22 37 48 99 29 49 3 15 95 81 56 82 36 85 66 65 51 27 20 58 60 84 86 80 74 25 13 33 46 42 77 79 78 14 23 88 43 12 62 52 69 59 75 91 10 45 2 97 21 30 31 63 73 11 68 47 67 6 53 28 5 38
49 11 5 39 3 81 13 16 24 20 73 70 89 47 62 57 76 14 30 43 80 64 22 38 2 15 90 54 61 36 9 41 1 88 8 29 21 53 48 84 75 27 4 40 69 26 58 33 67 68 18 55 25 83 52 10 7 71 37 72 6 60 85 74 19 56 28 65 23 63 66 46 44 79 82 51 86 17 78 50 31 35 59 42 87 45 12 34 77 32
1 2 4 9 10 11 12 13 14 15 7 8 5 6 3
49 30 34 21 22 46 65 89 83 68 52 100 26 95 5 35 40 23 59 85 54 64 1 4 41 96 7 75 25 69 87 97 98 18 15 56 66 2 8 99 48 88 10 16 91 29 6 14 67 12 60 71 77 78 80 43 44 63 74 94 70 45 86 39 82 51 37 42 62 72 28 61 32 20 53 90 17 81 38 27 47 92 84 93 79 3 11 50 19 58 24 55 13 33 73 31 57 9 76 36
90 86 91 53 34 23 38 40 68 33 49 20 72 62 81 32 5 56 14 30 8 13 48 65 51 77 52 28 94 95 35 58 41 27 22 69 39 61 1 89 78 43 59 12 85 17 64 42 80 36 93 82 44 84 54 57 31 96 10 24 67 63 47 21 9 11 25 88 75 4 46 83 15 37 66 55 26 70 79 50 71 99 19 45 3 100 76 29 92 98 60 73 97 87 74 2 7 6 16 18
97 95 93 91 89 87 85 83 81 79 75 73 71 69 67 65 63 61 59 55 53 51 49 47 45 39 37 35 78 77 33 31 25 23 21 19 16 15 12 11 14 13 32 92 7 6 5 10 9 76 80 22 40 42 41 70 8 74 18 17 20 28 27 30 29 96 36 82 72 44 43 94 100 99 50 52 58 57 68 4 3 98 38 66 34 56 46 48 84 54 90 24 26 88 60 86 64 2 1 62
92 61 98 56 95 67 25 36 74 50 14 35 13 38 87 2 5 8 58 30 52 70 88 71 51 97 53 4 21 80 47 41 68 84 59 27 57 19 81 6 33 64 7 44 54 62 77 39 45 69 60 43 11 20 83 34 32 17 26 31 49 85 93 96 82 86 76 89 94 3 10 46 73 1 99 24 9 78 28 16 22 66 42 29 48 63 55 79 23 37 40 12 91 65 18 90 72 75 15
100 99 98 97 96 95 94 93 92 91 90 76 77 79 81 83 80 82 78 84 85 89 86 87 88 75 61 62 64 65 67 66 68 63 69 70 73 74 71 72 60 46 47 49 50 52 51 53 48 54 55 57 58 59 56 45 31 33 39 32 34 35 37 36 38 40 41 42 43 44 30 16 17 19 20 22 21 23 18 24 25 26 27 28 29 15 1 2 4 5 7 6 8 3 9 10 11 12 13 14
82 67 65 7 59 75 36 70 6 15 51 79 42 73 87 89 23 33 20 9 53 77 91 94 66 61 55 80 81 50 27 40 69 58 18 92 44 62 35 39 24 19 10 29 30 4 8 56 12 96 41 25 64 21 52 43 11 14 45 46 48 88 49 1 2 97 71 47 17 60 37 57 34 26 13 85 38 74 22 78 63 3 31 5 32 54 68 76 28 16 84 95 86 93 83 90 72
48 85 56 39 47 32 40 3 94 20 7 84 27 28 52 17 66 57 81 41 97 98 60 80 68 23 13 6 82 53 93 18 67 12 2 44 5 37 62 69 92 43 9 90 8 30 96 51 38 42 21 64 54 100 19 71 88 78 4 83 72 25 29 15 91 36 95 74 87 45 14 50 22 89 33 16 70 79 10 75 77 63 49 99 58 34 76 35 11 46 24 73 31 59 55 61 86 26 65 1
6 5 3 2 4 1
54 5 55 98 2 12 24 48 27 49 64 6 39 11 17 21 38 47 32 80 77 43 63 28 8 50 74 79 53 66 75 70 88 86 16 60 14 20 85 91 23 65 13 71 87 19 97 15 73 33 76 93 58 1 9 37 81 34 89 35 69 82 83 57 25 68 52 41 51 7 62 44 3 30 31 26 40 72 10 22 59 92 95 36 42 94 84 46 56 29 4 90 61 78 67 99 18 96 100 45
9 5 4 3 1 6 8 2 7 10
91 92 88 85 57 49 37 45 79 70 84 74 25 50 21 65 16 14 86 76 33 35 73 51 80 100 7 96 98 56 82 78 15 43 68 40 63 41 52 75 66 6 17 46 99 39 89 19 29 83 58 5 87 31 20 32 12 48 53 23 93 3 38 36 26 28 62 9 42 18 47 59 95 69 94 10 61 44 90 27 13 81 72 55 60 34 97 2 4 77 1 71 24 8 64 22 54 67 30 11
1 2 3 4 5 6 7 8 9 10 11 12 13 14 15 16 17 18 19 20 21 22 23 24 25 26 27 28 29 30 31 32 33 34 35 36 37 38 39 40 41 42 43 44 45 46 47 48 49 50 51 52 53 54 55 56 57 58 59 60 61 62 63 64 65 66 67 68 69 70 71 72 73 74 75 76 77 78 79 80 81 82 83 84 85 86 87 88 89 90 91 92 93 94 95 96 97 98 99 100
18 27 72 54 86 99 44 37 90 85 5 74 25 47 87 12 20 100 80 94 58 88 66 69 38 31 36 84 56 53 57 82 71 21 91 79 77 97 50 43 75 40 8 98 24 42 62 68 14 35 65 15 93 19 32 13 61 63 33 92 9 11 81 17 67 76 45 23 95 39 10 55 59 7 78 96 70 46 1 41 48 3 28 49 83 29 51 89 34 4 30 2 26 73 22 52 16 64 6 60
97 86 54 28 19 18 93 32 89 11 83 23 41 92 1 50 17 82 78 35 44 85 77 55 63 95 66 13 36 37 20 34 76 16 3 68 60 69 94 61 12 22 27 90 71 98 2 14 24 39 67 30 58 62 65 5 10 42 40 88 99 73 26 57 87 6 46 15 91 51 84 53 49 74 29 70 52 81 59 31 72 8 45 48 47 75 80 79 33 64 9 25 100 4 56 21 96 43 38 7
15 33 66 38 50 51 48 8 100 14 52 43 61 39 54 64 36 98 81 22 92 9 12 96 47 53 83 94 26 28 67 86 73 71 29 55 45 20 70 95 25 57 16 69 65 59 10 89 76 30 41 23 40 35 1 88 62 97 46 49 3 74 82 78 27 42 75 13 18 63 56 72 58 84 85 60 34 87 93 6 7 11 44 79 32 31 21 4 99 90 80 24 2 68 17 37 5 19 91 77
87 83 71 14 2 10 5 55 8 23 57 79 92 60 33 72 6 76 74 18 32 85 39 56 64 27 88 15 54 90 96 19 91 93 70 38 61 80 97 100 44 81 25 77 24 42 1 9 94 47 68 3 95 63 67 51 58 16 59 17 26 84 75 86 78 36 52 37 45 89 49 82 43 62 34 22 31 53 99 65 50 11 46 98 12 40 20 69 48 73 41 30 35 13 4 29 21 28 66 7
93 45 79 84 42 11 36 7 89 35 87 70 3 37 97 80 68 40 13 74 98 65 49 44 30 18 92 58 86 17 34 99 90 67 94 46 91 48 85 33 52 6 71 21 77 64 50 16 9 20 1 73 59 28 43 96 75 25 32 61 39 88 38 83 26 47 63 15 41 66 78 12 82 2 31 29 8 5 22 10 4 54 14 24 69 60 19 72 51 81 62 53 76 56 95 23 57 55 27
7 5 9 4 8 2 6 10 3 1
94 78 65 13 85 50 5 16 3 59 2 23 68 9 18 100 96 34 25 29 97 42 73 72 43 22 64 66 47 98 53 38 54 92 30 63 35 80 58 55 86 57 82 10 37 48 79 32 19 90 41 74 77 27 93 39 40 95 88 99 87 49 62 91 60 83 24 89 28 75 70 56 12 81 14 11 67 8 36 33 20 31 71 1 84 52 61 26 76 46 45 69 44 21 17 4 6 51 15 7
30 3 40 19 28 88 54 66 81 95 79 7 18 85 17 55 71 26 86 29 4 8 46 12 64 34 87 92 67 37 44 41 53 73 43 63 89 52 22 36 1 38 33 47 78 97 48 65 10 70 5 35 96 77 13 14 23 83 16 84 94 93 69 15 11 61 68 82 80 90 62 50 57 56 20 91 72 2 45 32 60 24 49 21 58 9 31 51 76 42 75 39 25 6 74 59 27
21 64 10 74 84 12 30 70 2 47 86 6 63 57 79 100 38 82 66 39 35 8 29 25 61 19 94 59 42 95 99 41 1 40 69 87 3 26 55 17 71 65 7 27 51 81 22 85 54 36 73 5 31 50 53 23 72 11 16 49 32 52 14 89 68 43 88 97 60 62 96 77 18 76 83 75 58 34 37 91 48 78 93 15 28 56 20 90 33 46 9 24 67 4 45 44 13 92 98 80
92 62 66 57 49 46 36 9 43 52 75 84 4 59 69 38 90 55 88 22 40 50 95 41 83 14 33 87 98 45 67 65 35 5 2 91 51 71 79 47 93 1 19 85 81 26 29 54 78 12 18 24 34 74 13 58 21 42 8 53 11 20 82 32 3 60 39 68 94 6 7 23 72 97 100 44 77 27 37 10 30 61 64 16 89 63 96 31 25 15 28 56 70 17 48 80 86 76 73 99
94 38 32 43 68 44 82 36 48 4 95 39 57 49 10 85 89 81 53 65 67 8 71 75 23 35 72 9 41 21 91 63 5 80 64 50 16 34 52 25 98 29 92 45 42 83 24 18 46 69 6 70 96 78 86 55 97 87 28 13 1 17 93 20 51 27 30 59 60 19 84 99 90 37 73 79 100 74 88 54 15 40 56 7 22 76 3 26 66 47 62 77 2 33 58 11 14 31 61 12
44 38 54 79 45 86 6 36 63 76 77 13 28 3 71 39 11 81 84 18 55 23 99 89 26 62 1 75 87 33 5 41 69 51 94 16 66 60 65 90 64 42 95 70 10 15 17 58 67 12 24 80 21 7 20 30 57 8 40 25 56 97 88 49 68 74 92 82 53 98 19 61 14 50 59 4 27 83 52 100 22 43 96 78 34 31 48 32 35 9 91 85 72 93 2 73 29 47 37 46
91 89 97 85 33 11 13 18 20 77 79 1 15 6 31 84 75 3 30 8 12 16 100 96 21 76 92 95 4 5 74 99 40 44 53 59 68 86 39 47 64 78 17 81 22 28 38 51 82 58 46 60 83 29 63 90 32 34 35 57 2 69 87 88 52 55 14 7 94 27 56 50 93 37 10 49 25 9 73 43 54 19 45 71 36 66 67 23 48 42 26 62 65 98 80 41 61 70 24 72
41 36 9 68 6 13 34 7 42 60 69 79 58 21 48 81 66 18 38 62 91 76 45 80 1 92 82 88 27 35 33 83 23 53 5 26 17 31 39 89 86 96 11 14 3 24 46 63 98 75 84 54 28 29 20 37 8 85 40 94 4 10 49 64 78 99 32 43 12 97 87 55 70 56 73 2 22 71 50 52 59 100 72 30 25 15 44 61 57 16 93 95 90 67 19 74 51 77 47 65
45 44 42 41 39 38 37 36 35 34 33 31 29 28 27 30 26 25 24 23 22 21 20 19 18 17 10 7 9 12 13 14 15 16 5 6 8 11 1 2 3 4 32 40 43
96 90 83 79 66 64 29 15 72 73 82 94 58 48 32 14 13 22 11 16 50 54 8 78 18 71 3 98 31 63 89 92 57 60 46 34 93 56 28 20 43 59 27 39 47 69 41 7 61 44 12 33 6 1 23 45 75 74 51 95 84 65 36 67 81 85 80 52 2 25 35 38 21 70 86 30 24 40 53 9 76 17 19 49 87 62 5 99 100 37 42 88 77 97 55 26 4 10 91 68
98 97 96 95 94 93 92 90 91 89 87 86 85 79 81 82 83 80 78 77 73 71 70 65 63 64 62 61 60 59 56 57 58 68 69 72 74 75 76 54 55 53 51 52 46 47 48 49 50 44 45 42 43 41 39 40 67 84 37 38 32 33 34 35 36 30 31 28 29 27 25 26 20 21 22 23 24 19 15 16 17 18 66 14 12 13 9 10 11 8 5 6 7 3 4 88 2 1
87 85 83 78 73 66 63 57 82 77 53 50 49 48 43 79 37 84 36 72 93 34 33 56 24 23 20 81 19 13 18 65 90 14 71 60 97 28 76 91 62 16 47 12 94 3 99 58 61 1 25 68 30 15 40 7 55 70 54 67 27 4 10 52 51 86 35 75 96 100 88 21 31 44 38 39 41 92 98 64 89 74 42 32 17 6 8 59 2 9 45 46 29 26 69 5 22 95 80 11
2 3 4 5 9 6 8 7 10 12 13 14 16 15 17 18 22 23 20 21 11 19 24 28 27 25 26 29 34 30 31 33 32 36 38 37 39 41 40 42 43 44 45 46 47 48 49 35 50 1
65 13 43 71 29 60 16 82 32 55 56 93 27 37 83 53 94 99 15 63 42 18 85 28 33 58 3 12 46 100 81 59 97 35 49 17 61 73 22 51 69 50 6 14 92 68 11 34 52 98 10 90 26 4 57 96 75 20 25 76 7 24 86 21 19 78 45 80 8 89 72 67 1 91 38 79 70 74 36 39 44 84 54 66 62 31 88 5 9 23 41 87 77 48 30 47 64 40 95 2
83 71 47 1 42 68 77 86 10 29 4 76 15 84 72 13 20 66 97 57 46 85 19 73 36 23 90 33 3 26 59 100 54 75 41 35 39 49 62 45 30 58 53 24 60 17 37 80 16 65 51 99 93 2 89 22 67 88 27 7 74 50 82 31 78 69 48 95 44 32 91 87 38 25 56 6 92 96 61 8 18 34 9 21 81 55 43 5 70 14 64 63 94 98 11 28 40 12 52 79
95 82 71 69 33 13 74 97 46 23 89 44 6 60 75 29 43 16 57 35 99 28 92 51 78 77 7 68 1 20 25 76 4 86 37 39 52 54 66 56 24 67 81 45 59 96 48 34 50 32 18 80 88 2 26 85 38 73 83 36 84 70 15 64 8 11 9 91 21 5 47 22 98 14 10 93 58 12 55 61 41 27 62 90 42 53 40 63 17 19 87 94 49 3 72 30 79 65 31 100
68 39 60 71 3 1 5 65 8 48 17 23 15 13 43 29 42 37 73 11 69 44 58 2 24 4 27 30 34 10 16 33 70 66 7 19 49 51 12 55 45 38 40 35 9 6 22 56 61 18 53 50 52 14 57 25 72 47 59 67 36 41 28 46 62 64 63 32 21 54 20 31 26
32 28 25 26 27 19 14 30 12 11 20 4 23 24 2 10 18 17 31 16 8 6 9 5 15 3 21 22 7 13 29 1
99 96 91 89 88 77 71 82 70 68 57 75 53 72 49 81 47 46 55 87 44 40 39 69 93 37 36 35 83 32 31 29 28 34 94 63 38 64 25 78 86 21 85 20 30 19 16 73 79 56 74 42 54 15 14 17 12 43 67 9 18 7 22 5 100 92 3 2 11 52 66 65 97 8 51 33 61 41 80 6 62 95 84 26 60 27 76 90 13 48 50 59 10 45 98 24 1 58 4 23
99 98 97 96 95 94 93 92 91 90 89 88 87 86 1 2 9 34 35 36 37 6 25 22 23 24 7 26 27 28 29 8 33 30 31 32 3 10 41 38 39 40 11 42 43 44 45 12 49 46 47 48 13 50 51 52 53 4 17 66 67 68 69 14 57 54 55 56 15 58 59 60 61 16 65 62 63 64 5 18 73 70 71 72 100 19 74 75 76 77 20 81 78 79 80 21 82 83 84 85
30 3 32 58 39 75 46 41 83 89 26 47 76 72 48 90 70 85 64 51 69 92 68 5 9 66 87 11 43 7 63 33 44 18 81 73 60 42 53 15 35 27 65 78 1 52 50 24 56 62 4 21 88 36 61 74 93 67 29 31 22 54 45 6 82 80 34 25 13 2 23 91 28 40 38 37 86 8 20 19 55 17 59 12 16 49 57 10 84 79 77 14 71
11 14 1 2 5 8 13 4 9 3 12 7 10 15 16 6 17 18 19 20 22 21 24 23 25 26 27 28 29 30 32 31
98 85 74 71 65 56 48 44 73 95 43 55 45 40 86 63 38 35 51 80 83 33 32 28 22 76 77 99 93 21 25 27 96 11 70 10 8 82 72 89 59 58 20 94 60 23 100 75 87 16 68 31 88 30 79 5 4 18 14 7 90 47 50 36 92 37 61 6 84 62 54 24 46 49 53 29 2 1 34 13 67 97 41 17 26 12 69 81 52 66 19 57 91 39 9 78 3 42 64 15
99 92 98 93 96 94 91 89 87 83 81 82 90 88 77 75 85 71 72 78 62 66 65 69 76 74 79 73 80 86 84 67 61 68 70 64 63 57 51 58 56 59 49 42 53 60 52 55 45 54 47 39 48 46 38 37 36 43 33 31 34 41 50 44 40 32 35 29 24 27 22 19 28 21 30 26 25 23 17 18 13 11 20 12 16 15 14 8 4 3 6 9 1 2 7 5 100 97 95 10
10 11 12 17 24 20 16 25 21 22 23 13 14 19 5 4 3 2 1 9 6 7 8 15 18
4 5 7 8 1 3 2 6
48 92 67 79 23 44 57 72 2 50 60 3 68 90 42 54 34 93 17 30 11 4 94 56 100 28 8 21 19 55 78 86 71 82 51 91 95 77 10 65 80 73 59 13 37 74 96 33 40 97 69 70 64 15 29 53 31 16 24 75 49 1 87 85 32 35 26 9 6 88 81 36 12 5 47 63 61 46 62 84 43 58 20 98 76 25 27 18 14 66 22 39 7 38 52 41 83 45 99 89
5 4 1 2 7 6 3
85 50 99 32 79 38 70 17 73 98 40 10 4 19 80 81 47 22 61 78 71 27 72 6 14 49 45 56 23 100 5 64 8 76 52 44 48 65 35 77 75 7 88 11 39 20 43 16 57 31 59 54 67 82 74 96 12 83 87 41 21 97 51 93 42 33 15 86 68 29 1 18 3 13 84 25 28 69 91 46 60 63 9 66 53 26 95 94 58 92 36 30 24 37 34 62 89 2 90 55
33 88 43 98 27 29 44 93 52 46 63 68 76 78 62 56 64 71 65 73 17 85 69 5 58 81 10 24 60 59 100 1 67 92 31 72 2 86 50 7 70 94 49 48 57 38 53 82 26 37 61 55 47 32 11 84 22 14 12 90 13 4 40 95 42 66 9 20 45 97 83 28 36 74 54 23 19 99 6 8 89 34 41 91 80 21 35 51 39 96 75 77 15 30 87 18 16 25 79 3
91 84 83 88 82 80 78 77 73 71 72 64 63 62 59 58 57 54 53 52 75 51 50 47 92 45 36 35 81 34 33 31 38 30 29 39 28 27 26 25 41 85 55 89 61 60 24 23 67 93 37 70 40 42 69 56 46 22 44 87 95 21 68 65 90 20 32 19 18 17 43 79 16 15 14 13 12 11 49 66 10 74 9 94 8 7 5 4 76 6 3 2 48 86 1
84 70 94 9 32 58 3 81 93 5 87 25 27 6 90 100 16 21 49 56 77 59 34 35 83 78 85 37 73 39 80 11 96 22 69 48 75 8 43 82 17 26 55 79 40 64 41 46 23 74 86 19 47 33 30 29 12 72 14 18 13 24 38 98 31 10 45 53 99 62 71 42 44 50 2 63 92 57 95 15 60 52 1 91 65 20 97 89 7 51 66 68 4 54 36 67 88 61 76 28
97 96 95 98 94 93 87 84 83 82 88 79 78 76 89 75 73 71 69 68 65 61 60 59 58 55 54 51 49 86 47 44 41 70 40 39 38 37 63 50 64 52 35 34 33 57 32 45 46 80 31 27 91 24 72 23 28 29 22 19 26 18 17 16 15 30 14 74 12 85 11 20 9 8 7 6 53 81 5 4 10 3 36 1 66 90 25 92 48 43 42 13 67 21 77 62 56 2
97 74 73 68 65 87 52 44 35 22 15 11 10 16 47 83 89 54 60 46 92 23 13 48 18 34 81 24 93 36 25 14 85 59 88 29 38 62 31 40 72 98 17 12 20 27 33 63 64 95 9 8 3 1 50 41 79 84 53 7 2 5 86 71 49 96 56 100 75 19 4 69 70 78 91 90 99 58 39 51 55 6 57 61 82 30 77 37 80 94 76 21 26 43 67 45 32 66 42 28
53 19 24 82 100 60 14 88 10 8 62 55 7 6 17 80 20 5 36 12 18 76 39 34 9 94 25 42 11 44 68 72 27 75 64 46 58 90 33 92 43 49 69 77 31 95 98 54 87 99 70 15 78 83 13 73 86 45 61 50 59 65 29 2 85 41 48 97 37 26 91 74 28 79 21 93 71 57 84 3 30 38 40 4 66 67 81 47 35 52 51 22 56 89 63 1 96 16 23 32
43 44 42 41 40 39 35 38 31 30 28 34 29 26 25 24 33 32 27 21 20 19 18 17 16 37 36 46 45 15 14 23 22 5 4 1 10 12 13 11 6 7 8 9 3 2
60 68 23 48 2 4 7 10 28 69 8 9 17 18 16 35 40 41 44 45 38 50 53 29 30 71 81 21 42 65 11 78 49 52 47 36 39 57 64 67 19 46 72 79 75 76 14 22 31 74 25 61 54 77 56 58 59 66 70 1 34 32 73 13 37 62 12 15 24 6 51 43 63 27 3 20 5 33 80 26 55
40 99 62 44 45 11 37 59 75 4 93 26 70 77 17 25 84 48 12 83 22 89 74 2 29 33 76 55 60 19 31 18 98 36 28 90 49 1 64 52 16 39 61 58 14 82 80 85 46 97 91 86 35 47 68 3 81 57 65 41 96 23 73 51 50 72 10 32 92 53 63 69 9 67 8 24 15 100 71 13 7 95 66 27 43 56 6 87 79 21 20 30 78 38 94 34 88 54 42 5
32 5 63 97 10 51 61 94 53 6 57 78 59 68 86 7 37 35 30 15 25 79 98 29 72 58 1 83 34 69 90 28 55 75 13 93 16 48 60 4 42 46 76 9 85 24 39 84 80 96 3 22 20 41 18 91 36 38 81 87 100 49 45 71 70 19 89 14 2 43 95 40 77 11 50 21 73 8 88 82 64 33 27 17 54 12 44 47 56 62 65 92 26 52 23 74 66 67 31 99
5 3 1 2 4
98 94 93 92 89 81 80 72 69 66 65 63 61 60 57 56 54 51 64 48 82 47 43 40 31 26 25 21 99 100 29 41 87 90 46 38 18 17 16 49 14 11 53 71 10 8 6 97 24 9 22 5 27 50 19 28 68 74 37 23 59 95 13 36 35 75 39 84 70 33 58 30 62 96 3 79 34 73 2 86 12 15 1 85 67 32 44 45 42 83 52 78 7 55 91 4 77 76 20 88
47 21 59 30 80 71 41 51 2 31 40 73 19 52 62 55 3 65 10 33 79 5 95 64 81 54 61 76 92 44 78 93 36 96 6 39 84 18 17 82 8 69 7 50 77 14 24 29 83 56 26 23 28 100 9 66 67 94 68 13 88 75 91 4 35 43 99 85 53 11 20 58 86 1 72 57 42 12 49 46 74 89 60 15 27 16 87 25 45 48 37 98 97 38 34 63 70 22 90 32
86 77 62 48 76 100 8 71 41 13 28 97 40 17 66 19 52 68 50 57 61 88 60 30 59 5 45 3 90 58 4 69 70 31 47 35 75 24 64 56 27 2 44 37 6 36 63 82 11 34 83 73 25 42 93 54 10 33 49 91 46 67 72 29 79 38 74 32 95 20 22 39 78 18 15 81 14 21 89 7 98 87 92 43 55 84 51 65 9 16 53 80 12 85 94 26 1 99 23 96
53 14 31 67 83 17 64 16 95 40 55 19 68 84 72 92 37 26 32 41 6 10 39 45 81 96 65 34 88 80 2 18 21 98 99 63 57 52 29 56 75 60 79 74 28 69 23 86 100 66 87 24 33 93 35 20 82 61 51 94 36 13 97 48 3 42 38 15 9 25 44 43 49 85 4 76 50 22 59 77 1 71 5 54 78 27 30 90 8 46 62 7 73 70 89 47 12 58 91 11
20 3 23 16 35 45 26 10 8 21 44 48 31 39 11 30 7 34 38 46 36 1 40 18 43 33 14 9 29 47 50 27 41 13 37 25 42 22 6 15 49 5 12 32 28 4 2 17 24 19
52 48 59 30 13 23 10 49 58 5 34 26 37 43 60 15 6 35 8 42 4 9 44 57 17 24 41 18 28 51 39 32 40 56 33 55 27 29 1 3 2 47 16 45 14 31 19 50 21 20 25 38 12 36 54 22 53 7 11 46
40 38 39 36 37 35 34 32 33 29 30 31 28 27 25 26 22 23 24 20 21 19 15 16 17 18 10 11 12 13 14 8 9 6 7 4 5 1 2 3
85 83 81 82 79 80 77 76 75 74 73 69 70 68 65 64 84 61 60 59 71 72 55 52 66 67 50 49 63 48 62 47 44 45 43 42 41 58 40 39 37 56 57 35 36 34 31 32 33 29 30 51 27 28 24 25 26 22 23 17 16 14 12 13 10 46 8 9 7 5 3 38 78 54 53 2 1 18 19 20 21 4 11 6 15
95 96 89 83 90 91 78 79 77 63 68 67 80 72 65 70 71 85 99 92 87 93 84 94 73 86 100 98 97 76 62 44 31 35 43 49 7 18 21 14 34 26 41 20 17 13 33 37 25 12 11 45 38 51 54 66 74 69 82 81 75 88 52 64 57 46 40 50 59 58 53 47 48 61 60 19 16 23 22 15 24 9 27 39 32 1 5 2 3 4 10 30 29 42 55 56 8 28 36 6
29 80 98 13 69 46 83 76 22 21 77 65 12 3 17 68 91 2 57 71 72 31 14 74 1 35 39 47 49 99 87 100 59 41 9 20 95 73 6 32 90 4 45 58 66 7 8 78 15 23 56 18 93 44 81 25 97 27 70 30 54 79 19 64 92 10 94 33 88 60 63 5 55 61 62 40 85 16 42 84 82 37 75 86 34 48 89 24 67 51 96 52 26 43 28 53 11 50 36 38
16 17 18 6 5 8 3 1 2 20 12 19 15 14 7 4 10 11 9 13
76 72 69 68 63 52 49 48 45 38 67 39 32 33 26 25 50 56 55 24 23 30 58 27 21 57 60 59 28 29 19 51 20 54 61 53 22 62 31 17 15 14 75 18 47 16 46 44 70 13 10 73 42 11 9 8 71 40 41 5 34 3 35 36 74 2 1 65 12 37 6 7 66 43 4 64
64 6 85 61 3 79 30 31 48 99 56 82 95 44 1 26 71 34 43 68 75 98 92 81 93 50 36 47 35 88 62 40 21 15 27 65 86 17 49 12 46 78 90 96 83 28 66 45 8 19 2 67 29 91 97 16 89 38 33 52 39 60 94 54 80 77 55 41 13 22 87 5 37 42 20 25 24 4 100 11 73 72 18 10 57 58 51 7 76 23 63 59 70 53 84 9 74 69 14 32
89 81 46 79 58 45 50 90 59 91 31 20 14 15 74 84 19 57 54 61 47 83 78 100 39 86 8 13 24 92 29 85 18 44 68 49 2 94 64 63 97 73 66 80 27 42 87 70 98 95 34 21 5 26 41 38 12 17 3 76 40 99 93 43 65 88 96 7 77 60 36 11 51 56 72 33 30 75 4 16 37 52 67 10 28 53 55 22 9 82 69 32 62 1 6 23 48 25 35 71
98 97 96 94 92 90 89 86 81 78 77 74 73 72 70 68 67 66 64 56 54 52 51 50 47 45 40 36 33 29 27 25 22 18 15 12 37 39 75 6 4 3 1 88 76 82 28 17 23 24 42 61 85 8 55 26 71 14 59 16 31 95 46 43 35 13 83 69 41 91 7 48 79 99 21 2 9 58 19 84 5 60 53 65 10 87 20 30 34 38 11 44 32 49 57 100 62 63 80 93
38 32 28 3 1 88 62 85 87 22 41 65 7 94 33 45 59 49 18 74 43 24 37 54 64 73 39 82 42 52 29 91 95 34 66 84 61 20 11 93 17 10 31 19 21 86 2 6 47 78 51 35 77 55 57 71 96 14 92 26 25 40 5 30 60 97 8 100 13 27 46 99 48 23 80 4 44 98 16 89 75 72 79 58 15 63 83 81 50 9 69 68 70 67 53 76 90 56 36 12
97 47 87 73 26 28 72 89 23 82 13 22 86 12 2 17 19 63 76 56 83 21 90 100 78 34 75 4 20 7 16 33 6 99 79 8 25 30 80 51 93 38 54 70 32 3 40 46 10 85 84 15 42 43 95 60 27 65 71 5 9 58 14 81 57 18 41 11 98 96 59 29 48 49 69 67 53 36 66 35 88 24 68 94 37 45 39 92 91 31 62 61 1 52 74 77 55 44 50 64
91 86 80 79 77 75 73 72 69 68 65 63 49 48 45 39 40 32 25 87 81 26 90 92 27 83 56 52 55 50 28 60 24 21 57 59 88 29 19 82 51 20 85 54 23 61 30 89 58 53 22 93 62 84 31 18 78 47 17 16 46 15 76 14 44 13 11 7 70 6 38 8 9 41 10 42 71 3 66 35 1 33 2 64 34 12 37 4 67 36 5 74 43
65 43 41 84 86 31 37 40 26 73 3 35 39 71 46 28 61 98 29 49 58 12 96 50 67 54 88 93 8 53 64 17 69 79 68 87 100 77 95 27 5 20 38 70 74 36 83 23 55 62 85 90 22 18 25 4 63 33 21 47 99 32 82 16 34 44 75 92 52 91 14 11 7 94 9 78 66 80 76 13 48 15 19 30 10 6 24 2 57 72 42 45 97 81 59 60 51 56 89 1
83 68 90 33 37 40 12 43 26 41 51 66 57 99 87 14 70 7 76 93 36 11 72 97 71 61 9 80 75 45 27 34 78 38 96 94 30 46 89 20 1 79 25 77 2 29 16 92 48 100 58 31 6 17 81 49 91 21 28 18 39 88 10 3 98 74 23 24 54 53 85 13 64 65 55 67 62 32 5 22 52 69 59 42 95 60 19 15 86 4 44 63 47 8 35 56 84 73 82 50
92 90 89 88 87 85 99 83 82 80 91 79 74 72 69 67 65 63 61 60 58 57 56 86 54 98 94 53 50 49 48 75 84 45 43 42 55 47 41 39 38 35 68 37 34 40 31 28 26 25 32 96 59 51 95 44 30 36 24 20 18 17 77 16 73 62 15 66 33 14 13 97 29 10 71 93 70 9 19 8 7 46 5 4 64 100 3 81 21 22 52 6 2 27 78 23 1 11 76 12
61 84 59 42 82 40 35 46 71 30 4 5 68 51 8 62 53 75 38 55 58 81 7 80 10 65 50 45 9 36 73 33 69 25 29 63 2 85 60 37 31 77 57 22 47 3 13 34 56 43 83 76 48 24 32 19 6 18 79 54 16 39 74 15 64 26 49 11 44 70 21 41 12 20 28 72 14 23 67 27 66 52 1 17 78
85 33 14 38 90 39 15 64 81 7 4 93 32 2 77 9 94 54 27 28 46 72 71 60 87 20 97 22 34 61 66 95 84 86 19 31 53 98 56 59 29 21 25 41 47 92 76 75 3 18 80 37 17 100 11 68 36 55 65 52 83 45 57 1 70 43 74 16 63 35 99 82 12 78 44 79 48 89 67 5 88 69 49 23 40 13 91 30 6 51 42 96 73 24 62 58 8 10 50 26
93 58 20 65 82 69 89 85 79 90 56 57 40 12 64 41 9 97 2 42 70 61 17 81 33 67 74 18 34 76 35 84 23 77 50 86 36 72 95 8 15 96 63 6 11 91 21 28 66 98 62 38 13 47 43 75 48 49 24 29 53 5 83 78 27 46 30 60 25 94 4 37 80 3 51 44 45 99 68 7 52 87 14 71 19 100 59 92 55 10 88 39 22 26 73 16 54 31 32 1
54 52 25 5 32 3 24 53 9 10 68 80 79 85 26 64 14 100 50 42 43 15 48 70 4 67 74 19 46 11 73 8 56 51 89 30 99 82 33 12 28 87 66 76 69 34 47 39 6 62 77 65 29 86 35 92 78 72 1 44 75 61 63 13 81 36 83 20 98 18 31 21 60 91 2 23 96 49 40 71 45 84 41 57 90 97 7 55 27 37 93 16 94 58 17 22 38 59 95 88
7 5 3 6 8 9 1 2 4
9 85 73 4 33 84 86 47 38 63 59 62 97 21 5 46 96 43 10 92 7 42 23 26 81 34 52 51 64 22 31 94 44 36 82 55 60 87 67 50 28 19 40 91 14 6 48 93 90 89 74 3 8 15 20 72 16 12 45 58 25 24 49 88 80 76 13 18 68 75 54 78 27 65 29 69 37 79 39 57 95 32 35 61 99 66 77 71 70 100 41 11 30 53 56 1 98 83 17 2
66 14 83 4 60 17 63 97 76 61 90 2 38 85 51 99 43 96 77 10 44 56 65 3 89 73 9 95 28 42 23 57 58 91 71 24 34 1 80 93 69 29 94 36 50 48 6 59 47 52 78 21 40 5 11 74 22 62 39 84 26 46 98 67 53 72 88 35 54 81 92 70 20 31 33 41 25 45 19 37 75 8 12 7 18 82 49 100 13 30 79 15 27 16 55 86 32 68 87 64
63 50 29 68 28 25 5 67 7 81 38 16 72 57 54 80 24 78 17 89 52 42 19 35 23 79 37 90 93 15 59 44 32 96 13 36 98 11 65 22 39 62 41 18 6 1 87 84 12 31 97 53 55 3 33 61 64 83 95 51 26 4 9 43 46 56 92 82 91 94 99 76 20 60 47 88 73 66 10 58 40 74 34 85 48 69 70 71 45 86 14 49 2 100 77 30 27 21 75 8
3 6 1 2 4 5
88 85 11 8 75 80 48 24 6 84 37 15 99 57 96 40 7 47 70 2 63 46 94 3 14 44 34 83 45 52 91 100 74 22 69 61 93 18 81 62 77 82 79 72 13 9 29 67 55 42 51 76 86 36 20 98 16 59 97 89 19 50 10 41 60 54 71 23 17 32 4 58 31 21 5 12 38 27 73 56 78 49 53 65 28 33 26 66 64 95 35 90 43 92 87 68 30 25 39 1
100 99 98 95 94 93 91 88 86 82 81 79 78 72 84 71 68 67 58 56 53 51 49 40 39 96 38 90 37 73 89 92 36 35 34 55 32 52 31 29 27 57 60 25 43 63 47 28 66 24 23 87 83 54 30 22 69 21 19 18 65 59 20 17 70 16 61 9 76 14 8 13 50 6 74 46 33 42 64 4 48 15 3 2 1 10 97 44 45 11 12 75 77 41 85 7 62 26 80 5
30 85 90 80 31 7 6 8 54 65 24 41 29 1 39 72 5 27 38 10 40 56 77 19 32 93 37 15 63 13 47 23 51 52 9 26 61 55 4 95 98 44 99 43 3 79 69 84 34 48 73 17 70 53 78 33 21 42 12 18 88 62 97 96 22 2 36 46 71 83 74 86 25 20 35 67 75 64 89 81 82 11 16 57 91 45 94 14 66 59 76 60 87 92 28 58 49 68 50 100
37 75 35 43 89 52 57 98 44 21 6 82 12 10 55 22 32 95 39 60 68 46 3 67 31 20 80 14 72 26 78 71 97 38 41 28 58 9 66 15 94 16 79 29 85 81 99 63 73 17 36 34 100 91 62 7 30 18 48 51 50 40 96 47 4 5 86 84 24 70 92 8 83 77 13 93 65 42 76 74 88 90 54 87 25 56 64 2 1 45 59 27 19 69 11 61 23 33 53 49
32 27 28 67 20 24 53 43 100 92 5 16 35 9 73 71 61 58 74 4 29 88 13 63 83 19 91 18 31 45 94 23 10 46 54 70 39 87 25 50 80 26 1 84 66 30 48 68 82 2 34 85 95 76 47 81 59 11 60 69 97 89 86 3 78 41 51 72 36 90 38 42 44 8 21 93 37 6 79 17 98 14 33 99 64 57 96 62 22 75 77 49 40 65 52 7 56 55 12 15
9 47 40 48 14 54 24 56 4 16 20 21 27 26 43 23 31 60 7 32 13 52 28 2 33 25 36 44 1 6 22 30 5 3 50 53 18 46 15 37 29 8 19 49 42 39 59 41 38 11 55 57 51 12 35 10 45 17 58 34
85 78 67 70 73 100 80 49 65 93 28 34 27 77 63 94 99 17 37 19 97 72 12 33 76 6 82 31 88 41 68 81 40 5 38 22 96 9 21 59 45 61 24 1 84 90 35 26 2 74 98 55 54 39 91 32 92 50 23 30 43 83 36 86 75 16 47 79 66 11 69 25 56 64 62 42 46 51 53 44 8 15 3 48 60 58 14 89 71 10 13 87 29 57 52 4 7 20 18 95
56 42 38 15 99 51 17 30 93 18 69 54 9 94 100 96 7 89 21 44 50 66 16 46 86 85 33 32 68 80 74 64 29 4 87 37 60 49 57 62 10 78 61 76 14 97 41 26 36 43 3 73 19 58 88 40 81 25 47 1 52 91 90 65 55 95 22 35 77 12 98 67 83 8 92 20 63 27 53 48 70 11 31 79 28 75 2 59 13 34 45 5 6 39 23 72 24 71 84 82
