81 42 88 45 76 90 98 78 47 8 38 41 33 6 10 14 87 13 94 16 96 71 50 74 51 15 64 80 32 53 35 28 63 46 20 31 100 97 26 30 68 54 2 67 62 93 48 95 24 1 84 12 11 7 70 61 55 92 59 49 25 79 69 23 44 37 77 60 85 91 19 5 21 52 22 99 40 56 9 83 89 72 18 43 3 36 4 29 27 17 86 75 73 39 58 57 82 34 65 66
80 68 27 25 19 13 84 59 26 86 47 38 92 33 9 87 70 8 16 69 37 3 61 48 75 4 35 30 91 5 32 60 89 81 15 58 6 98 85 20 10 53 14 34 52 7 79 78 93 56 73 72 22 96 40 66 64 28 2 1 29 82 42 90 21 88 43 99 57 76 51 74 94 95 63 97 24 23 54 50 41 67 83 17 44 12 71 31 18 46 11 39 65 45 77 100 55 62 49 36
100 97 91 90 88 86 84 83 82 80 79 77 76 75 73 72 69 49 44 42 36 33 93 99 98 96 95 94 92 89 87 85 81 78 74 71 70 68 67 66 65 64 63 62 61 60 59 58 57 56 55 54 53 52 51 50 48 47 46 45 43 41 40 39 38 37 35 34 32 31 30 29 28 27 26 25 24 23 22 21 20 19 18 17 16 15 14 13 12 11 10 9 8 7 6 5 4 3 2 1
99 98 97 92 85 74 73 68 64 76 60 88 57 56 54 47 44 93 55 90 65 70 42 41 37 33 82 32 46 31 26 21 51 49 27 75 83 84 17 14 13 11 9 19 38 28 58 30 81 71 72 8 59 24 79 63 7 39 23 45 66 94 48 12 18 36 34 6 15 43 61 96 52 89 50 25 35 100 10 5 80 78 87 22 53 29 86 62 40 69 91 67 95 4 3 20 2 16 1 77
98 95 93 87 76 65 97 90 86 51 13 29 25 54 61 5 55 77 22 96 44 9 28 14 78 89 68 70 30 21 15 31 19 23 38 57 69 85 63 42 49 18 73 40 6 48 10 52 34 4 43 36 94 39 62 24 84 91 99 35 56 72 33 20 37 58 100 71 12 2 88 64 53 80 67 47 60 79 8 7 82 50 16 66 46 45 83 41 11 3 81 1 27 74 17 92 75 59 26 32
1 2 3 4 5 6 7 8 9 10 11 12 13 14 15 16 17 18 19 20 21 22 23 24 25 26 27 28 29 30 31 32 33 34 35 36 37 38 39 40 41 42 43 44 45 46 47 48 49 50 51 52 53 54 55 56 57 58 59 60 61 62 63 64 65 66 67 68 69 70 71 72 73 74 75 76 77 78 79 80 81 82 83 84 85 86 87 88 89 90 91 92 93 94 95 96 97 98 99 100
95 88 85 86 98 80 78 67 59 55 56 52 53 36 30 28 25 62 72 27 99 23 20 14 15 39 9 7 64 16 89 90 57 21 49 54 60 3 31 18 43 44 66 71 65 42 19 81 11 17 76 32 34 12 73 40 96 100 91 69 37 29 92 35 5 2 8 45 84 87 97 13 58 48 38 46 74 47 75 4 50 51 10 24 77 61 1 63 79 93 26 41 22 68 82 83 6 94 33 70
92 83 80 37 68 85 95 26 10 79 97 34 75 59 24 11 94 96 48 46 43 86 64 25 21 66 77 9 67 55 41 99 35 87 33 3 31 63 71 62 30 7 90 17 45 88 39 65 57 13 15 78 40 98 50 16 53 100 73 76 2 28 51 12 61 6 1 91 58 36 4 29 18 89 49 27 52 14 47 74 42 23 60 20 72 8 70 84 44 19 22 82 5 54 69 32 56 93 81 38
68 58 52 75 16 73 28 10 77 70 66 4 98 94 69 82 60 71 51 25 67 85 20 92 100 80 65 43 18 44 47 34 83 97 86 81 84 9 38 32 13 93 53 89 12 95 79 41 39 56 63 22 48 11 33 91 21 61 57 88 74 5 29 24 17 14 45 72 90 50 59 37 26 36 1 3 23 42 7 87 19 35 27 46 64 96 30 62 54 76 49 31 2 40 78 55 8 6 15 99
19 29 2 28 42 33 30 15 10 1 44 11 40 12 17 34 49 41 6 37 27 24 4 8 23 38 9 25 22 45 26 13 5 50 47 43 35 18 39 16 21 14 36 48 46 3 32 20 7 31
97 92 89 76 87 88 99 100 98 77 73 82 91 69 57 55 53 63 52 61 71 81 51 50 49 59 60 36 33 44 54 65 75 74 85 96 86 83 72 62 93 94 84 95 64 35 46 56 67 58 68 78 79 70 90 80 66 34 45 26 21 31 41 42 43 14 13 8 18 29 40 38 39 19 10 20 30 9 6 7 17 16 15 24 27 37 48 47 28 25 4 5 1 2 12 23 32 11 22 3
100 97 59 49 50 48 44 45 46 47 40 41 42 43 38 39 37 35 36 31 32 33 34 28 29 30 25 26 27 24 22 23 20 21 18 19 15 16 17 13 14 10 11 12 7 8 9 4 5 6 2 98 67 57 3 1 99 96 94 95 91 92 93 89 90 86 87 88 82 83 84 85 81 80 79 75 76 77 78 74 71 72 73 68 69 70 66 65 63 64 62 61 60 58 56 54 55 51 52 53
48 47 99 13 38 16 5 20 12 41 28 91 89 82 40 67 37 70 25 36 68 77 54 43 15 73 50 94 60 8 69 81 35 17 95 80 55 76 32 63 53 31 29 88 84 4 93 78 66 83 97 44 61 65 58 98 96 2 24 9 49 19 79 14 87 62 10 57 74 27 22 64 45 75 59 21 7 90 3 6 11 85 42 52 86 100 30 33 92 56 51 1 34 71 72 23 26 18 46 39
75 72 70 69 66 47 71 6 79 73 25 40 44 14 53 27 1 91 3 52 29 87 38 64 11 49 41 7 46 81 85 74 35 77 68 15 31 4 96 32 90 58 21 17 34 16 98 93 55 45 2 5 60 13 99 9 89 63 84 43 10 18 94 67 95 83 97 59 57 24 19 28 78 8 62 61 92 26 80 65 88 20 50 22 42 48 36 82 51 86 12 56 37 33 54 30 76 39 23
14 87 69 41 45 90 71 15 78 10 92 22 77 44 1 89 7 94 30 95 33 38 64 43 6 84 12 93 57 83 80 62 81 17 26 61 40 34 70 56 50 63 8 86 20 2 46 13 100 82 76 19 59 54 72 27 28 60 5 51 25 35 73 88 96 98 23 4 74 48 16 42 53 55 37 91 31 29 21 66 3 18 58 67 85 65 24 75 32 11 47 39 68 79 52 49 36 9 97 99
88 51 84 47 49 67 30 33 28 59 56 17 64 54 44 14 26 9 98 75 4 89 58 37 83 69 87 41 62 71 3 43 94 22 10 24 15 70 16 39 68 48 38 8 57 27 78 2 60 11 45 76 29 19 52 61 73 20 23 86 46 79 34 99 85 21 1 50 63 74 96 31 36 92 18 12 81 35 53 66 65 5 93 77 7 6 55 82 72 91 32 42 100 97 95 40 90 13 80 25
100 94 89 77 72 71 68 63 56 54 93 96 52 81 76 47 97 60 42 43 36 55 70 58 35 65 33 78 32 30 28 48 29 25 39 26 49 24 23 34 38 85 82 21 37 44 31 90 20 62 17 84 50 16 15 53 88 14 95 92 91 13 64 79 12 45 59 11 10 9 75 19 67 87 57 8 22 69 66 73 18 74 83 7 46 40 5 61 4 51 98 41 3 86 6 27 2 99 1 80
56 67 44 29 13 39 54 7 58 71 10 3 48 46 45 52 36 28 26 57 14 63 73 38 34 19 20 21 18 5 32 60 66 25 55 69 59 62 37 16 43 49 17 4 53 11 68 12 8 24 51 70 15 9 64 47 50 23 41 33 1 65 27 72 42 61 40 22 31 30 6 2 35
98 89 84 81 75 70 11 74 30 51 57 99 93 72 54 87 78 66 10 49 55 79 13 67 88 52 85 61 8 68 32 65 46 58 100 59 38 80 95 40 21 56 86 24 33 60 15 69 4 7 82 36 96 22 64 2 71 92 53 62 83 48 19 73 44 39 90 25 91 29 97 34 28 76 94 18 9 5 26 50 17 23 77 31 20 14 3 12 63 27 45 6 42 41 47 35 1 43 16 37
39 85 10 88 78 45 55 97 43 36 90 52 47 19 100 34 35 74 67 7 59 51 37 21 84 73 6 64 8 86 17 91 66 83 92 80 89 23 94 50 20 2 87 14 31 12 75 27 82 60 65 56 29 63 3 41 46 71 1 72 81 61 99 53 22 30 68 49 76 93 79 9 40 5 13 25 16 11 4 28 62 26 44 77 18 70 95 57 38 15 42 58 32 69 24 48 54 98 96 33
80 78 77 75 76 74 73 67 85 64 63 60 57 79 53 52 66 48 62 46 47 45 59 71 44 42 43 41 58 39 40 38 36 37 56 35 34 33 32 30 51 29 26 65 23 24 25 19 20 21 50 17 49 16 12 13 14 9 10 6 7 8 5 84 68 83 72 82 81 70 69 3 54 55 2 31 22 61 27 28 1 15 11 18 4
88 69 34 60 23 30 14 54 40 29 61 37 36 18 15 6 5 71 20 48 24 72 45 49 46 57 76 33 50 55 58 56 13 10 31 28 85 66 82 16 8 87 89 92 11 73 47 67 25 90 43 93 83 64 12 63 42 68 35 32 51 53 22 91 19 84 100 59 27 39 52 38 65 21 41 7 4 3 81 17 77 94 78 70 96 62 75 99 97 26 86 95 79 44 98 9 74 2 1 80
95 35 79 61 84 14 98 70 50 37 71 77 52 5 10 42 59 27 68 13 89 48 39 60 12 25 23 80 75 58 20 28 24 53 96 94 44 8 74 16 62 51 30 33 6 90 31 32 9 88 49 93 82 2 86 11 55 17 15 72 22 67 66 57 18 54 56 21 38 46 85 64 97 81 69 3 1 100 92 91 87 19 99 29 76 36 63 45 43 73 4 34 65 83 26 7 78 41 40 47
46 37 11 5 81 1 36 38 93 85 59 8 68 15 80 34 14 20 83 44 75 13 95 57 56 61 28 41 71 30 40 64 96 77 48 74 54 76 65 19 31 17 91 89 84 82 60 9 7 86 66 47 12 72 23 100 78 73 67 62 27 22 51 87 18 97 4 25 43 26 21 79 50 32 10 69 2 39 35 63 53 45 70 16 99 33 24 88 94 92 49 52 6 29 55 90 98 58 42 3
16 17 20 18 21 19 13 10 9 12 11 14 15 6 8 7 5 4 2 1 3
96 95 93 90 84 75 72 67 94 65 49 98 48 36 37 30 26 25 22 82 20 77 80 21 69 50 39 35 41 74 19 71 88 15 18 33 51 14 10 54 60 47 42 87 78 76 92 59 12 66 32 28 27 97 9 55 68 58 85 7 5 86 70 62 40 53 24 11 99 2 64 46 31 57 56 63 91 6 38 3 61 89 4 45 43 17 1 81 79 16 23 52 29 73 13 8 44 34 83
54 76 27 14 97 36 41 17 90 87 10 96 79 75 60 13 78 16 5 3 91 85 65 21 4 74 93 29 7 100 50 44 40 88 35 69 98 24 77 64 52 94 72 51 18 80 23 66 83 61 19 9 84 22 56 92 67 25 57 49 45 20 8 95 59 33 46 15 71 53 31 30 32 70 39 2 28 89 48 73 68 38 42 1 55 26 47 81 99 58 62 43 6 82 86 63 37 12 11 34
22 59 44 90 24 82 99 73 66 25 78 60 45 40 83 63 18 15 88 51 79 61 71 14 67 52 75 70 56 30 91 65 76 28 81 12 41 9 55 34 74 64 13 96 38 50 57 17 29 5 49 10 31 20 27 11 100 97 33 62 98 7 86 93 77 39 6 4 3 84 2 46 32 94 1 87 42 72 54 92 80 47 85 68 69 53 16 89 43 8 37 95 36 48 23 19 21 26 58 35
93 89 83 81 77 71 99 69 56 47 42 36 62 76 66 26 32 31 68 58 75 35 91 79 25 74 23 60 22 19 85 14 96 53 9 78 43 10 50 8 46 13 52 82 38 65 7 4 15 92 41 84 44 30 57 27 64 40 70 18 73 55 54 45 21 51 90 17 33 72 3 67 95 29 59 39 2 80 1 16 87 5 98 34 49 20 48 11 97 6 61 24 86 63 28 88 37 12 94 100
1 2 3 4 5 6 7 8 9 10 11 12 13 14 15 16 17 18 19 20 21 22 23 24 25 26 27 28 29 30 31 32 33 34 35 36 37 38 39 40 41 42 43 44 45 46 47 48 49 50 51 52 53 54 55 56 57 58 59 60 61 62 63 64 65 66 67 68 69 70 71 72 73 74 75 76 77 78 79 80 81 82 83 84 85 86 87 88 89 90 91 92 93 94 95 96 97 98 99 100
43 69 32 98 35 90 19 14 66 20 74 75 68 28 97 30 51 88 48 46 50 22 5 77 42 64 55 84 91 61 44 41 10 1 94 26 29 8 86 81 78 80 45 24 58 54 4 3 53 17 100 87 47 34 96 38 39 95 49 85 25 21 11 52 9 93 72 16 71 82 62 23 40 18 73 57 92 65 37 99 79 70 76 2 12 15 63 31 89 36 56 83 13 67 7 27 59 6 60 33
50 49 48 47 46 45 44 43 42 41 40 39 38 37 36 35 34 33 32 31 30 29 28 27 26 25 24 23 22 21 20 19 18 17 16 15 14 13 12 11 10 9 8 7 6 5 4 3 2 1
94 92 91 89 87 82 81 79 78 77 74 68 67 66 64 90 62 60 58 49 47 52 99 44 40 38 69 37 36 71 31 100 46 83 35 27 26 25 56 55 98 63 97 43 41 24 23 72 51 86 53 80 73 19 33 29 28 84 42 17 93 16 15 14 39 30 32 76 20 13 12 88 11 10 9 85 45 96 8 7 6 4 50 70 3 54 1 48 95 75 22 21 5 18 2 34 59 65 61 57
63 57 26 52 45 20 13 87 77 54 42 9 5 69 68 32 22 2 61 37 34 70 95 81 19 90 78 94 35 48 86 44 60 10 46 8 82 64 23 58 56 25 85 97 41 17 11 76 96 71 93 31 6 84 66 12 3 73 72 18 7 88 21 91 29 89 62 38 83 98 4 74 39 28 24 65 99 51 33 75 1 50 92 59 30 80 47 43 14 55 67 27 49 79 53 16 36 15 40 100
39 38 15 37 56 33 3 1 57 66 31 13 23 29 9 35 60 26 64 59 54 24 65 63 55 25 48 18 6 46 44 22 62 11 14 30 10 45 53 51 21 17 7 41 8 61 32 47 52 40 20 69 12 19 50 27 67 4 5 58 70 36 42 49 16 68 2 34 43 28
75 54 93 58 50 46 99 97 12 21 72 85 42 3 56 5 35 80 90 1 76 91 43 23 100 53 30 39 34 7 73 26 13 59 65 78 40 61 49 48 2 77 83 79 38 16 71 6 81 37 20 57 33 14 98 36 67 22 4 11 47 60 62 28 25 8 87 63 96 70 66 55 92 74 88 18 84 29 31 52 10 41 17 68 95 24 44 86 64 27 19 82 45 94 9 89 32 69 51 15
48 43 41 42 39 40 34 35 36 37 31 29 24 25 26 23 22 16 19 20 17 18 13 32 33 14 44 46 30 38 45 10 11 12 6 15 7 8 9 49 50 27 28 4 21 5 1 47 2 3
100 31 11 29 46 37 61 57 52 71 3 12 41 27 44 90 93 22 28 2 59 14 92 48 10 13 5 86 15 38 72 95 63 87 80 8 89 21 33 58 73 96 18 85 84 66 35 67 56 25 19 1 69 74 53 49 50 91 78 47 17 6 36 79 98 97 39 83 34 7 70 42 55 51 62 24 77 40 54 9 94 26 20 43 23 68 32 88 65 16 82 45 76 4 30 99 81 75 64 60
100 99 98 97 95 96 94 90 91 92 93 86 87 88 89 83 84 85 82 80 81 79 76 77 78 75 73 74 72 71 70 67 68 69 63 64 65 66 62 60 61 59 57 58 56 52 53 54 55 51 49 50 46 47 48 45 43 44 42 40 41 38 39 37 35 36 32 33 34 30 31 28 29 25 26 27 24 19 20 21 22 23 18 17 15 16 13 14 12 9 10 11 8 7 5 6 2 3 4 1
76 18 36 95 54 44 46 6 43 56 51 25 99 4 42 72 75 45 73 57 63 23 64 62 55 19 59 1 39 17 66 85 37 49 47 88 52 2 13 7 12 93 29 48 86 33 80 69 50 61 16 82 67 74 14 32 27 90 70 30 28 87 100 53 8 5 84 89 97 41 71 98 9 77 34 20 21 96 58 94 68 26 78 22 38 79 81 91 35 11 31 92 65 40 3 83 60 15 10 24
34 61 47 39 12 9 98 55 95 64 99 44 80 79 93 86 92 5 51 59 57 53 40 3 19 7 58 42 31 27 16 90 13 96 37 84 88 52 43 69 41 81 68 28 73 78 29 74 10 11 82 66 1 77 50 2 18 36 54 76 94 87 49 71 26 85 97 62 23 21 83 60 15 89 63 4 30 33 56 75 35 22 8 17 100 48 65 45 14 72 24 38 6 20 91 46 25 67 70 32
57 79 48 90 15 6 67 60 41 4 78 74 22 17 9 7 2 88 76 37 62 61 43 81 40 34 27 24 12 91 54 66 42 23 85 19 8 92 84 55 49 21 5 100 53 32 72 47 46 77 73 95 63 28 97 93 51 50 44 36 99 30 29 18 26 89 80 75 69 52 35 10 25 20 96 83 56 87 98 3 64 58 31 59 86 39 70 14 11 71 68 33 1 94 82 65 16 45 38 13
30 69 87 36 20 96 5 95 76 60 59 47 18 43 14 70 38 49 85 55 31 56 11 51 63 89 79 41 61 21 6 94 91 29 90 48 58 1 24 81 23 66 78 65 64 28 25 83 35 27 2 68 10 93 37 40 92 42 33 52 3 75 19 26 12 82 50 46 77 73 4 71 74 72 34 16 7 67 86 88 57 22 32 54 15 84 8 9 45 80 53 39 62 13 97 44 17
98 95 92 91 89 87 85 84 83 81 77 75 73 72 67 65 58 96 74 54 50 94 90 63 49 45 56 44 66 42 82 68 39 100 37 35 57 32 26 25 48 21 47 86 17 40 34 16 14 52 19 15 43 79 76 13 71 23 93 12 11 10 61 62 80 78 46 59 97 22 88 29 38 60 9 24 8 30 69 51 33 7 31 36 55 53 20 70 99 41 6 64 28 5 4 27 18 3 2 1
98 96 100 94 92 88 77 76 70 69 63 59 52 46 42 40 32 31 26 22 16 12 87 51 35 6 5 3 86 66 61 54 37 15 99 73 43 2 21 68 79 25 34 8 23 53 18 49 78 64 55 58 17 48 41 44 11 67 90 95 24 82 85 84 47 13 72 57 19 80 75 74 30 10 93 71 65 4 28 29 9 97 50 62 60 89 38 7 14 83 91 20 81 27 45 39 36 56 33 1
57 45 81 67 29 75 23 64 40 4 78 86 68 39 95 6 96 48 60 34 79 11 3 93 36 46 8 98 89 66 9 47 59 31 38 56 30 2 13 92 21 91 69 16 18 83 10 12 25 1 35 65 43 74 61 24 71 63 58 84 5 82 15 62 99 53 28 33 17 72 88 54 7 42 77 87 76 73 41 49 32 22 94 26 52 19 50 55 27 80 97 90 44 20 100 14 51 85 70 37
92 45 81 30 22 70 74 27 10 19 21 41 99 57 56 50 54 36 79 73 40 29 100 89 77 78 52 9 7 98 2 86 60 59 49 82 69 32 6 75 8 63 43 16 13 95 35 97 88 87 80 62 46 42 93 26 28 12 67 96 90 72 44 5 4 1 84 17 15 53 51 61 33 24 14 11 58 48 94 91 25 85 39 68 3 34 37 20 31 23 47 38 83 55 18 76 71 64 66 65
94 18 68 63 17 12 90 45 8 76 70 62 69 33 85 55 28 54 98 52 93 22 23 46 80 14 83 1 50 48 65 3 10 64 66 19 42 44 73 9 5 82 96 56 37 99 61 71 31 39 84 34 77 29 75 72 21 49 59 74 24 57 51 36 20 13 41 40 11 38 7 32 58 91 27 79 47 25 67 78 100 86 35 30 16 97 88 6 4 60 15 89 81 95 53 43 92 87 2 26
99 31 14 41 12 57 65 76 97 55 82 27 13 36 9 58 19 54 21 87 94 15 7 64 5 53 45 70 46 17 88 69 10 23 16 79 3 40 34 60 100 11 81 51 89 44 26 35 61 18 42 90 50 96 56 68 38 91 8 73 47 92 83 20 6 2 86 29 48 84 72 24 43 63 95 77 66 74 39 22 75 98 67 49 80 30 33 52 25 37 32 1 71 4 62 78 93 59 85 28
59 85 38 92 40 33 60 53 71 16 48 12 31 66 18 26 84 23 63 72 20 36 46 13 61 75 52 11 8 83 70 3 54 4 91 14 1 81 51 55 69 49 78 93 5 97 76 65 89 96 68 77 50 47 41 43 80 6 86 45 79 39 30 94 10 34 95 7 62 67 29 90 24 82 28 44 15 25 57 58 56 73 88 17 19 9 74 100 32 22 35 87 64 21 99 98 37 42 27 2
