91 93 65 50 49 77 75 48 46 42 33 19 17 14 90 54 12 15 70 13 86 68 56 63 29 79 5 1 82 80 59 8 78 21 4 23 60 34 100 57 11 10 2 85 89 98 88 28 27 22 69 43 72 58 94 16 40 37 61 76 32 92 51 74 62 55 97 26 25 7 31 44 39 64 84 45 67 47 66 41 30 87 53 83 96 52 35 20 36 81 73 95 18 38 71 99 3 24 6 9
77 20 49 27 12 6 50 45 90 24 99 100 76 81 74 2 75 71 34 63 55 91 54 13 60 57 8 61 51 31 32 29 19 35 46 47 97 15 43 5 92 67 11 39 48 98 3 64 66 53 65 42 22 68 56 14 28 37 44 62 41 84 96 80 23 58 36 88 21 17 1 79 78 69 40 86 94 26 87 73 52 7 89 25 33 59 10 83 95 82 72 9 16 85 18 93 38 30 70 4
81 100 92 62 61 34 80 77 76 75 74 69 99 98 97 96 95 94 93 79 78 91 90 89 88 87 86 85 84 83 82 73 72 71 70 63 59 58 68 67 66 65 64 60 57 56 55 54 53 52 51 50 48 39 17 49 47 46 45 44 43 42 41 40 38 37 36 35 33 32 31 30 29 28 27 26 25 24 23 22 21 20 19 18 16 15 14 13 12 11 10 9 8 7 6 5 4 3 2 1
45 46 24 21 28 56 30 47 20 50 54 4 35 36 33 48 42 29 39 27 38 40 34 8 3 41 26 17 12 10 5 6 1 32 43 25 7 23 14 55 22 37 15 9 19 49 18 53 2 52 51 16 44 11 31 13
8 7 6 5 4 3 2 1 9
80 62 39 28 72 40 75 13 8 91 79 27 21 53 68 5 98 83 52 94 17 93 74 16 10 54 87 100 66 89 31 22 95 1 86 82 18 92 81 15 88 25 77 60 34 55 44 96 73 85 45 56 33 67 9 57 43 3 19 35 23 20 11 37 71 65 78 32 24 48 50 26 51 61 64 30 63 29 49 7 84 14 99 90 12 6 46 97 38 59 42 2 41 69 47 36 70 76 4 58
59 57 33 25 11 47 27 17 90 56 95 65 42 10 52 50 64 88 6 76 79 69 38 5 93 80 18 1 30 49 16 40 20 35 55 3 89 73 15 22 13 62 19 21 96 51 91 81 31 14 92 78 54 84 8 82 83 68 53 32 2 74 71 46 37 60 99 87 45 63 85 61 44 98 28 9 58 26 41 72 39 7 48 34 77 23 100 94 29 86 70 24 12 67 75 66 43 36 97 4
89 84 80 79 77 68 66 82 65 61 60 87 70 59 58 56 75 69 63 73 51 90 55 44 47 43 91 36 78 57 42 35 50 33 49 29 28 93 53 52 26 72 24 85 23 99 76 71 67 19 16 54 86 14 62 13 64 45 88 12 11 10 83 27 17 48 8 32 81 7 37 20 34 38 46 39 6 5 4 96 94 100 74 92 22 41 9 97 3 98 2 31 1 15 30 21 95 40 18 25
87 80 71 68 78 31 30 27 40 47 11 73 62 66 15 69 45 70 22 77 64 86 7 75 17 81 74 46 82 51 50 14 3 54 29 79 32 84 21 19 20 96 85 33 23 41 36 2 28 18 63 44 6 100 92 95 67 91 56 65 43 89 57 58 48 99 10 13 61 94 55 42 35 16 97 38 76 90 52 12 5 8 72 83 24 93 39 4 98 53 49 26 60 34 1 25 9 37 88 59
100 95 94 92 80 78 60 57 58 70 51 46 77 68 44 56 42 89 87 63 75 40 39 34 55 76 47 33 90 88 32 53 30 86 65 45 29 79 23 97 35 22 99 21 93 38 41 59 26 20 16 15 12 27 50 62 37 73 13 82 36 10 24 96 81 64 74 9 8 11 6 85 5 7 69 83 72 91 67 48 49 14 3 66 2 54 71 43 31 52 84 19 25 17 98 1 18 4 61 28
80 79 78 77 76 75 74 73 72 71 70 69 68 67 66 65 64 63 62 61 60 59 58 57 56 55 54 53 52 51 50 49 48 47 46 45 44 43 42 41 40 39 38 37 36 35 34 33 32 31 30 29 28 27 26 25 24 23 22 21 20 19 18 17 16 15 14 13 12 11 10 9 8 7 6 5 4 3 2 1
95 92 87 86 85 83 80 78 77 69 67 96 63 62 53 46 39 31 36 37 51 29 76 28 88 82 26 58 41 59 65 17 16 10 7 6 21 55 48 18 84 27 13 57 23 56 8 22 12 24 100 30 81 52 47 33 38 79 61 75 72 49 66 19 4 91 5 44 71 94 43 9 20 74 70 97 14 73 3 45 50 42 40 68 2 32 15 64 93 25 35 60 54 11 90 99 98 34 89 1
27 88 70 76 83 91 86 32 55 72 71 13 22 35 18 51 77 36 96 57 14 89 74 44 34 90 50 41 61 45 31 49 29 80 69 7 17 16 25 33 15 67 98 24 23 30 10 95 20 78 60 37 82 97 93 58 65 99 2 100 28 46 85 75 1 54 56 26 64 68 53 42 9 73 48 40 66 19 92 11 43 79 81 39 63 59 6 84 8 87 3 47 62 21 94 52 4 5 38 12
9 6 8 7 5 4 2 1 3 10
74 61 4 65 96 91 56 13 83 79 62 59 97 57 45 23 99 64 51 42 69 54 40 24 85 70 50 7 47 38 35 92 95 66 11 15 18 84 52 86 28 8 63 49 33 53 5 77 48 37 30 58 10 93 55 68 76 60 21 19 3 6 43 34 1 29 26 31 75 98 78 80 72 89 81 71 44 17 36 27 90 32 41 39 25 16 87 94 14 88 9 12 67 22 46 20 100 82 73 2
96 95 94 93 91 90 89 87 85 79 73 72 70 81 69 68 67 64 59 66 57 86 84 56 55 60 53 51 62 48 47 45 43 42 41 40 39 38 54 36 46 35 32 31 71 83 52 74 30 29 58 28 27 37 26 22 61 21 20 77 76 19 18 63 98 44 25 17 65 16 15 14 13 12 11 10 9 7 6 33 5 75 3 2 88 24 50 82 23 92 80 4 97 8 78 49 34 1
96 52 18 67 80 60 11 3 98 74 68 77 5 84 95 59 38 40 83 73 94 45 4 99 66 100 81 41 24 90 62 6 85 17 71 43 51 22 47 70 2 65 23 37 35 42 19 91 13 12 57 72 56 7 86 33 20 63 79 55 34 46 26 9 27 97 28 44 10 61 21 15 39 53 49 32 14 87 69 78 75 36 58 1 92 82 25 88 50 54 48 64 30 29 93 31 16 89 76 8
71 68 35 21 100 15 67 43 31 16 22 34 5 50 2 96 45 80 52 75 47 33 38 29 92 87 66 84 19 51 25 44 69 56 14 13 99 81 85 97 89 49 83 46 90 8 76 70 61 55 30 88 73 72 1 94 91 77 4 53 41 78 7 82 60 95 54 20 24 48 10 36 17 6 32 26 28 86 74 57 27 9 23 62 98 59 65 39 42 18 64 58 12 3 63 93 40 79 37 11
64 96 44 4 12 45 55 79 91 97 74 67 48 37 90 46 57 47 6 8 76 95 87 100 36 33 18 53 68 28 16 11 9 19 35 88 65 20 7 85 78 17 73 77 59 56 39 69 82 80 81 52 83 42 23 29 72 13 94 24 38 51 49 40 93 71 98 10 1 58 41 3 22 75 43 50 15 99 21 92 31 32 27 86 14 60 89 30 2 54 62 66 61 26 70 84 5 63 25 34
10 9 5 3 6 7 8 4 1 2
78 80 53 12 72 57 42 48 29 21 10 77 35 38 58 7 95 6 64 3 27 63 34 22 18 93 13 60 4 91 46 81 30 70 9 32 55 71 98 33 89 97 47 24 84 50 61 51 23 83 54 45 36 14 19 11 94 43 41 44 5 66 59 79 75 68 49 40 28 31 100 86 82 73 69 87 88 26 20 74 85 76 52 67 39 17 8 92 56 90 16 96 37 99 2 15 1 65 62 25
97 89 86 73 72 68 50 49 46 67 71 32 30 27 54 24 16 66 88 63 92 31 52 26 20 96 12 11 61 59 84 44 22 47 98 70 48 8 7 60 95 94 56 19 78 18 23 76 21 10 65 35 13 34 5 40 81 25 3 93 28 51 17 82 33 74 87 6 15 53 14 80 37 9 64 36 4 55 75 42 43 39 29 62 58 79 77 100 99 83 2 85 90 57 45 38 69 91 1 41
84 18 14 98 91 77 76 44 25 65 81 8 79 16 29 55 23 88 73 82 50 100 66 40 54 75 51 64 57 37 32 56 17 78 13 85 26 6 10 93 4 34 1 11 43 99 39 22 19 3 86 60 9 95 83 30 74 90 21 68 80 33 62 20 41 72 69 61 27 70 45 87 42 92 89 71 2 28 38 49 31 53 97 52 24 58 67 59 15 96 94 12 7 47 46 36 48 35 5 63
83 16 4 84 13 34 89 44 68 26 15 29 1 22 5 38 31 66 35 62 67 25 12 11 49 53 46 51 3 2 69 58 59 73 64 60 72 48 18 76 43 80 17 41 75 10 47 28 50 55 54 42 85 86 78 14 19 81 63 23 45 30 77 32 79 52 82 40 65 61 21 90 7 87 57 70 37 9 71 27 39 36 8 33 56 24 6 88 74 20
1 3 2 6 5 4 8 7 10 15 14 13 12 11 9
86 84 80 21 83 59 99 49 6 25 5 94 24 38 20 4 96 9 13 2 92 81 14 67 35 7 29 68 56 55 1 48 3 76 89 85 33 66 63 98 47 78 72 23 64 12 91 71 43 22 53 28 93 62 52 39 100 77 87 61 51 44 36 42 37 65 26 73 11 34 82 79 40 88 32 16 46 90 50 19 97 60 31 18 27 95 58 17 15 57 8 69 30 45 41 10 54 70 75 74
62 38 41 40 59 50 88 68 86 58 37 30 85 25 51 19 92 83 23 39 22 89 91 21 11 80 94 93 34 74 70 35 54 31 18 4 56 55 13 99 90 44 67 66 60 46 75 33 78 73 81 72 57 32 96 79 28 77 97 42 27 12 49 45 36 1 76 3 61 15 63 10 6 17 52 100 29 20 14 2 95 8 24 47 16 64 48 69 82 65 84 9 87 5 7 53 71 43 26 98
97 91 89 87 85 83 81 79 77 75 73 69 67 65 63 61 59 57 55 51 49 45 43 41 37 33 31 29 23 21 19 15 13 11 9 7 5 3 36 35 96 95 48 47 4 2 1 72 71 50 26 25 100 99 94 93 92 90 86 70 68 60 54 53 80 52 42 40 39 30 28 27 98 44 24 22 20 18 17 32 62 58 56 88 84 64 82 78 46 76 74 38 66 34 16 14 12 10 8 6
71 52 41 62 20 61 50 22 16 98 80 56 86 26 47 37 97 88 82 40 54 36 24 65 90 7 59 17 4 51 48 64 25 32 14 85 67 58 35 42 83 29 95 70 34 23 89 75 49 8 31 11 93 12 19 46 43 44 87 55 74 68 5 94 76 9 57 21 60 1 92 2 77 13 3 45 39 69 66 10 72 6 73 63 30 79 38 18 81 15 99 53 96 84 27 28 91 78 33
100 99 98 97 96 95 94 93 92 91 90 76 78 84 77 79 80 82 81 83 85 88 87 86 89 75 61 63 69 62 64 66 68 65 67 70 72 71 74 73 60 46 48 54 47 49 51 53 50 52 55 56 59 58 57 45 31 32 34 36 38 35 37 33 39 40 44 43 42 41 30 16 18 24 17 19 21 23 20 22 25 29 28 27 26 15 1 3 9 2 4 6 8 5 7 10 14 13 12 11
83 79 89 4 22 29 55 30 75 78 82 37 8 47 9 26 32 93 74 94 38 35 70 65 12 58 54 50 61 62 87 46 34 73 21 57 63 6 49 33 23 10 42 90 81 2 71 52 85 27 91 15 53 28 11 59 56 39 86 18 31 17 41 66 1 60 40 13 95 7 80 77 76 68 97 51 20 25 67 92 64 16 72 69 3 48 5 96 88 84 14 19 44 36 24 45 43
98 6 84 76 57 94 39 32 18 62 49 46 40 82 64 13 93 43 4 56 53 52 54 21 67 66 42 25 27 38 83 97 79 90 85 75 23 7 37 26 24 15 60 63 48 87 78 89 8 44 65 47 29 92 77 10 3 33 73 59 45 100 72 69 70 96 74 31 14 51 20 95 19 11 9 5 91 71 30 61 68 50 36 58 88 35 86 22 17 12 80 28 1 41 16 81 34 99 2 55
1 5 3 4 6 2
24 78 26 22 54 32 1 30 20 61 70 58 50 23 48 31 29 98 74 66 45 49 6 43 12 55 53 46 28 63 47 18 9 5 7 86 92 14 75 13 44 3 77 64 37 10 56 57 68 91 2 73 99 59 65 96 19 67 69 71 39 11 95 51 35 85 89 16 33 15 4 84 41 42 40 36 60 79 8 81 72 17 27 34 62 94 93 80 88 76 90 21 100 82 83 87 38 52 25 97
9 4 6 8 10 3 2 7 5 1
67 45 57 37 12 82 33 5 85 100 95 49 97 88 93 22 54 26 4 81 58 1 63 51 44 86 2 80 34 32 89 64 41 84 7 18 72 40 60 92 8 69 55 20 68 46 65 29 19 3 73 99 9 61 25 16 14 11 98 79 62 59 50 35 87 83 13 17 42 39 70 31 56 66 96 76 10 48 27 78 24 28 36 43 15 47 90 94 75 21 77 74 53 6 23 52 71 30 91 38
1 2 3 4 5 6 7 8 9 10 11 12 13 14 15 16 17 18 19 20 21 22 23 24 25 26 27 28 29 30 31 32 33 34 35 36 37 38 39 40 41 42 43 44 45 46 47 48 49 50 51 52 53 54 55 56 57 58 59 60 61 62 63 64 65 66 67 68 69 70 71 72 73 74 75 76 77 78 79 80 81 82 83 84 85 86 87 88 89 90 91 92 93 94 95 96 97 98 99 100
80 33 72 26 46 10 65 22 67 58 47 30 44 18 11 84 85 95 56 14 29 100 39 36 66 37 78 99 89 48 43 69 71 64 86 62 12 27 21 90 42 16 50 6 45 75 49 8 2 31 77 79 97 13 83 7 35 87 28 60 52 53 17 96 93 38 23 76 15 61 34 5 41 63 94 40 54 68 98 82 74 20 88 55 73 24 81 25 92 70 4 91 51 32 3 57 9 1 19 59
63 10 54 65 11 80 98 87 99 89 78 70 15 30 49 69 83 48 26 61 62 36 84 53 12 9 52 85 41 39 45 75 77 76 68 8 38 6 20 27 14 100 64 13 79 34 67 96 33 66 16 4 3 17 44 97 23 40 28 1 31 73 29 2 95 58 57 25 59 92 74 60 42 37 88 55 47 91 24 46 82 22 32 86 18 71 72 21 50 90 7 93 43 51 35 5 56 94 19 81
67 52 72 55 31 49 86 42 37 96 57 17 92 38 14 15 99 79 8 28 71 50 65 59 9 53 32 18 64 85 66 51 98 48 84 40 35 33 25 26 76 62 11 39 36 3 56 89 54 77 83 74 47 45 29 75 22 7 1 46 97 91 5 70 82 94 69 4 87 30 24 20 81 93 10 73 23 13 44 34 2 6 95 88 63 16 68 60 80 19 12 27 61 100 58 21 43 90 41 78
97 92 54 27 5 77 76 62 55 24 13 87 17 47 60 57 39 100 98 91 58 43 9 19 93 71 79 37 40 33 51 46 34 26 73 3 70 2 94 89 78 56 21 31 95 23 80 14 64 52 49 15 11 90 83 59 84 41 16 22 20 53 69 45 96 61 63 44 66 38 65 50 28 12 8 48 86 10 6 7 36 30 42 85 1 72 4 29 25 74 18 32 81 67 82 75 88 99 35 68
79 63 89 77 98 45 87 42 67 32 12 55 35 49 69 66 1 86 14 95 6 15 97 68 23 9 88 56 72 37 13 43 33 26 41 25 53 28 50 90 62 2 74 73 4 71 27 46 44 65 91 38 18 70 48 80 7 29 22 11 76 75 60 19 61 54 24 58 40 51 16 57 83 82 92 20 47 81 99 10 85 34 3 31 96 17 94 52 84 59 30 5 36 64 78 39 21 93 8
10 9 8 7 6 5 4 3 2 1
100 94 88 81 73 66 60 44 42 37 62 41 33 32 93 24 47 50 99 57 68 98 91 58 48 31 19 15 55 39 85 12 10 8 78 54 69 53 16 20 14 65 79 26 6 1 84 95 77 63 96 90 46 38 45 80 29 21 51 36 49 70 11 71 35 82 97 76 2 92 56 28 67 75 74 23 5 18 34 17 87 9 30 83 27 52 40 13 72 25 22 3 59 89 61 64 43 7 86 4
47 48 53 50 64 15 8 59 4 82 75 17 93 78 62 5 41 89 61 67 3 24 2 86 80 84 81 43 55 13 19 68 96 12 65 9 71 23 34 70 69 28 33 16 30 77 42 38 45 36 31 29 79 1 37 54 60 52 7 39 58 90 32 22 21 87 94 35 11 66 51 91 20 95 57 56 26 44 83 6 25 76 63 46 85 27 40 74 14 92 88 97 10 72 73 18 49
43 65 3 62 55 87 68 64 16 46 15 66 77 83 26 60 21 72 69 7 9 94 70 34 96 5 75 76 38 85 97 61 47 54 44 12 40 39 27 84 71 11 67 23 51 24 53 98 32 81 52 14 74 93 25 90 95 91 19 73 82 58 80 79 89 63 78 37 86 41 50 42 29 4 6 22 99 17 59 2 49 13 88 30 57 100 33 31 28 35 18 10 36 1 8 48 56 92 20 45
63 95 14 9 99 80 56 42 28 89 60 59 21 18 98 45 50 24 88 71 39 77 67 65 62 15 92 93 43 78 8 35 34 87 48 13 46 31 61 91 84 79 86 81 47 6 41 38 57 40 17 74 70 97 66 16 94 33 23 58 75 11 2 4 100 7 96 49 20 36 85 64 29 72 10 90 32 19 12 1 30 53 26 76 25 22 73 54 68 69 44 82 27 37 52 5 55 83 51 3
34 67 80 31 7 89 93 72 9 44 42 2 96 69 77 39 8 1 65 55 43 61 76 38 15 30 83 98 74 70 36 32 51 26 17 10 33 3 100 35 68 56 45 66 50 20 73 41 58 91 40 85 5 18 81 19 92 13 59 86 62 46 12 82 4 63 23 57 11 27 16 97 71 47 48 79 60 87 75 94 24 29 25 78 37 64 21 90 53 84 52 49 95 88 54 6 28 22 14 99
56 44 14 34 28 65 99 38 42 89 98 52 41 10 43 85 78 55 12 5 84 24 93 76 36 70 26 33 1 72 13 58 6 3 63 86 80 66 90 57 18 97 83 47 95 51 91 30 100 59 75 19 96 94 74 27 71 21 61 49 64 79 87 9 46 31 88 53 92 37 4 54 82 48 77 69 32 35 2 73 81 67 60 68 50 45 62 15 7 20 17 25 39 8 23 40 22 16 11 29
32 8 1 27 9 75 15 12 83 7 4 82 88 17 100 93 18 13 37 47 11 98 92 39 87 61 66 78 79 33 81 99 97 44 76 50 35 24 38 36 95 53 90 86 26 22 73 16 19 14 45 23 5 74 20 71 3 64 70 77 60 40 80 6 85 10 84 67 72 69 63 49 48 68 57 51 56 89 91 46 65 54 28 34 25 43 52 41 96 94 42 59 62 58 55 2 30 31 21 29
