94 77 9 26 21 68 20 73 84 50 18 6 17 82 30 28 51 25 88 66 97 62 95 79 71 59 1 98 80 72 48 42 34 32 14 8 7 74 60 46 99 16 57 53 70 64 49 24 22 61 37 11 96 52 10 91 29 12 40 67 43 31 4 39 76 87 23 100 83 5 38 81 35 3 54 75 69 2 63 93 27 89 19 45 41 92 58 33 78 85 86 55 15 56 90 44 36 47 13 65
98 95 93 94 89 87 88 85 86 83 84 78 75 73 74 72 71 68 65 66 63 64 61 62 57 58 55 56 54 53 49 99 47 48 97 96 45 46 43 44 41 91 92 90 42 40 39 37 38 36 35 33 34 31 32 81 82 29 79 80 30 27 77 76 28 26 25 23 24 21 22 19 69 70 20 17 67 18 15 16 13 14 11 12 9 59 60 10 7 8 6 5 4 3 1 100 51 52 50 2
16 18 17 10 12 11 4 7 6 5 2 8 14 19 15 13 9 3 1
31 14 67 75 100 15 83 97 49 50 69 43 35 20 24 93 82 95 71 37 21 89 85 45 88 57 72 26 55 9 2 1 64 56 76 13 53 41 78 32 30 16 38 60 51 4 74 44 99 68 42 92 12 77 58 29 63 22 54 10 5 87 80 39 94 19 84 11 6 33 79 18 61 52 36 98 91 81 25 40 8 96 65 48 62 27 59 34 28 86 3 90 23 17 47 46 73 70 66 7
95 92 85 83 82 96 74 94 67 66 62 56 39 88 36 33 50 32 31 58 61 29 98 93 28 24 20 27 25 18 84 17 86 54 12 53 72 30 64 43 78 11 14 71 70 91 35 6 87 81 22 75 79 7 68 97 46 65 5 23 77 45 63 4 51 16 99 21 2 55 60 42 38 15 13 76 69 89 10 100 26 90 19 80 37 8 49 9 3 48 47 1 40 34 52 59 73 57 41 44
10 5 4 1 2 7 9 6 8 3
23 56 68 59 97 45 28 18 99 90 21 93 75 6 64 74 58 33 49 37 83 57 25 87 55 17 1 61 22 95 78 73 46 79 60 35 67 40 43 42 20 44 80 19 27 91 24 53 51 86 63 14 96 32 39 66 89 2 98 38 13 3 41 16 94 77 9 52 10 48 69 4 100 88 72 84 92 5 76 34 12 15 70 47 81 26 8 11 29 54 85 50 82 62 30 36 71 31 65 7
85 82 23 22 87 2 8 69 50 24 14 88 60 74 3 83 67 41 7 100 39 11 48 34 75 79 37 25 28 38 21 51 13 30 27 59 89 95 78 64 56 53 92 91 57 9 70 62 45 90 84 40 52 29 46 94 58 35 96 71 86 47 20 93 31 12 99 65 32 10 26 18 66 81 80 63 49 1 97 6 73 4 33 19 77 72 98 61 68 5 15 42 44 36 55 17 76 54 43 16
98 68 59 58 32 31 27 24 75 23 73 38 39 95 89 53 52 77 22 78 17 16 55 7 61 6 97 74 49 5 41 29 85 8 67 50 63 14 4 65 35 3 10 37 81 91 25 87 13 21 99 51 93 92 72 20 66 2 42 33 44 43 48 82 15 11 69 62 30 86 83 18 36 94 60 80 45 46 9 70 56 76 84 88 54 100 1 47 34 96 12 79 28 71 26 64 57 40 19 90
57 41 59 39 14 4 73 3 35 76 60 37 40 26 82 53 36 2 88 64 58 83 19 78 25 61 29 15 5 99 7 90 56 70 31 79 42 46 52 13 91 80 92 69 51 48 86 20 95 65 66 17 63 30 38 97 18 47 71 12 10 62 93 21 32 87 54 45 33 34 75 43 23 94 11 28 72 68 81 8 55 22 89 50 1 96 9 67 27 98 85 77 24 6 84 44 16 49 100 74
23 42 9 51 78 21 46 89 34 11 44 74 98 49 35 87 31 33 27 2 66 38 60 50 72 86 77 37 90 47 32 28 13 12 36 100 79 17 26 48 19 67 94 20 15 7 3 8 45 62 80 22 29 65 39 63 71 18 53 1 61 91 57 85 75 14 81 25 69 54 92 6 40 59 93 99 84 83 76 68 56 95 4 43 96 73 88 82 41 70 55 24 10 64 16 5 52 30 97 58
100 99 97 95 93 91 90 88 86 85 83 82 80 79 77 76 75 73 70 69 68 67 66 65 64 63 62 61 60 59 58 57 55 54 53 52 50 49 48 47 46 45 44 43 42 40 39 37 36 35 34 32 31 29 28 27 26 25 24 23 22 21 20 19 18 17 16 15 14 13 38 12 11 56 10 9 8 7 6 41 5 30 4 51 33 3 2 1 71 96 94 92 89 87 84 81 78 74 72 98
92 86 80 52 24 70 18 42 85 58 44 83 90 27 6 13 51 20 72 88 45 3 76 17 73 5 25 31 22 29 36 21 71 46 63 12 32 62 37 87 26 38 82 61 97 98 96 2 75 66 64 65 99 7 68 14 84 40 34 56 1 91 16 47 33 23 94 55 4 60 81 78 53 48 28 59 57 41 67 30 19 11 54 95 35 10 89 93 9 79 49 39 43 50 100 69 15 74 8 77
100 99 96 97 98 95 94 90 91 92 93 88 89 85 86 87 83 84 80 81 82 76 77 78 79 73 74 75 70 71 72 68 69 67 64 65 66 62 63 60 61 58 59 57 56 54 55 53 50 51 52 48 49 46 47 44 45 43 41 42 39 40 38 35 36 37 33 34 31 32 30 29 26 27 28 24 25 22 23 19 20 21 17 18 15 16 14 12 13 9 10 11 8 7 5 6 2 3 4 1
1 2 3 4 5 6 7 8 9 10 11 12 13 14 15 16 17 18 19 20 21 22 23 24 25 26 27 28 29 30 31 32 33 34 35 36 37 38 39 40 41 42 43 44 45 46 47 48 50 49 100 99 98 97 96 95 94 93 92 91 90 89 88 87 86 85 84 83 82 81 80 79 78 77 76 75 74 73 72 71 70 69 68 67 66 65 64 63 62 61 60 59 58 57 56 55 54 53 52 51
1 7 6 5 4 3 2
48 47 42 40 37 35 32 25 56 55 52 50 28 24 21 26 57 59 19 22 31 53 20 51 23 54 30 61 27 58 29 60 62 17 16 46 45 15 14 44 13 18 11 8 9 10 41 6 7 38 39 5 43 12 49 1 34 3 4 36 2 33
1 2 3 4 5 6 7 8 9 10 11 12 13 14 15 16 17 18 19 20 21 22 23 24 25 26 27 28 29 30 31 32 33 34 35 36 37 38 39 40 41 42 43 44 45 46 47 48 49 50 51 52 53 54 55 56 57 58 59 60 61 62 63 64 65 66 67 68 69 70 71 72 73 74 75 76 77 78 79 80 81 82 83 84 85 86 87 88 89 90 91 92 93 94 95 96 97 98 99 100
97 84 79 92 78 85 59 51 43 66 42 31 22 30 55 23 87 76 21 14 89 58 13 91 39 77 50 67 16 94 53 35 38 70 11 10 64 34 71 72 27 26 12 74 28 56 44 8 5 3 2 96 25 46 73 24 52 69 68 83 32 82 36 18 37 98 61 29 63 41 100 62 75 33 60 4 90 9 15 65 48 81 49 95 47 93 80 88 20 54 6 45 17 86 99 19 1 7 57 40
5 4 3 2 1 6 7 8 9 10 11 12 13 14 15 16 17 18 19 20 21 22 23 24 25 26 27 28 29 30 31 32 33 34 35 36 37 38 39 40 41 42 43 44 45 46 47 48 49 50 51 52 53 54 55 56 57 58 59 60 61 62 63 64 65 66 67 68 69 70 71 72 73 74 75 76 77 78 79 80 81 82 83 84 85 86 87 88 89 90 91 92 93 94 95 96 97 98 99 100
56 72 35 21 14 63 44 94 7 51 92 84 83 57 9 16 46 29 45 60 73 34 49 12 26 97 78 99 2 4 95 90 88 55 74 87 58 50 33 5 47 25 98 96 62 69 76 59 67 70 65 48 41 15 53 28 77 36 68 17 52 43 37 23 11 40 42 10 1 18 30 81 89 79 22 19 13 8 31 93 75 39 66 91 71 54 82 100 85 32 86 27 24 20 61 80 38 6 64 3
36 39 28 8 37 73 30 79 57 20 3 97 60 62 12 78 58 51 24 55 99 67 41 2 86 80 72 71 61 6 56 7 21 88 9 15 65 34 40 26 32 44 11 70 35 13 82 64 53 95 93 48 33 45 54 52 50 29 84 85 81 77 76 69 66 42 10 90 68 1 5 87 83 19 27 23 98 100 94 96 46 18 17 25 74 63 31 14 59 92 89 38 22 49 43 75 47 4 16 91
27 56 71 34 11 22 72 21 1 43 20 36 10 31 52 87 49 39 24 67 37 2 3 61 7 54 33 32 8 4 42 9 69 15 28 44 45 38 95 35 85 5 51 70 68 14 79 96 59 29 48 73 77 17 47 78 55 91 13 83 84 93 30 75 6 88 65 12 60 50 90 40 58 81 23 19 57 82 99 16 18 25 100 26 62 63 66 41 86 46 98 80 53 89 97 74 64 92 76 94
83 26 6 5 79 47 3 86 85 100 9 94 57 84 45 81 58 90 49 36 31 78 29 38 35 96 75 40 56 70 54 99 69 44 19 18 10 74 16 73 14 50 91 60 46 55 24 27 87 4 17 12 11 68 51 82 8 1 52 93 67 62 88 53 22 39 13 37 65 77 61 98 21 95 42 97 32 15 71 20 59 89 43 76 92 23 41 72 34 64 30 28 80 66 33 48 63 2 7 25
73 35 27 26 49 80 93 15 51 13 65 39 52 21 85 77 87 36 20 69 29 59 34 12 99 70 14 32 8 78 68 83 38 76 91 97 10 75 40 45 30 31 66 5 7 37 90 2 55 47 11 24 19 54 41 64 28 25 60 74 42 1 56 6 63 92 33 44 82 17 71 48 61 72 95 86 98 53 67 89 84 50 88 79 43 58 46 3 23 96 100 62 57 81 94 18 16 22 9 4
100 98 97 96 99 95 94 89 90 92 93 91 86 84 88 87 85 82 81 83 79 80 77 75 78 76 74 73 69 71 70 68 72 67 66 64 65 63 57 58 61 62 59 60 55 51 52 56 53 54 49 47 50 46 48 42 41 43 45 44 37 38 40 36 39 35 34 29 32 31 33 28 30 23 27 25 26 24 21 19 18 20 17 22 14 11 13 15 16 12 8 6 9 10 7 3 1 4 2 5
71 51 80 87 26 78 66 23 8 94 3 96 27 61 17 67 53 54 41 11 88 36 65 79 82 37 7 48 13 49 39 59 46 63 43 19 16 75 83 89 45 98 85 97 91 24 58 32 95 38 100 90 6 44 4 64 21 86 22 52 69 77 55 28 92 10 47 5 73 70 34 60 1 29 57 30 20 81 14 74 93 50 9 84 72 35 76 42 56 33 25 18 40 99 68 31 62 15 12 2
4 5 10 2 1 8 6 3 7 9
86 65 52 84 23 59 58 7 13 69 16 6 93 56 75 98 57 67 55 8 74 76 34 22 96 31 43 97 40 51 27 9 87 38 19 32 77 35 20 66 49 36 48 15 42 39 82 1 88 92 85 33 99 83 12 63 24 21 81 30 60 79 37 61 14 5 89 47 80 100 11 62 94 73 4 17 50 46 29 71 91 28 53 41 44 10 70 26 54 90 18 68 64 95 72 3 2 78 45 25
95 71 39 9 8 7 29 21 1 10 89 41 40 66 63 33 88 90 6 85 75 36 14 94 27 64 98 65 30 4 22 86 81 13 62 23 72 16 77 54 82 76 78 57 58 93 56 83 52 47 59 15 69 32 60 31 45 26 96 43 84 55 99 12 79 87 11 3 48 100 19 80 42 34 25 20 70 91 73 49 35 51 28 18 53 2 61 38 74 24 50 44 37 67 17 68 46 97 92 5
88 97 78 77 62 59 55 42 41 34 74 6 14 76 73 87 38 54 9 49 43 60 39 22 82 57 18 69 58 7 40 48 68 36 50 93 24 90 46 96 71 81 25 65 64 37 75 89 8 100 4 53 35 19 2 83 67 1 86 11 10 80 52 13 5 21 26 30 70 84 32 16 23 3 98 45 91 56 29 63 94 85 20 92 79 28 61 44 95 33 12 72 51 17 27 66 15 47 31 99
84 76 12 68 27 49 74 100 78 26 64 25 94 90 58 20 89 30 32 35 91 93 61 60 8 72 99 59 48 4 82 11 95 7 19 40 46 87 80 41 43 14 36 51 73 62 37 10 70 39 42 3 34 56 44 28 22 23 31 69 98 50 18 54 24 97 9 92 29 2 33 15 71 1 67 53 6 52 57 38 55 17 16 63 85 66 77 79 5 65 88 45 96 21 86 13 47 75 83 81
30 28 29 27 26 25 24 23 22 21 16 14 7 6 8 18 12 11 2 20 9 19 4 15 10 17 5 13 3 1
5 9 8 2 3 7 6 4 1 10
69 45 7 76 1 72 37 14 48 100 56 11 50 38 35 13 15 51 52 91 25 41 46 30 97 62 31 32 60 40 2 96 44 82 79 4 74 64 36 78 8 98 80 87 47 66 54 99 53 89 10 22 42 29 84 58 26 28 43 88 3 63 77 95 16 20 19 86 83 12 9 92 61 93 81 90 21 34 75 6 17 57 68 33 24 73 94 59 49 70 71 55 85 65 18 27 67 23 5 39
24 22 23 25 20 18 21 17 19 16 15 12 14 10 13 9 8 7 11 6 5 2 4 3 1
90 89 88 82 86 77 66 60 49 56 96 48 54 92 47 95 44 43 80 97 41 61 40 36 52 62 70 34 30 83 57 37 42 29 27 25 24 23 22 20 31 50 68 35 69 98 72 71 18 64 17 100 15 79 84 14 13 75 12 67 10 45 81 38 87 16 9 19 78 8 74 65 7 59 99 21 73 6 53 5 94 63 4 76 51 91 85 3 46 55 32 2 58 11 93 33 1 39 26 28
99 100 97 98 92 93 94 95 89 90 91 86 87 88 85 81 82 79 80 76 77 78 73 74 75 70 65 66 67 68 69 64 57 58 59 55 56 52 53 54 47 48 49 44 45 46 38 39 40 36 37 29 30 31 32 28 24 25 23 19 18 16 17 13 14 4 96 60 61 62 63 26 27 20 21 22 83 84 50 51 15 11 12 41 42 43 8 9 10 71 72 6 7 5 33 34 35 3 1 2
49 56 18 92 30 7 61 6 1 22 60 29 4 5 58 83 13 19 78 89 36 17 9 47 32 3 37 73 52 48 14 81 21 85 35 91 23 75 57 33 62 97 87 45 96 34 28 69 10 63 77 74 98 72 43 65 46 79 71 12 84 2 26 93 88 44 24 59 40 38 41 8 11 54 80 67 20 39 82 31 94 64 51 100 76 95 25 70 90 15 16 55 50 27 53 42 68 86 99 66
26 100 92 70 77 59 19 21 51 57 38 50 32 4 48 18 33 93 44 87 47 29 69 8 11 63 60 56 14 10 96 67 37 23 20 55 85 43 3 91 53 90 84 30 13 22 46 94 27 81 25 2 78 17 82 9 49 64 36 79 99 62 35 5 39 72 88 58 6 52 76 71 7 98 34 95 45 15 75 41 80 1 61 86 65 12 73 24 83 31 28 68 40 54 89 97 66 74 16 42
45 74 68 12 31 17 19 1 99 43 51 38 36 81 63 62 23 88 49 8 75 82 27 86 60 10 89 98 40 42 100 64 48 21 94 59 18 15 84 57 7 6 54 39 4 3 83 47 85 92 70 91 14 78 44 80 71 87 53 52 93 69 90 33 55 96 29 28 58 95 25 34 66 97 2 56 11 37 50 72 73 30 26 41 76 77 46 16 65 5 79 67 9 20 32 13 24 35 22 61
97 90 69 81 46 67 92 76 62 70 18 30 16 27 87 25 86 56 93 50 95 38 5 39 73 82 3 1 68 66 54 10 14 26 63 98 60 9 32 58 44 31 28 36 61 23 15 22 89 55 43 2 64 12 40 96 71 42 41 7 4 11 21 6 52 88 29 85 100 78 53 47 19 83 74 79 34 57 24 72 20 35 59 84 8 77 13 51 49 75 94 99 45 37 48 65 80 91 33 17
17 9 7 19 13 14 11 5 15 6 12 3 1 2 16 18 8 10 20 4
47 44 16 57 49 89 86 56 8 85 50 54 39 41 25 22 33 84 13 1 99 59 20 100 66 5 32 6 76 51 78 24 96 9 60 53 62 15 91 88 23 31 73 74 64 12 68 48 67 38 71 90 27 55 26 75 70 2 82 4 94 7 35 63 30 83 77 40 14 34 93 10 81 69 17 52 11 29 97 3 45 28 19 58 72 98 79 36 18 92 95 87 46 42 61 43 80 21 37 65
94 31 15 95 9 29 32 6 28 74 52 66 7 100 76 44 46 19 2 54 33 90 36 99 14 25 12 88 69 20 91 70 55 79 97 50 78 57 67 87 96 45 40 43 23 24 64 21 81 49 3 80 61 58 60 18 41 13 5 27 51 4 93 39 71 35 37 30 26 75 72 10 53 11 92 48 77 84 42 73 22 82 83 98 59 38 34 68 1 62 85 16 8 63 86 65 47 89 17 56
29 27 11 83 81 28 1 6 80 79 55 64 76 92 52 99 44 57 88 35 91 69 86 61 24 42 10 65 96 49 43 60 20 62 8 15 70 89 77 19 2 51 93 50 46 22 98 95 12 82 53 32 59 68 66 18 87 90 47 17 84 4 100 34 75 58 38 78 94 97 74 48 36 14 63 5 71 30 13 31 73 21 41 56 16 26 85 7 39 23 9 37 25 33 67 45 3 40 72 54
99 79 97 94 92 90 89 88 80 78 77 85 76 75 74 73 72 66 64 62 60 58 57 55 51 49 53 82 100 48 69 46 45 83 59 43 42 41 38 37 36 34 33 30 27 26 31 32 50 52 47 68 40 24 21 20 95 86 84 19 17 81 16 70 44 28 15 14 63 13 87 56 65 12 54 11 93 10 71 98 9 8 29 96 6 25 61 23 39 5 91 4 3 7 2 22 35 1 67 18
52 40 37 18 16 69 56 51 44 10 98 39 67 41 45 21 81 71 60 42 25 30 87 74 4 32 6 93 58 97 36 8 13 78 9 92 57 50 11 48 79 77 1 29 17 85 66 31 70 7 63 46 20 64 3 86 53 14 65 68 54 95 84 82 12 62 59 33 15 99 96 43 34 91 80 47 38 28 35 23 55 89 24 19 49 5 94 22 76 73 26 88 83 90 72 75 27 2 100 61
100 63 33 12 99 61 36 18 87 79 29 58 17 86 72 38 32 8 9 78 6 37 97 88 52 5 7 65 66 67 71 42 51 98 68 74 24 20 73 23 49 80 21 3 46 16 22 25 89 84 59 83 77 45 54 94 1 48 93 30 27 13 19 39 56 76 92 50 47 57 90 81 11 35 64 55 40 85 28 10 43 14 60 82 2 91 44 95 53 34 15 4 31 26 69 70 96 41 75 62
72 70 4 51 37 5 87 15 9 78 20 34 91 25 46 19 45 75 57 47 1 10 79 42 95 77 41 31 89 99 65 55 54 64 22 60 49 90 67 96 73 6 7 40 86 27 63 52 92 28 48 43 84 30 36 56 93 88 66 81 38 98 97 82 50 3 12 94 21 76 16 71 61 23 11 62 33 29 83 68 13 74 24 17 26 53 58 35 14 69 80 59 85 100 18 44 8 32 39 2
