80 35 34 60 51 23 96 93 45 37 31 78 99 74 46 22 70 97 81 8 57 42 40 62 87 69 92 18 55 47 20 84 100 39 17 58 75 64 59 29 71 88 67 43 19 63 4 28 86 36 24 11 27 49 9 26 90 82 83 85 68 33 79 50 10 95 15 73 38 5 44 7 6 41 1 54 89 77 91 52 32 12 3 48 66 21 25 13 56 94 76 2 16 72 30 98 61 53 65 14
45 44 42 41 39 38 37 36 35 34 33 31 29 28 27 30 26 25 24 23 22 21 20 19 18 17 15 14 13 16 7 6 11 10 12 9 4 8 3 1 2 5 43 40 32
90 83 78 69 66 64 96 58 50 33 20 17 24 92 18 13 12 22 10 77 14 9 46 2 86 62 71 49 99 93 82 88 61 45 95 75 43 16 40 63 54 6 72 47 31 85 87 25 55 68 15 44 39 81 29 4 53 76 91 38 80 57 51 48 97 52 30 5 8 59 100 89 74 26 11 67 42 65 21 79 70 84 35 41 37 27 73 36 23 3 60 28 32 19 94 56 1 34 7 98
98 97 96 95 94 93 92 91 90 89 87 86 79 78 75 74 69 70 65 64 62 63 60 61 59 57 58 55 56 68 73 72 71 54 52 53 47 48 49 50 51 45 46 43 44 41 42 40 38 39 36 37 67 84 80 85 77 76 83 82 81 33 34 35 31 32 30 27 28 29 22 23 24 25 26 66 18 19 20 21 15 16 17 13 14 12 10 11 9 7 8 6 4 88 5 3 1 2
100 98 96 86 79 78 77 75 72 93 61 50 49 60 48 73 46 42 52 43 41 33 90 56 91 64 30 28 23 21 20 57 82 81 31 18 12 7 59 22 85 37 32 14 84 66 19 40 67 5 15 13 51 97 2 1 25 55 68 39 38 9 69 88 45 8 76 47 44 74 3 95 87 71 58 54 27 70 89 11 99 62 16 83 34 29 24 94 65 36 63 4 80 10 53 92 26 17 6 35
2 50 47 44 42 43 48 49 41 45 46 37 39 38 36 40 35 29 30 32 31 33 34 28 27 26 25 23 24 21 18 14 11 12 13 19 16 15 17 20 22 10 9 8 5 3 7 4 6 1
81 80 35 48 47 55 92 79 66 10 98 8 56 49 42 94 6 54 17 75 33 63 18 11 24 99 73 90 4 16 72 91 23 14 60 53 65 15 78 51 57 96 70 19 45 30 100 43 74 12 71 85 27 82 40 26 86 62 52 28 41 50 39 31 77 44 29 58 97 21 20 9 25 61 68 22 2 69 93 76 36 5 38 46 3 84 34 37 95 83 64 59 13 89 67 32 87 88 1 7
62 53 54 75 30 74 26 83 61 57 14 35 12 17 1 67 84 43 80 51 23 58 36 86 6 55 94 65 50 71 60 56 16 10 91 5 34 8 18 42 3 63 13 39 100 97 4 82 70 32 31 47 41 76 11 15 52 99 49 45 22 85 69 24 7 72 37 78 90 44 29 73 64 28 21 93 20 46 33 2 92 66 96 89 19 88 98 87 95 27 9 77 40 38 79 81 25 68 48 59
95 82 71 69 33 23 77 4 35 54 94 39 19 42 64 3 49 32 78 73 29 6 67 74 86 87 83 27 37 46 18 68 15 45 65 13 57 81 40 34 8 93 66 20 17 84 14 1 47 62 22 90 75 10 9 96 58 79 5 48 30 43 70 76 25 63 12 88 56 21 91 99 44 85 80 92 89 72 60 59 52 11 50 26 41 24 53 61 28 100 98 38 51 55 97 36 16 31 7 2
55 64 29 35 49 67 39 37 68 18 70 59 56 45 46 43 30 17 7 57 50 14 60 48 31 65 34 6 10 3 32 54 20 15 62 25 28 51 52 11 44 47 41 5 33 8 69 66 21 71 61 16 12 38 2 26 73 23 42 4 13 40 27 1 9 24 53 36 72 63 19 22 58
28 27 26 25 4 2 14 16 12 11 20 23 19 31 24 22 15 8 13 29 32 10 6 9 5 7 17 30 18 1 3 21
91 73 64 57 56 47 42 37 66 36 34 96 82 75 54 31 30 49 80 97 41 81 26 25 78 22 19 72 17 85 63 38 12 43 10 79 45 9 69 21 39 52 18 8 13 5 88 20 83 62 67 100 92 77 95 33 24 51 99 65 3 23 7 46 32 55 87 74 71 15 94 68 86 60 14 61 90 70 93 53 6 40 76 44 2 48 98 59 50 29 84 28 89 27 11 1 16 4 58 35
99 98 97 96 95 94 93 92 91 90 89 88 87 86 1 5 21 85 84 83 82 20 80 79 78 81 19 77 76 75 74 18 72 100 71 70 73 4 16 64 63 62 65 15 61 60 59 58 14 56 55 54 57 17 69 68 67 66 3 13 53 52 51 50 12 48 47 46 49 11 45 44 43 42 10 40 39 38 41 2 8 32 31 30 33 7 29 28 27 26 6 24 23 22 25 9 37 36 35 34
75 17 13 65 24 32 52 14 34 23 4 54 46 62 86 92 69 64 5 22 67 40 11 6 78 84 41 16 10 30 76 47 87 48 1 19 79 44 91 53 83 39 21 68 89 51 72 18 73 45 85 8 63 42 58 25 2 31 61 12 49 82 93 3 43 20 66 60 9 7 90 50 74 26 38 57 70 81 56 80 36 29 27 77 71 55 88 35 15 37 59 28 33
15 11 4 5 9 3 6 8 10 16 20 17 7 14 22 19 1 21 2 12 27 23 24 26 32 13 30 28 18 31 25 29
96 92 84 82 74 75 69 61 98 48 46 49 53 33 31 81 30 29 26 16 77 10 9 27 22 78 38 85 25 79 51 71 63 100 8 7 56 35 44 86 76 11 64 43 59 36 58 95 47 89 20 66 37 55 50 65 97 88 28 32 3 83 45 18 62 21 54 19 14 6 72 4 90 73 57 1 52 13 94 93 23 70 5 67 12 91 68 42 80 34 60 2 99 24 39 40 41 87 17 15
99 97 91 92 95 98 93 89 84 79 74 72 77 87 81 82 75 85 88 83 86 90 71 78 69 63 70 66 76 73 80 65 64 67 61 62 68 59 51 52 57 56 55 58 49 46 42 53 60 45 54 43 41 50 44 47 39 48 38 37 28 36 34 33 31 32 35 26 29 40 25 23 21 22 27 30 24 12 18 16 19 17 15 13 14 20 11 3 1 100 96 94 4 2 6 9 7 10 5 8
24 5 4 2 1 8 7 6 13 10 9 15 14 12 11 16 20 19 18 17 23 22 21 3 25
4 5 1 3 2 7 8 6
30 79 92 67 21 4 1 78 11 70 50 60 14 45 7 69 36 90 75 80 93 68 84 13 19 42 56 2 27 58 98 100 53 66 32 12 33 95 82 24 86 65 63 57 38 55 96 59 35 71 6 22 72 20 44 28 51 83 94 9 3 29 52 15 46 17 16 54 5 97 47 34 10 49 73 85 41 88 25 99 18 64 26 48 76 77 81 74 91 89 37 31 40 62 87 8 43 61 23 39
5 4 2 7 6 3 1
78 71 61 99 82 38 5 19 73 47 22 20 62 1 72 55 6 85 45 83 100 16 86 91 33 23 4 98 81 50 24 67 74 14 39 8 7 53 93 43 28 68 27 63 60 75 57 76 18 88 15 54 51 80 9 42 69 41 40 31 13 10 52 12 2 92 90 70 46 29 58 17 79 84 35 96 48 66 65 21 30 64 49 34 3 87 95 59 32 94 26 37 97 11 89 77 25 56 44 36
75 33 49 31 22 82 72 84 19 17 20 5 2 43 40 4 58 100 12 1 48 27 83 8 79 85 63 65 60 99 89 73 29 39 78 28 64 35 46 68 94 81 87 18 13 6 50 54 23 34 90 91 93 30 37 47 77 70 25 96 61 26 69 3 9 86 57 52 38 21 7 53 76 32 55 95 51 24 14 80 15 45 11 42 10 98 44 41 71 56 97 36 16 62 59 67 88 74 92 66
93 91 84 82 83 78 76 72 71 68 64 80 77 73 63 62 65 60 88 59 58 57 95 55 54 53 90 52 51 50 47 38 35 81 34 33 75 30 29 39 26 25 23 56 70 40 42 69 37 67 22 87 27 20 19 89 18 17 79 92 43 41 85 15 14 45 24 16 13 11 10 31 46 28 74 61 9 94 86 36 32 44 7 5 4 6 49 66 21 3 8 2 48 12 1
25 21 27 39 85 49 34 82 24 44 77 33 69 7 60 36 43 4 86 5 50 67 58 75 83 78 46 88 81 99 70 6 19 32 2 12 54 97 16 96 18 87 66 73 35 89 57 71 53 11 42 68 45 3 98 84 14 94 80 62 1 28 31 59 38 93 30 47 64 41 65 40 51 56 22 26 29 100 10 37 95 91 74 9 15 20 72 8 92 17 48 55 23 63 90 52 13 79 76 61
98 96 95 94 93 91 90 89 84 83 82 88 81 79 78 76 75 73 71 69 67 65 61 60 59 58 56 87 54 52 51 50 49 46 45 68 44 43 42 40 39 37 64 35 34 33 57 32 80 31 29 27 26 23 22 97 36 21 41 20 55 24 72 30 18 16 14 47 74 13 12 86 11 10 9 8 7 6 53 5 4 2 1 62 85 19 15 3 70 17 77 38 28 66 25 48 63 92
90 79 78 74 70 65 87 63 62 60 59 52 48 36 35 93 68 89 54 29 18 15 11 10 94 17 16 47 71 51 19 69 3 95 72 34 96 49 46 23 8 20 44 99 58 91 9 37 97 4 84 98 80 14 28 31 53 55 41 39 61 75 86 85 38 67 50 57 22 12 73 26 27 24 40 81 33 83 92 82 77 5 56 21 45 43 6 64 13 100 32 30 25 76 66 2 88 7 42 1
64 59 53 88 31 90 9 77 76 97 75 21 58 43 33 57 80 24 95 52 46 26 91 7 3 30 2 54 82 61 49 51 48 66 69 37 14 35 81 12 92 79 34 6 83 78 10 44 100 41 89 25 84 99 18 11 5 16 86 73 42 98 47 36 85 28 19 13 74 62 17 93 70 72 38 71 29 22 40 32 45 63 39 65 1 23 87 55 20 27 68 50 8 56 60 67 15 96 4 94
43 44 42 41 40 39 35 38 24 32 28 27 26 33 34 31 30 29 25 20 21 22 19 18 17 16 37 46 45 36 15 14 23 13 10 12 7 6 5 3 2 1 11 8 9 4
70 59 69 1 11 49 79 75 57 64 60 72 12 14 25 13 24 48 66 68 20 2 3 17 5 10 19 8 18 53 35 77 38 58 61 21 23 16 46 43 27 22 4 40 52 50 34 28 76 29 33 36 30 31 81 44 45 37 42 67 65 78 26 6 51 54 47 39 80 63 9 15 32 62 56 71 74 55 73 7 41
61 1 89 44 70 58 71 99 9 40 42 10 3 60 4 15 36 37 80 52 56 16 24 46 17 34 88 81 59 96 67 94 57 18 97 65 22 30 26 68 5 55 69 43 21 33 28 62 93 49 27 54 50 11 63 7 12 72 41 87 92 91 53 66 14 39 84 8 35 19 75 47 73 23 85 83 86 25 90 79 51 48 95 38 2 82 20 76 6 74 78 64 29 31 77 98 32 100 45 13
28 92 24 70 44 72 21 87 59 96 18 69 53 19 1 37 51 100 65 62 73 98 50 6 2 22 80 97 10 81 76 86 84 14 83 79 63 35 41 40 32 43 9 49 25 77 60 61 64 42 8 23 33 3 75 90 89 71 30 20 93 13 47 26 7 74 16 78 31 45 54 88 55 4 66 95 94 17 46 38 67 58 57 85 52 56 5 12 39 91 48 27 36 68 99 34 15 29 82 11
5 3 1 2 4
93 89 83 81 80 75 72 71 69 66 65 63 60 57 56 51 46 45 43 42 41 59 40 35 31 25 18 92 68 74 33 55 17 26 16 49 13 21 12 11 53 23 52 67 10 30 61 64 54 47 29 84 48 82 99 73 97 5 19 77 76 3 79 2 86 100 15 14 95 22 98 27 8 38 6 1 85 78 44 24 32 7 50 70 62 9 36 37 90 34 4 91 94 28 39 88 87 20 58 96
78 92 71 20 80 19 14 24 81 60 6 100 62 2 30 82 44 22 83 93 70 7 46 89 63 74 31 21 27 9 58 1 49 32 47 88 35 90 76 8 26 66 91 50 25 51 56 13 52 10 3 59 77 79 73 18 84 38 64 39 72 33 54 36 41 12 97 29 98 57 43 86 67 11 16 23 40 75 4 85 42 48 95 55 5 99 45 96 87 65 53 69 37 34 94 68 28 61 17 15
87 82 77 72 78 69 76 68 81 58 37 75 39 17 9 6 100 21 4 36 14 13 30 55 16 43 49 63 10 19 91 79 5 44 73 92 59 88 93 32 86 47 51 11 46 8 29 71 52 38 96 45 65 70 56 64 50 89 80 25 40 98 20 33 2 54 1 99 31 62 23 53 97 84 48 41 42 83 60 94 90 85 24 35 22 67 7 28 3 15 27 26 34 18 66 57 12 61 74 95
53 14 31 67 83 17 64 16 95 40 55 19 68 84 72 92 37 26 32 41 6 10 39 45 81 96 65 34 88 80 2 18 21 98 99 63 57 52 29 56 75 60 79 74 28 69 23 86 100 66 87 24 33 93 35 20 82 61 51 94 36 13 97 48 3 42 38 15 9 25 44 43 49 85 4 76 50 22 59 77 1 71 5 54 78 27 30 90 8 46 62 7 73 70 89 47 12 58 91 11
37 39 3 5 2 34 10 24 36 25 50 45 20 28 49 8 44 31 41 1 17 9 30 40 21 27 11 7 42 18 35 46 47 6 38 48 43 32 12 15 23 26 16 19 4 22 29 13 14 33
43 48 21 4 56 44 51 60 17 12 30 24 18 11 19 13 41 34 26 59 28 49 47 35 40 42 55 7 37 3 23 39 58 5 10 8 32 38 36 46 2 6 54 31 9 15 1 27 16 33 25 52 45 20 53 29 14 57 22 50
40 39 37 38 34 35 36 32 33 28 29 30 31 25 26 27 23 24 19 20 21 22 18 15 16 17 14 12 13 11 10 8 9 6 7 4 5 2 3 1
85 81 79 78 74 71 72 70 69 68 67 63 60 61 59 57 55 53 52 66 44 45 42 43 41 58 39 40 37 56 34 35 36 33 30 51 29 26 65 77 24 25 23 20 21 17 49 16 14 48 62 73 13 9 10 46 47 8 5 84 64 50 83 82 3 54 38 2 31 32 22 27 28 1 15 6 7 11 12 18 4 80 76 75 19
92 89 90 79 86 96 100 65 78 71 70 83 84 91 95 87 85 94 98 99 97 64 68 67 80 77 81 50 32 44 57 54 58 69 82 26 27 36 48 33 15 11 17 19 18 37 49 47 60 62 61 73 66 75 88 93 52 40 35 34 3 2 5 10 16 24 8 28 30 31 29 25 45 46 38 51 53 59 63 76 74 72 7 14 22 23 42 55 12 21 41 39 43 56 13 1 4 9 20 6
98 39 93 29 32 13 12 55 42 21 40 72 38 1 52 63 16 48 3 22 88 27 9 6 10 83 79 85 58 50 94 60 84 5 78 25 56 11 49 33 100 17 8 26 54 53 31 41 2 81 69 18 24 86 74 62 28 44 75 89 76 68 65 23 57 20 73 67 51 59 15 61 95 99 87 43 82 71 91 34 97 36 47 70 64 96 46 66 77 14 45 92 4 30 7 35 37 90 80 19
16 6 17 18 5 11 9 8 1 13 19 14 7 3 2 15 12 20 10 4
73 71 63 48 40 37 25 56 55 54 52 51 50 24 23 30 61 27 58 21 22 53 26 57 60 29 31 62 28 59 19 20 17 15 45 76 44 49 75 13 18 16 46 14 47 9 72 10 41 11 42 6 7 38 69 8 39 70 5 1 64 65 34 3 43 4 67 12 74 68 35 66 36 2 32 33
99 94 84 45 25 58 19 57 56 8 64 48 88 85 81 14 46 10 76 24 83 67 90 21 95 29 7 80 33 78 89 39 75 11 9 54 49 79 50 65 43 23 4 52 73 92 71 35 15 30 13 69 20 91 2 36 62 100 31 47 70 12 68 3 5 74 61 1 60 40 6 87 97 34 27 41 44 53 93 51 66 59 55 26 82 63 38 18 98 86 42 16 17 72 32 37 22 96 77 28
18 39 25 43 9 84 58 44 35 45 59 14 86 62 78 73 57 53 41 28 36 54 31 20 60 34 11 19 98 81 15 70 71 50 40 72 82 10 74 64 37 95 100 63 21 24 12 8 97 13 66 80 7 16 2 46 32 23 89 91 61 87 85 90 29 49 79 6 48 51 93 26 38 92 94 27 55 22 52 33 4 17 96 75 65 88 47 67 69 68 3 76 56 77 99 83 1 30 42 5
98 97 96 94 92 90 89 86 81 78 77 74 73 72 70 68 67 66 65 87 64 56 54 52 51 58 50 47 45 40 88 36 76 33 29 27 25 22 18 15 12 6 69 21 9 11 95 53 7 3 1 85 84 38 93 100 31 20 62 10 99 60 43 91 23 30 83 39 59 28 41 24 5 2 82 75 19 61 17 63 26 46 57 8 14 32 48 55 71 80 16 13 42 49 34 44 37 79 4 35
23 87 72 74 79 12 97 88 75 68 83 29 84 38 18 4 93 70 43 51 92 95 8 21 77 57 80 37 56 61 71 30 78 53 10 35 20 96 82 24 41 44 67 31 5 60 81 46 15 69 19 2 85 14 65 55 40 27 59 45 50 34 1 22 94 17 16 100 47 6 32 89 86 26 36 76 54 99 66 33 58 52 62 28 48 9 39 64 49 73 63 91 11 90 13 7 25 3 98 42
43 8 66 27 33 17 76 58 59 45 51 4 71 97 65 75 28 15 90 64 67 20 22 2 61 82 96 73 55 94 89 47 23 100 48 18 9 30 6 62 87 74 32 72 46 16 39 92 78 88 31 34 81 21 52 93 80 50 53 95 24 83 79 40 5 77 7 54 85 19 44 11 63 14 69 68 37 25 13 3 56 86 36 29 49 41 35 84 99 70 60 91 98 57 12 38 10 1 42 26
