82 79 78 75 72 71 69 67 66 63 48 46 45 42 38 32 25 93 91 87 86 83 81 56 57 55 54 61 53 62 52 50 30 58 89 27 26 59 90 24 60 21 88 29 28 19 22 84 31 20 85 51 23 92 17 15 64 76 33 14 70 44 13 7 8 39 40 10 73 41 11 9 5 12 80 37 68 74 6 18 16 77 1 3 4 35 36 43 49 47 34 2 65
97 8 49 39 26 96 19 92 24 76 84 15 70 37 6 17 48 90 74 100 47 1 53 42 78 41 20 58 30 73 22 94 64 21 2 4 31 3 98 80 50 29 86 79 63 66 52 71 68 87 36 9 77 82 23 18 89 81 43 28 83 67 32 46 33 88 56 34 11 5 60 54 99 75 44 62 61 45 69 27 25 38 16 12 93 7 91 10 55 59 57 13 65 14 85 35 51 95 40 72
79 68 88 83 31 50 46 65 55 96 20 25 82 70 57 74 52 47 36 99 44 10 11 23 95 1 94 78 75 14 13 90 61 24 21 43 100 89 39 48 30 80 19 93 28 63 56 67 2 15 7 4 72 16 69 51 71 58 45 98 37 84 17 92 85 8 41 32 27 22 18 38 81 49 62 60 5 77 3 29 40 73 34 59 54 53 35 66 6 91 64 87 97 12 9 86 42 26 33 76
100 98 95 94 93 92 90 88 86 84 85 99 80 91 79 74 65 63 61 60 59 58 57 56 55 53 52 51 50 49 48 44 46 82 41 40 87 45 39 37 36 35 68 75 38 33 32 31 30 26 24 20 72 18 42 47 17 77 67 16 62 73 25 14 13 97 29 12 10 71 70 54 9 19 64 8 96 7 6 83 43 4 3 22 21 81 2 28 27 78 23 15 66 5 89 1 11 76 69 34
43 30 66 42 62 41 81 50 25 5 82 48 2 15 12 28 51 13 63 46 74 6 4 8 61 9 54 80 79 57 10 76 73 33 56 37 18 55 35 17 85 60 22 69 58 14 52 67 44 21 49 20 38 78 59 16 11 27 53 29 68 47 32 24 19 26 71 70 36 64 1 77 84 34 39 3 72 83 23 75 31 45 7 65 40
83 77 12 80 13 84 70 27 67 71 34 66 93 39 91 11 6 60 50 89 100 47 22 1 96 72 55 51 31 92 8 4 74 36 86 69 23 15 76 42 19 48 14 99 88 16 81 49 7 20 25 18 2 90 87 21 65 3 38 63 62 46 28 33 41 5 98 61 40 59 17 68 54 95 94 52 29 85 44 57 37 82 75 10 56 45 53 79 30 9 58 26 43 24 35 97 78 32 64 73
97 88 42 33 82 12 69 5 95 2 83 66 65 81 80 61 84 15 96 49 93 37 11 70 67 87 21 73 62 18 57 41 63 9 99 89 27 56 34 90 36 40 51 14 6 98 77 74 72 17 58 47 53 10 26 64 20 8 68 7 76 50 45 35 60 32 13 91 28 44 71 100 31 23 92 54 75 79 46 4 1 55 25 78 85 30 16 38 94 24 48 43 29 59 22 3 86 19 39 52
93 65 87 58 10 30 50 49 48 67 55 76 3 90 1 59 11 44 9 85 12 74 91 78 18 14 75 29 100 35 53 24 89 56 47 20 17 70 13 60 36 54 31 52 97 95 42 15 39 77 23 19 80 40 16 7 99 8 62 33 64 84 43 81 68 32 83 51 38 25 27 46 2 94 57 73 88 86 72 37 98 96 22 6 26 66 34 82 28 41 79 63 21 92 61 4 5 69 71 45
7 3 6 8 5 9 1 4 2
84 3 50 10 55 42 61 37 85 18 56 62 53 90 59 26 98 47 21 23 36 78 30 12 49 51 38 34 5 81 60 82 16 6 48 63 43 39 35 64 19 92 94 46 1 14 20 72 25 100 76 40 44 70 9 95 69 2 31 65 41 29 77 75 91 45 58 8 93 73 87 17 7 97 57 67 99 96 11 88 33 86 79 83 71 74 13 27 24 22 52 15 89 32 4 68 54 28 66 80
45 61 85 77 47 23 68 12 86 76 46 4 92 82 41 6 42 88 66 29 21 24 89 43 90 38 87 97 80 94 22 63 96 78 34 56 11 35 19 99 27 73 98 32 49 58 57 13 69 79 48 71 100 16 17 50 44 7 67 93 15 8 95 74 33 75 26 2 65 64 59 55 83 28 14 9 54 37 40 62 81 36 60 25 91 51 10 52 70 30 5 72 84 20 18 53 3 1 31 39
74 73 86 27 77 66 22 92 84 98 72 96 25 82 63 78 8 69 6 4 97 83 75 12 60 26 2 67 95 71 85 21 36 47 48 45 38 79 88 51 62 76 40 43 32 19 89 7 18 17 41 55 34 64 5 14 31 53 49 24 1 61 20 65 91 80 58 11 94 46 70 100 37 93 29 13 9 39 35 30 57 23 33 56 68 87 90 16 42 10 50 81 54 59 52 44 15 28 3 99
3 6 1 5 4 2
69 77 54 25 83 51 92 13 79 85 40 89 36 10 60 39 81 4 78 8 43 94 76 72 45 99 46 86 80 20 7 82 64 65 38 91 57 33 23 49 96 48 44 42 31 84 73 53 41 75 68 66 100 2 58 37 29 59 12 11 15 52 56 14 3 1 71 6 30 98 55 22 70 19 16 18 26 90 63 27 61 47 88 35 28 50 93 95 87 9 67 21 32 17 97 34 5 24 62 74
100 99 95 94 92 91 84 82 81 79 78 71 68 66 62 56 55 53 50 49 40 46 39 96 38 80 37 36 35 34 32 52 27 60 57 98 42 93 25 28 26 72 67 89 43 47 63 24 23 87 22 21 33 19 86 30 69 18 59 64 70 65 16 61 88 51 83 15 14 9 77 75 41 76 90 20 73 58 8 13 31 7 5 6 74 4 48 3 2 54 1 85 12 11 29 17 10 45 44 97
40 54 30 32 56 84 24 3 99 80 12 39 26 10 5 82 29 17 8 4 66 44 78 43 47 6 60 16 7 19 49 1 31 15 72 51 88 97 58 27 34 46 52 83 20 45 63 11 85 86 21 25 13 36 53 57 42 64 41 76 68 50 77 100 28 65 71 95 61 62 79 73 81 37 38 23 75 59 2 87 18 9 98 90 91 74 22 69 33 94 89 48 14 70 67 92 93 35 96 55
27 17 49 13 82 97 81 58 46 18 98 63 44 68 50 2 4 76 36 31 78 67 77 38 25 88 94 70 53 45 48 56 3 52 80 22 20 57 11 61 65 21 95 66 54 7 8 89 51 42 91 93 69 35 24 74 9 96 99 92 73 30 79 29 37 41 12 33 6 23 10 62 90 47 1 28 32 55 16 64 40 14 87 100 84 34 19 83 43 60 26 75 5 85 86 15 71 72 59 39
82 47 59 50 27 87 78 65 35 32 97 4 80 84 14 98 19 10 49 66 48 95 37 16 92 17 71 58 29 22 91 60 21 18 64 74 63 57 51 6 12 76 100 7 2 20 23 41 1 83 73 31 40 77 3 45 89 62 42 94 93 68 5 69 9 46 13 33 61 8 56 28 88 53 75 99 36 25 55 26 15 81 24 70 30 44 34 90 85 43 67 79 11 39 96 86 52 72 54 38
23 31 7 33 27 38 11 19 59 58 53 35 1 51 16 25 15 47 20 28 5 14 36 39 4 57 21 56 52 2 13 32 34 48 55 44 60 50 22 9 30 6 18 46 54 24 12 17 29 42 10 37 3 45 49 26 41 8 43 40
75 69 76 25 24 98 59 58 33 81 84 97 62 40 61 65 6 3 22 8 95 94 26 92 10 87 73 4 49 50 27 17 83 23 44 43 70 38 85 56 32 96 31 36 30 19 37 15 86 99 7 100 60 80 28 12 93 9 77 18 14 67 52 68 42 90 35 82 74 21 20 55 51 45 63 54 79 29 41 16 89 34 47 13 5 11 91 66 88 2 39 72 64 78 48 71 1 53 46 57
61 50 99 20 19 9 86 100 45 7 32 31 3 43 70 66 2 54 53 57 25 24 1 58 81 89 38 95 98 41 55 44 11 6 52 10 65 67 48 28 93 8 17 96 74 29 60 90 15 97 63 85 51 36 46 56 49 79 26 35 18 21 76 92 37 16 4 30 47 39 59 78 33 68 62 80 94 5 23 87 91 75 73 64 13 82 40 71 84 69 34 83 14 88 77 72 27 12 42 22
